[ 2016-08-13T11:28:22+08:00 ] ::1 /zyyj/index.php/Home/Login/Login_login
INFO: [ app_begin ] --START--
INFO: Run Behavior\ReadHtmlCacheBehavior [ RunTime:0.000000s ]
INFO: [ app_begin ] --END-- [ RunTime:0.001000s ]
SQL: DESCRIBE zyyj_user [ RunTime:0.044002s ]
SQL: DESCRIBE zyyj_department [ RunTime:0.044003s ]
SQL: SELECT * FROM `zyyj_user` WHERE ( `name` = 'admin' )  [ RunTime:0.043002s ]
SQL: SELECT * FROM `zyyj_department` WHERE ( `department_id` = null )  [ RunTime:0.042003s ]

[ 2016-08-13T11:28:23+08:00 ] ::1 /zyyj/index.php/Home/Login/Login_get_menu
INFO: [ app_begin ] --START--
INFO: Run Behavior\ReadHtmlCacheBehavior [ RunTime:0.001001s ]
INFO: [ app_begin ] --END-- [ RunTime:0.001001s ]
SQL: DESCRIBE zyyj_post [ RunTime:0.045003s ]
SQL: DESCRIBE zyyj_menu [ RunTime:0.044003s ]
SQL: SELECT * FROM `zyyj_post` WHERE ( `post_id` = 1 )  [ RunTime:0.042002s ]
SQL: SELECT * FROM `zyyj_menu` WHERE ( `nid` = 0 ) AND ( `id` = 1 )  [ RunTime:0.042002s ]
SQL: SELECT * FROM `zyyj_menu` WHERE ( `nid` = 0 ) AND ( `id` = 0 )  [ RunTime:0.042002s ]
NOTIC: [2] Invalid argument supplied for foreach() G:\xampp\htdocs\zyyj\Application\Home\Controller\LoginController.class.php 第 51 行.
SQL: SELECT * FROM `zyyj_menu` WHERE ( `nid` = 0 ) AND ( `id` = 2 )  [ RunTime:0.043002s ]
NOTIC: [2] Invalid argument supplied for foreach() G:\xampp\htdocs\zyyj\Application\Home\Controller\LoginController.class.php 第 51 行.
SQL: SELECT * FROM `zyyj_menu` WHERE ( `nid` = 0 ) AND ( `id` = 10 )  [ RunTime:0.042003s ]
NOTIC: [2] Invalid argument supplied for foreach() G:\xampp\htdocs\zyyj\Application\Home\Controller\LoginController.class.php 第 51 行.
SQL: SELECT * FROM `zyyj_menu` WHERE ( `nid` = 0 ) AND ( `id` = 13 )  [ RunTime:0.042002s ]
SQL: SELECT * FROM `zyyj_menu` WHERE ( `nid` = 0 ) AND ( `id` = 14 )  [ RunTime:0.042003s ]
NOTIC: [2] Invalid argument supplied for foreach() G:\xampp\htdocs\zyyj\Application\Home\Controller\LoginController.class.php 第 51 行.
SQL: SELECT * FROM `zyyj_menu` WHERE ( `nid` = 0 ) AND ( `id` = 15 )  [ RunTime:0.042002s ]
NOTIC: [2] Invalid argument supplied for foreach() G:\xampp\htdocs\zyyj\Application\Home\Controller\LoginController.class.php 第 51 行.
SQL: SELECT * FROM `zyyj_menu` WHERE ( `nid` = 0 ) AND ( `id` = 0 )  [ RunTime:0.042003s ]
NOTIC: [2] Invalid argument supplied for foreach() G:\xampp\htdocs\zyyj\Application\Home\Controller\LoginController.class.php 第 51 行.
INFO: [ app_end ] --START--
INFO: Run Behavior\ShowPageTraceBehavior [ RunTime:0.002000s ]
INFO: [ app_end ] --END-- [ RunTime:0.002000s ]

[ 2016-08-13T11:28:40+08:00 ] ::1 /zyyj/index.php/Home/Login/Login_login
INFO: [ app_begin ] --START--
INFO: Run Behavior\ReadHtmlCacheBehavior [ RunTime:0.001000s ]
INFO: [ app_begin ] --END-- [ RunTime:0.001000s ]
SQL: DESCRIBE zyyj_user [ RunTime:0.045002s ]
SQL: DESCRIBE zyyj_department [ RunTime:0.045003s ]
SQL: SELECT * FROM `zyyj_user` WHERE ( `name` = 'teacher' )  [ RunTime:0.042002s ]
SQL: SELECT * FROM `zyyj_department` WHERE ( `department_id` = 3 )  [ RunTime:0.043003s ]

[ 2016-08-13T11:28:41+08:00 ] ::1 /zyyj/index.php/Home/Login/Login_get_menu
INFO: [ app_begin ] --START--
INFO: Run Behavior\ReadHtmlCacheBehavior [ RunTime:0.001000s ]
INFO: [ app_begin ] --END-- [ RunTime:0.001000s ]
SQL: DESCRIBE zyyj_post [ RunTime:0.045003s ]
SQL: DESCRIBE zyyj_menu [ RunTime:0.044002s ]
SQL: SELECT * FROM `zyyj_post` WHERE ( `post_id` = 3 )  [ RunTime:0.042003s ]
SQL: SELECT * FROM `zyyj_menu` WHERE ( `nid` = 0 ) AND ( `id` = 1 )  [ RunTime:0.042002s ]
SQL: SELECT * FROM `zyyj_menu` WHERE ( `nid` = 0 ) AND ( `id` = 0 )  [ RunTime:0.042003s ]
NOTIC: [2] Invalid argument supplied for foreach() G:\xampp\htdocs\zyyj\Application\Home\Controller\LoginController.class.php 第 51 行.
SQL: SELECT * FROM `zyyj_menu` WHERE ( `nid` = 0 ) AND ( `id` = 2 )  [ RunTime:0.043002s ]
NOTIC: [2] Invalid argument supplied for foreach() G:\xampp\htdocs\zyyj\Application\Home\Controller\LoginController.class.php 第 51 行.
SQL: SELECT * FROM `zyyj_menu` WHERE ( `nid` = 0 ) AND ( `id` = 10 )  [ RunTime:0.043003s ]
NOTIC: [2] Invalid argument supplied for foreach() G:\xampp\htdocs\zyyj\Application\Home\Controller\LoginController.class.php 第 51 行.
SQL: SELECT * FROM `zyyj_menu` WHERE ( `nid` = 0 ) AND ( `id` = 22 )  [ RunTime:0.043002s ]
SQL: SELECT * FROM `zyyj_menu` WHERE ( `nid` = 0 ) AND ( `id` = 23 )  [ RunTime:0.043003s ]
NOTIC: [2] Invalid argument supplied for foreach() G:\xampp\htdocs\zyyj\Application\Home\Controller\LoginController.class.php 第 51 行.
SQL: SELECT * FROM `zyyj_menu` WHERE ( `nid` = 0 ) AND ( `id` = 45 )  [ RunTime:0.042002s ]
NOTIC: [2] Invalid argument supplied for foreach() G:\xampp\htdocs\zyyj\Application\Home\Controller\LoginController.class.php 第 51 行.
SQL: SELECT * FROM `zyyj_menu` WHERE ( `nid` = 0 ) AND ( `id` = 51 )  [ RunTime:0.043002s ]
NOTIC: [2] Invalid argument supplied for foreach() G:\xampp\htdocs\zyyj\Application\Home\Controller\LoginController.class.php 第 51 行.
SQL: SELECT * FROM `zyyj_menu` WHERE ( `nid` = 0 ) AND ( `id` = 27 )  [ RunTime:0.043002s ]
SQL: SELECT * FROM `zyyj_menu` WHERE ( `nid` = 0 ) AND ( `id` = 31 )  [ RunTime:0.043002s ]
NOTIC: [2] Invalid argument supplied for foreach() G:\xampp\htdocs\zyyj\Application\Home\Controller\LoginController.class.php 第 51 行.
SQL: SELECT * FROM `zyyj_menu` WHERE ( `nid` = 0 ) AND ( `id` = 50 )  [ RunTime:0.043003s ]
NOTIC: [2] Invalid argument supplied for foreach() G:\xampp\htdocs\zyyj\Application\Home\Controller\LoginController.class.php 第 51 行.
SQL: SELECT * FROM `zyyj_menu` WHERE ( `nid` = 0 ) AND ( `id` = 0 )  [ RunTime:0.042002s ]
NOTIC: [2] Invalid argument supplied for foreach() G:\xampp\htdocs\zyyj\Application\Home\Controller\LoginController.class.php 第 51 行.
INFO: [ app_end ] --START--
INFO: Run Behavior\ShowPageTraceBehavior [ RunTime:0.002001s ]
INFO: [ app_end ] --END-- [ RunTime:0.002001s ]

[ 2016-08-13T11:29:01+08:00 ] ::1 /zyyj/index.php/Home/Login/Login_get_menu
INFO: [ app_begin ] --START--
INFO: Run Behavior\ReadHtmlCacheBehavior [ RunTime:0.001000s ]
INFO: [ app_begin ] --END-- [ RunTime:0.001000s ]
SQL: DESCRIBE zyyj_post [ RunTime:0.044002s ]
SQL: DESCRIBE zyyj_menu [ RunTime:0.044003s ]
SQL: SELECT * FROM `zyyj_post` WHERE ( `post_id` = 3 )  [ RunTime:0.043002s ]
SQL: SELECT * FROM `zyyj_menu` WHERE ( `nid` = 27 ) AND ( `id` = 1 )  [ RunTime:0.042003s ]
NOTIC: [2] Invalid argument supplied for foreach() G:\xampp\htdocs\zyyj\Application\Home\Controller\LoginController.class.php 第 51 行.
SQL: SELECT * FROM `zyyj_menu` WHERE ( `nid` = 27 ) AND ( `id` = 0 )  [ RunTime:0.042002s ]
NOTIC: [2] Invalid argument supplied for foreach() G:\xampp\htdocs\zyyj\Application\Home\Controller\LoginController.class.php 第 51 行.
SQL: SELECT * FROM `zyyj_menu` WHERE ( `nid` = 27 ) AND ( `id` = 2 )  [ RunTime:0.042003s ]
NOTIC: [2] Invalid argument supplied for foreach() G:\xampp\htdocs\zyyj\Application\Home\Controller\LoginController.class.php 第 51 行.
SQL: SELECT * FROM `zyyj_menu` WHERE ( `nid` = 27 ) AND ( `id` = 10 )  [ RunTime:0.042002s ]
NOTIC: [2] Invalid argument supplied for foreach() G:\xampp\htdocs\zyyj\Application\Home\Controller\LoginController.class.php 第 51 行.
SQL: SELECT * FROM `zyyj_menu` WHERE ( `nid` = 27 ) AND ( `id` = 22 )  [ RunTime:0.042003s ]
NOTIC: [2] Invalid argument supplied for foreach() G:\xampp\htdocs\zyyj\Application\Home\Controller\LoginController.class.php 第 51 行.
SQL: SELECT * FROM `zyyj_menu` WHERE ( `nid` = 27 ) AND ( `id` = 23 )  [ RunTime:0.042002s ]
NOTIC: [2] Invalid argument supplied for foreach() G:\xampp\htdocs\zyyj\Application\Home\Controller\LoginController.class.php 第 51 行.
SQL: SELECT * FROM `zyyj_menu` WHERE ( `nid` = 27 ) AND ( `id` = 45 )  [ RunTime:0.043002s ]
NOTIC: [2] Invalid argument supplied for foreach() G:\xampp\htdocs\zyyj\Application\Home\Controller\LoginController.class.php 第 51 行.
SQL: SELECT * FROM `zyyj_menu` WHERE ( `nid` = 27 ) AND ( `id` = 51 )  [ RunTime:0.042003s ]
NOTIC: [2] Invalid argument supplied for foreach() G:\xampp\htdocs\zyyj\Application\Home\Controller\LoginController.class.php 第 51 行.
SQL: SELECT * FROM `zyyj_menu` WHERE ( `nid` = 27 ) AND ( `id` = 27 )  [ RunTime:0.042002s ]
NOTIC: [2] Invalid argument supplied for foreach() G:\xampp\htdocs\zyyj\Application\Home\Controller\LoginController.class.php 第 51 行.
SQL: SELECT * FROM `zyyj_menu` WHERE ( `nid` = 27 ) AND ( `id` = 31 )  [ RunTime:0.043003s ]
SQL: SELECT * FROM `zyyj_menu` WHERE ( `nid` = 27 ) AND ( `id` = 50 )  [ RunTime:0.043002s ]
SQL: SELECT * FROM `zyyj_menu` WHERE ( `nid` = 27 ) AND ( `id` = 0 )  [ RunTime:0.043003s ]
NOTIC: [2] Invalid argument supplied for foreach() G:\xampp\htdocs\zyyj\Application\Home\Controller\LoginController.class.php 第 51 行.
INFO: [ app_end ] --START--
INFO: Run Behavior\ShowPageTraceBehavior [ RunTime:0.002000s ]
INFO: [ app_end ] --END-- [ RunTime:0.002000s ]

[ 2016-08-13T11:52:42+08:00 ] ::1 /zyyj/index.php/Home/Question/Question_index?_=1471058920728
INFO: [ app_begin ] --START--
INFO: Run Behavior\ReadHtmlCacheBehavior [ RunTime:0.003000s ]
INFO: [ app_begin ] --END-- [ RunTime:0.004000s ]
INFO: [ view_parse ] --START--
INFO: [ template_filter ] --START--
INFO: Run Behavior\ContentReplaceBehavior [ RunTime:0.000000s ]
INFO: [ template_filter ] --END-- [ RunTime:0.000000s ]
INFO: Run Behavior\ParseTemplateBehavior [ RunTime:0.101006s ]
INFO: [ view_parse ] --END-- [ RunTime:0.101006s ]
INFO: [ view_filter ] --START--
INFO: Run Behavior\WriteHtmlCacheBehavior [ RunTime:0.000000s ]
INFO: [ view_filter ] --END-- [ RunTime:0.000000s ]
INFO: [ app_end ] --START--
INFO: Run Behavior\ShowPageTraceBehavior [ RunTime:0.011000s ]
INFO: [ app_end ] --END-- [ RunTime:0.011000s ]

[ 2016-08-13T11:52:43+08:00 ] ::1 /zyyj/index.php/Home/Question/Question_get_data
INFO: [ app_begin ] --START--
INFO: Run Behavior\ReadHtmlCacheBehavior [ RunTime:0.001000s ]
INFO: [ app_begin ] --END-- [ RunTime:0.001000s ]
NOTIC: [8] Undefined index: level_id G:\xampp\htdocs\zyyj\Application\Home\Controller\QuestionController.class.php 第 19 行.
NOTIC: [8] Undefined index: know_id G:\xampp\htdocs\zyyj\Application\Home\Controller\QuestionController.class.php 第 20 行.
NOTIC: [8] Undefined index: type_id G:\xampp\htdocs\zyyj\Application\Home\Controller\QuestionController.class.php 第 21 行.
SQL: DESCRIBE zyyj_question [ RunTime:0.046003s ]
SQL: DESCRIBE zyyj_question_level [ RunTime:0.044002s ]
SQL: DESCRIBE zyyj_question_type [ RunTime:0.044003s ]
SQL: DESCRIBE zyyj_knowledgepoint [ RunTime:0.052003s ]
SQL: SELECT zyyj_question_level.name level_name,zyyj_knowledgepoint.name know_name,zyyj_question_type.name type_name,zyyj_question.question_id question_id,zyyj_question.question question,zyyj_question.rightanswer rightanswer FROM `zyyj_question` INNER JOIN zyyj_question_level ON zyyj_question.level_id = zyyj_question_level.level_id INNER JOIN zyyj_knowledgepoint ON zyyj_question.know_id = zyyj_knowledgepoint.know_id INNER JOIN zyyj_question_type ON zyyj_question.question_type_id = zyyj_question_type.question_type_id  ORDER BY question_id desc LIMIT 0,20   [ RunTime:0.053003s ]
SQL: SELECT zyyj_question_level.name level_name,zyyj_knowledgepoint.name know_name,zyyj_question_type.name type_name,zyyj_question.question_id question_id,zyyj_question.question question,zyyj_question.rightanswer rightanswer FROM `zyyj_question` INNER JOIN zyyj_question_level ON zyyj_question.level_id = zyyj_question_level.level_id INNER JOIN zyyj_knowledgepoint ON zyyj_question.know_id = zyyj_knowledgepoint.know_id INNER JOIN zyyj_question_type ON zyyj_question.question_type_id = zyyj_question_type.question_type_id  ORDER BY question_id desc  [ RunTime:0.043002s ]
INFO: [ app_end ] --START--
INFO: Run Behavior\ShowPageTraceBehavior [ RunTime:0.002001s ]
INFO: [ app_end ] --END-- [ RunTime:0.002001s ]

[ 2016-08-13T11:52:43+08:00 ] ::1 /zyyj/index.php/Home/Question/Question_get_level
INFO: [ app_begin ] --START--
INFO: Run Behavior\ReadHtmlCacheBehavior [ RunTime:0.000000s ]
INFO: [ app_begin ] --END-- [ RunTime:0.001000s ]
SQL: DESCRIBE zyyj_question_level [ RunTime:0.044002s ]
SQL: SELECT * FROM `zyyj_question_level` ORDER BY level_id desc  [ RunTime:0.042003s ]
INFO: [ app_end ] --START--
INFO: Run Behavior\ShowPageTraceBehavior [ RunTime:0.002000s ]
INFO: [ app_end ] --END-- [ RunTime:0.002000s ]

[ 2016-08-13T11:52:44+08:00 ] ::1 /zyyj/index.php/Home/Question/Question_get_know
INFO: [ app_begin ] --START--
INFO: Run Behavior\ReadHtmlCacheBehavior [ RunTime:0.000000s ]
INFO: [ app_begin ] --END-- [ RunTime:0.000000s ]
SQL: DESCRIBE zyyj_knowledgepoint [ RunTime:0.044002s ]
SQL: SELECT * FROM `zyyj_knowledgepoint` ORDER BY know_id desc  [ RunTime:0.042002s ]
INFO: [ app_end ] --START--
INFO: Run Behavior\ShowPageTraceBehavior [ RunTime:0.002000s ]
INFO: [ app_end ] --END-- [ RunTime:0.002000s ]

[ 2016-08-13T11:52:44+08:00 ] ::1 /zyyj/index.php/Home/Question/Question_get_type
INFO: [ app_begin ] --START--
INFO: Run Behavior\ReadHtmlCacheBehavior [ RunTime:0.000000s ]
INFO: [ app_begin ] --END-- [ RunTime:0.001000s ]
SQL: DESCRIBE zyyj_question_type [ RunTime:0.045002s ]
SQL: SELECT * FROM `zyyj_question_type`  [ RunTime:0.043003s ]
INFO: [ app_end ] --START--
INFO: Run Behavior\ShowPageTraceBehavior [ RunTime:0.002000s ]
INFO: [ app_end ] --END-- [ RunTime:0.002000s ]

[ 2016-08-13T11:52:44+08:00 ] ::1 /zyyj/index.php/Home/Question/Question_get_level
INFO: [ app_begin ] --START--
INFO: Run Behavior\ReadHtmlCacheBehavior [ RunTime:0.000000s ]
INFO: [ app_begin ] --END-- [ RunTime:0.002000s ]
SQL: DESCRIBE zyyj_question_level [ RunTime:0.045003s ]
SQL: SELECT * FROM `zyyj_question_level` ORDER BY level_id desc  [ RunTime:0.043002s ]
INFO: [ app_end ] --START--
INFO: Run Behavior\ShowPageTraceBehavior [ RunTime:0.002000s ]
INFO: [ app_end ] --END-- [ RunTime:0.002000s ]

[ 2016-08-13T11:52:45+08:00 ] ::1 /zyyj/index.php/Home/Question/Question_get_know
INFO: [ app_begin ] --START--
INFO: Run Behavior\ReadHtmlCacheBehavior [ RunTime:0.001000s ]
INFO: [ app_begin ] --END-- [ RunTime:0.002000s ]
SQL: DESCRIBE zyyj_knowledgepoint [ RunTime:0.044003s ]
SQL: SELECT * FROM `zyyj_knowledgepoint` ORDER BY know_id desc  [ RunTime:0.043002s ]
INFO: [ app_end ] --START--
INFO: Run Behavior\ShowPageTraceBehavior [ RunTime:0.001000s ]
INFO: [ app_end ] --END-- [ RunTime:0.001000s ]

[ 2016-08-13T11:52:45+08:00 ] ::1 /zyyj/index.php/Home/Question/Question_get_type
INFO: [ app_begin ] --START--
INFO: Run Behavior\ReadHtmlCacheBehavior [ RunTime:0.000000s ]
INFO: [ app_begin ] --END-- [ RunTime:0.002000s ]
SQL: DESCRIBE zyyj_question_type [ RunTime:0.044003s ]
SQL: SELECT * FROM `zyyj_question_type`  [ RunTime:0.043002s ]
INFO: [ app_end ] --START--
INFO: Run Behavior\ShowPageTraceBehavior [ RunTime:0.002001s ]
INFO: [ app_end ] --END-- [ RunTime:0.002001s ]

[ 2016-08-13T11:52:45+08:00 ] ::1 /zyyj/index.php/Home/Question/Question_get_level
INFO: [ app_begin ] --START--
INFO: Run Behavior\ReadHtmlCacheBehavior [ RunTime:0.001001s ]
INFO: [ app_begin ] --END-- [ RunTime:0.002001s ]
SQL: DESCRIBE zyyj_question_level [ RunTime:0.044002s ]
SQL: SELECT * FROM `zyyj_question_level` ORDER BY level_id desc  [ RunTime:0.042003s ]
INFO: [ app_end ] --START--
INFO: Run Behavior\ShowPageTraceBehavior [ RunTime:0.002000s ]
INFO: [ app_end ] --END-- [ RunTime:0.002000s ]

[ 2016-08-13T11:52:45+08:00 ] ::1 /zyyj/index.php/Home/Question/Question_get_know
INFO: [ app_begin ] --START--
INFO: Run Behavior\ReadHtmlCacheBehavior [ RunTime:0.001001s ]
INFO: [ app_begin ] --END-- [ RunTime:0.001001s ]
SQL: DESCRIBE zyyj_knowledgepoint [ RunTime:0.044003s ]
SQL: SELECT * FROM `zyyj_knowledgepoint` ORDER BY know_id desc  [ RunTime:0.043002s ]
INFO: [ app_end ] --START--
INFO: Run Behavior\ShowPageTraceBehavior [ RunTime:0.002000s ]
INFO: [ app_end ] --END-- [ RunTime:0.002000s ]

[ 2016-08-13T11:52:46+08:00 ] ::1 /zyyj/index.php/Home/Question/Question_get_type
INFO: [ app_begin ] --START--
INFO: Run Behavior\ReadHtmlCacheBehavior [ RunTime:0.000000s ]
INFO: [ app_begin ] --END-- [ RunTime:0.002000s ]
SQL: DESCRIBE zyyj_question_type [ RunTime:0.044003s ]
SQL: SELECT * FROM `zyyj_question_type`  [ RunTime:0.042002s ]
INFO: [ app_end ] --START--
INFO: Run Behavior\ShowPageTraceBehavior [ RunTime:0.002000s ]
INFO: [ app_end ] --END-- [ RunTime:0.002000s ]

[ 2016-08-13T11:52:46+08:00 ] ::1 /zyyj/index.php/Home/Question/Question_get_data?search=1
INFO: [ app_begin ] --START--
INFO: Run Behavior\ReadHtmlCacheBehavior [ RunTime:0.000000s ]
INFO: [ app_begin ] --END-- [ RunTime:0.001000s ]
NOTIC: [8] Undefined index: level_id G:\xampp\htdocs\zyyj\Application\Home\Controller\QuestionController.class.php 第 19 行.
NOTIC: [8] Undefined index: know_id G:\xampp\htdocs\zyyj\Application\Home\Controller\QuestionController.class.php 第 20 行.
NOTIC: [8] Undefined index: type_id G:\xampp\htdocs\zyyj\Application\Home\Controller\QuestionController.class.php 第 21 行.
SQL: DESCRIBE zyyj_question [ RunTime:0.045003s ]
SQL: DESCRIBE zyyj_question_level [ RunTime:0.045002s ]
SQL: DESCRIBE zyyj_question_type [ RunTime:0.045003s ]
SQL: DESCRIBE zyyj_knowledgepoint [ RunTime:0.045003s ]
SQL: SELECT zyyj_question_level.name level_name,zyyj_knowledgepoint.name know_name,zyyj_question_type.name type_name,zyyj_question.question_id question_id,zyyj_question.question question,zyyj_question.rightanswer rightanswer FROM `zyyj_question` INNER JOIN zyyj_question_level ON zyyj_question.level_id = zyyj_question_level.level_id INNER JOIN zyyj_knowledgepoint ON zyyj_question.know_id = zyyj_knowledgepoint.know_id INNER JOIN zyyj_question_type ON zyyj_question.question_type_id = zyyj_question_type.question_type_id  ORDER BY question_id desc LIMIT 0,20   [ RunTime:0.044002s ]
SQL: SELECT zyyj_question_level.name level_name,zyyj_knowledgepoint.name know_name,zyyj_question_type.name type_name,zyyj_question.question_id question_id,zyyj_question.question question,zyyj_question.rightanswer rightanswer FROM `zyyj_question` INNER JOIN zyyj_question_level ON zyyj_question.level_id = zyyj_question_level.level_id INNER JOIN zyyj_knowledgepoint ON zyyj_question.know_id = zyyj_knowledgepoint.know_id INNER JOIN zyyj_question_type ON zyyj_question.question_type_id = zyyj_question_type.question_type_id  ORDER BY question_id desc  [ RunTime:0.043003s ]
INFO: [ app_end ] --START--
INFO: Run Behavior\ShowPageTraceBehavior [ RunTime:0.002000s ]
INFO: [ app_end ] --END-- [ RunTime:0.002000s ]

[ 2016-08-13T11:52:48+08:00 ] ::1 /zyyj/index.php/Home/Question/Question_get_detail?id=46&_=1471058920729
INFO: [ app_begin ] --START--
INFO: Run Behavior\ReadHtmlCacheBehavior [ RunTime:0.000000s ]
INFO: [ app_begin ] --END-- [ RunTime:0.001000s ]
SQL: DESCRIBE zyyj_question [ RunTime:0.045003s ]
SQL: DESCRIBE zyyj_question_level [ RunTime:0.044002s ]
SQL: DESCRIBE zyyj_question_type [ RunTime:0.043003s ]
SQL: DESCRIBE zyyj_knowledgepoint [ RunTime:0.044002s ]
SQL: SELECT * FROM `zyyj_question` WHERE ( `question_id` = 46 )  [ RunTime:0.043003s ]
SQL: SELECT * FROM `zyyj_question_level` WHERE ( 3 )  [ RunTime:0.042002s ]
SQL: SELECT * FROM `zyyj_question_type` WHERE ( 2 )  [ RunTime:0.043003s ]
SQL: SELECT * FROM `zyyj_knowledgepoint` WHERE ( 1 )  [ RunTime:0.042002s ]
INFO: [ app_end ] --START--
INFO: Run Behavior\ShowPageTraceBehavior [ RunTime:0.001000s ]
INFO: [ app_end ] --END-- [ RunTime:0.001000s ]

[ 2016-08-13T11:52:49+08:00 ] ::1 /zyyj/index.php/Home/Question/Question_get_detail?id=46&_=1471058920730
INFO: [ app_begin ] --START--
INFO: Run Behavior\ReadHtmlCacheBehavior [ RunTime:0.001000s ]
INFO: [ app_begin ] --END-- [ RunTime:0.001000s ]
SQL: DESCRIBE zyyj_question [ RunTime:0.045003s ]
SQL: DESCRIBE zyyj_question_level [ RunTime:0.044002s ]
SQL: DESCRIBE zyyj_question_type [ RunTime:0.044003s ]
SQL: DESCRIBE zyyj_knowledgepoint [ RunTime:0.044002s ]
SQL: SELECT * FROM `zyyj_question` WHERE ( `question_id` = 46 )  [ RunTime:0.043003s ]
SQL: SELECT * FROM `zyyj_question_level` WHERE ( 3 )  [ RunTime:0.042002s ]
SQL: SELECT * FROM `zyyj_question_type` WHERE ( 2 )  [ RunTime:0.043003s ]
SQL: SELECT * FROM `zyyj_knowledgepoint` WHERE ( 1 )  [ RunTime:0.043002s ]
INFO: [ app_end ] --START--
INFO: Run Behavior\ShowPageTraceBehavior [ RunTime:0.002000s ]
INFO: [ app_end ] --END-- [ RunTime:0.002000s ]

[ 2016-08-13T11:52:53+08:00 ] ::1 /zyyj/index.php/Home/Question/Question_get_detail?id=55&_=1471058920731
INFO: [ app_begin ] --START--
INFO: Run Behavior\ReadHtmlCacheBehavior [ RunTime:0.001000s ]
INFO: [ app_begin ] --END-- [ RunTime:0.002000s ]
SQL: DESCRIBE zyyj_question [ RunTime:0.045003s ]
SQL: DESCRIBE zyyj_question_level [ RunTime:0.044002s ]
SQL: DESCRIBE zyyj_question_type [ RunTime:0.044002s ]
SQL: DESCRIBE zyyj_knowledgepoint [ RunTime:0.045003s ]
SQL: SELECT * FROM `zyyj_question` WHERE ( `question_id` = 55 )  [ RunTime:0.042002s ]
SQL: SELECT * FROM `zyyj_question_level` WHERE ( 3 )  [ RunTime:0.042003s ]
SQL: SELECT * FROM `zyyj_question_type` WHERE ( 1 )  [ RunTime:0.043002s ]
SQL: SELECT * FROM `zyyj_knowledgepoint` WHERE ( 89 )  [ RunTime:0.043002s ]
INFO: [ app_end ] --START--
INFO: Run Behavior\ShowPageTraceBehavior [ RunTime:0.002001s ]
INFO: [ app_end ] --END-- [ RunTime:0.002001s ]

[ 2016-08-13T11:52:55+08:00 ] ::1 /zyyj/index.php/Home/Question/Question_get_detail?id=54&_=1471058920732
INFO: [ app_begin ] --START--
INFO: Run Behavior\ReadHtmlCacheBehavior [ RunTime:0.001000s ]
INFO: [ app_begin ] --END-- [ RunTime:0.002000s ]
SQL: DESCRIBE zyyj_question [ RunTime:0.045002s ]
SQL: DESCRIBE zyyj_question_level [ RunTime:0.045003s ]
SQL: DESCRIBE zyyj_question_type [ RunTime:0.044002s ]
SQL: DESCRIBE zyyj_knowledgepoint [ RunTime:0.044003s ]
SQL: SELECT * FROM `zyyj_question` WHERE ( `question_id` = 54 )  [ RunTime:0.043002s ]
SQL: SELECT * FROM `zyyj_question_level` WHERE ( 2 )  [ RunTime:0.043003s ]
SQL: SELECT * FROM `zyyj_question_type` WHERE ( 2 )  [ RunTime:0.043002s ]
SQL: SELECT * FROM `zyyj_knowledgepoint` WHERE ( 1 )  [ RunTime:0.043003s ]
INFO: [ app_end ] --START--
INFO: Run Behavior\ShowPageTraceBehavior [ RunTime:0.002000s ]
INFO: [ app_end ] --END-- [ RunTime:0.002000s ]

[ 2016-08-13T11:53:56+08:00 ] ::1 /zyyj/index.php/Home/Question/Question_get_detail?id=54&_=1471058920733
INFO: [ app_begin ] --START--
INFO: Run Behavior\ReadHtmlCacheBehavior [ RunTime:0.001000s ]
INFO: [ app_begin ] --END-- [ RunTime:0.003000s ]
SQL: DESCRIBE zyyj_question [ RunTime:0.045003s ]
SQL: DESCRIBE zyyj_question_level [ RunTime:0.044002s ]
SQL: DESCRIBE zyyj_question_type [ RunTime:0.046003s ]
SQL: DESCRIBE zyyj_knowledgepoint [ RunTime:0.044003s ]
SQL: SELECT * FROM `zyyj_question` WHERE ( `question_id` = 54 )  [ RunTime:0.043002s ]
SQL: SELECT * FROM `zyyj_question_level` WHERE ( 2 )  [ RunTime:0.042002s ]
SQL: SELECT * FROM `zyyj_question_type` WHERE ( 2 )  [ RunTime:0.042003s ]
SQL: SELECT * FROM `zyyj_knowledgepoint` WHERE ( 1 )  [ RunTime:0.042002s ]
INFO: [ app_end ] --START--
INFO: Run Behavior\ShowPageTraceBehavior [ RunTime:0.028002s ]
INFO: [ app_end ] --END-- [ RunTime:0.028002s ]

