[ 2016-06-10T10:35:03+08:00 ] ::1 /zyyj/
INFO: [ app_init ] --START--
INFO: Run Behavior\BuildLiteBehavior [ RunTime:0.000024s ]
INFO: [ app_init ] --END-- [ RunTime:0.000123s ]
INFO: [ app_begin ] --START--
INFO: Run Behavior\ReadHtmlCacheBehavior [ RunTime:0.003489s ]
INFO: [ app_begin ] --END-- [ RunTime:0.003587s ]
INFO: [ view_parse ] --START--
INFO: [ template_filter ] --START--
INFO: Run Behavior\ContentReplaceBehavior [ RunTime:0.000914s ]
INFO: [ template_filter ] --END-- [ RunTime:0.001022s ]
INFO: Run Behavior\ParseTemplateBehavior [ RunTime:0.014670s ]
INFO: [ view_parse ] --END-- [ RunTime:0.014782s ]
INFO: [ view_filter ] --START--
INFO: Run Behavior\WriteHtmlCacheBehavior [ RunTime:0.000800s ]
INFO: [ view_filter ] --END-- [ RunTime:0.000869s ]
INFO: [ app_end ] --START--
INFO: Run Behavior\ShowPageTraceBehavior [ RunTime:0.001148s ]
INFO: [ app_end ] --END-- [ RunTime:0.001221s ]

[ 2016-06-10T10:39:03+08:00 ] ::1 /zyyj/index.php/Home/Index/index
INFO: [ app_init ] --START--
INFO: Run Behavior\BuildLiteBehavior [ RunTime:0.000025s ]
INFO: [ app_init ] --END-- [ RunTime:0.000615s ]
INFO: [ app_begin ] --START--
INFO: Run Behavior\ReadHtmlCacheBehavior [ RunTime:0.001541s ]
INFO: [ app_begin ] --END-- [ RunTime:0.001668s ]
INFO: [ view_parse ] --START--
INFO: Run Behavior\ParseTemplateBehavior [ RunTime:0.000649s ]
INFO: [ view_parse ] --END-- [ RunTime:0.000731s ]
INFO: [ view_filter ] --START--
INFO: Run Behavior\WriteHtmlCacheBehavior [ RunTime:0.000677s ]
INFO: [ view_filter ] --END-- [ RunTime:0.000740s ]
INFO: [ app_end ] --START--
INFO: Run Behavior\ShowPageTraceBehavior [ RunTime:0.002303s ]
INFO: [ app_end ] --END-- [ RunTime:0.002381s ]

[ 2016-06-10T10:39:09+08:00 ] ::1 /zyyj/Home/Index/index
INFO: [ app_init ] --START--
INFO: Run Behavior\BuildLiteBehavior [ RunTime:0.000029s ]
INFO: [ app_init ] --END-- [ RunTime:0.000961s ]
INFO: [ app_begin ] --START--
INFO: Run Behavior\ReadHtmlCacheBehavior [ RunTime:0.001254s ]
INFO: [ app_begin ] --END-- [ RunTime:0.001346s ]
INFO: [ view_parse ] --START--
INFO: Run Behavior\ParseTemplateBehavior [ RunTime:0.000718s ]
INFO: [ view_parse ] --END-- [ RunTime:0.000811s ]
INFO: [ view_filter ] --START--
INFO: Run Behavior\WriteHtmlCacheBehavior [ RunTime:0.001427s ]
INFO: [ view_filter ] --END-- [ RunTime:0.001504s ]
INFO: [ app_end ] --START--
INFO: Run Behavior\ShowPageTraceBehavior [ RunTime:0.003599s ]
INFO: [ app_end ] --END-- [ RunTime:0.003684s ]

[ 2016-06-10T10:43:32+08:00 ] ::1 /zyyj/Home/Index/index
INFO: [ app_init ] --START--
INFO: Run Behavior\BuildLiteBehavior [ RunTime:0.000027s ]
INFO: [ app_init ] --END-- [ RunTime:0.000740s ]
INFO: [ app_begin ] --START--
INFO: Run Behavior\ReadHtmlCacheBehavior [ RunTime:0.001286s ]
INFO: [ app_begin ] --END-- [ RunTime:0.001381s ]

[ 2016-06-10T10:45:31+08:00 ] ::1 /zyyj/Home/Index/index
INFO: [ app_init ] --START--
INFO: Run Behavior\BuildLiteBehavior [ RunTime:0.000029s ]
INFO: [ app_init ] --END-- [ RunTime:0.001466s ]
INFO: [ app_begin ] --START--
INFO: Run Behavior\ReadHtmlCacheBehavior [ RunTime:0.003140s ]
INFO: [ app_begin ] --END-- [ RunTime:0.003246s ]

[ 2016-06-10T10:46:31+08:00 ] ::1 /zyyj/Home/Index/index
INFO: [ app_init ] --START--
INFO: Run Behavior\BuildLiteBehavior [ RunTime:0.000029s ]
INFO: [ app_init ] --END-- [ RunTime:0.003418s ]
INFO: [ app_begin ] --START--
INFO: Run Behavior\ReadHtmlCacheBehavior [ RunTime:0.001268s ]
INFO: [ app_begin ] --END-- [ RunTime:0.001362s ]
SQL: DESCRIBE zyyj_user [ RunTime:0.003337s ]
INFO: [ app_end ] --START--
INFO: Run Behavior\ShowPageTraceBehavior [ RunTime:0.001972s ]
INFO: [ app_end ] --END-- [ RunTime:0.002069s ]

[ 2016-06-10T10:47:59+08:00 ] ::1 /zyyj/Home/Index/index
INFO: [ app_init ] --START--
INFO: Run Behavior\BuildLiteBehavior [ RunTime:0.000026s ]
INFO: [ app_init ] --END-- [ RunTime:0.000638s ]
INFO: [ app_begin ] --START--
INFO: Run Behavior\ReadHtmlCacheBehavior [ RunTime:0.001233s ]
INFO: [ app_begin ] --END-- [ RunTime:0.001359s ]
SQL: DESCRIBE zyyj_user [ RunTime:0.003405s ]
SQL: SELECT * FROM `zyyj_user`  [ RunTime:0.000420s ]
INFO: [ app_end ] --START--
INFO: Run Behavior\ShowPageTraceBehavior [ RunTime:0.001349s ]
INFO: [ app_end ] --END-- [ RunTime:0.001426s ]

[ 2016-06-10T10:55:39+08:00 ] ::1 /zyyj/Home/Index/index
ERR: 模板不存在:./Application/Home/View/Index/index.html

[ 2016-06-10T11:02:20+08:00 ] ::1 /zyyj/Home/Index/index
ERR: 模板不存在:./Application/Home/View/Index_index.php

[ 2016-06-10T11:46:43+08:00 ] ::1 /zyyj/Home/Index/easyui/jquery.easyui.min.js
ERR: 非法操作:easyui

[ 2016-06-10T11:46:43+08:00 ] ::1 /zyyj/Home/Index/easyui/locale/easyui-lang-zh_CN.js
ERR: 非法操作:easyui

[ 2016-06-10T11:46:43+08:00 ] ::1 /zyyj/Home/Index/easyui/themes/default/easyui.css
ERR: 非法操作:easyui

[ 2016-06-10T11:46:43+08:00 ] ::1 /zyyj/Home/Index/easyui/themes/icon.css
ERR: 非法操作:easyui

[ 2016-06-10T12:11:58+08:00 ] ::1 /zyyj/Home/Index/index
ERR: 模板不存在:./Application/Home/View/Index_header.php.php

[ 2016-06-10T12:37:11+08:00 ] ::1 /zyyj/Home/index/test
ERR: 模板不存在:./Application/Home/View/Index_test.php

[ 2016-06-10T12:47:34+08:00 ] ::1 /zyyj/Home/Index/index
ERR: XML标签语法错误

[ 2016-06-10T12:48:41+08:00 ] ::1 /zyyj/Home/Index/index
ERR: XML标签语法错误

[ 2016-06-10T12:49:12+08:00 ] ::1 /zyyj/Home/Index/index
ERR: XML标签语法错误

[ 2016-06-10T12:52:50+08:00 ] ::1 /zyyj/Home/Index/index
ERR: XML标签语法错误

