[ 2016-08-12T15:33:07+08:00 ] ::1 /zyyj/index.php/Home/Login/Login_login
INFO: [ app_begin ] --START--
INFO: Run Behavior\ReadHtmlCacheBehavior [ RunTime:0.001000s ]
INFO: [ app_begin ] --END-- [ RunTime:0.001000s ]
SQL: DESCRIBE zyyj_user [ RunTime:0.047003s ]
SQL: DESCRIBE zyyj_department [ RunTime:0.342019s ]
SQL: SELECT * FROM `zyyj_user` WHERE ( `name` = 'admin' )  [ RunTime:0.043003s ]
SQL: SELECT * FROM `zyyj_department` WHERE ( `department_id` = null )  [ RunTime:0.042002s ]

[ 2016-08-12T15:33:08+08:00 ] ::1 /zyyj/index.php/Home/Login/Login_get_menu
INFO: [ app_begin ] --START--
INFO: Run Behavior\ReadHtmlCacheBehavior [ RunTime:0.001000s ]
INFO: [ app_begin ] --END-- [ RunTime:0.001000s ]
SQL: DESCRIBE zyyj_post [ RunTime:0.044003s ]
SQL: DESCRIBE zyyj_menu [ RunTime:0.045003s ]
SQL: SELECT * FROM `zyyj_post` WHERE ( `post_id` = 1 )  [ RunTime:0.043002s ]
SQL: SELECT * FROM `zyyj_menu` WHERE ( `nid` = 0 ) AND ( `id` = 1 )  [ RunTime:0.042003s ]
SQL: SELECT * FROM `zyyj_menu` WHERE ( `nid` = 0 ) AND ( `id` = 0 )  [ RunTime:0.042002s ]
NOTIC: [2] Invalid argument supplied for foreach() G:\xampp\htdocs\zyyj\Application\Home\Controller\LoginController.class.php 第 51 行.
SQL: SELECT * FROM `zyyj_menu` WHERE ( `nid` = 0 ) AND ( `id` = 2 )  [ RunTime:0.044002s ]
NOTIC: [2] Invalid argument supplied for foreach() G:\xampp\htdocs\zyyj\Application\Home\Controller\LoginController.class.php 第 51 行.
SQL: SELECT * FROM `zyyj_menu` WHERE ( `nid` = 0 ) AND ( `id` = 10 )  [ RunTime:0.042003s ]
NOTIC: [2] Invalid argument supplied for foreach() G:\xampp\htdocs\zyyj\Application\Home\Controller\LoginController.class.php 第 51 行.
SQL: SELECT * FROM `zyyj_menu` WHERE ( `nid` = 0 ) AND ( `id` = 13 )  [ RunTime:0.042002s ]
SQL: SELECT * FROM `zyyj_menu` WHERE ( `nid` = 0 ) AND ( `id` = 14 )  [ RunTime:0.042002s ]
NOTIC: [2] Invalid argument supplied for foreach() G:\xampp\htdocs\zyyj\Application\Home\Controller\LoginController.class.php 第 51 行.
SQL: SELECT * FROM `zyyj_menu` WHERE ( `nid` = 0 ) AND ( `id` = 15 )  [ RunTime:0.042003s ]
NOTIC: [2] Invalid argument supplied for foreach() G:\xampp\htdocs\zyyj\Application\Home\Controller\LoginController.class.php 第 51 行.
SQL: SELECT * FROM `zyyj_menu` WHERE ( `nid` = 0 ) AND ( `id` = 0 )  [ RunTime:0.042002s ]
NOTIC: [2] Invalid argument supplied for foreach() G:\xampp\htdocs\zyyj\Application\Home\Controller\LoginController.class.php 第 51 行.
INFO: [ app_end ] --START--
INFO: Run Behavior\ShowPageTraceBehavior [ RunTime:0.002000s ]
INFO: [ app_end ] --END-- [ RunTime:0.002000s ]

[ 2016-08-12T15:33:22+08:00 ] ::1 /zyyj/index.php/Home/Login/Login_login
INFO: [ app_begin ] --START--
INFO: Run Behavior\ReadHtmlCacheBehavior [ RunTime:0.000000s ]
INFO: [ app_begin ] --END-- [ RunTime:0.001000s ]
SQL: DESCRIBE zyyj_user [ RunTime:0.044003s ]
SQL: DESCRIBE zyyj_department [ RunTime:0.044002s ]
SQL: SELECT * FROM `zyyj_user` WHERE ( `name` = 'secretary' )  [ RunTime:0.043003s ]
SQL: SELECT * FROM `zyyj_department` WHERE ( `department_id` = 5 )  [ RunTime:0.043002s ]

[ 2016-08-12T15:33:23+08:00 ] ::1 /zyyj/index.php/Home/Login/Login_get_menu
INFO: [ app_begin ] --START--
INFO: Run Behavior\ReadHtmlCacheBehavior [ RunTime:0.001000s ]
INFO: [ app_begin ] --END-- [ RunTime:0.002000s ]
SQL: DESCRIBE zyyj_post [ RunTime:0.044002s ]
SQL: DESCRIBE zyyj_menu [ RunTime:0.044003s ]
SQL: SELECT * FROM `zyyj_post` WHERE ( `post_id` = 4 )  [ RunTime:0.042002s ]
SQL: SELECT * FROM `zyyj_menu` WHERE ( `nid` = 0 ) AND ( `id` = 1 )  [ RunTime:0.042003s ]
SQL: SELECT * FROM `zyyj_menu` WHERE ( `nid` = 0 ) AND ( `id` = 0 )  [ RunTime:0.042002s ]
NOTIC: [2] Invalid argument supplied for foreach() G:\xampp\htdocs\zyyj\Application\Home\Controller\LoginController.class.php 第 51 行.
SQL: SELECT * FROM `zyyj_menu` WHERE ( `nid` = 0 ) AND ( `id` = 2 )  [ RunTime:0.042003s ]
NOTIC: [2] Invalid argument supplied for foreach() G:\xampp\htdocs\zyyj\Application\Home\Controller\LoginController.class.php 第 51 行.
SQL: SELECT * FROM `zyyj_menu` WHERE ( `nid` = 0 ) AND ( `id` = 10 )  [ RunTime:0.042002s ]
NOTIC: [2] Invalid argument supplied for foreach() G:\xampp\htdocs\zyyj\Application\Home\Controller\LoginController.class.php 第 51 行.
SQL: SELECT * FROM `zyyj_menu` WHERE ( `nid` = 0 ) AND ( `id` = 4 )  [ RunTime:0.042002s ]
NOTIC: [2] Invalid argument supplied for foreach() G:\xampp\htdocs\zyyj\Application\Home\Controller\LoginController.class.php 第 51 行.
SQL: SELECT * FROM `zyyj_menu` WHERE ( `nid` = 0 ) AND ( `id` = 3 )  [ RunTime:0.043003s ]
SQL: SELECT * FROM `zyyj_menu` WHERE ( `nid` = 0 ) AND ( `id` = 5 )  [ RunTime:0.042002s ]
NOTIC: [2] Invalid argument supplied for foreach() G:\xampp\htdocs\zyyj\Application\Home\Controller\LoginController.class.php 第 51 行.
SQL: SELECT * FROM `zyyj_menu` WHERE ( `nid` = 0 ) AND ( `id` = 6 )  [ RunTime:0.042003s ]
NOTIC: [2] Invalid argument supplied for foreach() G:\xampp\htdocs\zyyj\Application\Home\Controller\LoginController.class.php 第 51 行.
SQL: SELECT * FROM `zyyj_menu` WHERE ( `nid` = 0 ) AND ( `id` = 8 )  [ RunTime:0.043002s ]
NOTIC: [2] Invalid argument supplied for foreach() G:\xampp\htdocs\zyyj\Application\Home\Controller\LoginController.class.php 第 51 行.
SQL: SELECT * FROM `zyyj_menu` WHERE ( `nid` = 0 ) AND ( `id` = 32 )  [ RunTime:0.042003s ]
SQL: SELECT * FROM `zyyj_menu` WHERE ( `nid` = 0 ) AND ( `id` = 33 )  [ RunTime:0.043002s ]
NOTIC: [2] Invalid argument supplied for foreach() G:\xampp\htdocs\zyyj\Application\Home\Controller\LoginController.class.php 第 51 行.
SQL: SELECT * FROM `zyyj_menu` WHERE ( `nid` = 0 ) AND ( `id` = 41 )  [ RunTime:0.043003s ]
NOTIC: [2] Invalid argument supplied for foreach() G:\xampp\htdocs\zyyj\Application\Home\Controller\LoginController.class.php 第 51 行.
SQL: SELECT * FROM `zyyj_menu` WHERE ( `nid` = 0 ) AND ( `id` = 35 )  [ RunTime:0.042002s ]
SQL: SELECT * FROM `zyyj_menu` WHERE ( `nid` = 0 ) AND ( `id` = 36 )  [ RunTime:0.042002s ]
NOTIC: [2] Invalid argument supplied for foreach() G:\xampp\htdocs\zyyj\Application\Home\Controller\LoginController.class.php 第 51 行.
SQL: SELECT * FROM `zyyj_menu` WHERE ( `nid` = 0 ) AND ( `id` = 37 )  [ RunTime:0.042003s ]
NOTIC: [2] Invalid argument supplied for foreach() G:\xampp\htdocs\zyyj\Application\Home\Controller\LoginController.class.php 第 51 行.
SQL: SELECT * FROM `zyyj_menu` WHERE ( `nid` = 0 ) AND ( `id` = 38 )  [ RunTime:0.042002s ]
NOTIC: [2] Invalid argument supplied for foreach() G:\xampp\htdocs\zyyj\Application\Home\Controller\LoginController.class.php 第 51 行.
SQL: SELECT * FROM `zyyj_menu` WHERE ( `nid` = 0 ) AND ( `id` = 47 )  [ RunTime:0.042003s ]
NOTIC: [2] Invalid argument supplied for foreach() G:\xampp\htdocs\zyyj\Application\Home\Controller\LoginController.class.php 第 51 行.
SQL: SELECT * FROM `zyyj_menu` WHERE ( `nid` = 0 ) AND ( `id` = 39 )  [ RunTime:0.042002s ]
SQL: SELECT * FROM `zyyj_menu` WHERE ( `nid` = 0 ) AND ( `id` = 40 )  [ RunTime:0.042003s ]
NOTIC: [2] Invalid argument supplied for foreach() G:\xampp\htdocs\zyyj\Application\Home\Controller\LoginController.class.php 第 51 行.
SQL: SELECT * FROM `zyyj_menu` WHERE ( `nid` = 0 ) AND ( `id` = 46 )  [ RunTime:0.042002s ]
NOTIC: [2] Invalid argument supplied for foreach() G:\xampp\htdocs\zyyj\Application\Home\Controller\LoginController.class.php 第 51 行.
SQL: SELECT * FROM `zyyj_menu` WHERE ( `nid` = 0 ) AND ( `id` = 48 )  [ RunTime:0.042002s ]
NOTIC: [2] Invalid argument supplied for foreach() G:\xampp\htdocs\zyyj\Application\Home\Controller\LoginController.class.php 第 51 行.
SQL: SELECT * FROM `zyyj_menu` WHERE ( `nid` = 0 ) AND ( `id` = 42 )  [ RunTime:0.042003s ]
SQL: SELECT * FROM `zyyj_menu` WHERE ( `nid` = 0 ) AND ( `id` = 43 )  [ RunTime:0.042002s ]
NOTIC: [2] Invalid argument supplied for foreach() G:\xampp\htdocs\zyyj\Application\Home\Controller\LoginController.class.php 第 51 行.
SQL: SELECT * FROM `zyyj_menu` WHERE ( `nid` = 0 ) AND ( `id` = 44 )  [ RunTime:0.042003s ]
NOTIC: [2] Invalid argument supplied for foreach() G:\xampp\htdocs\zyyj\Application\Home\Controller\LoginController.class.php 第 51 行.
SQL: SELECT * FROM `zyyj_menu` WHERE ( `nid` = 0 ) AND ( `id` = 0 )  [ RunTime:0.043002s ]
NOTIC: [2] Invalid argument supplied for foreach() G:\xampp\htdocs\zyyj\Application\Home\Controller\LoginController.class.php 第 51 行.
INFO: [ app_end ] --START--
INFO: Run Behavior\ShowPageTraceBehavior [ RunTime:0.002000s ]
INFO: [ app_end ] --END-- [ RunTime:0.002000s ]

[ 2016-08-12T15:33:32+08:00 ] ::1 /zyyj/index.php/Home/Login/Login_get_menu
INFO: [ app_begin ] --START--
INFO: Run Behavior\ReadHtmlCacheBehavior [ RunTime:0.002000s ]
INFO: [ app_begin ] --END-- [ RunTime:0.003001s ]
SQL: DESCRIBE zyyj_post [ RunTime:0.044002s ]
SQL: DESCRIBE zyyj_menu [ RunTime:0.044003s ]
SQL: SELECT * FROM `zyyj_post` WHERE ( `post_id` = 4 )  [ RunTime:0.042002s ]
SQL: SELECT * FROM `zyyj_menu` WHERE ( `nid` = 3 ) AND ( `id` = 1 )  [ RunTime:0.042003s ]
NOTIC: [2] Invalid argument supplied for foreach() G:\xampp\htdocs\zyyj\Application\Home\Controller\LoginController.class.php 第 51 行.
SQL: SELECT * FROM `zyyj_menu` WHERE ( `nid` = 3 ) AND ( `id` = 0 )  [ RunTime:0.042002s ]
NOTIC: [2] Invalid argument supplied for foreach() G:\xampp\htdocs\zyyj\Application\Home\Controller\LoginController.class.php 第 51 行.
SQL: SELECT * FROM `zyyj_menu` WHERE ( `nid` = 3 ) AND ( `id` = 2 )  [ RunTime:0.042003s ]
NOTIC: [2] Invalid argument supplied for foreach() G:\xampp\htdocs\zyyj\Application\Home\Controller\LoginController.class.php 第 51 行.
SQL: SELECT * FROM `zyyj_menu` WHERE ( `nid` = 3 ) AND ( `id` = 10 )  [ RunTime:0.043002s ]
NOTIC: [2] Invalid argument supplied for foreach() G:\xampp\htdocs\zyyj\Application\Home\Controller\LoginController.class.php 第 51 行.
SQL: SELECT * FROM `zyyj_menu` WHERE ( `nid` = 3 ) AND ( `id` = 4 )  [ RunTime:0.043003s ]
SQL: SELECT * FROM `zyyj_menu` WHERE ( `nid` = 3 ) AND ( `id` = 3 )  [ RunTime:0.043002s ]
NOTIC: [2] Invalid argument supplied for foreach() G:\xampp\htdocs\zyyj\Application\Home\Controller\LoginController.class.php 第 51 行.
SQL: SELECT * FROM `zyyj_menu` WHERE ( `nid` = 3 ) AND ( `id` = 5 )  [ RunTime:0.043003s ]
SQL: SELECT * FROM `zyyj_menu` WHERE ( `nid` = 3 ) AND ( `id` = 6 )  [ RunTime:0.043002s ]
SQL: SELECT * FROM `zyyj_menu` WHERE ( `nid` = 3 ) AND ( `id` = 8 )  [ RunTime:0.042003s ]
SQL: SELECT * FROM `zyyj_menu` WHERE ( `nid` = 3 ) AND ( `id` = 32 )  [ RunTime:0.042002s ]
NOTIC: [2] Invalid argument supplied for foreach() G:\xampp\htdocs\zyyj\Application\Home\Controller\LoginController.class.php 第 51 行.
SQL: SELECT * FROM `zyyj_menu` WHERE ( `nid` = 3 ) AND ( `id` = 33 )  [ RunTime:0.042002s ]
NOTIC: [2] Invalid argument supplied for foreach() G:\xampp\htdocs\zyyj\Application\Home\Controller\LoginController.class.php 第 51 行.
SQL: SELECT * FROM `zyyj_menu` WHERE ( `nid` = 3 ) AND ( `id` = 41 )  [ RunTime:0.042002s ]
NOTIC: [2] Invalid argument supplied for foreach() G:\xampp\htdocs\zyyj\Application\Home\Controller\LoginController.class.php 第 51 行.
SQL: SELECT * FROM `zyyj_menu` WHERE ( `nid` = 3 ) AND ( `id` = 35 )  [ RunTime:0.042002s ]
NOTIC: [2] Invalid argument supplied for foreach() G:\xampp\htdocs\zyyj\Application\Home\Controller\LoginController.class.php 第 51 行.
SQL: SELECT * FROM `zyyj_menu` WHERE ( `nid` = 3 ) AND ( `id` = 36 )  [ RunTime:0.042003s ]
NOTIC: [2] Invalid argument supplied for foreach() G:\xampp\htdocs\zyyj\Application\Home\Controller\LoginController.class.php 第 51 行.
SQL: SELECT * FROM `zyyj_menu` WHERE ( `nid` = 3 ) AND ( `id` = 37 )  [ RunTime:0.043002s ]
NOTIC: [2] Invalid argument supplied for foreach() G:\xampp\htdocs\zyyj\Application\Home\Controller\LoginController.class.php 第 51 行.
SQL: SELECT * FROM `zyyj_menu` WHERE ( `nid` = 3 ) AND ( `id` = 38 )  [ RunTime:0.042003s ]
NOTIC: [2] Invalid argument supplied for foreach() G:\xampp\htdocs\zyyj\Application\Home\Controller\LoginController.class.php 第 51 行.
SQL: SELECT * FROM `zyyj_menu` WHERE ( `nid` = 3 ) AND ( `id` = 47 )  [ RunTime:0.042002s ]
NOTIC: [2] Invalid argument supplied for foreach() G:\xampp\htdocs\zyyj\Application\Home\Controller\LoginController.class.php 第 51 行.
SQL: SELECT * FROM `zyyj_menu` WHERE ( `nid` = 3 ) AND ( `id` = 39 )  [ RunTime:0.042003s ]
NOTIC: [2] Invalid argument supplied for foreach() G:\xampp\htdocs\zyyj\Application\Home\Controller\LoginController.class.php 第 51 行.
SQL: SELECT * FROM `zyyj_menu` WHERE ( `nid` = 3 ) AND ( `id` = 40 )  [ RunTime:0.042002s ]
NOTIC: [2] Invalid argument supplied for foreach() G:\xampp\htdocs\zyyj\Application\Home\Controller\LoginController.class.php 第 51 行.
SQL: SELECT * FROM `zyyj_menu` WHERE ( `nid` = 3 ) AND ( `id` = 46 )  [ RunTime:0.043003s ]
NOTIC: [2] Invalid argument supplied for foreach() G:\xampp\htdocs\zyyj\Application\Home\Controller\LoginController.class.php 第 51 行.
SQL: SELECT * FROM `zyyj_menu` WHERE ( `nid` = 3 ) AND ( `id` = 48 )  [ RunTime:0.043002s ]
NOTIC: [2] Invalid argument supplied for foreach() G:\xampp\htdocs\zyyj\Application\Home\Controller\LoginController.class.php 第 51 行.
SQL: SELECT * FROM `zyyj_menu` WHERE ( `nid` = 3 ) AND ( `id` = 42 )  [ RunTime:0.042002s ]
NOTIC: [2] Invalid argument supplied for foreach() G:\xampp\htdocs\zyyj\Application\Home\Controller\LoginController.class.php 第 51 行.
SQL: SELECT * FROM `zyyj_menu` WHERE ( `nid` = 3 ) AND ( `id` = 43 )  [ RunTime:0.043003s ]
NOTIC: [2] Invalid argument supplied for foreach() G:\xampp\htdocs\zyyj\Application\Home\Controller\LoginController.class.php 第 51 行.
SQL: SELECT * FROM `zyyj_menu` WHERE ( `nid` = 3 ) AND ( `id` = 44 )  [ RunTime:0.043002s ]
NOTIC: [2] Invalid argument supplied for foreach() G:\xampp\htdocs\zyyj\Application\Home\Controller\LoginController.class.php 第 51 行.
SQL: SELECT * FROM `zyyj_menu` WHERE ( `nid` = 3 ) AND ( `id` = 0 )  [ RunTime:0.042003s ]
NOTIC: [2] Invalid argument supplied for foreach() G:\xampp\htdocs\zyyj\Application\Home\Controller\LoginController.class.php 第 51 行.
INFO: [ app_end ] --START--
INFO: Run Behavior\ShowPageTraceBehavior [ RunTime:0.001000s ]
INFO: [ app_end ] --END-- [ RunTime:0.001000s ]

[ 2016-08-12T15:33:33+08:00 ] ::1 /zyyj/index.php/Home/Class/Class_list?_=1470987202368
INFO: [ app_begin ] --START--
INFO: Run Behavior\ReadHtmlCacheBehavior [ RunTime:0.001000s ]
INFO: [ app_begin ] --END-- [ RunTime:0.001000s ]
INFO: [ view_parse ] --START--
INFO: [ template_filter ] --START--
INFO: Run Behavior\ContentReplaceBehavior [ RunTime:0.000000s ]
INFO: [ template_filter ] --END-- [ RunTime:0.000000s ]
INFO: Run Behavior\ParseTemplateBehavior [ RunTime:0.038002s ]
INFO: [ view_parse ] --END-- [ RunTime:0.038002s ]
INFO: [ view_filter ] --START--
INFO: Run Behavior\WriteHtmlCacheBehavior [ RunTime:0.000000s ]
INFO: [ view_filter ] --END-- [ RunTime:0.000000s ]
INFO: [ app_end ] --START--
INFO: Run Behavior\ShowPageTraceBehavior [ RunTime:0.001000s ]
INFO: [ app_end ] --END-- [ RunTime:0.001000s ]

[ 2016-08-12T15:33:33+08:00 ] ::1 /zyyj/index.php/Home/Class/Class_list_show
INFO: [ app_begin ] --START--
INFO: Run Behavior\ReadHtmlCacheBehavior [ RunTime:0.001000s ]
INFO: [ app_begin ] --END-- [ RunTime:0.001000s ]
SQL: DESCRIBE zyyj_class [ RunTime:0.045003s ]
SQL: SELECT COUNT(*) AS tp_count FROM `zyyj_class` LIMIT 1   [ RunTime:0.042002s ]
SQL: SELECT zyyj_grade.name gname,zyyj_class.name cname,zyyj_major.name mname,zyyj_class.class_id cid,zyyj_class.comment ccomment FROM `zyyj_class` INNER JOIN zyyj_grade ON zyyj_class.grade_id = zyyj_grade.grade_id INNER JOIN zyyj_major ON zyyj_class.major_id = zyyj_major.major_id  ORDER BY zyyj_class.class_id desc LIMIT 0,20   [ RunTime:0.043003s ]
INFO: [ app_end ] --START--
INFO: Run Behavior\ShowPageTraceBehavior [ RunTime:0.003000s ]
INFO: [ app_end ] --END-- [ RunTime:0.003000s ]

[ 2016-08-12T15:33:34+08:00 ] ::1 /zyyj/index.php/Home/Class/Class_getMajor
INFO: [ app_begin ] --START--
INFO: Run Behavior\ReadHtmlCacheBehavior [ RunTime:0.001000s ]
INFO: [ app_begin ] --END-- [ RunTime:0.001000s ]
SQL: DESCRIBE zyyj_major [ RunTime:0.044002s ]
SQL: SELECT * FROM `zyyj_major`  [ RunTime:0.042003s ]
INFO: [ app_end ] --START--
INFO: Run Behavior\ShowPageTraceBehavior [ RunTime:0.002000s ]
INFO: [ app_end ] --END-- [ RunTime:0.002000s ]

[ 2016-08-12T15:33:34+08:00 ] ::1 /zyyj/index.php/Home/Class/Class_getGrade
INFO: [ app_begin ] --START--
INFO: Run Behavior\ReadHtmlCacheBehavior [ RunTime:0.000000s ]
INFO: [ app_begin ] --END-- [ RunTime:0.001000s ]
SQL: DESCRIBE zyyj_grade [ RunTime:0.044002s ]
NOTIC: [8] Use of undefined constant desc - assumed 'desc' G:\xampp\htdocs\zyyj\Application\Home\Controller\ClassController.class.php 第 87 行.
SQL: SELECT * FROM `zyyj_grade` ORDER BY name  [ RunTime:0.042002s ]
INFO: [ app_end ] --START--
INFO: Run Behavior\ShowPageTraceBehavior [ RunTime:0.001000s ]
INFO: [ app_end ] --END-- [ RunTime:0.001000s ]

[ 2016-08-12T15:33:34+08:00 ] ::1 /zyyj/index.php/Home/Class/Class_getMajor
INFO: [ app_begin ] --START--
INFO: Run Behavior\ReadHtmlCacheBehavior [ RunTime:0.000000s ]
INFO: [ app_begin ] --END-- [ RunTime:0.001000s ]
SQL: DESCRIBE zyyj_major [ RunTime:0.045003s ]
SQL: SELECT * FROM `zyyj_major`  [ RunTime:0.043002s ]
INFO: [ app_end ] --START--
INFO: Run Behavior\ShowPageTraceBehavior [ RunTime:0.001000s ]
INFO: [ app_end ] --END-- [ RunTime:0.001000s ]

[ 2016-08-12T15:33:35+08:00 ] ::1 /zyyj/index.php/Home/Class/Class_getGrade
INFO: [ app_begin ] --START--
INFO: Run Behavior\ReadHtmlCacheBehavior [ RunTime:0.000000s ]
INFO: [ app_begin ] --END-- [ RunTime:0.001000s ]
SQL: DESCRIBE zyyj_grade [ RunTime:0.044002s ]
NOTIC: [8] Use of undefined constant desc - assumed 'desc' G:\xampp\htdocs\zyyj\Application\Home\Controller\ClassController.class.php 第 87 行.
SQL: SELECT * FROM `zyyj_grade` ORDER BY name  [ RunTime:0.043003s ]
INFO: [ app_end ] --START--
INFO: Run Behavior\ShowPageTraceBehavior [ RunTime:0.003000s ]
INFO: [ app_end ] --END-- [ RunTime:0.003000s ]

[ 2016-08-12T15:33:35+08:00 ] ::1 /zyyj/index.php/Home/Class/Class_list_show
INFO: [ app_begin ] --START--
INFO: Run Behavior\ReadHtmlCacheBehavior [ RunTime:0.000000s ]
INFO: [ app_begin ] --END-- [ RunTime:0.001000s ]
SQL: DESCRIBE zyyj_class [ RunTime:0.044003s ]
SQL: SELECT COUNT(*) AS tp_count FROM `zyyj_class` LIMIT 1   [ RunTime:0.042002s ]
SQL: SELECT zyyj_grade.name gname,zyyj_class.name cname,zyyj_major.name mname,zyyj_class.class_id cid,zyyj_class.comment ccomment FROM `zyyj_class` INNER JOIN zyyj_grade ON zyyj_class.grade_id = zyyj_grade.grade_id INNER JOIN zyyj_major ON zyyj_class.major_id = zyyj_major.major_id  ORDER BY zyyj_class.class_id desc LIMIT 0,20   [ RunTime:0.043003s ]
INFO: [ app_end ] --START--
INFO: Run Behavior\ShowPageTraceBehavior [ RunTime:0.003000s ]
INFO: [ app_end ] --END-- [ RunTime:0.003000s ]

[ 2016-08-12T15:33:45+08:00 ] ::1 /zyyj/index.php/Home/Login/Login_get_menu
INFO: [ app_begin ] --START--
INFO: Run Behavior\ReadHtmlCacheBehavior [ RunTime:0.001000s ]
INFO: [ app_begin ] --END-- [ RunTime:0.002000s ]
SQL: DESCRIBE zyyj_post [ RunTime:0.044003s ]
SQL: DESCRIBE zyyj_menu [ RunTime:0.044002s ]
SQL: SELECT * FROM `zyyj_post` WHERE ( `post_id` = 4 )  [ RunTime:0.042003s ]
SQL: SELECT * FROM `zyyj_menu` WHERE ( `nid` = 32 ) AND ( `id` = 1 )  [ RunTime:0.042002s ]
NOTIC: [2] Invalid argument supplied for foreach() G:\xampp\htdocs\zyyj\Application\Home\Controller\LoginController.class.php 第 51 行.
SQL: SELECT * FROM `zyyj_menu` WHERE ( `nid` = 32 ) AND ( `id` = 0 )  [ RunTime:0.042003s ]
NOTIC: [2] Invalid argument supplied for foreach() G:\xampp\htdocs\zyyj\Application\Home\Controller\LoginController.class.php 第 51 行.
SQL: SELECT * FROM `zyyj_menu` WHERE ( `nid` = 32 ) AND ( `id` = 2 )  [ RunTime:0.043002s ]
NOTIC: [2] Invalid argument supplied for foreach() G:\xampp\htdocs\zyyj\Application\Home\Controller\LoginController.class.php 第 51 行.
SQL: SELECT * FROM `zyyj_menu` WHERE ( `nid` = 32 ) AND ( `id` = 10 )  [ RunTime:0.043003s ]
NOTIC: [2] Invalid argument supplied for foreach() G:\xampp\htdocs\zyyj\Application\Home\Controller\LoginController.class.php 第 51 行.
SQL: SELECT * FROM `zyyj_menu` WHERE ( `nid` = 32 ) AND ( `id` = 4 )  [ RunTime:0.043002s ]
NOTIC: [2] Invalid argument supplied for foreach() G:\xampp\htdocs\zyyj\Application\Home\Controller\LoginController.class.php 第 51 行.
SQL: SELECT * FROM `zyyj_menu` WHERE ( `nid` = 32 ) AND ( `id` = 3 )  [ RunTime:0.044003s ]
NOTIC: [2] Invalid argument supplied for foreach() G:\xampp\htdocs\zyyj\Application\Home\Controller\LoginController.class.php 第 51 行.
SQL: SELECT * FROM `zyyj_menu` WHERE ( `nid` = 32 ) AND ( `id` = 5 )  [ RunTime:0.042002s ]
NOTIC: [2] Invalid argument supplied for foreach() G:\xampp\htdocs\zyyj\Application\Home\Controller\LoginController.class.php 第 51 行.
SQL: SELECT * FROM `zyyj_menu` WHERE ( `nid` = 32 ) AND ( `id` = 6 )  [ RunTime:0.043003s ]
NOTIC: [2] Invalid argument supplied for foreach() G:\xampp\htdocs\zyyj\Application\Home\Controller\LoginController.class.php 第 51 行.
SQL: SELECT * FROM `zyyj_menu` WHERE ( `nid` = 32 ) AND ( `id` = 8 )  [ RunTime:0.043002s ]
NOTIC: [2] Invalid argument supplied for foreach() G:\xampp\htdocs\zyyj\Application\Home\Controller\LoginController.class.php 第 51 行.
SQL: SELECT * FROM `zyyj_menu` WHERE ( `nid` = 32 ) AND ( `id` = 32 )  [ RunTime:0.043002s ]
NOTIC: [2] Invalid argument supplied for foreach() G:\xampp\htdocs\zyyj\Application\Home\Controller\LoginController.class.php 第 51 行.
SQL: SELECT * FROM `zyyj_menu` WHERE ( `nid` = 32 ) AND ( `id` = 33 )  [ RunTime:0.043003s ]
SQL: SELECT * FROM `zyyj_menu` WHERE ( `nid` = 32 ) AND ( `id` = 41 )  [ RunTime:0.042002s ]
SQL: SELECT * FROM `zyyj_menu` WHERE ( `nid` = 32 ) AND ( `id` = 35 )  [ RunTime:0.043003s ]
NOTIC: [2] Invalid argument supplied for foreach() G:\xampp\htdocs\zyyj\Application\Home\Controller\LoginController.class.php 第 51 行.
SQL: SELECT * FROM `zyyj_menu` WHERE ( `nid` = 32 ) AND ( `id` = 36 )  [ RunTime:0.043002s ]
NOTIC: [2] Invalid argument supplied for foreach() G:\xampp\htdocs\zyyj\Application\Home\Controller\LoginController.class.php 第 51 行.
SQL: SELECT * FROM `zyyj_menu` WHERE ( `nid` = 32 ) AND ( `id` = 37 )  [ RunTime:0.043003s ]
NOTIC: [2] Invalid argument supplied for foreach() G:\xampp\htdocs\zyyj\Application\Home\Controller\LoginController.class.php 第 51 行.
SQL: SELECT * FROM `zyyj_menu` WHERE ( `nid` = 32 ) AND ( `id` = 38 )  [ RunTime:0.043002s ]
NOTIC: [2] Invalid argument supplied for foreach() G:\xampp\htdocs\zyyj\Application\Home\Controller\LoginController.class.php 第 51 行.
SQL: SELECT * FROM `zyyj_menu` WHERE ( `nid` = 32 ) AND ( `id` = 47 )  [ RunTime:0.042003s ]
NOTIC: [2] Invalid argument supplied for foreach() G:\xampp\htdocs\zyyj\Application\Home\Controller\LoginController.class.php 第 51 行.
SQL: SELECT * FROM `zyyj_menu` WHERE ( `nid` = 32 ) AND ( `id` = 39 )  [ RunTime:0.042002s ]
NOTIC: [2] Invalid argument supplied for foreach() G:\xampp\htdocs\zyyj\Application\Home\Controller\LoginController.class.php 第 51 行.
SQL: SELECT * FROM `zyyj_menu` WHERE ( `nid` = 32 ) AND ( `id` = 40 )  [ RunTime:0.042003s ]
NOTIC: [2] Invalid argument supplied for foreach() G:\xampp\htdocs\zyyj\Application\Home\Controller\LoginController.class.php 第 51 行.
SQL: SELECT * FROM `zyyj_menu` WHERE ( `nid` = 32 ) AND ( `id` = 46 )  [ RunTime:0.043002s ]
NOTIC: [2] Invalid argument supplied for foreach() G:\xampp\htdocs\zyyj\Application\Home\Controller\LoginController.class.php 第 51 行.
SQL: SELECT * FROM `zyyj_menu` WHERE ( `nid` = 32 ) AND ( `id` = 48 )  [ RunTime:0.043003s ]
NOTIC: [2] Invalid argument supplied for foreach() G:\xampp\htdocs\zyyj\Application\Home\Controller\LoginController.class.php 第 51 行.
SQL: SELECT * FROM `zyyj_menu` WHERE ( `nid` = 32 ) AND ( `id` = 42 )  [ RunTime:0.043002s ]
NOTIC: [2] Invalid argument supplied for foreach() G:\xampp\htdocs\zyyj\Application\Home\Controller\LoginController.class.php 第 51 行.
SQL: SELECT * FROM `zyyj_menu` WHERE ( `nid` = 32 ) AND ( `id` = 43 )  [ RunTime:0.042003s ]
NOTIC: [2] Invalid argument supplied for foreach() G:\xampp\htdocs\zyyj\Application\Home\Controller\LoginController.class.php 第 51 行.
SQL: SELECT * FROM `zyyj_menu` WHERE ( `nid` = 32 ) AND ( `id` = 44 )  [ RunTime:0.042002s ]
NOTIC: [2] Invalid argument supplied for foreach() G:\xampp\htdocs\zyyj\Application\Home\Controller\LoginController.class.php 第 51 行.
SQL: SELECT * FROM `zyyj_menu` WHERE ( `nid` = 32 ) AND ( `id` = 0 )  [ RunTime:0.043003s ]
NOTIC: [2] Invalid argument supplied for foreach() G:\xampp\htdocs\zyyj\Application\Home\Controller\LoginController.class.php 第 51 行.
INFO: [ app_end ] --START--
INFO: Run Behavior\ShowPageTraceBehavior [ RunTime:0.003000s ]
INFO: [ app_end ] --END-- [ RunTime:0.003000s ]

[ 2016-08-12T15:33:46+08:00 ] ::1 /zyyj/index.php/Home/Checkpoint/Checkpoint_list?_=1470987202370
INFO: [ app_begin ] --START--
INFO: Run Behavior\ReadHtmlCacheBehavior [ RunTime:0.001000s ]
INFO: [ app_begin ] --END-- [ RunTime:0.001000s ]
INFO: [ view_parse ] --START--
INFO: [ template_filter ] --START--
INFO: Run Behavior\ContentReplaceBehavior [ RunTime:0.000000s ]
INFO: [ template_filter ] --END-- [ RunTime:0.000000s ]
INFO: Run Behavior\ParseTemplateBehavior [ RunTime:0.015001s ]
INFO: [ view_parse ] --END-- [ RunTime:0.015001s ]
INFO: [ view_filter ] --START--
INFO: Run Behavior\WriteHtmlCacheBehavior [ RunTime:0.000000s ]
INFO: [ view_filter ] --END-- [ RunTime:0.000000s ]
INFO: [ app_end ] --START--
INFO: Run Behavior\ShowPageTraceBehavior [ RunTime:0.001000s ]
INFO: [ app_end ] --END-- [ RunTime:0.001000s ]

[ 2016-08-12T15:33:47+08:00 ] ::1 /zyyj/index.php/Home/Checkpoint/Checkpoint_list_show
INFO: [ app_begin ] --START--
INFO: Run Behavior\ReadHtmlCacheBehavior [ RunTime:0.001000s ]
INFO: [ app_begin ] --END-- [ RunTime:0.001000s ]
SQL: DESCRIBE zyyj_checkpoint [ RunTime:0.045002s ]
SQL: DESCRIBE zyyj_programme [ RunTime:0.045003s ]
SQL: DESCRIBE zyyj_student_practice [ RunTime:0.044002s ]
SQL: SELECT `programme_id` FROM `zyyj_programme` ORDER BY createdate desc LIMIT 1   [ RunTime:0.042003s ]
SQL: SELECT COUNT(*) AS tp_count FROM `zyyj_checkpoint` WHERE ( programme_id = '73' ) LIMIT 1   [ RunTime:0.043002s ]
SQL: SELECT * FROM `zyyj_checkpoint` WHERE ( programme_id = '73' ) LIMIT 0,20   [ RunTime:0.043003s ]
SQL: SELECT `programme_id` FROM `zyyj_student_practice` WHERE ( type=1 )  [ RunTime:0.042002s ]
NOTIC: [8] Undefined variable: arr1 G:\xampp\htdocs\zyyj\Application\Home\Controller\CheckpointController.class.php 第 50 行.
SQL: SELECT COUNT(*) AS tp_count FROM `zyyj_checkpoint` WHERE ( programme_id in (71) and programme_id = '73' ) LIMIT 1   [ RunTime:0.042003s ]
SQL: SELECT COUNT(*) AS tp_count FROM `zyyj_programme` LIMIT 1   [ RunTime:0.043002s ]
INFO: [ app_end ] --START--
INFO: Run Behavior\ShowPageTraceBehavior [ RunTime:0.003000s ]
INFO: [ app_end ] --END-- [ RunTime:0.003000s ]

[ 2016-08-12T15:33:47+08:00 ] ::1 /zyyj/index.php/Home/Checkpoint/Checkpoint_getProgramme
INFO: [ app_begin ] --START--
INFO: Run Behavior\ReadHtmlCacheBehavior [ RunTime:0.000000s ]
INFO: [ app_begin ] --END-- [ RunTime:0.001000s ]
SQL: DESCRIBE zyyj_programme [ RunTime:0.044002s ]
SQL: SELECT * FROM `zyyj_programme` ORDER BY createdate desc  [ RunTime:0.043003s ]
INFO: [ app_end ] --START--
INFO: Run Behavior\ShowPageTraceBehavior [ RunTime:0.001000s ]
INFO: [ app_end ] --END-- [ RunTime:0.001000s ]

[ 2016-08-12T15:33:48+08:00 ] ::1 /zyyj/index.php/Home/Checkpoint/Checkpoint_getProgramme
INFO: [ app_begin ] --START--
INFO: Run Behavior\ReadHtmlCacheBehavior [ RunTime:0.001000s ]
INFO: [ app_begin ] --END-- [ RunTime:0.001000s ]
SQL: DESCRIBE zyyj_programme [ RunTime:0.044003s ]
SQL: SELECT * FROM `zyyj_programme` ORDER BY createdate desc  [ RunTime:0.043002s ]
INFO: [ app_end ] --START--
INFO: Run Behavior\ShowPageTraceBehavior [ RunTime:0.003000s ]
INFO: [ app_end ] --END-- [ RunTime:0.003000s ]

[ 2016-08-12T15:33:48+08:00 ] ::1 /zyyj/index.php/Home/Checkpoint/Checkpoint_list_show
INFO: [ app_begin ] --START--
INFO: Run Behavior\ReadHtmlCacheBehavior [ RunTime:0.001000s ]
INFO: [ app_begin ] --END-- [ RunTime:0.001000s ]
SQL: DESCRIBE zyyj_checkpoint [ RunTime:0.044002s ]
SQL: DESCRIBE zyyj_programme [ RunTime:0.043003s ]
SQL: DESCRIBE zyyj_student_practice [ RunTime:0.044002s ]
SQL: SELECT `programme_id` FROM `zyyj_programme` ORDER BY createdate desc LIMIT 1   [ RunTime:0.043003s ]
SQL: SELECT COUNT(*) AS tp_count FROM `zyyj_checkpoint` WHERE ( programme_id = '73' ) LIMIT 1   [ RunTime:0.043002s ]
SQL: SELECT * FROM `zyyj_checkpoint` WHERE ( programme_id = '73' ) LIMIT 0,20   [ RunTime:0.042003s ]
SQL: SELECT `programme_id` FROM `zyyj_student_practice` WHERE ( type=1 )  [ RunTime:0.042002s ]
NOTIC: [8] Undefined variable: arr1 G:\xampp\htdocs\zyyj\Application\Home\Controller\CheckpointController.class.php 第 50 行.
SQL: SELECT COUNT(*) AS tp_count FROM `zyyj_checkpoint` WHERE ( programme_id in (71) and programme_id = '73' ) LIMIT 1   [ RunTime:0.043003s ]
SQL: SELECT COUNT(*) AS tp_count FROM `zyyj_programme` LIMIT 1   [ RunTime:0.042002s ]
INFO: [ app_end ] --START--
INFO: Run Behavior\ShowPageTraceBehavior [ RunTime:0.002000s ]
INFO: [ app_end ] --END-- [ RunTime:0.002000s ]

[ 2016-08-12T15:33:49+08:00 ] ::1 /zyyj/index.php/Home/Programme/Programme_list?_=1470987202372
INFO: [ app_begin ] --START--
INFO: Run Behavior\ReadHtmlCacheBehavior [ RunTime:0.001000s ]
INFO: [ app_begin ] --END-- [ RunTime:0.001000s ]
INFO: [ view_parse ] --START--
INFO: [ template_filter ] --START--
INFO: Run Behavior\ContentReplaceBehavior [ RunTime:0.001000s ]
INFO: [ template_filter ] --END-- [ RunTime:0.001000s ]
INFO: Run Behavior\ParseTemplateBehavior [ RunTime:0.018001s ]
INFO: [ view_parse ] --END-- [ RunTime:0.018001s ]
INFO: [ view_filter ] --START--
INFO: Run Behavior\WriteHtmlCacheBehavior [ RunTime:0.001000s ]
INFO: [ view_filter ] --END-- [ RunTime:0.001000s ]
INFO: [ app_end ] --START--
INFO: Run Behavior\ShowPageTraceBehavior [ RunTime:0.001000s ]
INFO: [ app_end ] --END-- [ RunTime:0.001000s ]

[ 2016-08-12T15:33:50+08:00 ] ::1 /zyyj/index.php/Home/Programme/Programme_list_show
INFO: [ app_begin ] --START--
INFO: Run Behavior\ReadHtmlCacheBehavior [ RunTime:0.001000s ]
INFO: [ app_begin ] --END-- [ RunTime:0.001000s ]
SQL: DESCRIBE zyyj_programme [ RunTime:0.044003s ]
SQL: SELECT COUNT(*) AS tp_count FROM `zyyj_programme` LIMIT 1   [ RunTime:0.042002s ]
SQL: SELECT * FROM `zyyj_programme` ORDER BY createdate desc LIMIT 0,20   [ RunTime:0.042003s ]
INFO: [ app_end ] --START--
INFO: Run Behavior\ShowPageTraceBehavior [ RunTime:0.002000s ]
INFO: [ app_end ] --END-- [ RunTime:0.002000s ]

[ 2016-08-12T15:33:50+08:00 ] ::1 /zyyj/index.php/Home/Programme/Programme_list_show
INFO: [ app_begin ] --START--
INFO: Run Behavior\ReadHtmlCacheBehavior [ RunTime:0.001000s ]
INFO: [ app_begin ] --END-- [ RunTime:0.001000s ]
SQL: DESCRIBE zyyj_programme [ RunTime:0.044002s ]
SQL: SELECT COUNT(*) AS tp_count FROM `zyyj_programme` LIMIT 1   [ RunTime:0.043003s ]
SQL: SELECT * FROM `zyyj_programme` ORDER BY createdate desc LIMIT 0,20   [ RunTime:0.043002s ]
INFO: [ app_end ] --START--
INFO: Run Behavior\ShowPageTraceBehavior [ RunTime:0.002000s ]
INFO: [ app_end ] --END-- [ RunTime:0.002000s ]

[ 2016-08-12T15:33:56+08:00 ] ::1 /zyyj/index.php/Home/Login/Login_get_menu
INFO: [ app_begin ] --START--
INFO: Run Behavior\ReadHtmlCacheBehavior [ RunTime:0.002000s ]
INFO: [ app_begin ] --END-- [ RunTime:0.002000s ]
SQL: DESCRIBE zyyj_post [ RunTime:0.044002s ]
SQL: DESCRIBE zyyj_menu [ RunTime:0.044003s ]
SQL: SELECT * FROM `zyyj_post` WHERE ( `post_id` = 4 )  [ RunTime:0.043002s ]
SQL: SELECT * FROM `zyyj_menu` WHERE ( `nid` = 39 ) AND ( `id` = 1 )  [ RunTime:0.043002s ]
NOTIC: [2] Invalid argument supplied for foreach() G:\xampp\htdocs\zyyj\Application\Home\Controller\LoginController.class.php 第 51 行.
SQL: SELECT * FROM `zyyj_menu` WHERE ( `nid` = 39 ) AND ( `id` = 0 )  [ RunTime:0.042003s ]
NOTIC: [2] Invalid argument supplied for foreach() G:\xampp\htdocs\zyyj\Application\Home\Controller\LoginController.class.php 第 51 行.
SQL: SELECT * FROM `zyyj_menu` WHERE ( `nid` = 39 ) AND ( `id` = 2 )  [ RunTime:0.042002s ]
NOTIC: [2] Invalid argument supplied for foreach() G:\xampp\htdocs\zyyj\Application\Home\Controller\LoginController.class.php 第 51 行.
SQL: SELECT * FROM `zyyj_menu` WHERE ( `nid` = 39 ) AND ( `id` = 10 )  [ RunTime:0.042003s ]
NOTIC: [2] Invalid argument supplied for foreach() G:\xampp\htdocs\zyyj\Application\Home\Controller\LoginController.class.php 第 51 行.
SQL: SELECT * FROM `zyyj_menu` WHERE ( `nid` = 39 ) AND ( `id` = 4 )  [ RunTime:0.042002s ]
NOTIC: [2] Invalid argument supplied for foreach() G:\xampp\htdocs\zyyj\Application\Home\Controller\LoginController.class.php 第 51 行.
SQL: SELECT * FROM `zyyj_menu` WHERE ( `nid` = 39 ) AND ( `id` = 3 )  [ RunTime:0.043003s ]
NOTIC: [2] Invalid argument supplied for foreach() G:\xampp\htdocs\zyyj\Application\Home\Controller\LoginController.class.php 第 51 行.
SQL: SELECT * FROM `zyyj_menu` WHERE ( `nid` = 39 ) AND ( `id` = 5 )  [ RunTime:0.043002s ]
NOTIC: [2] Invalid argument supplied for foreach() G:\xampp\htdocs\zyyj\Application\Home\Controller\LoginController.class.php 第 51 行.
SQL: SELECT * FROM `zyyj_menu` WHERE ( `nid` = 39 ) AND ( `id` = 6 )  [ RunTime:0.042003s ]
NOTIC: [2] Invalid argument supplied for foreach() G:\xampp\htdocs\zyyj\Application\Home\Controller\LoginController.class.php 第 51 行.
SQL: SELECT * FROM `zyyj_menu` WHERE ( `nid` = 39 ) AND ( `id` = 8 )  [ RunTime:0.043002s ]
NOTIC: [2] Invalid argument supplied for foreach() G:\xampp\htdocs\zyyj\Application\Home\Controller\LoginController.class.php 第 51 行.
SQL: SELECT * FROM `zyyj_menu` WHERE ( `nid` = 39 ) AND ( `id` = 32 )  [ RunTime:0.042002s ]
NOTIC: [2] Invalid argument supplied for foreach() G:\xampp\htdocs\zyyj\Application\Home\Controller\LoginController.class.php 第 51 行.
SQL: SELECT * FROM `zyyj_menu` WHERE ( `nid` = 39 ) AND ( `id` = 33 )  [ RunTime:0.042003s ]
NOTIC: [2] Invalid argument supplied for foreach() G:\xampp\htdocs\zyyj\Application\Home\Controller\LoginController.class.php 第 51 行.
SQL: SELECT * FROM `zyyj_menu` WHERE ( `nid` = 39 ) AND ( `id` = 41 )  [ RunTime:0.042002s ]
NOTIC: [2] Invalid argument supplied for foreach() G:\xampp\htdocs\zyyj\Application\Home\Controller\LoginController.class.php 第 51 行.
SQL: SELECT * FROM `zyyj_menu` WHERE ( `nid` = 39 ) AND ( `id` = 35 )  [ RunTime:0.042003s ]
NOTIC: [2] Invalid argument supplied for foreach() G:\xampp\htdocs\zyyj\Application\Home\Controller\LoginController.class.php 第 51 行.
SQL: SELECT * FROM `zyyj_menu` WHERE ( `nid` = 39 ) AND ( `id` = 36 )  [ RunTime:0.042002s ]
NOTIC: [2] Invalid argument supplied for foreach() G:\xampp\htdocs\zyyj\Application\Home\Controller\LoginController.class.php 第 51 行.
SQL: SELECT * FROM `zyyj_menu` WHERE ( `nid` = 39 ) AND ( `id` = 37 )  [ RunTime:0.043003s ]
NOTIC: [2] Invalid argument supplied for foreach() G:\xampp\htdocs\zyyj\Application\Home\Controller\LoginController.class.php 第 51 行.
SQL: SELECT * FROM `zyyj_menu` WHERE ( `nid` = 39 ) AND ( `id` = 38 )  [ RunTime:0.043002s ]
NOTIC: [2] Invalid argument supplied for foreach() G:\xampp\htdocs\zyyj\Application\Home\Controller\LoginController.class.php 第 51 行.
SQL: SELECT * FROM `zyyj_menu` WHERE ( `nid` = 39 ) AND ( `id` = 47 )  [ RunTime:0.043003s ]
NOTIC: [2] Invalid argument supplied for foreach() G:\xampp\htdocs\zyyj\Application\Home\Controller\LoginController.class.php 第 51 行.
SQL: SELECT * FROM `zyyj_menu` WHERE ( `nid` = 39 ) AND ( `id` = 39 )  [ RunTime:0.043002s ]
NOTIC: [2] Invalid argument supplied for foreach() G:\xampp\htdocs\zyyj\Application\Home\Controller\LoginController.class.php 第 51 行.
SQL: SELECT * FROM `zyyj_menu` WHERE ( `nid` = 39 ) AND ( `id` = 40 )  [ RunTime:0.043003s ]
SQL: SELECT * FROM `zyyj_menu` WHERE ( `nid` = 39 ) AND ( `id` = 46 )  [ RunTime:0.043002s ]
SQL: SELECT * FROM `zyyj_menu` WHERE ( `nid` = 39 ) AND ( `id` = 48 )  [ RunTime:0.043002s ]
SQL: SELECT * FROM `zyyj_menu` WHERE ( `nid` = 39 ) AND ( `id` = 42 )  [ RunTime:0.042003s ]
NOTIC: [2] Invalid argument supplied for foreach() G:\xampp\htdocs\zyyj\Application\Home\Controller\LoginController.class.php 第 51 行.
SQL: SELECT * FROM `zyyj_menu` WHERE ( `nid` = 39 ) AND ( `id` = 43 )  [ RunTime:0.042002s ]
NOTIC: [2] Invalid argument supplied for foreach() G:\xampp\htdocs\zyyj\Application\Home\Controller\LoginController.class.php 第 51 行.
SQL: SELECT * FROM `zyyj_menu` WHERE ( `nid` = 39 ) AND ( `id` = 44 )  [ RunTime:0.042003s ]
NOTIC: [2] Invalid argument supplied for foreach() G:\xampp\htdocs\zyyj\Application\Home\Controller\LoginController.class.php 第 51 行.
SQL: SELECT * FROM `zyyj_menu` WHERE ( `nid` = 39 ) AND ( `id` = 0 )  [ RunTime:0.042002s ]
NOTIC: [2] Invalid argument supplied for foreach() G:\xampp\htdocs\zyyj\Application\Home\Controller\LoginController.class.php 第 51 行.
INFO: [ app_end ] --START--
INFO: Run Behavior\ShowPageTraceBehavior [ RunTime:0.003000s ]
INFO: [ app_end ] --END-- [ RunTime:0.003000s ]

[ 2016-08-12T15:33:57+08:00 ] ::1 /zyyj/index.php/Home/ExamLevel/ExamLevel_list?_=1470987202374
INFO: [ app_begin ] --START--
INFO: Run Behavior\ReadHtmlCacheBehavior [ RunTime:0.001000s ]
INFO: [ app_begin ] --END-- [ RunTime:0.001000s ]
INFO: [ view_parse ] --START--
INFO: [ template_filter ] --START--
INFO: Run Behavior\ContentReplaceBehavior [ RunTime:0.000000s ]
INFO: [ template_filter ] --END-- [ RunTime:0.000000s ]
INFO: Run Behavior\ParseTemplateBehavior [ RunTime:0.027002s ]
INFO: [ view_parse ] --END-- [ RunTime:0.027002s ]
INFO: [ view_filter ] --START--
INFO: Run Behavior\WriteHtmlCacheBehavior [ RunTime:0.000000s ]
INFO: [ view_filter ] --END-- [ RunTime:0.000000s ]
INFO: [ app_end ] --START--
INFO: Run Behavior\ShowPageTraceBehavior [ RunTime:0.000000s ]
INFO: [ app_end ] --END-- [ RunTime:0.000000s ]

[ 2016-08-12T15:33:57+08:00 ] ::1 /zyyj/index.php/Home/ExamLevel/ExamLevel_list_show
INFO: [ app_begin ] --START--
INFO: Run Behavior\ReadHtmlCacheBehavior [ RunTime:0.000000s ]
INFO: [ app_begin ] --END-- [ RunTime:0.001000s ]
SQL: DESCRIBE zyyj_exam_level [ RunTime:0.045003s ]
SQL: DESCRIBE zyyj_exam_program [ RunTime:0.044003s ]
SQL: DESCRIBE zyyj_student_practice [ RunTime:0.044002s ]
SQL: SELECT `program_id` FROM `zyyj_exam_program` ORDER BY createdate desc LIMIT 1   [ RunTime:0.042003s ]
SQL: SELECT COUNT(*) AS tp_count FROM `zyyj_exam_level` WHERE ( program_id = '10' ) LIMIT 1   [ RunTime:0.042002s ]
SQL: SELECT * FROM `zyyj_exam_level` WHERE ( program_id = '10' ) LIMIT 0,20   [ RunTime:0.042002s ]
SQL: SELECT `programme_id` FROM `zyyj_student_practice` WHERE ( type=2 )  [ RunTime:0.042002s ]
NOTIC: [8] Undefined variable: arr1 G:\xampp\htdocs\zyyj\Application\Home\Controller\ExamLevelController.class.php 第 52 行.
SQL: SELECT COUNT(*) AS tp_count FROM `zyyj_exam_level` WHERE ( program_id in (71) and program_id = '10' ) LIMIT 1   [ RunTime:0.042002s ]
SQL: SELECT COUNT(*) AS tp_count FROM `zyyj_exam_program` LIMIT 1   [ RunTime:0.043003s ]
INFO: [ app_end ] --START--
INFO: Run Behavior\ShowPageTraceBehavior [ RunTime:0.003000s ]
INFO: [ app_end ] --END-- [ RunTime:0.003000s ]

[ 2016-08-12T15:33:58+08:00 ] ::1 /zyyj/index.php/Home/ExamLevel/ExamLevel_getProgramme
INFO: [ app_begin ] --START--
INFO: Run Behavior\ReadHtmlCacheBehavior [ RunTime:0.001000s ]
INFO: [ app_begin ] --END-- [ RunTime:0.001000s ]
SQL: DESCRIBE zyyj_exam_program [ RunTime:0.044003s ]
SQL: SELECT * FROM `zyyj_exam_program` ORDER BY createdate desc  [ RunTime:0.042002s ]
INFO: [ app_end ] --START--
INFO: Run Behavior\ShowPageTraceBehavior [ RunTime:0.001000s ]
INFO: [ app_end ] --END-- [ RunTime:0.001000s ]

[ 2016-08-12T15:33:58+08:00 ] ::1 /zyyj/index.php/Home/ExamLevel/ExamLevel_getProgramme
INFO: [ app_begin ] --START--
INFO: Run Behavior\ReadHtmlCacheBehavior [ RunTime:0.001000s ]
INFO: [ app_begin ] --END-- [ RunTime:0.001000s ]
SQL: DESCRIBE zyyj_exam_program [ RunTime:0.044003s ]
SQL: SELECT * FROM `zyyj_exam_program` ORDER BY createdate desc  [ RunTime:0.043002s ]
INFO: [ app_end ] --START--
INFO: Run Behavior\ShowPageTraceBehavior [ RunTime:0.003001s ]
INFO: [ app_end ] --END-- [ RunTime:0.003001s ]

[ 2016-08-12T15:33:59+08:00 ] ::1 /zyyj/index.php/Home/ExamLevel/ExamLevel_list_show
INFO: [ app_begin ] --START--
INFO: Run Behavior\ReadHtmlCacheBehavior [ RunTime:0.000000s ]
INFO: [ app_begin ] --END-- [ RunTime:0.001000s ]
SQL: DESCRIBE zyyj_exam_level [ RunTime:0.044002s ]
SQL: DESCRIBE zyyj_exam_program [ RunTime:0.044003s ]
SQL: DESCRIBE zyyj_student_practice [ RunTime:0.044002s ]
SQL: SELECT `program_id` FROM `zyyj_exam_program` ORDER BY createdate desc LIMIT 1   [ RunTime:0.042003s ]
SQL: SELECT COUNT(*) AS tp_count FROM `zyyj_exam_level` WHERE ( program_id = '10' ) LIMIT 1   [ RunTime:0.042002s ]
SQL: SELECT * FROM `zyyj_exam_level` WHERE ( program_id = '10' ) LIMIT 0,20   [ RunTime:0.043003s ]
SQL: SELECT `programme_id` FROM `zyyj_student_practice` WHERE ( type=2 )  [ RunTime:0.042002s ]
NOTIC: [8] Undefined variable: arr1 G:\xampp\htdocs\zyyj\Application\Home\Controller\ExamLevelController.class.php 第 52 行.
SQL: SELECT COUNT(*) AS tp_count FROM `zyyj_exam_level` WHERE ( program_id in (71) and program_id = '10' ) LIMIT 1   [ RunTime:0.042002s ]
SQL: SELECT COUNT(*) AS tp_count FROM `zyyj_exam_program` LIMIT 1   [ RunTime:0.042003s ]
INFO: [ app_end ] --START--
INFO: Run Behavior\ShowPageTraceBehavior [ RunTime:0.003000s ]
INFO: [ app_end ] --END-- [ RunTime:0.003000s ]

[ 2016-08-12T15:33:59+08:00 ] ::1 /zyyj/index.php/Home/ExamProgram/ExamProgram_list?_=1470987202376
INFO: [ app_begin ] --START--
INFO: Run Behavior\ReadHtmlCacheBehavior [ RunTime:0.000000s ]
INFO: [ app_begin ] --END-- [ RunTime:0.001000s ]
INFO: [ view_parse ] --START--
INFO: [ template_filter ] --START--
INFO: Run Behavior\ContentReplaceBehavior [ RunTime:0.000000s ]
INFO: [ template_filter ] --END-- [ RunTime:0.000000s ]
INFO: Run Behavior\ParseTemplateBehavior [ RunTime:0.047003s ]
INFO: [ view_parse ] --END-- [ RunTime:0.048003s ]
INFO: [ view_filter ] --START--
INFO: Run Behavior\WriteHtmlCacheBehavior [ RunTime:0.000000s ]
INFO: [ view_filter ] --END-- [ RunTime:0.000000s ]
INFO: [ app_end ] --START--
INFO: Run Behavior\ShowPageTraceBehavior [ RunTime:0.002000s ]
INFO: [ app_end ] --END-- [ RunTime:0.002000s ]

[ 2016-08-12T15:33:59+08:00 ] ::1 /zyyj/index.php/Home/ExamProgram/ExamProgram_list_show
INFO: [ app_begin ] --START--
INFO: Run Behavior\ReadHtmlCacheBehavior [ RunTime:0.001000s ]
INFO: [ app_begin ] --END-- [ RunTime:0.001000s ]
SQL: DESCRIBE zyyj_exam_program [ RunTime:0.045003s ]
SQL: SELECT COUNT(*) AS tp_count FROM `zyyj_exam_program` LIMIT 1   [ RunTime:0.043002s ]
SQL: SELECT * FROM `zyyj_exam_program` ORDER BY createdate desc LIMIT 0,20   [ RunTime:0.042002s ]
INFO: [ app_end ] --START--
INFO: Run Behavior\ShowPageTraceBehavior [ RunTime:0.001001s ]
INFO: [ app_end ] --END-- [ RunTime:0.001001s ]

[ 2016-08-12T15:33:59+08:00 ] ::1 /zyyj/index.php/Home/ExamProgram/ExamProgram_list_show
INFO: [ app_begin ] --START--
INFO: Run Behavior\ReadHtmlCacheBehavior [ RunTime:0.001000s ]
INFO: [ app_begin ] --END-- [ RunTime:0.001000s ]
SQL: DESCRIBE zyyj_exam_program [ RunTime:0.044003s ]
SQL: SELECT COUNT(*) AS tp_count FROM `zyyj_exam_program` LIMIT 1   [ RunTime:0.042002s ]
SQL: SELECT * FROM `zyyj_exam_program` ORDER BY createdate desc LIMIT 0,20   [ RunTime:0.043003s ]
INFO: [ app_end ] --START--
INFO: Run Behavior\ShowPageTraceBehavior [ RunTime:0.003000s ]
INFO: [ app_end ] --END-- [ RunTime:0.003000s ]

[ 2016-08-12T15:34:03+08:00 ] ::1 /zyyj/index.php/Home/ExamLevel/ExamLevel_getInfo
INFO: [ app_begin ] --START--
INFO: Run Behavior\ReadHtmlCacheBehavior [ RunTime:0.001000s ]
INFO: [ app_begin ] --END-- [ RunTime:0.002000s ]
SQL: DESCRIBE zyyj_student_practice [ RunTime:0.045003s ]
SQL: DESCRIBE zyyj_exam_level [ RunTime:0.045002s ]
SQL: SELECT COUNT(*) AS tp_count FROM `zyyj_student_practice` WHERE ( level_id='24' ) LIMIT 1   [ RunTime:0.044003s ]
ERR: 1054:Unknown column 'level_id' in 'where clause'
 [ SQL语句 ] : SELECT COUNT(*) AS tp_count FROM `zyyj_student_practice` WHERE ( level_id='24' ) LIMIT 1  
SQL: SELECT * FROM `zyyj_exam_level` WHERE ( level_id='24' )  [ RunTime:0.042002s ]
SQL: SELECT `program_id` FROM `zyyj_student_practice`  [ RunTime:0.042003s ]
ERR: 1054:Unknown column 'program_id' in 'field list'
 [ SQL语句 ] : SELECT `program_id` FROM `zyyj_student_practice` 
NOTIC: [2] Invalid argument supplied for foreach() G:\xampp\htdocs\zyyj\Application\Home\Controller\ExamLevelController.class.php 第 90 行.
NOTIC: [8] Undefined variable: arr G:\xampp\htdocs\zyyj\Application\Home\Controller\ExamLevelController.class.php 第 95 行.
SQL: SELECT COUNT(*) AS tp_count FROM `zyyj_exam_level` WHERE ( program_id in () and level_id='24' ) LIMIT 1   [ RunTime:0.043003s ]
ERR: 1064:You have an error in your SQL syntax; check the manual that corresponds to your MySQL server version for the right syntax to use near ') and level_id='24' ) LIMIT 1' at line 1
 [ SQL语句 ] : SELECT COUNT(*) AS tp_count FROM `zyyj_exam_level` WHERE ( program_id in () and level_id='24' ) LIMIT 1  
NOTIC: [8] Undefined variable: str G:\xampp\htdocs\zyyj\Application\Home\Controller\ExamLevelController.class.php 第 99 行.
INFO: [ app_end ] --START--
INFO: Run Behavior\ShowPageTraceBehavior [ RunTime:0.002000s ]
INFO: [ app_end ] --END-- [ RunTime:0.002000s ]

[ 2016-08-12T15:34:28+08:00 ] ::1 /zyyj/index.php/Home/ExamProgram/ExamProgram_getInfo
INFO: [ app_begin ] --START--
INFO: Run Behavior\ReadHtmlCacheBehavior [ RunTime:0.000000s ]
INFO: [ app_begin ] --END-- [ RunTime:0.001000s ]
SQL: DESCRIBE zyyj_exam_program [ RunTime:0.044003s ]
SQL: DESCRIBE zyyj_student_practice [ RunTime:0.043002s ]
SQL: SELECT * FROM `zyyj_exam_program` WHERE ( program_id='10' )  [ RunTime:0.042003s ]
SQL: SELECT COUNT(*) AS tp_count FROM `zyyj_student_practice` WHERE ( programme_id='10' and type = '2' ) LIMIT 1   [ RunTime:0.042002s ]
INFO: [ app_end ] --START--
INFO: Run Behavior\ShowPageTraceBehavior [ RunTime:0.003000s ]
INFO: [ app_end ] --END-- [ RunTime:0.003000s ]

[ 2016-08-12T15:34:33+08:00 ] ::1 /zyyj/index.php/Home/Checkpoint/Checkpoint_list?_=1470987202378
INFO: [ app_begin ] --START--
INFO: Run Behavior\ReadHtmlCacheBehavior [ RunTime:0.000000s ]
INFO: [ app_begin ] --END-- [ RunTime:0.001000s ]
INFO: [ view_parse ] --START--
INFO: [ template_filter ] --START--
INFO: Run Behavior\ContentReplaceBehavior [ RunTime:0.000000s ]
INFO: [ template_filter ] --END-- [ RunTime:0.000000s ]
INFO: Run Behavior\ParseTemplateBehavior [ RunTime:0.006000s ]
INFO: [ view_parse ] --END-- [ RunTime:0.006000s ]
INFO: [ view_filter ] --START--
INFO: Run Behavior\WriteHtmlCacheBehavior [ RunTime:0.000000s ]
INFO: [ view_filter ] --END-- [ RunTime:0.000000s ]
INFO: [ app_end ] --START--
INFO: Run Behavior\ShowPageTraceBehavior [ RunTime:0.001000s ]
INFO: [ app_end ] --END-- [ RunTime:0.001000s ]

[ 2016-08-12T15:34:33+08:00 ] ::1 /zyyj/index.php/Home/Checkpoint/Checkpoint_list_show
INFO: [ app_begin ] --START--
INFO: Run Behavior\ReadHtmlCacheBehavior [ RunTime:0.001000s ]
INFO: [ app_begin ] --END-- [ RunTime:0.001000s ]
SQL: DESCRIBE zyyj_checkpoint [ RunTime:0.044003s ]
SQL: DESCRIBE zyyj_programme [ RunTime:0.044002s ]
SQL: DESCRIBE zyyj_student_practice [ RunTime:0.044003s ]
SQL: SELECT `programme_id` FROM `zyyj_programme` ORDER BY createdate desc LIMIT 1   [ RunTime:0.042002s ]
SQL: SELECT COUNT(*) AS tp_count FROM `zyyj_checkpoint` WHERE ( programme_id = '73' ) LIMIT 1   [ RunTime:0.043003s ]
SQL: SELECT * FROM `zyyj_checkpoint` WHERE ( programme_id = '73' ) LIMIT 0,20   [ RunTime:0.043002s ]
SQL: SELECT `programme_id` FROM `zyyj_student_practice` WHERE ( type=1 )  [ RunTime:0.042003s ]
NOTIC: [8] Undefined variable: arr1 G:\xampp\htdocs\zyyj\Application\Home\Controller\CheckpointController.class.php 第 50 行.
SQL: SELECT COUNT(*) AS tp_count FROM `zyyj_checkpoint` WHERE ( programme_id in (71) and programme_id = '73' ) LIMIT 1   [ RunTime:0.043002s ]
SQL: SELECT COUNT(*) AS tp_count FROM `zyyj_programme` LIMIT 1   [ RunTime:0.043003s ]
INFO: [ app_end ] --START--
INFO: Run Behavior\ShowPageTraceBehavior [ RunTime:0.002000s ]
INFO: [ app_end ] --END-- [ RunTime:0.002000s ]

[ 2016-08-12T15:34:34+08:00 ] ::1 /zyyj/index.php/Home/Checkpoint/Checkpoint_getProgramme
INFO: [ app_begin ] --START--
INFO: Run Behavior\ReadHtmlCacheBehavior [ RunTime:0.001000s ]
INFO: [ app_begin ] --END-- [ RunTime:0.001000s ]
SQL: DESCRIBE zyyj_programme [ RunTime:0.044002s ]
SQL: SELECT * FROM `zyyj_programme` ORDER BY createdate desc  [ RunTime:0.042003s ]
INFO: [ app_end ] --START--
INFO: Run Behavior\ShowPageTraceBehavior [ RunTime:0.001000s ]
INFO: [ app_end ] --END-- [ RunTime:0.001000s ]

[ 2016-08-12T15:34:34+08:00 ] ::1 /zyyj/index.php/Home/Checkpoint/Checkpoint_getProgramme
INFO: [ app_begin ] --START--
INFO: Run Behavior\ReadHtmlCacheBehavior [ RunTime:0.001000s ]
INFO: [ app_begin ] --END-- [ RunTime:0.001000s ]
SQL: DESCRIBE zyyj_programme [ RunTime:0.044002s ]
SQL: SELECT * FROM `zyyj_programme` ORDER BY createdate desc  [ RunTime:0.043003s ]
INFO: [ app_end ] --START--
INFO: Run Behavior\ShowPageTraceBehavior [ RunTime:0.003000s ]
INFO: [ app_end ] --END-- [ RunTime:0.003000s ]

[ 2016-08-12T15:34:35+08:00 ] ::1 /zyyj/index.php/Home/Checkpoint/Checkpoint_list_show
INFO: [ app_begin ] --START--
INFO: Run Behavior\ReadHtmlCacheBehavior [ RunTime:0.000000s ]
INFO: [ app_begin ] --END-- [ RunTime:0.001000s ]
SQL: DESCRIBE zyyj_checkpoint [ RunTime:0.045003s ]
SQL: DESCRIBE zyyj_programme [ RunTime:0.044002s ]
SQL: DESCRIBE zyyj_student_practice [ RunTime:0.044003s ]
SQL: SELECT `programme_id` FROM `zyyj_programme` ORDER BY createdate desc LIMIT 1   [ RunTime:0.042002s ]
SQL: SELECT COUNT(*) AS tp_count FROM `zyyj_checkpoint` WHERE ( programme_id = '73' ) LIMIT 1   [ RunTime:0.043003s ]
SQL: SELECT * FROM `zyyj_checkpoint` WHERE ( programme_id = '73' ) LIMIT 0,20   [ RunTime:0.043002s ]
SQL: SELECT `programme_id` FROM `zyyj_student_practice` WHERE ( type=1 )  [ RunTime:0.042003s ]
NOTIC: [8] Undefined variable: arr1 G:\xampp\htdocs\zyyj\Application\Home\Controller\CheckpointController.class.php 第 50 行.
SQL: SELECT COUNT(*) AS tp_count FROM `zyyj_checkpoint` WHERE ( programme_id in (71) and programme_id = '73' ) LIMIT 1   [ RunTime:0.042002s ]
SQL: SELECT COUNT(*) AS tp_count FROM `zyyj_programme` LIMIT 1   [ RunTime:0.042003s ]
INFO: [ app_end ] --START--
INFO: Run Behavior\ShowPageTraceBehavior [ RunTime:0.003000s ]
INFO: [ app_end ] --END-- [ RunTime:0.003000s ]

[ 2016-08-12T15:34:37+08:00 ] ::1 /zyyj/index.php/Home/Checkpoint/Checkpoint_getInfo
INFO: [ app_begin ] --START--
INFO: Run Behavior\ReadHtmlCacheBehavior [ RunTime:0.001000s ]
INFO: [ app_begin ] --END-- [ RunTime:0.001000s ]
SQL: DESCRIBE zyyj_student_practice [ RunTime:0.044002s ]
SQL: DESCRIBE zyyj_checkpoint [ RunTime:0.044002s ]
SQL: SELECT COUNT(*) AS tp_count FROM `zyyj_student_practice` WHERE ( checkpoint_id='1327' ) LIMIT 1   [ RunTime:0.042002s ]
SQL: SELECT * FROM `zyyj_checkpoint` WHERE ( checkpoint_id='1327' )  [ RunTime:0.042002s ]
SQL: SELECT `programme_id` FROM `zyyj_student_practice`  [ RunTime:0.042002s ]
NOTIC: [8] Undefined variable: arr G:\xampp\htdocs\zyyj\Application\Home\Controller\CheckpointController.class.php 第 101 行.
SQL: SELECT COUNT(*) AS tp_count FROM `zyyj_checkpoint` WHERE ( programme_id in (71,71) and checkpoint_id='1327' ) LIMIT 1   [ RunTime:0.042003s ]
NOTIC: [8] Undefined variable: str G:\xampp\htdocs\zyyj\Application\Home\Controller\CheckpointController.class.php 第 108 行.
INFO: [ app_end ] --START--
INFO: Run Behavior\ShowPageTraceBehavior [ RunTime:0.001000s ]
INFO: [ app_end ] --END-- [ RunTime:0.001000s ]

[ 2016-08-12T15:34:46+08:00 ] ::1 /zyyj/index.php/Home/Programme/Programme_list?_=1470987202380
INFO: [ app_begin ] --START--
INFO: Run Behavior\ReadHtmlCacheBehavior [ RunTime:0.001000s ]
INFO: [ app_begin ] --END-- [ RunTime:0.002000s ]
INFO: [ view_parse ] --START--
INFO: [ template_filter ] --START--
INFO: Run Behavior\ContentReplaceBehavior [ RunTime:0.000000s ]
INFO: [ template_filter ] --END-- [ RunTime:0.000000s ]
INFO: Run Behavior\ParseTemplateBehavior [ RunTime:0.005000s ]
INFO: [ view_parse ] --END-- [ RunTime:0.005000s ]
INFO: [ view_filter ] --START--
INFO: Run Behavior\WriteHtmlCacheBehavior [ RunTime:0.000000s ]
INFO: [ view_filter ] --END-- [ RunTime:0.000000s ]
INFO: [ app_end ] --START--
INFO: Run Behavior\ShowPageTraceBehavior [ RunTime:0.001000s ]
INFO: [ app_end ] --END-- [ RunTime:0.001000s ]

[ 2016-08-12T15:34:46+08:00 ] ::1 /zyyj/index.php/Home/Programme/Programme_list_show
INFO: [ app_begin ] --START--
INFO: Run Behavior\ReadHtmlCacheBehavior [ RunTime:0.000000s ]
INFO: [ app_begin ] --END-- [ RunTime:0.001000s ]
SQL: DESCRIBE zyyj_programme [ RunTime:0.044002s ]
SQL: SELECT COUNT(*) AS tp_count FROM `zyyj_programme` LIMIT 1   [ RunTime:0.043003s ]
SQL: SELECT * FROM `zyyj_programme` ORDER BY createdate desc LIMIT 0,20   [ RunTime:0.043002s ]
INFO: [ app_end ] --START--
INFO: Run Behavior\ShowPageTraceBehavior [ RunTime:0.003001s ]
INFO: [ app_end ] --END-- [ RunTime:0.003001s ]

[ 2016-08-12T15:34:47+08:00 ] ::1 /zyyj/index.php/Home/Programme/Programme_list_show
INFO: [ app_begin ] --START--
INFO: Run Behavior\ReadHtmlCacheBehavior [ RunTime:0.001000s ]
INFO: [ app_begin ] --END-- [ RunTime:0.001000s ]
SQL: DESCRIBE zyyj_programme [ RunTime:0.045002s ]
SQL: SELECT COUNT(*) AS tp_count FROM `zyyj_programme` LIMIT 1   [ RunTime:0.043003s ]
SQL: SELECT * FROM `zyyj_programme` ORDER BY createdate desc LIMIT 0,20   [ RunTime:0.043002s ]
INFO: [ app_end ] --START--
INFO: Run Behavior\ShowPageTraceBehavior [ RunTime:0.003000s ]
INFO: [ app_end ] --END-- [ RunTime:0.003000s ]

[ 2016-08-12T15:35:01+08:00 ] ::1 /zyyj/index.php/Home/Programme/Programme_getInfo
INFO: [ app_begin ] --START--
INFO: Run Behavior\ReadHtmlCacheBehavior [ RunTime:0.001000s ]
INFO: [ app_begin ] --END-- [ RunTime:0.001000s ]
SQL: DESCRIBE zyyj_programme [ RunTime:0.045003s ]
SQL: DESCRIBE zyyj_checkpoint [ RunTime:0.044002s ]
SQL: DESCRIBE zyyj_student_practice [ RunTime:0.045003s ]
SQL: SELECT COUNT(*) AS tp_count FROM `zyyj_checkpoint` WHERE ( programme_id='70' ) LIMIT 1   [ RunTime:0.042002s ]
SQL: SELECT * FROM `zyyj_programme` WHERE ( programme_id='70' )  [ RunTime:0.042003s ]
SQL: SELECT COUNT(*) AS tp_count FROM `zyyj_student_practice` WHERE ( programme_id='70' ) LIMIT 1   [ RunTime:0.043002s ]
INFO: [ app_end ] --START--
INFO: Run Behavior\ShowPageTraceBehavior [ RunTime:0.003000s ]
INFO: [ app_end ] --END-- [ RunTime:0.003000s ]

[ 2016-08-12T15:35:09+08:00 ] ::1 /zyyj/index.php/Home/Programme/Programme_getInfo
INFO: [ app_begin ] --START--
INFO: Run Behavior\ReadHtmlCacheBehavior [ RunTime:0.001000s ]
INFO: [ app_begin ] --END-- [ RunTime:0.001000s ]
SQL: DESCRIBE zyyj_programme [ RunTime:0.045003s ]
SQL: DESCRIBE zyyj_checkpoint [ RunTime:0.044002s ]
SQL: DESCRIBE zyyj_student_practice [ RunTime:0.045003s ]
SQL: SELECT COUNT(*) AS tp_count FROM `zyyj_checkpoint` WHERE ( programme_id='71' ) LIMIT 1   [ RunTime:0.043002s ]
SQL: SELECT * FROM `zyyj_programme` WHERE ( programme_id='71' )  [ RunTime:0.043003s ]
SQL: SELECT COUNT(*) AS tp_count FROM `zyyj_student_practice` WHERE ( programme_id='71' ) LIMIT 1   [ RunTime:0.043002s ]
INFO: [ app_end ] --START--
INFO: Run Behavior\ShowPageTraceBehavior [ RunTime:0.003000s ]
INFO: [ app_end ] --END-- [ RunTime:0.003000s ]

[ 2016-08-12T15:35:18+08:00 ] ::1 /zyyj/index.php/Home/Programme/Programme_getInfo
INFO: [ app_begin ] --START--
INFO: Run Behavior\ReadHtmlCacheBehavior [ RunTime:0.001000s ]
INFO: [ app_begin ] --END-- [ RunTime:0.002000s ]
SQL: DESCRIBE zyyj_programme [ RunTime:0.044003s ]
SQL: DESCRIBE zyyj_checkpoint [ RunTime:0.045002s ]
SQL: DESCRIBE zyyj_student_practice [ RunTime:0.044003s ]
SQL: SELECT COUNT(*) AS tp_count FROM `zyyj_checkpoint` WHERE ( programme_id='68' ) LIMIT 1   [ RunTime:0.042002s ]
SQL: SELECT * FROM `zyyj_programme` WHERE ( programme_id='68' )  [ RunTime:0.043003s ]
SQL: SELECT COUNT(*) AS tp_count FROM `zyyj_student_practice` WHERE ( programme_id='68' ) LIMIT 1   [ RunTime:0.042002s ]
INFO: [ app_end ] --START--
INFO: Run Behavior\ShowPageTraceBehavior [ RunTime:0.001000s ]
INFO: [ app_end ] --END-- [ RunTime:0.001000s ]

[ 2016-08-12T15:35:36+08:00 ] ::1 /zyyj/index.php/Home/Checkpoint/Checkpoint_getInfo
INFO: [ app_begin ] --START--
INFO: Run Behavior\ReadHtmlCacheBehavior [ RunTime:0.002000s ]
INFO: [ app_begin ] --END-- [ RunTime:0.002000s ]
SQL: DESCRIBE zyyj_student_practice [ RunTime:0.044003s ]
SQL: DESCRIBE zyyj_checkpoint [ RunTime:0.043002s ]
SQL: SELECT COUNT(*) AS tp_count FROM `zyyj_student_practice` WHERE ( checkpoint_id='1329' ) LIMIT 1   [ RunTime:0.042002s ]
SQL: SELECT * FROM `zyyj_checkpoint` WHERE ( checkpoint_id='1329' )  [ RunTime:0.042002s ]
SQL: SELECT `programme_id` FROM `zyyj_student_practice`  [ RunTime:0.042003s ]
NOTIC: [8] Undefined variable: arr G:\xampp\htdocs\zyyj\Application\Home\Controller\CheckpointController.class.php 第 101 行.
SQL: SELECT COUNT(*) AS tp_count FROM `zyyj_checkpoint` WHERE ( programme_id in (71,71) and checkpoint_id='1329' ) LIMIT 1   [ RunTime:0.043002s ]
NOTIC: [8] Undefined variable: str G:\xampp\htdocs\zyyj\Application\Home\Controller\CheckpointController.class.php 第 108 行.
INFO: [ app_end ] --START--
INFO: Run Behavior\ShowPageTraceBehavior [ RunTime:0.003000s ]
INFO: [ app_end ] --END-- [ RunTime:0.003000s ]

[ 2016-08-12T15:35:59+08:00 ] ::1 /zyyj/index.php/Home/Checkpoint/Checkpoint_getInfo
INFO: [ app_begin ] --START--
INFO: Run Behavior\ReadHtmlCacheBehavior [ RunTime:0.001000s ]
INFO: [ app_begin ] --END-- [ RunTime:0.001000s ]
SQL: DESCRIBE zyyj_student_practice [ RunTime:0.044003s ]
SQL: DESCRIBE zyyj_checkpoint [ RunTime:0.044002s ]
SQL: SELECT COUNT(*) AS tp_count FROM `zyyj_student_practice` WHERE ( checkpoint_id='1329' ) LIMIT 1   [ RunTime:0.043003s ]
SQL: SELECT * FROM `zyyj_checkpoint` WHERE ( checkpoint_id='1329' )  [ RunTime:0.042002s ]
SQL: SELECT `programme_id` FROM `zyyj_student_practice`  [ RunTime:0.042003s ]
NOTIC: [8] Undefined variable: arr G:\xampp\htdocs\zyyj\Application\Home\Controller\CheckpointController.class.php 第 101 行.
SQL: SELECT COUNT(*) AS tp_count FROM `zyyj_checkpoint` WHERE ( programme_id in (71,71) and checkpoint_id='1329' ) LIMIT 1   [ RunTime:0.042002s ]
NOTIC: [8] Undefined variable: str G:\xampp\htdocs\zyyj\Application\Home\Controller\CheckpointController.class.php 第 108 行.
INFO: [ app_end ] --START--
INFO: Run Behavior\ShowPageTraceBehavior [ RunTime:0.003000s ]
INFO: [ app_end ] --END-- [ RunTime:0.003000s ]

[ 2016-08-12T16:11:08+08:00 ] ::1 /zyyj/index.php/Home/ExamProgram/ExamProgram_getInfo
INFO: [ app_begin ] --START--
INFO: Run Behavior\ReadHtmlCacheBehavior [ RunTime:0.001000s ]
INFO: [ app_begin ] --END-- [ RunTime:0.001000s ]
SQL: DESCRIBE zyyj_exam_program [ RunTime:0.045003s ]
SQL: DESCRIBE zyyj_student_practice [ RunTime:0.044002s ]
SQL: SELECT * FROM `zyyj_exam_program` WHERE ( program_id='10' )  [ RunTime:0.042003s ]
SQL: SELECT COUNT(*) AS tp_count FROM `zyyj_student_practice` WHERE ( programme_id='10' and type = '2' ) LIMIT 1   [ RunTime:0.042002s ]
INFO: [ app_end ] --START--
INFO: Run Behavior\ShowPageTraceBehavior [ RunTime:0.001000s ]
INFO: [ app_end ] --END-- [ RunTime:0.001000s ]

[ 2016-08-12T16:13:03+08:00 ] ::1 /zyyj/index.php/Home/Checkpoint/Checkpoint_getInfo
INFO: [ app_begin ] --START--
INFO: Run Behavior\ReadHtmlCacheBehavior [ RunTime:0.001000s ]
INFO: [ app_begin ] --END-- [ RunTime:0.002000s ]
SQL: DESCRIBE zyyj_student_practice [ RunTime:0.045002s ]
SQL: DESCRIBE zyyj_checkpoint [ RunTime:0.045003s ]
SQL: SELECT COUNT(*) AS tp_count FROM `zyyj_student_practice` WHERE ( checkpoint_id='1329' ) LIMIT 1   [ RunTime:0.043002s ]
SQL: SELECT * FROM `zyyj_checkpoint` WHERE ( checkpoint_id='1329' )  [ RunTime:0.043003s ]
SQL: SELECT `programme_id` FROM `zyyj_student_practice`  [ RunTime:0.042002s ]
NOTIC: [8] Undefined variable: arr G:\xampp\htdocs\zyyj\Application\Home\Controller\CheckpointController.class.php 第 101 行.
SQL: SELECT COUNT(*) AS tp_count FROM `zyyj_checkpoint` WHERE ( programme_id in (71,71) and checkpoint_id='1329' ) LIMIT 1   [ RunTime:0.042003s ]
NOTIC: [8] Undefined variable: str G:\xampp\htdocs\zyyj\Application\Home\Controller\CheckpointController.class.php 第 108 行.
INFO: [ app_end ] --START--
INFO: Run Behavior\ShowPageTraceBehavior [ RunTime:0.003000s ]
INFO: [ app_end ] --END-- [ RunTime:0.003000s ]

[ 2016-08-12T16:13:20+08:00 ] ::1 /zyyj/index.php/Home/Checkpoint/Checkpoint_getInfo
INFO: [ app_begin ] --START--
INFO: Run Behavior\ReadHtmlCacheBehavior [ RunTime:0.001000s ]
INFO: [ app_begin ] --END-- [ RunTime:0.002001s ]
SQL: DESCRIBE zyyj_student_practice [ RunTime:0.045002s ]
SQL: DESCRIBE zyyj_checkpoint [ RunTime:0.045003s ]
SQL: SELECT COUNT(*) AS tp_count FROM `zyyj_student_practice` WHERE ( checkpoint_id='1329' ) LIMIT 1   [ RunTime:0.043002s ]
SQL: SELECT * FROM `zyyj_checkpoint` WHERE ( checkpoint_id='1329' )  [ RunTime:0.043003s ]
SQL: SELECT `programme_id` FROM `zyyj_student_practice`  [ RunTime:0.043002s ]
NOTIC: [8] Undefined variable: arr G:\xampp\htdocs\zyyj\Application\Home\Controller\CheckpointController.class.php 第 101 行.
SQL: SELECT COUNT(*) AS tp_count FROM `zyyj_checkpoint` WHERE ( programme_id in (71,71) and checkpoint_id='1329' ) LIMIT 1   [ RunTime:0.042003s ]
NOTIC: [8] Undefined variable: str G:\xampp\htdocs\zyyj\Application\Home\Controller\CheckpointController.class.php 第 108 行.
INFO: [ app_end ] --START--
INFO: Run Behavior\ShowPageTraceBehavior [ RunTime:0.003000s ]
INFO: [ app_end ] --END-- [ RunTime:0.003000s ]

[ 2016-08-12T16:13:25+08:00 ] ::1 /zyyj/index.php/Home/Programme/Programme_list?_=1470987202382
INFO: [ app_begin ] --START--
INFO: Run Behavior\ReadHtmlCacheBehavior [ RunTime:0.000000s ]
INFO: [ app_begin ] --END-- [ RunTime:0.001000s ]
INFO: [ view_parse ] --START--
INFO: [ template_filter ] --START--
INFO: Run Behavior\ContentReplaceBehavior [ RunTime:0.000000s ]
INFO: [ template_filter ] --END-- [ RunTime:0.001000s ]
INFO: Run Behavior\ParseTemplateBehavior [ RunTime:0.005001s ]
INFO: [ view_parse ] --END-- [ RunTime:0.005001s ]
INFO: [ view_filter ] --START--
INFO: Run Behavior\WriteHtmlCacheBehavior [ RunTime:0.001000s ]
INFO: [ view_filter ] --END-- [ RunTime:0.001000s ]
INFO: [ app_end ] --START--
INFO: Run Behavior\ShowPageTraceBehavior [ RunTime:0.000000s ]
INFO: [ app_end ] --END-- [ RunTime:0.000000s ]

[ 2016-08-12T16:13:26+08:00 ] ::1 /zyyj/index.php/Home/Programme/Programme_list_show
INFO: [ app_begin ] --START--
INFO: Run Behavior\ReadHtmlCacheBehavior [ RunTime:0.000000s ]
INFO: [ app_begin ] --END-- [ RunTime:0.001000s ]
SQL: DESCRIBE zyyj_programme [ RunTime:0.044002s ]
SQL: SELECT COUNT(*) AS tp_count FROM `zyyj_programme` LIMIT 1   [ RunTime:0.043003s ]
SQL: SELECT * FROM `zyyj_programme` ORDER BY createdate desc LIMIT 0,20   [ RunTime:0.043002s ]
INFO: [ app_end ] --START--
INFO: Run Behavior\ShowPageTraceBehavior [ RunTime:0.003001s ]
INFO: [ app_end ] --END-- [ RunTime:0.003001s ]

[ 2016-08-12T16:13:26+08:00 ] ::1 /zyyj/index.php/Home/Programme/Programme_list_show
INFO: [ app_begin ] --START--
INFO: Run Behavior\ReadHtmlCacheBehavior [ RunTime:0.001000s ]
INFO: [ app_begin ] --END-- [ RunTime:0.001000s ]
SQL: DESCRIBE zyyj_programme [ RunTime:0.044003s ]
SQL: SELECT COUNT(*) AS tp_count FROM `zyyj_programme` LIMIT 1   [ RunTime:0.042002s ]
SQL: SELECT * FROM `zyyj_programme` ORDER BY createdate desc LIMIT 0,20   [ RunTime:0.042003s ]
INFO: [ app_end ] --START--
INFO: Run Behavior\ShowPageTraceBehavior [ RunTime:0.002000s ]
INFO: [ app_end ] --END-- [ RunTime:0.002000s ]

[ 2016-08-12T16:13:30+08:00 ] ::1 /zyyj/index.php/Home/ExamScore/ExamScore_Showlist?_=1470987202384
INFO: [ app_begin ] --START--
INFO: Run Behavior\ReadHtmlCacheBehavior [ RunTime:0.001000s ]
INFO: [ app_begin ] --END-- [ RunTime:0.002000s ]
INFO: [ view_parse ] --START--
INFO: [ template_filter ] --START--
INFO: Run Behavior\ContentReplaceBehavior [ RunTime:0.000000s ]
INFO: [ template_filter ] --END-- [ RunTime:0.000000s ]
INFO: Run Behavior\ParseTemplateBehavior [ RunTime:0.042002s ]
INFO: [ view_parse ] --END-- [ RunTime:0.042002s ]
INFO: [ view_filter ] --START--
INFO: Run Behavior\WriteHtmlCacheBehavior [ RunTime:0.001000s ]
INFO: [ view_filter ] --END-- [ RunTime:0.001000s ]
INFO: [ app_end ] --START--
INFO: Run Behavior\ShowPageTraceBehavior [ RunTime:0.002000s ]
INFO: [ app_end ] --END-- [ RunTime:0.003001s ]

[ 2016-08-12T16:13:30+08:00 ] ::1 /zyyj/index.php/Home/Tao/Tao_GetProgram
INFO: [ app_begin ] --START--
INFO: Run Behavior\ReadHtmlCacheBehavior [ RunTime:0.000000s ]
INFO: [ app_begin ] --END-- [ RunTime:0.001000s ]
SQL: DESCRIBE zyyj_exam_program [ RunTime:0.045002s ]
SQL: SELECT `name`,`program_id` FROM `zyyj_exam_program` ORDER BY createdate desc  [ RunTime:0.042003s ]
INFO: [ app_end ] --START--
INFO: Run Behavior\ShowPageTraceBehavior [ RunTime:0.001000s ]
INFO: [ app_end ] --END-- [ RunTime:0.001000s ]

[ 2016-08-12T16:13:31+08:00 ] ::1 /zyyj/index.php/Home/ExamScore/ExamScore_GetScores.html
INFO: [ app_begin ] --START--
INFO: Run Behavior\ReadHtmlCacheBehavior [ RunTime:0.001000s ]
INFO: [ app_begin ] --END-- [ RunTime:0.001000s ]
SQL: DESCRIBE zyyj_student_practice [ RunTime:0.046002s ]
SQL: SELECT zyyj_student_practice.practice_id,zyyj_course.name as cname,zyyj_exam_program.name as proname,zyyj_exam_level.name as lname,zyyj_student_practice.score as getscore,zyyj_student_practice.status,zyyj_student.account,zyyj_student.name as stuname,zyyj_class.name as class_name,zyyj_grade.name as grade_name,zyyj_major.name as major_name,zyyj_college.name as college_name,zyyj_student.gender as sex FROM `zyyj_student_practice` LEFT JOIN zyyj_exam_level ON zyyj_student_practice.checkpoint_id = zyyj_exam_level.level_id
			LEFT JOIN zyyj_exam_program ON zyyj_exam_program.program_id = zyyj_exam_level.program_id 
			LEFT JOIN zyyj_student  ON zyyj_student.stu_id  = zyyj_student_practice.stu_id 
			LEFT JOIN zyyj_class ON zyyj_class.class_id = zyyj_student.class_id 
			LEFT JOIN zyyj_grade ON zyyj_grade.grade_id =  zyyj_class.grade_id   
			LEFT JOIN zyyj_major ON zyyj_major.major_id = zyyj_grade.major_id  
			LEFT JOIN zyyj_college ON zyyj_college.college_id = zyyj_major.college_id
			LEFT JOIN zyyj_course ON zyyj_course.course_id = zyyj_student_practice.course_id  WHERE ( zyyj_college.college_id = '3' ) AND ( zyyj_student_practice.type = 2 ) ORDER BY score desc LIMIT 0,10   [ RunTime:0.043002s ]
INFO: [ app_end ] --START--
INFO: Run Behavior\ShowPageTraceBehavior [ RunTime:0.002000s ]
INFO: [ app_end ] --END-- [ RunTime:0.002000s ]

[ 2016-08-12T16:13:31+08:00 ] ::1 /zyyj/index.php/Home/Tao/Tao_GetProgram
INFO: [ app_begin ] --START--
INFO: Run Behavior\ReadHtmlCacheBehavior [ RunTime:0.000000s ]
INFO: [ app_begin ] --END-- [ RunTime:0.001000s ]
SQL: DESCRIBE zyyj_exam_program [ RunTime:0.044003s ]
SQL: SELECT `name`,`program_id` FROM `zyyj_exam_program` ORDER BY createdate desc  [ RunTime:0.042002s ]
INFO: [ app_end ] --START--
INFO: Run Behavior\ShowPageTraceBehavior [ RunTime:0.002000s ]
INFO: [ app_end ] --END-- [ RunTime:0.002000s ]

[ 2016-08-12T16:13:31+08:00 ] ::1 /zyyj/index.php/Home/Tao/Tao_GetMajor
INFO: [ app_begin ] --START--
INFO: Run Behavior\ReadHtmlCacheBehavior [ RunTime:0.000000s ]
INFO: [ app_begin ] --END-- [ RunTime:0.001000s ]
SQL: DESCRIBE zyyj_major [ RunTime:0.044003s ]
SQL: SELECT `name`,`major_id` FROM `zyyj_major` WHERE ( `college_id` = 3 ) ORDER BY convert(name using gb2312) ASC  [ RunTime:0.043002s ]
INFO: [ app_end ] --START--
INFO: Run Behavior\ShowPageTraceBehavior [ RunTime:0.003000s ]
INFO: [ app_end ] --END-- [ RunTime:0.003000s ]

[ 2016-08-12T16:13:32+08:00 ] ::1 /zyyj/index.php/Home/Tao/Tao_GetGrade
INFO: [ app_begin ] --START--
INFO: Run Behavior\ReadHtmlCacheBehavior [ RunTime:0.001000s ]
INFO: [ app_begin ] --END-- [ RunTime:0.001000s ]
SQL: DESCRIBE zyyj_grade [ RunTime:0.044002s ]
SQL: SELECT `name`,`grade_id` FROM `zyyj_grade` ORDER BY convert(name using gb2312) DESC  [ RunTime:0.042003s ]
INFO: [ app_end ] --START--
INFO: Run Behavior\ShowPageTraceBehavior [ RunTime:0.003000s ]
INFO: [ app_end ] --END-- [ RunTime:0.003000s ]

[ 2016-08-12T16:13:32+08:00 ] ::1 /zyyj/index.php/Home/Tao/Tao_GetClass
INFO: [ app_begin ] --START--
INFO: Run Behavior\ReadHtmlCacheBehavior [ RunTime:0.000000s ]
INFO: [ app_begin ] --END-- [ RunTime:0.001000s ]
SQL: DESCRIBE zyyj_class [ RunTime:0.044002s ]
SQL: SELECT `name`,`class_id` FROM `zyyj_class` ORDER BY convert(name using gb2312) DESC  [ RunTime:0.042003s ]
INFO: [ app_end ] --START--
INFO: Run Behavior\ShowPageTraceBehavior [ RunTime:0.002000s ]
INFO: [ app_end ] --END-- [ RunTime:0.002000s ]

[ 2016-08-12T16:13:32+08:00 ] ::1 /zyyj/index.php/Home/Tao/Tao_GetCourse
INFO: [ app_begin ] --START--
INFO: Run Behavior\ReadHtmlCacheBehavior [ RunTime:0.001000s ]
INFO: [ app_begin ] --END-- [ RunTime:0.001000s ]
SQL: DESCRIBE zyyj_course [ RunTime:0.044003s ]
SQL: SELECT `name`,`course_id` FROM `zyyj_course` ORDER BY convert(name using gb2312) DESC  [ RunTime:0.043002s ]
INFO: [ app_end ] --START--
INFO: Run Behavior\ShowPageTraceBehavior [ RunTime:0.003000s ]
INFO: [ app_end ] --END-- [ RunTime:0.003000s ]

[ 2016-08-12T16:13:40+08:00 ] ::1 /zyyj/index.php/Home/ExamProgram/ExamProgram_getInfo
INFO: [ app_begin ] --START--
INFO: Run Behavior\ReadHtmlCacheBehavior [ RunTime:0.001000s ]
INFO: [ app_begin ] --END-- [ RunTime:0.002000s ]
SQL: DESCRIBE zyyj_exam_program [ RunTime:0.044002s ]
SQL: DESCRIBE zyyj_student_practice [ RunTime:0.044003s ]
SQL: SELECT * FROM `zyyj_exam_program` WHERE ( program_id='9' )  [ RunTime:0.043002s ]
SQL: SELECT COUNT(*) AS tp_count FROM `zyyj_student_practice` WHERE ( programme_id='9' and type = '2' ) LIMIT 1   [ RunTime:0.043003s ]
INFO: [ app_end ] --START--
INFO: Run Behavior\ShowPageTraceBehavior [ RunTime:0.002000s ]
INFO: [ app_end ] --END-- [ RunTime:0.002000s ]

[ 2016-08-12T16:13:45+08:00 ] ::1 /zyyj/index.php/Home/Class/Class_list?_=1470987202385
INFO: [ app_begin ] --START--
INFO: Run Behavior\ReadHtmlCacheBehavior [ RunTime:0.001000s ]
INFO: [ app_begin ] --END-- [ RunTime:0.001000s ]
INFO: [ view_parse ] --START--
INFO: [ template_filter ] --START--
INFO: Run Behavior\ContentReplaceBehavior [ RunTime:0.000000s ]
INFO: [ template_filter ] --END-- [ RunTime:0.000000s ]
INFO: Run Behavior\ParseTemplateBehavior [ RunTime:0.006000s ]
INFO: [ view_parse ] --END-- [ RunTime:0.006000s ]
INFO: [ view_filter ] --START--
INFO: Run Behavior\WriteHtmlCacheBehavior [ RunTime:0.001000s ]
INFO: [ view_filter ] --END-- [ RunTime:0.001000s ]
INFO: [ app_end ] --START--
INFO: Run Behavior\ShowPageTraceBehavior [ RunTime:0.001000s ]
INFO: [ app_end ] --END-- [ RunTime:0.001000s ]

[ 2016-08-12T16:13:45+08:00 ] ::1 /zyyj/index.php/Home/Class/Class_list_show
INFO: [ app_begin ] --START--
INFO: Run Behavior\ReadHtmlCacheBehavior [ RunTime:0.000000s ]
INFO: [ app_begin ] --END-- [ RunTime:0.001000s ]
SQL: DESCRIBE zyyj_class [ RunTime:0.044003s ]
SQL: SELECT COUNT(*) AS tp_count FROM `zyyj_class` LIMIT 1   [ RunTime:0.042002s ]
SQL: SELECT zyyj_grade.name gname,zyyj_class.name cname,zyyj_major.name mname,zyyj_class.class_id cid,zyyj_class.comment ccomment FROM `zyyj_class` INNER JOIN zyyj_grade ON zyyj_class.grade_id = zyyj_grade.grade_id INNER JOIN zyyj_major ON zyyj_class.major_id = zyyj_major.major_id  ORDER BY zyyj_class.class_id desc LIMIT 0,20   [ RunTime:0.043003s ]
INFO: [ app_end ] --START--
INFO: Run Behavior\ShowPageTraceBehavior [ RunTime:0.003000s ]
INFO: [ app_end ] --END-- [ RunTime:0.003000s ]

[ 2016-08-12T16:13:45+08:00 ] ::1 /zyyj/index.php/Home/Class/Class_getMajor
INFO: [ app_begin ] --START--
INFO: Run Behavior\ReadHtmlCacheBehavior [ RunTime:0.001000s ]
INFO: [ app_begin ] --END-- [ RunTime:0.001000s ]
SQL: DESCRIBE zyyj_major [ RunTime:0.044003s ]
SQL: SELECT * FROM `zyyj_major`  [ RunTime:0.042002s ]
INFO: [ app_end ] --START--
INFO: Run Behavior\ShowPageTraceBehavior [ RunTime:0.001000s ]
INFO: [ app_end ] --END-- [ RunTime:0.001000s ]

[ 2016-08-12T16:13:46+08:00 ] ::1 /zyyj/index.php/Home/Class/Class_getGrade
INFO: [ app_begin ] --START--
INFO: Run Behavior\ReadHtmlCacheBehavior [ RunTime:0.001000s ]
INFO: [ app_begin ] --END-- [ RunTime:0.001000s ]
SQL: DESCRIBE zyyj_grade [ RunTime:0.044002s ]
NOTIC: [8] Use of undefined constant desc - assumed 'desc' G:\xampp\htdocs\zyyj\Application\Home\Controller\ClassController.class.php 第 87 行.
SQL: SELECT * FROM `zyyj_grade` ORDER BY name  [ RunTime:0.043003s ]
INFO: [ app_end ] --START--
INFO: Run Behavior\ShowPageTraceBehavior [ RunTime:0.003000s ]
INFO: [ app_end ] --END-- [ RunTime:0.003000s ]

[ 2016-08-12T16:13:46+08:00 ] ::1 /zyyj/index.php/Home/Class/Class_getMajor
INFO: [ app_begin ] --START--
INFO: Run Behavior\ReadHtmlCacheBehavior [ RunTime:0.000000s ]
INFO: [ app_begin ] --END-- [ RunTime:0.002000s ]
SQL: DESCRIBE zyyj_major [ RunTime:0.044002s ]
SQL: SELECT * FROM `zyyj_major`  [ RunTime:0.044003s ]
INFO: [ app_end ] --START--
INFO: Run Behavior\ShowPageTraceBehavior [ RunTime:0.003000s ]
INFO: [ app_end ] --END-- [ RunTime:0.003000s ]

[ 2016-08-12T16:13:46+08:00 ] ::1 /zyyj/index.php/Home/Class/Class_getGrade
INFO: [ app_begin ] --START--
INFO: Run Behavior\ReadHtmlCacheBehavior [ RunTime:0.000000s ]
INFO: [ app_begin ] --END-- [ RunTime:0.001000s ]
SQL: DESCRIBE zyyj_grade [ RunTime:0.044003s ]
NOTIC: [8] Use of undefined constant desc - assumed 'desc' G:\xampp\htdocs\zyyj\Application\Home\Controller\ClassController.class.php 第 87 行.
SQL: SELECT * FROM `zyyj_grade` ORDER BY name  [ RunTime:0.043002s ]
INFO: [ app_end ] --START--
INFO: Run Behavior\ShowPageTraceBehavior [ RunTime:0.003000s ]
INFO: [ app_end ] --END-- [ RunTime:0.003000s ]

[ 2016-08-12T16:13:47+08:00 ] ::1 /zyyj/index.php/Home/Class/Class_list_show
INFO: [ app_begin ] --START--
INFO: Run Behavior\ReadHtmlCacheBehavior [ RunTime:0.001000s ]
INFO: [ app_begin ] --END-- [ RunTime:0.001000s ]
SQL: DESCRIBE zyyj_class [ RunTime:0.047003s ]
SQL: SELECT COUNT(*) AS tp_count FROM `zyyj_class` LIMIT 1   [ RunTime:0.042002s ]
SQL: SELECT zyyj_grade.name gname,zyyj_class.name cname,zyyj_major.name mname,zyyj_class.class_id cid,zyyj_class.comment ccomment FROM `zyyj_class` INNER JOIN zyyj_grade ON zyyj_class.grade_id = zyyj_grade.grade_id INNER JOIN zyyj_major ON zyyj_class.major_id = zyyj_major.major_id  ORDER BY zyyj_class.class_id desc LIMIT 0,20   [ RunTime:0.043002s ]
INFO: [ app_end ] --START--
INFO: Run Behavior\ShowPageTraceBehavior [ RunTime:0.002000s ]
INFO: [ app_end ] --END-- [ RunTime:0.002000s ]

[ 2016-08-12T16:13:50+08:00 ] ::1 /zyyj/index.php/Home/Class/Class_getInfo
INFO: [ app_begin ] --START--
INFO: Run Behavior\ReadHtmlCacheBehavior [ RunTime:0.001000s ]
INFO: [ app_begin ] --END-- [ RunTime:0.001000s ]
SQL: DESCRIBE zyyj_class [ RunTime:0.044003s ]
SQL: SELECT zyyj_grade.name gname,zyyj_class.name cname,zyyj_major.name mname,zyyj_class.class_id cid,zyyj_class.grade_id gid,zyyj_class.major_id mid,zyyj_class.comment ccomment FROM `zyyj_class` INNER JOIN zyyj_grade ON zyyj_class.grade_id = zyyj_grade.grade_id INNER JOIN zyyj_major ON zyyj_class.major_id = zyyj_major.major_id  WHERE ( class_id='25' )  [ RunTime:0.042002s ]
INFO: [ app_end ] --START--
INFO: Run Behavior\ShowPageTraceBehavior [ RunTime:0.002000s ]
INFO: [ app_end ] --END-- [ RunTime:0.002000s ]

[ 2016-08-12T16:13:54+08:00 ] ::1 /zyyj/index.php/Home/Class/Class_getInfo
INFO: [ app_begin ] --START--
INFO: Run Behavior\ReadHtmlCacheBehavior [ RunTime:0.001000s ]
INFO: [ app_begin ] --END-- [ RunTime:0.002000s ]
SQL: DESCRIBE zyyj_class [ RunTime:0.045003s ]
SQL: SELECT zyyj_grade.name gname,zyyj_class.name cname,zyyj_major.name mname,zyyj_class.class_id cid,zyyj_class.grade_id gid,zyyj_class.major_id mid,zyyj_class.comment ccomment FROM `zyyj_class` INNER JOIN zyyj_grade ON zyyj_class.grade_id = zyyj_grade.grade_id INNER JOIN zyyj_major ON zyyj_class.major_id = zyyj_major.major_id  WHERE ( class_id='27' )  [ RunTime:0.043002s ]
INFO: [ app_end ] --START--
INFO: Run Behavior\ShowPageTraceBehavior [ RunTime:0.001000s ]
INFO: [ app_end ] --END-- [ RunTime:0.001000s ]

[ 2016-08-12T16:14:20+08:00 ] ::1 /zyyj/index.php/Home/Class/Class_getInfo
INFO: [ app_begin ] --START--
INFO: Run Behavior\ReadHtmlCacheBehavior [ RunTime:0.001000s ]
INFO: [ app_begin ] --END-- [ RunTime:0.002000s ]
SQL: DESCRIBE zyyj_class [ RunTime:0.044003s ]
SQL: SELECT zyyj_grade.name gname,zyyj_class.name cname,zyyj_major.name mname,zyyj_class.class_id cid,zyyj_class.grade_id gid,zyyj_class.major_id mid,zyyj_class.comment ccomment FROM `zyyj_class` INNER JOIN zyyj_grade ON zyyj_class.grade_id = zyyj_grade.grade_id INNER JOIN zyyj_major ON zyyj_class.major_id = zyyj_major.major_id  WHERE ( class_id='18' )  [ RunTime:0.043002s ]
INFO: [ app_end ] --START--
INFO: Run Behavior\ShowPageTraceBehavior [ RunTime:0.002001s ]
INFO: [ app_end ] --END-- [ RunTime:0.002001s ]

[ 2016-08-12T17:25:30+08:00 ] ::1 /zyyj/index.php/Home/Class/Class_getInfo
INFO: [ app_begin ] --START--
INFO: Run Behavior\ReadHtmlCacheBehavior [ RunTime:0.001000s ]
INFO: [ app_begin ] --END-- [ RunTime:0.002000s ]
SQL: DESCRIBE zyyj_class [ RunTime:0.044003s ]
SQL: SELECT zyyj_grade.name gname,zyyj_class.name cname,zyyj_major.name mname,zyyj_class.class_id cid,zyyj_class.grade_id gid,zyyj_class.major_id mid,zyyj_class.comment ccomment FROM `zyyj_class` INNER JOIN zyyj_grade ON zyyj_class.grade_id = zyyj_grade.grade_id INNER JOIN zyyj_major ON zyyj_class.major_id = zyyj_major.major_id  WHERE ( class_id='18' )  [ RunTime:0.043002s ]
INFO: [ app_end ] --START--
INFO: Run Behavior\ShowPageTraceBehavior [ RunTime:0.012001s ]
INFO: [ app_end ] --END-- [ RunTime:0.012001s ]

[ 2016-08-12T17:25:32+08:00 ] ::1 /zyyj/index.php/Home/Class/Class_getInfo
INFO: [ app_begin ] --START--
INFO: Run Behavior\ReadHtmlCacheBehavior [ RunTime:0.001000s ]
INFO: [ app_begin ] --END-- [ RunTime:0.002000s ]
SQL: DESCRIBE zyyj_class [ RunTime:0.059003s ]
SQL: SELECT zyyj_grade.name gname,zyyj_class.name cname,zyyj_major.name mname,zyyj_class.class_id cid,zyyj_class.grade_id gid,zyyj_class.major_id mid,zyyj_class.comment ccomment FROM `zyyj_class` INNER JOIN zyyj_grade ON zyyj_class.grade_id = zyyj_grade.grade_id INNER JOIN zyyj_major ON zyyj_class.major_id = zyyj_major.major_id  WHERE ( class_id='26' )  [ RunTime:0.042003s ]
INFO: [ app_end ] --START--
INFO: Run Behavior\ShowPageTraceBehavior [ RunTime:0.003000s ]
INFO: [ app_end ] --END-- [ RunTime:0.003000s ]

[ 2016-08-12T17:25:36+08:00 ] ::1 /zyyj/index.php/Home/Class/Class_getInfo
INFO: [ app_begin ] --START--
INFO: Run Behavior\ReadHtmlCacheBehavior [ RunTime:0.001000s ]
INFO: [ app_begin ] --END-- [ RunTime:0.001000s ]
SQL: DESCRIBE zyyj_class [ RunTime:0.045003s ]
SQL: SELECT zyyj_grade.name gname,zyyj_class.name cname,zyyj_major.name mname,zyyj_class.class_id cid,zyyj_class.grade_id gid,zyyj_class.major_id mid,zyyj_class.comment ccomment FROM `zyyj_class` INNER JOIN zyyj_grade ON zyyj_class.grade_id = zyyj_grade.grade_id INNER JOIN zyyj_major ON zyyj_class.major_id = zyyj_major.major_id  WHERE ( class_id='15' )  [ RunTime:0.042002s ]
INFO: [ app_end ] --START--
INFO: Run Behavior\ShowPageTraceBehavior [ RunTime:0.001000s ]
INFO: [ app_end ] --END-- [ RunTime:0.001000s ]

