[ 2016-07-07T15:58:13+08:00 ] ::1 /zyyj/index.php/Home/Login/Login_login
INFO: [ app_begin ] --START--
INFO: Run Behavior\ReadHtmlCacheBehavior [ RunTime:0.001000s ]
INFO: [ app_begin ] --END-- [ RunTime:0.002000s ]
SQL: SHOW COLUMNS FROM `zyyj_user` [ RunTime:0.225013s ]
SQL: SELECT * FROM `zyyj_user` WHERE ( `name` = 'admin' )  [ RunTime:0.184010s ]

[ 2016-07-07T15:58:15+08:00 ] ::1 /zyyj/index.php/Home/Login/Login_get_menu
INFO: [ app_begin ] --START--
INFO: Run Behavior\ReadHtmlCacheBehavior [ RunTime:0.001000s ]
INFO: [ app_begin ] --END-- [ RunTime:0.001000s ]
SQL: SHOW COLUMNS FROM `zyyj_post` [ RunTime:0.070004s ]
SQL: SHOW COLUMNS FROM `zyyj_menu` [ RunTime:0.026001s ]
SQL: SELECT * FROM `zyyj_post` WHERE ( 1 )  [ RunTime:0.017001s ]
SQL: SELECT * FROM `zyyj_menu` WHERE ( `nid` = 0 ) AND ( `id` = 1 )  [ RunTime:0.000000s ]
SQL: SELECT * FROM `zyyj_menu` WHERE ( `nid` = 0 ) AND ( `id` = 2 )  [ RunTime:0.000000s ]
NOTIC: [2] Invalid argument supplied for foreach() G:\xampp\htdocs\zyyj\Application\Home\Controller\LoginController.class.php 第 49 行.
SQL: SELECT * FROM `zyyj_menu` WHERE ( `nid` = 0 ) AND ( `id` = 3 )  [ RunTime:0.000000s ]
SQL: SELECT * FROM `zyyj_menu` WHERE ( `nid` = 0 ) AND ( `id` = 4 )  [ RunTime:0.000000s ]
NOTIC: [2] Invalid argument supplied for foreach() G:\xampp\htdocs\zyyj\Application\Home\Controller\LoginController.class.php 第 49 行.
SQL: SELECT * FROM `zyyj_menu` WHERE ( `nid` = 0 ) AND ( `id` = 5 )  [ RunTime:0.000000s ]
NOTIC: [2] Invalid argument supplied for foreach() G:\xampp\htdocs\zyyj\Application\Home\Controller\LoginController.class.php 第 49 行.
SQL: SELECT * FROM `zyyj_menu` WHERE ( `nid` = 0 ) AND ( `id` = 6 )  [ RunTime:0.000000s ]
NOTIC: [2] Invalid argument supplied for foreach() G:\xampp\htdocs\zyyj\Application\Home\Controller\LoginController.class.php 第 49 行.
SQL: SELECT * FROM `zyyj_menu` WHERE ( `nid` = 0 ) AND ( `id` = 7 )  [ RunTime:0.001000s ]
NOTIC: [2] Invalid argument supplied for foreach() G:\xampp\htdocs\zyyj\Application\Home\Controller\LoginController.class.php 第 49 行.
SQL: SELECT * FROM `zyyj_menu` WHERE ( `nid` = 0 ) AND ( `id` = 8 )  [ RunTime:0.000000s ]
NOTIC: [2] Invalid argument supplied for foreach() G:\xampp\htdocs\zyyj\Application\Home\Controller\LoginController.class.php 第 49 行.
SQL: SELECT * FROM `zyyj_menu` WHERE ( `nid` = 0 ) AND ( `id` = 10 )  [ RunTime:0.000000s ]
NOTIC: [2] Invalid argument supplied for foreach() G:\xampp\htdocs\zyyj\Application\Home\Controller\LoginController.class.php 第 49 行.
SQL: SELECT * FROM `zyyj_menu` WHERE ( `nid` = 0 ) AND ( `id` = 11 )  [ RunTime:0.001000s ]
SQL: SELECT * FROM `zyyj_menu` WHERE ( `nid` = 0 ) AND ( `id` = 12 )  [ RunTime:0.000000s ]
NOTIC: [2] Invalid argument supplied for foreach() G:\xampp\htdocs\zyyj\Application\Home\Controller\LoginController.class.php 第 49 行.
SQL: SELECT * FROM `zyyj_menu` WHERE ( `nid` = 0 ) AND ( `id` = 0 )  [ RunTime:0.000000s ]
NOTIC: [2] Invalid argument supplied for foreach() G:\xampp\htdocs\zyyj\Application\Home\Controller\LoginController.class.php 第 49 行.
INFO: [ app_end ] --START--
INFO: Run Behavior\ShowPageTraceBehavior [ RunTime:0.000000s ]
INFO: [ app_end ] --END-- [ RunTime:0.000000s ]

[ 2016-07-07T15:58:17+08:00 ] ::1 /zyyj/index.php/Home/Login/Login_get_menu
INFO: [ app_begin ] --START--
INFO: Run Behavior\ReadHtmlCacheBehavior [ RunTime:0.001000s ]
INFO: [ app_begin ] --END-- [ RunTime:0.001000s ]
SQL: SHOW COLUMNS FROM `zyyj_post` [ RunTime:0.007000s ]
SQL: SHOW COLUMNS FROM `zyyj_menu` [ RunTime:0.007000s ]
SQL: SELECT * FROM `zyyj_post` WHERE ( 1 )  [ RunTime:0.000000s ]
SQL: SELECT * FROM `zyyj_menu` WHERE ( `nid` = 3 ) AND ( `id` = 1 )  [ RunTime:0.001000s ]
NOTIC: [2] Invalid argument supplied for foreach() G:\xampp\htdocs\zyyj\Application\Home\Controller\LoginController.class.php 第 49 行.
SQL: SELECT * FROM `zyyj_menu` WHERE ( `nid` = 3 ) AND ( `id` = 2 )  [ RunTime:0.001000s ]
NOTIC: [2] Invalid argument supplied for foreach() G:\xampp\htdocs\zyyj\Application\Home\Controller\LoginController.class.php 第 49 行.
SQL: SELECT * FROM `zyyj_menu` WHERE ( `nid` = 3 ) AND ( `id` = 3 )  [ RunTime:0.000000s ]
NOTIC: [2] Invalid argument supplied for foreach() G:\xampp\htdocs\zyyj\Application\Home\Controller\LoginController.class.php 第 49 行.
SQL: SELECT * FROM `zyyj_menu` WHERE ( `nid` = 3 ) AND ( `id` = 4 )  [ RunTime:0.001000s ]
SQL: SELECT * FROM `zyyj_menu` WHERE ( `nid` = 3 ) AND ( `id` = 5 )  [ RunTime:0.001000s ]
SQL: SELECT * FROM `zyyj_menu` WHERE ( `nid` = 3 ) AND ( `id` = 6 )  [ RunTime:0.000000s ]
SQL: SELECT * FROM `zyyj_menu` WHERE ( `nid` = 3 ) AND ( `id` = 7 )  [ RunTime:0.001000s ]
SQL: SELECT * FROM `zyyj_menu` WHERE ( `nid` = 3 ) AND ( `id` = 8 )  [ RunTime:0.001000s ]
SQL: SELECT * FROM `zyyj_menu` WHERE ( `nid` = 3 ) AND ( `id` = 10 )  [ RunTime:0.001000s ]
NOTIC: [2] Invalid argument supplied for foreach() G:\xampp\htdocs\zyyj\Application\Home\Controller\LoginController.class.php 第 49 行.
SQL: SELECT * FROM `zyyj_menu` WHERE ( `nid` = 3 ) AND ( `id` = 11 )  [ RunTime:0.001000s ]
NOTIC: [2] Invalid argument supplied for foreach() G:\xampp\htdocs\zyyj\Application\Home\Controller\LoginController.class.php 第 49 行.
SQL: SELECT * FROM `zyyj_menu` WHERE ( `nid` = 3 ) AND ( `id` = 12 )  [ RunTime:0.001000s ]
NOTIC: [2] Invalid argument supplied for foreach() G:\xampp\htdocs\zyyj\Application\Home\Controller\LoginController.class.php 第 49 行.
SQL: SELECT * FROM `zyyj_menu` WHERE ( `nid` = 3 ) AND ( `id` = 0 )  [ RunTime:0.001000s ]
NOTIC: [2] Invalid argument supplied for foreach() G:\xampp\htdocs\zyyj\Application\Home\Controller\LoginController.class.php 第 49 行.
INFO: [ app_end ] --START--
INFO: Run Behavior\ShowPageTraceBehavior [ RunTime:0.002001s ]
INFO: [ app_end ] --END-- [ RunTime:0.002001s ]

[ 2016-07-07T15:58:19+08:00 ] ::1 /zyyj/index.php/Home/Class/Class_list?_=1467878294151
INFO: [ app_begin ] --START--
INFO: Run Behavior\ReadHtmlCacheBehavior [ RunTime:0.000000s ]
INFO: [ app_begin ] --END-- [ RunTime:0.001000s ]
INFO: [ view_parse ] --START--
INFO: [ template_filter ] --START--
INFO: Run Behavior\ContentReplaceBehavior [ RunTime:0.000000s ]
INFO: [ template_filter ] --END-- [ RunTime:0.000000s ]
INFO: Run Behavior\ParseTemplateBehavior [ RunTime:0.038002s ]
INFO: [ view_parse ] --END-- [ RunTime:0.038002s ]
INFO: [ view_filter ] --START--
INFO: Run Behavior\WriteHtmlCacheBehavior [ RunTime:0.001000s ]
INFO: [ view_filter ] --END-- [ RunTime:0.001000s ]
INFO: [ app_end ] --START--
INFO: Run Behavior\ShowPageTraceBehavior [ RunTime:0.000000s ]
INFO: [ app_end ] --END-- [ RunTime:0.000000s ]

[ 2016-07-07T15:58:21+08:00 ] ::1 /zyyj/index.php/Home/Class/Class_list_show
INFO: [ app_begin ] --START--
INFO: Run Behavior\ReadHtmlCacheBehavior [ RunTime:0.001000s ]
INFO: [ app_begin ] --END-- [ RunTime:0.001000s ]
SQL: SHOW COLUMNS FROM `zyyj_class` [ RunTime:0.048003s ]
SQL: SELECT COUNT(*) AS tp_count FROM `zyyj_class` LIMIT 1   [ RunTime:0.054003s ]
SQL: SELECT zyyj_department.name dname,zyyj_grade.name gname,zyyj_class.name cname,zyyj_major.name mname,zyyj_class.class_id cid,zyyj_class.comment ccomment FROM `zyyj_class` INNER JOIN zyyj_grade ON zyyj_class.grade_id = zyyj_grade.grade_id INNER JOIN zyyj_department ON zyyj_class.department_id = zyyj_department.department_id INNER JOIN zyyj_major ON zyyj_grade.major_id = zyyj_major.major_id  LIMIT 0,10   [ RunTime:0.187011s ]
INFO: [ app_end ] --START--
INFO: Run Behavior\ShowPageTraceBehavior [ RunTime:0.003000s ]
INFO: [ app_end ] --END-- [ RunTime:0.003000s ]

[ 2016-07-07T15:58:22+08:00 ] ::1 /zyyj/index.php/Home/Class/Class_getMajor
INFO: [ app_begin ] --START--
INFO: Run Behavior\ReadHtmlCacheBehavior [ RunTime:0.000000s ]
INFO: [ app_begin ] --END-- [ RunTime:0.005000s ]
SQL: SHOW COLUMNS FROM `zyyj_major` [ RunTime:0.003000s ]
SQL: SELECT * FROM `zyyj_major`  [ RunTime:0.000000s ]
INFO: [ app_end ] --START--
INFO: Run Behavior\ShowPageTraceBehavior [ RunTime:0.000000s ]
INFO: [ app_end ] --END-- [ RunTime:0.000000s ]

[ 2016-07-07T15:58:23+08:00 ] ::1 /zyyj/index.php/Home/Class/Class_getMajor
INFO: [ app_begin ] --START--
INFO: Run Behavior\ReadHtmlCacheBehavior [ RunTime:0.000000s ]
INFO: [ app_begin ] --END-- [ RunTime:0.001000s ]
SQL: SHOW COLUMNS FROM `zyyj_major` [ RunTime:0.008001s ]
SQL: SELECT * FROM `zyyj_major`  [ RunTime:0.001000s ]
INFO: [ app_end ] --START--
INFO: Run Behavior\ShowPageTraceBehavior [ RunTime:0.003000s ]
INFO: [ app_end ] --END-- [ RunTime:0.003000s ]

[ 2016-07-07T15:58:24+08:00 ] ::1 /zyyj/index.php/Home/Class/Class_getMajor
INFO: [ app_begin ] --START--
INFO: Run Behavior\ReadHtmlCacheBehavior [ RunTime:0.000000s ]
INFO: [ app_begin ] --END-- [ RunTime:0.001000s ]
SQL: SHOW COLUMNS FROM `zyyj_major` [ RunTime:0.003000s ]
SQL: SELECT * FROM `zyyj_major`  [ RunTime:0.000000s ]
INFO: [ app_end ] --START--
INFO: Run Behavior\ShowPageTraceBehavior [ RunTime:0.001000s ]
INFO: [ app_end ] --END-- [ RunTime:0.001000s ]

[ 2016-07-07T15:58:25+08:00 ] ::1 /zyyj/index.php/Home/Class/Class_getDepartment
INFO: [ app_begin ] --START--
INFO: Run Behavior\ReadHtmlCacheBehavior [ RunTime:0.000000s ]
INFO: [ app_begin ] --END-- [ RunTime:0.001001s ]
SQL: SHOW COLUMNS FROM `zyyj_department` [ RunTime:0.007000s ]
SQL: SELECT * FROM `zyyj_department`  [ RunTime:0.001001s ]
INFO: [ app_end ] --START--
INFO: Run Behavior\ShowPageTraceBehavior [ RunTime:0.002000s ]
INFO: [ app_end ] --END-- [ RunTime:0.002000s ]

[ 2016-07-07T15:58:26+08:00 ] ::1 /zyyj/index.php/Home/Class/Class_getMajor
INFO: [ app_begin ] --START--
INFO: Run Behavior\ReadHtmlCacheBehavior [ RunTime:0.001000s ]
INFO: [ app_begin ] --END-- [ RunTime:0.001000s ]
SQL: SHOW COLUMNS FROM `zyyj_major` [ RunTime:0.007000s ]
SQL: SELECT * FROM `zyyj_major`  [ RunTime:0.001000s ]
INFO: [ app_end ] --START--
INFO: Run Behavior\ShowPageTraceBehavior [ RunTime:0.002001s ]
INFO: [ app_end ] --END-- [ RunTime:0.002001s ]

[ 2016-07-07T15:58:27+08:00 ] ::1 /zyyj/index.php/Home/Class/Class_getDepartment
INFO: [ app_begin ] --START--
INFO: Run Behavior\ReadHtmlCacheBehavior [ RunTime:0.001000s ]
INFO: [ app_begin ] --END-- [ RunTime:0.001000s ]
SQL: SHOW COLUMNS FROM `zyyj_department` [ RunTime:0.010000s ]
SQL: SELECT * FROM `zyyj_department`  [ RunTime:0.000000s ]
INFO: [ app_end ] --START--
INFO: Run Behavior\ShowPageTraceBehavior [ RunTime:0.001001s ]
INFO: [ app_end ] --END-- [ RunTime:0.001001s ]

[ 2016-07-07T15:58:28+08:00 ] ::1 /zyyj/index.php/Home/Class/Class_list_show
INFO: [ app_begin ] --START--
INFO: Run Behavior\ReadHtmlCacheBehavior [ RunTime:0.001000s ]
INFO: [ app_begin ] --END-- [ RunTime:0.001000s ]
SQL: SHOW COLUMNS FROM `zyyj_class` [ RunTime:0.008000s ]
SQL: SELECT COUNT(*) AS tp_count FROM `zyyj_class` LIMIT 1   [ RunTime:0.001001s ]
SQL: SELECT zyyj_department.name dname,zyyj_grade.name gname,zyyj_class.name cname,zyyj_major.name mname,zyyj_class.class_id cid,zyyj_class.comment ccomment FROM `zyyj_class` INNER JOIN zyyj_grade ON zyyj_class.grade_id = zyyj_grade.grade_id INNER JOIN zyyj_department ON zyyj_class.department_id = zyyj_department.department_id INNER JOIN zyyj_major ON zyyj_grade.major_id = zyyj_major.major_id  LIMIT 0,10   [ RunTime:0.001000s ]
INFO: [ app_end ] --START--
INFO: Run Behavior\ShowPageTraceBehavior [ RunTime:0.002000s ]
INFO: [ app_end ] --END-- [ RunTime:0.002000s ]

[ 2016-07-07T15:58:29+08:00 ] ::1 /zyyj/index.php/Home/Class/Class_list_show
INFO: [ app_begin ] --START--
INFO: Run Behavior\ReadHtmlCacheBehavior [ RunTime:0.001000s ]
INFO: [ app_begin ] --END-- [ RunTime:0.001000s ]
SQL: SHOW COLUMNS FROM `zyyj_class` [ RunTime:0.008001s ]
SQL: SELECT COUNT(*) AS tp_count FROM `zyyj_class` LIMIT 1   [ RunTime:0.001000s ]
SQL: SELECT zyyj_department.name dname,zyyj_grade.name gname,zyyj_class.name cname,zyyj_major.name mname,zyyj_class.class_id cid,zyyj_class.comment ccomment FROM `zyyj_class` INNER JOIN zyyj_grade ON zyyj_class.grade_id = zyyj_grade.grade_id INNER JOIN zyyj_department ON zyyj_class.department_id = zyyj_department.department_id INNER JOIN zyyj_major ON zyyj_grade.major_id = zyyj_major.major_id  LIMIT 50,10   [ RunTime:0.001000s ]
INFO: [ app_end ] --START--
INFO: Run Behavior\ShowPageTraceBehavior [ RunTime:0.002000s ]
INFO: [ app_end ] --END-- [ RunTime:0.003000s ]

[ 2016-07-07T15:58:31+08:00 ] ::1 /zyyj/index.php/Home/Class/Class_list_show
INFO: [ app_begin ] --START--
INFO: Run Behavior\ReadHtmlCacheBehavior [ RunTime:0.001000s ]
INFO: [ app_begin ] --END-- [ RunTime:0.002000s ]
SQL: SHOW COLUMNS FROM `zyyj_class` [ RunTime:0.008001s ]
SQL: SELECT COUNT(*) AS tp_count FROM `zyyj_class` LIMIT 1   [ RunTime:0.001000s ]
SQL: SELECT zyyj_department.name dname,zyyj_grade.name gname,zyyj_class.name cname,zyyj_major.name mname,zyyj_class.class_id cid,zyyj_class.comment ccomment FROM `zyyj_class` INNER JOIN zyyj_grade ON zyyj_class.grade_id = zyyj_grade.grade_id INNER JOIN zyyj_department ON zyyj_class.department_id = zyyj_department.department_id INNER JOIN zyyj_major ON zyyj_grade.major_id = zyyj_major.major_id  LIMIT 0,10   [ RunTime:0.001000s ]
INFO: [ app_end ] --START--
INFO: Run Behavior\ShowPageTraceBehavior [ RunTime:0.002000s ]
INFO: [ app_end ] --END-- [ RunTime:0.003000s ]

[ 2016-07-07T15:58:35+08:00 ] ::1 /zyyj/index.php/Home/Class/Class_getGrade/id/1
INFO: [ app_begin ] --START--
INFO: Run Behavior\ReadHtmlCacheBehavior [ RunTime:0.001000s ]
INFO: [ app_begin ] --END-- [ RunTime:0.002000s ]
SQL: SHOW COLUMNS FROM `zyyj_grade` [ RunTime:0.008001s ]
SQL: SELECT * FROM `zyyj_grade` WHERE ( major_id=1 )  [ RunTime:0.001000s ]
INFO: [ app_end ] --START--
INFO: Run Behavior\ShowPageTraceBehavior [ RunTime:0.002000s ]
INFO: [ app_end ] --END-- [ RunTime:0.002000s ]

[ 2016-07-07T15:58:38+08:00 ] ::1 /zyyj/index.php/Home/Class/Class_list_show
INFO: [ app_begin ] --START--
INFO: Run Behavior\ReadHtmlCacheBehavior [ RunTime:0.001000s ]
INFO: [ app_begin ] --END-- [ RunTime:0.001000s ]
SQL: SHOW COLUMNS FROM `zyyj_class` [ RunTime:0.004001s ]
SQL: SELECT COUNT(*) AS tp_count FROM `zyyj_class` WHERE ( zyyj_class.grade_id = '1' and zyyj_class.department_id = '2' ) LIMIT 1   [ RunTime:0.001000s ]
SQL: SELECT zyyj_department.name dname,zyyj_grade.name gname,zyyj_class.name cname,zyyj_major.name mname,zyyj_class.class_id cid,zyyj_class.comment ccomment FROM `zyyj_class` INNER JOIN zyyj_grade ON zyyj_class.grade_id = zyyj_grade.grade_id INNER JOIN zyyj_department ON zyyj_class.department_id = zyyj_department.department_id INNER JOIN zyyj_major ON zyyj_grade.major_id = zyyj_major.major_id  WHERE ( zyyj_class.grade_id = '1' and zyyj_class.department_id = '2' ) LIMIT 0,10   [ RunTime:0.001000s ]
INFO: [ app_end ] --START--
INFO: Run Behavior\ShowPageTraceBehavior [ RunTime:0.001000s ]
INFO: [ app_end ] --END-- [ RunTime:0.001000s ]

[ 2016-07-07T15:58:42+08:00 ] ::1 /zyyj/index.php/Home/Class/Class_list_show
INFO: [ app_begin ] --START--
INFO: Run Behavior\ReadHtmlCacheBehavior [ RunTime:0.001000s ]
INFO: [ app_begin ] --END-- [ RunTime:0.001000s ]
SQL: SHOW COLUMNS FROM `zyyj_class` [ RunTime:0.006000s ]
SQL: SELECT COUNT(*) AS tp_count FROM `zyyj_class` WHERE ( zyyj_class.grade_id = '3' and zyyj_class.department_id = '2' ) LIMIT 1   [ RunTime:0.001000s ]
SQL: SELECT zyyj_department.name dname,zyyj_grade.name gname,zyyj_class.name cname,zyyj_major.name mname,zyyj_class.class_id cid,zyyj_class.comment ccomment FROM `zyyj_class` INNER JOIN zyyj_grade ON zyyj_class.grade_id = zyyj_grade.grade_id INNER JOIN zyyj_department ON zyyj_class.department_id = zyyj_department.department_id INNER JOIN zyyj_major ON zyyj_grade.major_id = zyyj_major.major_id  WHERE ( zyyj_class.grade_id = '3' and zyyj_class.department_id = '2' ) LIMIT 0,10   [ RunTime:0.001000s ]
INFO: [ app_end ] --START--
INFO: Run Behavior\ShowPageTraceBehavior [ RunTime:0.002000s ]
INFO: [ app_end ] --END-- [ RunTime:0.002000s ]

[ 2016-07-07T15:58:45+08:00 ] ::1 /zyyj/index.php/Home/Class/Class_list_show
INFO: [ app_begin ] --START--
INFO: Run Behavior\ReadHtmlCacheBehavior [ RunTime:0.001000s ]
INFO: [ app_begin ] --END-- [ RunTime:0.001000s ]
SQL: SHOW COLUMNS FROM `zyyj_class` [ RunTime:0.007000s ]
SQL: SELECT COUNT(*) AS tp_count FROM `zyyj_class` WHERE ( zyyj_class.grade_id = '3' and zyyj_class.department_id = '1' ) LIMIT 1   [ RunTime:0.023001s ]
SQL: SELECT zyyj_department.name dname,zyyj_grade.name gname,zyyj_class.name cname,zyyj_major.name mname,zyyj_class.class_id cid,zyyj_class.comment ccomment FROM `zyyj_class` INNER JOIN zyyj_grade ON zyyj_class.grade_id = zyyj_grade.grade_id INNER JOIN zyyj_department ON zyyj_class.department_id = zyyj_department.department_id INNER JOIN zyyj_major ON zyyj_grade.major_id = zyyj_major.major_id  WHERE ( zyyj_class.grade_id = '3' and zyyj_class.department_id = '1' ) LIMIT 0,10   [ RunTime:0.001000s ]
INFO: [ app_end ] --START--
INFO: Run Behavior\ShowPageTraceBehavior [ RunTime:0.002001s ]
INFO: [ app_end ] --END-- [ RunTime:0.002001s ]

[ 2016-07-07T15:58:48+08:00 ] ::1 /zyyj/index.php/Home/Class/Class_list_show
INFO: [ app_begin ] --START--
INFO: Run Behavior\ReadHtmlCacheBehavior [ RunTime:0.000000s ]
INFO: [ app_begin ] --END-- [ RunTime:0.002000s ]
SQL: SHOW COLUMNS FROM `zyyj_class` [ RunTime:0.003000s ]
SQL: SELECT COUNT(*) AS tp_count FROM `zyyj_class` WHERE ( zyyj_class.grade_id = '1' and zyyj_class.department_id = '1' ) LIMIT 1   [ RunTime:0.000000s ]
SQL: SELECT zyyj_department.name dname,zyyj_grade.name gname,zyyj_class.name cname,zyyj_major.name mname,zyyj_class.class_id cid,zyyj_class.comment ccomment FROM `zyyj_class` INNER JOIN zyyj_grade ON zyyj_class.grade_id = zyyj_grade.grade_id INNER JOIN zyyj_department ON zyyj_class.department_id = zyyj_department.department_id INNER JOIN zyyj_major ON zyyj_grade.major_id = zyyj_major.major_id  WHERE ( zyyj_class.grade_id = '1' and zyyj_class.department_id = '1' ) LIMIT 0,10   [ RunTime:0.000000s ]
INFO: [ app_end ] --START--
INFO: Run Behavior\ShowPageTraceBehavior [ RunTime:0.001000s ]
INFO: [ app_end ] --END-- [ RunTime:0.001000s ]

[ 2016-07-07T15:58:51+08:00 ] ::1 /zyyj/index.php/Home/Class/Class_getGrade/id/2
INFO: [ app_begin ] --START--
INFO: Run Behavior\ReadHtmlCacheBehavior [ RunTime:0.001000s ]
INFO: [ app_begin ] --END-- [ RunTime:0.001000s ]
SQL: SHOW COLUMNS FROM `zyyj_grade` [ RunTime:0.003000s ]
SQL: SELECT * FROM `zyyj_grade` WHERE ( major_id=2 )  [ RunTime:0.000000s ]
INFO: [ app_end ] --START--
INFO: Run Behavior\ShowPageTraceBehavior [ RunTime:0.001000s ]
INFO: [ app_end ] --END-- [ RunTime:0.001000s ]

[ 2016-07-07T15:58:52+08:00 ] ::1 /zyyj/index.php/Home/Class/Class_list_show
INFO: [ app_begin ] --START--
INFO: Run Behavior\ReadHtmlCacheBehavior [ RunTime:0.001000s ]
INFO: [ app_begin ] --END-- [ RunTime:0.001000s ]
SQL: SHOW COLUMNS FROM `zyyj_class` [ RunTime:0.004000s ]
SQL: SHOW COLUMNS FROM `zyyj_grade` [ RunTime:0.004000s ]
SQL: SELECT `grade_id` FROM `zyyj_grade` WHERE ( major_id='2' )  [ RunTime:0.000000s ]
SQL: SELECT COUNT(*) AS tp_count FROM `zyyj_class` WHERE ( zyyj_class.grade_id in (2) and zyyj_class.department_id = '1' ) LIMIT 1   [ RunTime:0.001000s ]
SQL: SELECT zyyj_department.name dname,zyyj_grade.name gname,zyyj_class.name cname,zyyj_major.name mname,zyyj_class.class_id cid,zyyj_class.comment ccomment FROM `zyyj_class` INNER JOIN zyyj_grade ON zyyj_class.grade_id = zyyj_grade.grade_id INNER JOIN zyyj_department ON zyyj_class.department_id = zyyj_department.department_id INNER JOIN zyyj_major ON zyyj_grade.major_id = zyyj_major.major_id  WHERE ( zyyj_class.grade_id in (2) and zyyj_class.department_id = '1' ) LIMIT 0,10   [ RunTime:0.001000s ]
INFO: [ app_end ] --START--
INFO: Run Behavior\ShowPageTraceBehavior [ RunTime:0.001000s ]
INFO: [ app_end ] --END-- [ RunTime:0.001000s ]

[ 2016-07-07T15:59:36+08:00 ] ::1 /zyyj/index.php/Home/Class/Class_getGrade/id/1
INFO: [ app_begin ] --START--
INFO: Run Behavior\ReadHtmlCacheBehavior [ RunTime:0.002000s ]
INFO: [ app_begin ] --END-- [ RunTime:0.003000s ]
SQL: SHOW COLUMNS FROM `zyyj_grade` [ RunTime:0.003000s ]
SQL: SELECT * FROM `zyyj_grade` WHERE ( major_id=1 )  [ RunTime:0.000000s ]
INFO: [ app_end ] --START--
INFO: Run Behavior\ShowPageTraceBehavior [ RunTime:0.001001s ]
INFO: [ app_end ] --END-- [ RunTime:0.001001s ]

[ 2016-07-07T15:59:37+08:00 ] ::1 /zyyj/index.php/Home/Class/Class_list_show
INFO: [ app_begin ] --START--
INFO: Run Behavior\ReadHtmlCacheBehavior [ RunTime:0.001000s ]
INFO: [ app_begin ] --END-- [ RunTime:0.001000s ]
SQL: SHOW COLUMNS FROM `zyyj_class` [ RunTime:0.007000s ]
SQL: SHOW COLUMNS FROM `zyyj_grade` [ RunTime:0.007001s ]
SQL: SELECT `grade_id` FROM `zyyj_grade` WHERE ( major_id='1' )  [ RunTime:0.000000s ]
SQL: SELECT COUNT(*) AS tp_count FROM `zyyj_class` WHERE ( zyyj_class.grade_id in (1,3) and zyyj_class.department_id = '1' ) LIMIT 1   [ RunTime:0.001000s ]
SQL: SELECT zyyj_department.name dname,zyyj_grade.name gname,zyyj_class.name cname,zyyj_major.name mname,zyyj_class.class_id cid,zyyj_class.comment ccomment FROM `zyyj_class` INNER JOIN zyyj_grade ON zyyj_class.grade_id = zyyj_grade.grade_id INNER JOIN zyyj_department ON zyyj_class.department_id = zyyj_department.department_id INNER JOIN zyyj_major ON zyyj_grade.major_id = zyyj_major.major_id  WHERE ( zyyj_class.grade_id in (1,3) and zyyj_class.department_id = '1' ) LIMIT 0,10   [ RunTime:0.001000s ]
INFO: [ app_end ] --START--
INFO: Run Behavior\ShowPageTraceBehavior [ RunTime:0.002000s ]
INFO: [ app_end ] --END-- [ RunTime:0.002000s ]

[ 2016-07-07T15:59:42+08:00 ] ::1 /zyyj/index.php/Home/Class/Class_getGrade/id/1
INFO: [ app_begin ] --START--
INFO: Run Behavior\ReadHtmlCacheBehavior [ RunTime:0.000000s ]
INFO: [ app_begin ] --END-- [ RunTime:0.000000s ]
SQL: SHOW COLUMNS FROM `zyyj_grade` [ RunTime:0.005000s ]
SQL: SELECT * FROM `zyyj_grade` WHERE ( major_id=1 )  [ RunTime:0.001000s ]
INFO: [ app_end ] --START--
INFO: Run Behavior\ShowPageTraceBehavior [ RunTime:0.002000s ]
INFO: [ app_end ] --END-- [ RunTime:0.002000s ]

[ 2016-07-07T15:59:56+08:00 ] ::1 /zyyj/index.php/Home/Class/Class_list_show
INFO: [ app_begin ] --START--
INFO: Run Behavior\ReadHtmlCacheBehavior [ RunTime:0.001000s ]
INFO: [ app_begin ] --END-- [ RunTime:0.001000s ]
SQL: SHOW COLUMNS FROM `zyyj_class` [ RunTime:0.007000s ]
SQL: SHOW COLUMNS FROM `zyyj_grade` [ RunTime:0.009001s ]
SQL: SELECT `grade_id` FROM `zyyj_grade` WHERE ( major_id='1' )  [ RunTime:0.001000s ]
SQL: SELECT COUNT(*) AS tp_count FROM `zyyj_class` WHERE ( zyyj_class.grade_id in (1,3) and zyyj_class.department_id = '1' ) LIMIT 1   [ RunTime:0.001000s ]
SQL: SELECT zyyj_department.name dname,zyyj_grade.name gname,zyyj_class.name cname,zyyj_major.name mname,zyyj_class.class_id cid,zyyj_class.comment ccomment FROM `zyyj_class` INNER JOIN zyyj_grade ON zyyj_class.grade_id = zyyj_grade.grade_id INNER JOIN zyyj_department ON zyyj_class.department_id = zyyj_department.department_id INNER JOIN zyyj_major ON zyyj_grade.major_id = zyyj_major.major_id  WHERE ( zyyj_class.grade_id in (1,3) and zyyj_class.department_id = '1' ) LIMIT 0,10   [ RunTime:0.001000s ]
INFO: [ app_end ] --START--
INFO: Run Behavior\ShowPageTraceBehavior [ RunTime:0.001000s ]
INFO: [ app_end ] --END-- [ RunTime:0.001000s ]

[ 2016-07-07T16:02:20+08:00 ] ::1 /zyyj/index.php/Home/Class/Class_list_show
INFO: [ app_begin ] --START--
INFO: Run Behavior\ReadHtmlCacheBehavior [ RunTime:0.001000s ]
INFO: [ app_begin ] --END-- [ RunTime:0.001000s ]
SQL: SHOW COLUMNS FROM `zyyj_class` [ RunTime:0.007000s ]
SQL: SELECT COUNT(*) AS tp_count FROM `zyyj_class` LIMIT 1   [ RunTime:0.001000s ]
SQL: SELECT zyyj_department.name dname,zyyj_grade.name gname,zyyj_class.name cname,zyyj_major.name mname,zyyj_class.class_id cid,zyyj_class.comment ccomment FROM `zyyj_class` INNER JOIN zyyj_grade ON zyyj_class.grade_id = zyyj_grade.grade_id INNER JOIN zyyj_department ON zyyj_class.department_id = zyyj_department.department_id INNER JOIN zyyj_major ON zyyj_grade.major_id = zyyj_major.major_id  LIMIT 0,10   [ RunTime:0.001000s ]
INFO: [ app_end ] --START--
INFO: Run Behavior\ShowPageTraceBehavior [ RunTime:0.001001s ]
INFO: [ app_end ] --END-- [ RunTime:0.001001s ]

[ 2016-07-07T16:02:24+08:00 ] ::1 /zyyj/index.php/Home/Class/Class_list_show
INFO: [ app_begin ] --START--
INFO: Run Behavior\ReadHtmlCacheBehavior [ RunTime:0.002000s ]
INFO: [ app_begin ] --END-- [ RunTime:0.002000s ]
SQL: SHOW COLUMNS FROM `zyyj_class` [ RunTime:0.007001s ]
SQL: SELECT COUNT(*) AS tp_count FROM `zyyj_class` WHERE ( zyyj_class.department_id = '1' ) LIMIT 1   [ RunTime:0.001000s ]
SQL: SELECT zyyj_department.name dname,zyyj_grade.name gname,zyyj_class.name cname,zyyj_major.name mname,zyyj_class.class_id cid,zyyj_class.comment ccomment FROM `zyyj_class` INNER JOIN zyyj_grade ON zyyj_class.grade_id = zyyj_grade.grade_id INNER JOIN zyyj_department ON zyyj_class.department_id = zyyj_department.department_id INNER JOIN zyyj_major ON zyyj_grade.major_id = zyyj_major.major_id  WHERE ( zyyj_class.department_id = '1' ) LIMIT 0,10   [ RunTime:0.001000s ]
INFO: [ app_end ] --START--
INFO: Run Behavior\ShowPageTraceBehavior [ RunTime:0.002000s ]
INFO: [ app_end ] --END-- [ RunTime:0.002000s ]

[ 2016-07-07T16:02:30+08:00 ] ::1 /zyyj/index.php/Home/Class/Class_list_show
INFO: [ app_begin ] --START--
INFO: Run Behavior\ReadHtmlCacheBehavior [ RunTime:0.001000s ]
INFO: [ app_begin ] --END-- [ RunTime:0.001000s ]
SQL: SHOW COLUMNS FROM `zyyj_class` [ RunTime:0.002000s ]
SQL: SELECT COUNT(*) AS tp_count FROM `zyyj_class` WHERE ( zyyj_class.department_id = '2' ) LIMIT 1   [ RunTime:0.000000s ]
SQL: SELECT zyyj_department.name dname,zyyj_grade.name gname,zyyj_class.name cname,zyyj_major.name mname,zyyj_class.class_id cid,zyyj_class.comment ccomment FROM `zyyj_class` INNER JOIN zyyj_grade ON zyyj_class.grade_id = zyyj_grade.grade_id INNER JOIN zyyj_department ON zyyj_class.department_id = zyyj_department.department_id INNER JOIN zyyj_major ON zyyj_grade.major_id = zyyj_major.major_id  WHERE ( zyyj_class.department_id = '2' ) LIMIT 0,10   [ RunTime:0.001000s ]
INFO: [ app_end ] --START--
INFO: Run Behavior\ShowPageTraceBehavior [ RunTime:0.000000s ]
INFO: [ app_end ] --END-- [ RunTime:0.000000s ]

[ 2016-07-07T16:02:42+08:00 ] ::1 /zyyj/index.php/Home/Class/Class_list_show
INFO: [ app_begin ] --START--
INFO: Run Behavior\ReadHtmlCacheBehavior [ RunTime:0.001000s ]
INFO: [ app_begin ] --END-- [ RunTime:0.002000s ]
SQL: SHOW COLUMNS FROM `zyyj_class` [ RunTime:0.005000s ]
SQL: SELECT COUNT(*) AS tp_count FROM `zyyj_class` LIMIT 1   [ RunTime:0.001000s ]
SQL: SELECT zyyj_department.name dname,zyyj_grade.name gname,zyyj_class.name cname,zyyj_major.name mname,zyyj_class.class_id cid,zyyj_class.comment ccomment FROM `zyyj_class` INNER JOIN zyyj_grade ON zyyj_class.grade_id = zyyj_grade.grade_id INNER JOIN zyyj_department ON zyyj_class.department_id = zyyj_department.department_id INNER JOIN zyyj_major ON zyyj_grade.major_id = zyyj_major.major_id  LIMIT 0,10   [ RunTime:0.002000s ]
INFO: [ app_end ] --START--
INFO: Run Behavior\ShowPageTraceBehavior [ RunTime:0.001000s ]
INFO: [ app_end ] --END-- [ RunTime:0.001000s ]

[ 2016-07-07T16:02:46+08:00 ] ::1 /zyyj/index.php/Home/Class/Class_getGrade/id/1
INFO: [ app_begin ] --START--
INFO: Run Behavior\ReadHtmlCacheBehavior [ RunTime:0.001000s ]
INFO: [ app_begin ] --END-- [ RunTime:0.002000s ]
SQL: SHOW COLUMNS FROM `zyyj_grade` [ RunTime:0.005001s ]
SQL: SELECT * FROM `zyyj_grade` WHERE ( major_id=1 )  [ RunTime:0.001000s ]
INFO: [ app_end ] --START--
INFO: Run Behavior\ShowPageTraceBehavior [ RunTime:0.001000s ]
INFO: [ app_end ] --END-- [ RunTime:0.001000s ]

[ 2016-07-07T16:02:47+08:00 ] ::1 /zyyj/index.php/Home/Class/Class_list_show
INFO: [ app_begin ] --START--
INFO: Run Behavior\ReadHtmlCacheBehavior [ RunTime:0.000000s ]
INFO: [ app_begin ] --END-- [ RunTime:0.001000s ]
SQL: SHOW COLUMNS FROM `zyyj_class` [ RunTime:0.008000s ]
SQL: SHOW COLUMNS FROM `zyyj_grade` [ RunTime:0.006001s ]
SQL: SELECT `grade_id` FROM `zyyj_grade` WHERE ( major_id='1' )  [ RunTime:0.000000s ]
SQL: SELECT COUNT(*) AS tp_count FROM `zyyj_class` WHERE ( zyyj_class.grade_id in (1,3) ) LIMIT 1   [ RunTime:0.001000s ]
SQL: SELECT zyyj_department.name dname,zyyj_grade.name gname,zyyj_class.name cname,zyyj_major.name mname,zyyj_class.class_id cid,zyyj_class.comment ccomment FROM `zyyj_class` INNER JOIN zyyj_grade ON zyyj_class.grade_id = zyyj_grade.grade_id INNER JOIN zyyj_department ON zyyj_class.department_id = zyyj_department.department_id INNER JOIN zyyj_major ON zyyj_grade.major_id = zyyj_major.major_id  WHERE ( zyyj_class.grade_id in (1,3) ) LIMIT 0,10   [ RunTime:0.002000s ]
INFO: [ app_end ] --START--
INFO: Run Behavior\ShowPageTraceBehavior [ RunTime:0.002000s ]
INFO: [ app_end ] --END-- [ RunTime:0.002000s ]

[ 2016-07-07T16:02:49+08:00 ] ::1 /zyyj/index.php/Home/Class/Class_list_show
INFO: [ app_begin ] --START--
INFO: Run Behavior\ReadHtmlCacheBehavior [ RunTime:0.001000s ]
INFO: [ app_begin ] --END-- [ RunTime:0.001000s ]
SQL: SHOW COLUMNS FROM `zyyj_class` [ RunTime:0.007000s ]
SQL: SHOW COLUMNS FROM `zyyj_grade` [ RunTime:0.007000s ]
SQL: SELECT `grade_id` FROM `zyyj_grade` WHERE ( major_id='1' )  [ RunTime:0.000000s ]
SQL: SELECT COUNT(*) AS tp_count FROM `zyyj_class` WHERE ( zyyj_class.grade_id in (1,3) ) LIMIT 1   [ RunTime:0.001000s ]
SQL: SELECT zyyj_department.name dname,zyyj_grade.name gname,zyyj_class.name cname,zyyj_major.name mname,zyyj_class.class_id cid,zyyj_class.comment ccomment FROM `zyyj_class` INNER JOIN zyyj_grade ON zyyj_class.grade_id = zyyj_grade.grade_id INNER JOIN zyyj_department ON zyyj_class.department_id = zyyj_department.department_id INNER JOIN zyyj_major ON zyyj_grade.major_id = zyyj_major.major_id  WHERE ( zyyj_class.grade_id in (1,3) ) LIMIT 10,10   [ RunTime:0.002000s ]
INFO: [ app_end ] --START--
INFO: Run Behavior\ShowPageTraceBehavior [ RunTime:0.002000s ]
INFO: [ app_end ] --END-- [ RunTime:0.002000s ]

[ 2016-07-07T16:02:52+08:00 ] ::1 /zyyj/index.php/Home/Class/Class_list_show
INFO: [ app_begin ] --START--
INFO: Run Behavior\ReadHtmlCacheBehavior [ RunTime:0.001000s ]
INFO: [ app_begin ] --END-- [ RunTime:0.001000s ]
SQL: SHOW COLUMNS FROM `zyyj_class` [ RunTime:0.007001s ]
SQL: SHOW COLUMNS FROM `zyyj_grade` [ RunTime:0.006000s ]
SQL: SELECT `grade_id` FROM `zyyj_grade` WHERE ( major_id='1' )  [ RunTime:0.001000s ]
SQL: SELECT COUNT(*) AS tp_count FROM `zyyj_class` WHERE ( zyyj_class.grade_id in (1,3) ) LIMIT 1   [ RunTime:0.001000s ]
SQL: SELECT zyyj_department.name dname,zyyj_grade.name gname,zyyj_class.name cname,zyyj_major.name mname,zyyj_class.class_id cid,zyyj_class.comment ccomment FROM `zyyj_class` INNER JOIN zyyj_grade ON zyyj_class.grade_id = zyyj_grade.grade_id INNER JOIN zyyj_department ON zyyj_class.department_id = zyyj_department.department_id INNER JOIN zyyj_major ON zyyj_grade.major_id = zyyj_major.major_id  WHERE ( zyyj_class.grade_id in (1,3) ) LIMIT 20,10   [ RunTime:0.002000s ]
INFO: [ app_end ] --START--
INFO: Run Behavior\ShowPageTraceBehavior [ RunTime:0.002001s ]
INFO: [ app_end ] --END-- [ RunTime:0.002001s ]

[ 2016-07-07T16:03:16+08:00 ] ::1 /zyyj/index.php/Home/Class/Class_getGrade/id/2
INFO: [ app_begin ] --START--
INFO: Run Behavior\ReadHtmlCacheBehavior [ RunTime:0.002000s ]
INFO: [ app_begin ] --END-- [ RunTime:0.002000s ]
SQL: SHOW COLUMNS FROM `zyyj_grade` [ RunTime:0.007001s ]
SQL: SELECT * FROM `zyyj_grade` WHERE ( major_id=2 )  [ RunTime:0.001000s ]
INFO: [ app_end ] --START--
INFO: Run Behavior\ShowPageTraceBehavior [ RunTime:0.002000s ]
INFO: [ app_end ] --END-- [ RunTime:0.002000s ]

[ 2016-07-07T16:03:18+08:00 ] ::1 /zyyj/index.php/Home/Class/Class_list_show
INFO: [ app_begin ] --START--
INFO: Run Behavior\ReadHtmlCacheBehavior [ RunTime:0.000000s ]
INFO: [ app_begin ] --END-- [ RunTime:0.001000s ]
SQL: SHOW COLUMNS FROM `zyyj_class` [ RunTime:0.007000s ]
SQL: SHOW COLUMNS FROM `zyyj_grade` [ RunTime:0.007001s ]
SQL: SELECT `grade_id` FROM `zyyj_grade` WHERE ( major_id='2' )  [ RunTime:0.001000s ]
SQL: SELECT COUNT(*) AS tp_count FROM `zyyj_class` WHERE ( zyyj_class.grade_id in (2) ) LIMIT 1   [ RunTime:0.001000s ]
SQL: SELECT zyyj_department.name dname,zyyj_grade.name gname,zyyj_class.name cname,zyyj_major.name mname,zyyj_class.class_id cid,zyyj_class.comment ccomment FROM `zyyj_class` INNER JOIN zyyj_grade ON zyyj_class.grade_id = zyyj_grade.grade_id INNER JOIN zyyj_department ON zyyj_class.department_id = zyyj_department.department_id INNER JOIN zyyj_major ON zyyj_grade.major_id = zyyj_major.major_id  WHERE ( zyyj_class.grade_id in (2) ) LIMIT 0,10   [ RunTime:0.002000s ]
INFO: [ app_end ] --START--
INFO: Run Behavior\ShowPageTraceBehavior [ RunTime:0.002000s ]
INFO: [ app_end ] --END-- [ RunTime:0.002000s ]

[ 2016-07-07T16:03:32+08:00 ] ::1 /zyyj/index.php/Home/Class/Class_list_show
INFO: [ app_begin ] --START--
INFO: Run Behavior\ReadHtmlCacheBehavior [ RunTime:0.001000s ]
INFO: [ app_begin ] --END-- [ RunTime:0.001000s ]
SQL: SHOW COLUMNS FROM `zyyj_class` [ RunTime:0.002000s ]
SQL: SELECT COUNT(*) AS tp_count FROM `zyyj_class` LIMIT 1   [ RunTime:0.000000s ]
SQL: SELECT zyyj_department.name dname,zyyj_grade.name gname,zyyj_class.name cname,zyyj_major.name mname,zyyj_class.class_id cid,zyyj_class.comment ccomment FROM `zyyj_class` INNER JOIN zyyj_grade ON zyyj_class.grade_id = zyyj_grade.grade_id INNER JOIN zyyj_department ON zyyj_class.department_id = zyyj_department.department_id INNER JOIN zyyj_major ON zyyj_grade.major_id = zyyj_major.major_id  LIMIT 0,10   [ RunTime:0.000000s ]
INFO: [ app_end ] --START--
INFO: Run Behavior\ShowPageTraceBehavior [ RunTime:0.001000s ]
INFO: [ app_end ] --END-- [ RunTime:0.001000s ]

[ 2016-07-07T16:03:35+08:00 ] ::1 /zyyj/index.php/Home/Class/Class_list_show
INFO: [ app_begin ] --START--
INFO: Run Behavior\ReadHtmlCacheBehavior [ RunTime:0.000000s ]
INFO: [ app_begin ] --END-- [ RunTime:0.001000s ]
SQL: SHOW COLUMNS FROM `zyyj_class` [ RunTime:0.006000s ]
SQL: SELECT COUNT(*) AS tp_count FROM `zyyj_class` LIMIT 1   [ RunTime:0.000000s ]
SQL: SELECT zyyj_department.name dname,zyyj_grade.name gname,zyyj_class.name cname,zyyj_major.name mname,zyyj_class.class_id cid,zyyj_class.comment ccomment FROM `zyyj_class` INNER JOIN zyyj_grade ON zyyj_class.grade_id = zyyj_grade.grade_id INNER JOIN zyyj_department ON zyyj_class.department_id = zyyj_department.department_id INNER JOIN zyyj_major ON zyyj_grade.major_id = zyyj_major.major_id  LIMIT 0,10   [ RunTime:0.001000s ]
INFO: [ app_end ] --START--
INFO: Run Behavior\ShowPageTraceBehavior [ RunTime:0.002000s ]
INFO: [ app_end ] --END-- [ RunTime:0.002000s ]

[ 2016-07-07T16:03:42+08:00 ] ::1 /zyyj/index.php/Home/Class/Class_list_show
INFO: [ app_begin ] --START--
INFO: Run Behavior\ReadHtmlCacheBehavior [ RunTime:0.001000s ]
INFO: [ app_begin ] --END-- [ RunTime:0.001000s ]
SQL: SHOW COLUMNS FROM `zyyj_class` [ RunTime:0.008000s ]
SQL: SHOW COLUMNS FROM `zyyj_grade` [ RunTime:0.008001s ]
SQL: SELECT `grade_id` FROM `zyyj_grade` WHERE ( name='14' )  [ RunTime:0.001000s ]
SQL: SELECT COUNT(*) AS tp_count FROM `zyyj_class` WHERE ( zyyj_class.grade_id in (1,2) ) LIMIT 1   [ RunTime:0.001000s ]
SQL: SELECT zyyj_department.name dname,zyyj_grade.name gname,zyyj_class.name cname,zyyj_major.name mname,zyyj_class.class_id cid,zyyj_class.comment ccomment FROM `zyyj_class` INNER JOIN zyyj_grade ON zyyj_class.grade_id = zyyj_grade.grade_id INNER JOIN zyyj_department ON zyyj_class.department_id = zyyj_department.department_id INNER JOIN zyyj_major ON zyyj_grade.major_id = zyyj_major.major_id  WHERE ( zyyj_class.grade_id in (1,2) ) LIMIT 0,10   [ RunTime:0.001000s ]
INFO: [ app_end ] --START--
INFO: Run Behavior\ShowPageTraceBehavior [ RunTime:0.002000s ]
INFO: [ app_end ] --END-- [ RunTime:0.002000s ]

[ 2016-07-07T16:03:47+08:00 ] ::1 /zyyj/index.php/Home/Class/Class_list_show
INFO: [ app_begin ] --START--
INFO: Run Behavior\ReadHtmlCacheBehavior [ RunTime:0.001000s ]
INFO: [ app_begin ] --END-- [ RunTime:0.001000s ]
SQL: SHOW COLUMNS FROM `zyyj_class` [ RunTime:0.008001s ]
SQL: SHOW COLUMNS FROM `zyyj_grade` [ RunTime:0.007000s ]
SQL: SELECT `grade_id` FROM `zyyj_grade` WHERE ( name='15' )  [ RunTime:0.001000s ]
SQL: SELECT COUNT(*) AS tp_count FROM `zyyj_class` WHERE ( zyyj_class.grade_id in (3) ) LIMIT 1   [ RunTime:0.001001s ]
SQL: SELECT zyyj_department.name dname,zyyj_grade.name gname,zyyj_class.name cname,zyyj_major.name mname,zyyj_class.class_id cid,zyyj_class.comment ccomment FROM `zyyj_class` INNER JOIN zyyj_grade ON zyyj_class.grade_id = zyyj_grade.grade_id INNER JOIN zyyj_department ON zyyj_class.department_id = zyyj_department.department_id INNER JOIN zyyj_major ON zyyj_grade.major_id = zyyj_major.major_id  WHERE ( zyyj_class.grade_id in (3) ) LIMIT 0,10   [ RunTime:0.001000s ]
INFO: [ app_end ] --START--
INFO: Run Behavior\ShowPageTraceBehavior [ RunTime:0.002000s ]
INFO: [ app_end ] --END-- [ RunTime:0.002000s ]

[ 2016-07-07T16:03:53+08:00 ] ::1 /zyyj/index.php/Home/Class/Class_list_show
INFO: [ app_begin ] --START--
INFO: Run Behavior\ReadHtmlCacheBehavior [ RunTime:0.001000s ]
INFO: [ app_begin ] --END-- [ RunTime:0.001000s ]
SQL: SHOW COLUMNS FROM `zyyj_class` [ RunTime:0.008001s ]
SQL: SELECT COUNT(*) AS tp_count FROM `zyyj_class` LIMIT 1   [ RunTime:0.001000s ]
SQL: SELECT zyyj_department.name dname,zyyj_grade.name gname,zyyj_class.name cname,zyyj_major.name mname,zyyj_class.class_id cid,zyyj_class.comment ccomment FROM `zyyj_class` INNER JOIN zyyj_grade ON zyyj_class.grade_id = zyyj_grade.grade_id INNER JOIN zyyj_department ON zyyj_class.department_id = zyyj_department.department_id INNER JOIN zyyj_major ON zyyj_grade.major_id = zyyj_major.major_id  LIMIT 0,10   [ RunTime:0.002000s ]
INFO: [ app_end ] --START--
INFO: Run Behavior\ShowPageTraceBehavior [ RunTime:0.002000s ]
INFO: [ app_end ] --END-- [ RunTime:0.002000s ]

[ 2016-07-07T16:04:00+08:00 ] ::1 /zyyj/index.php/Home/Class/Class_list_show
INFO: [ app_begin ] --START--
INFO: Run Behavior\ReadHtmlCacheBehavior [ RunTime:0.000000s ]
INFO: [ app_begin ] --END-- [ RunTime:0.001000s ]
SQL: SHOW COLUMNS FROM `zyyj_class` [ RunTime:0.003000s ]
SQL: SELECT COUNT(*) AS tp_count FROM `zyyj_class` LIMIT 1   [ RunTime:0.001000s ]
SQL: SELECT zyyj_department.name dname,zyyj_grade.name gname,zyyj_class.name cname,zyyj_major.name mname,zyyj_class.class_id cid,zyyj_class.comment ccomment FROM `zyyj_class` INNER JOIN zyyj_grade ON zyyj_class.grade_id = zyyj_grade.grade_id INNER JOIN zyyj_department ON zyyj_class.department_id = zyyj_department.department_id INNER JOIN zyyj_major ON zyyj_grade.major_id = zyyj_major.major_id  LIMIT 10,10   [ RunTime:0.001000s ]
INFO: [ app_end ] --START--
INFO: Run Behavior\ShowPageTraceBehavior [ RunTime:0.002000s ]
INFO: [ app_end ] --END-- [ RunTime:0.002000s ]

[ 2016-07-07T16:04:02+08:00 ] ::1 /zyyj/index.php/Home/Class/Class_list_show
INFO: [ app_begin ] --START--
INFO: Run Behavior\ReadHtmlCacheBehavior [ RunTime:0.001000s ]
INFO: [ app_begin ] --END-- [ RunTime:0.002000s ]
SQL: SHOW COLUMNS FROM `zyyj_class` [ RunTime:0.008001s ]
SQL: SELECT COUNT(*) AS tp_count FROM `zyyj_class` LIMIT 1   [ RunTime:0.001000s ]
SQL: SELECT zyyj_department.name dname,zyyj_grade.name gname,zyyj_class.name cname,zyyj_major.name mname,zyyj_class.class_id cid,zyyj_class.comment ccomment FROM `zyyj_class` INNER JOIN zyyj_grade ON zyyj_class.grade_id = zyyj_grade.grade_id INNER JOIN zyyj_department ON zyyj_class.department_id = zyyj_department.department_id INNER JOIN zyyj_major ON zyyj_grade.major_id = zyyj_major.major_id  LIMIT 20,10   [ RunTime:0.002000s ]
INFO: [ app_end ] --START--
INFO: Run Behavior\ShowPageTraceBehavior [ RunTime:0.002000s ]
INFO: [ app_end ] --END-- [ RunTime:0.002000s ]

[ 2016-07-07T16:04:03+08:00 ] ::1 /zyyj/index.php/Home/Class/Class_list_show
INFO: [ app_begin ] --START--
INFO: Run Behavior\ReadHtmlCacheBehavior [ RunTime:0.001001s ]
INFO: [ app_begin ] --END-- [ RunTime:0.002001s ]
SQL: SHOW COLUMNS FROM `zyyj_class` [ RunTime:0.005000s ]
SQL: SELECT COUNT(*) AS tp_count FROM `zyyj_class` LIMIT 1   [ RunTime:0.001000s ]
SQL: SELECT zyyj_department.name dname,zyyj_grade.name gname,zyyj_class.name cname,zyyj_major.name mname,zyyj_class.class_id cid,zyyj_class.comment ccomment FROM `zyyj_class` INNER JOIN zyyj_grade ON zyyj_class.grade_id = zyyj_grade.grade_id INNER JOIN zyyj_department ON zyyj_class.department_id = zyyj_department.department_id INNER JOIN zyyj_major ON zyyj_grade.major_id = zyyj_major.major_id  LIMIT 30,10   [ RunTime:0.001000s ]
INFO: [ app_end ] --START--
INFO: Run Behavior\ShowPageTraceBehavior [ RunTime:0.002000s ]
INFO: [ app_end ] --END-- [ RunTime:0.002000s ]

[ 2016-07-07T16:04:05+08:00 ] ::1 /zyyj/index.php/Home/Class/Class_list_show
INFO: [ app_begin ] --START--
INFO: Run Behavior\ReadHtmlCacheBehavior [ RunTime:0.001000s ]
INFO: [ app_begin ] --END-- [ RunTime:0.001000s ]
SQL: SHOW COLUMNS FROM `zyyj_class` [ RunTime:0.008001s ]
SQL: SELECT COUNT(*) AS tp_count FROM `zyyj_class` LIMIT 1   [ RunTime:0.001000s ]
SQL: SELECT zyyj_department.name dname,zyyj_grade.name gname,zyyj_class.name cname,zyyj_major.name mname,zyyj_class.class_id cid,zyyj_class.comment ccomment FROM `zyyj_class` INNER JOIN zyyj_grade ON zyyj_class.grade_id = zyyj_grade.grade_id INNER JOIN zyyj_department ON zyyj_class.department_id = zyyj_department.department_id INNER JOIN zyyj_major ON zyyj_grade.major_id = zyyj_major.major_id  LIMIT 40,10   [ RunTime:0.001000s ]
INFO: [ app_end ] --START--
INFO: Run Behavior\ShowPageTraceBehavior [ RunTime:0.002000s ]
INFO: [ app_end ] --END-- [ RunTime:0.002000s ]

[ 2016-07-07T16:04:07+08:00 ] ::1 /zyyj/index.php/Home/Class/Class_list_show
INFO: [ app_begin ] --START--
INFO: Run Behavior\ReadHtmlCacheBehavior [ RunTime:0.001000s ]
INFO: [ app_begin ] --END-- [ RunTime:0.002000s ]
SQL: SHOW COLUMNS FROM `zyyj_class` [ RunTime:0.008000s ]
SQL: SELECT COUNT(*) AS tp_count FROM `zyyj_class` LIMIT 1   [ RunTime:0.001001s ]
SQL: SELECT zyyj_department.name dname,zyyj_grade.name gname,zyyj_class.name cname,zyyj_major.name mname,zyyj_class.class_id cid,zyyj_class.comment ccomment FROM `zyyj_class` INNER JOIN zyyj_grade ON zyyj_class.grade_id = zyyj_grade.grade_id INNER JOIN zyyj_department ON zyyj_class.department_id = zyyj_department.department_id INNER JOIN zyyj_major ON zyyj_grade.major_id = zyyj_major.major_id  LIMIT 0,10   [ RunTime:0.002000s ]
INFO: [ app_end ] --START--
INFO: Run Behavior\ShowPageTraceBehavior [ RunTime:0.002000s ]
INFO: [ app_end ] --END-- [ RunTime:0.002000s ]

[ 2016-07-07T16:04:12+08:00 ] ::1 /zyyj/index.php/Home/Class/Class_list_show
INFO: [ app_begin ] --START--
INFO: Run Behavior\ReadHtmlCacheBehavior [ RunTime:0.000000s ]
INFO: [ app_begin ] --END-- [ RunTime:0.001000s ]
SQL: SHOW COLUMNS FROM `zyyj_class` [ RunTime:0.007001s ]
SQL: SELECT COUNT(*) AS tp_count FROM `zyyj_class` LIMIT 1   [ RunTime:0.001000s ]
SQL: SELECT zyyj_department.name dname,zyyj_grade.name gname,zyyj_class.name cname,zyyj_major.name mname,zyyj_class.class_id cid,zyyj_class.comment ccomment FROM `zyyj_class` INNER JOIN zyyj_grade ON zyyj_class.grade_id = zyyj_grade.grade_id INNER JOIN zyyj_department ON zyyj_class.department_id = zyyj_department.department_id INNER JOIN zyyj_major ON zyyj_grade.major_id = zyyj_major.major_id  LIMIT 0,10   [ RunTime:0.001000s ]
INFO: [ app_end ] --START--
INFO: Run Behavior\ShowPageTraceBehavior [ RunTime:0.002000s ]
INFO: [ app_end ] --END-- [ RunTime:0.002000s ]

[ 2016-07-07T16:04:19+08:00 ] ::1 /zyyj/index.php/Home/Class/Class_list_show
INFO: [ app_begin ] --START--
INFO: Run Behavior\ReadHtmlCacheBehavior [ RunTime:0.001000s ]
INFO: [ app_begin ] --END-- [ RunTime:0.002000s ]
SQL: SHOW COLUMNS FROM `zyyj_class` [ RunTime:0.008000s ]
SQL: SELECT COUNT(*) AS tp_count FROM `zyyj_class` LIMIT 1   [ RunTime:0.000000s ]
SQL: SELECT zyyj_department.name dname,zyyj_grade.name gname,zyyj_class.name cname,zyyj_major.name mname,zyyj_class.class_id cid,zyyj_class.comment ccomment FROM `zyyj_class` INNER JOIN zyyj_grade ON zyyj_class.grade_id = zyyj_grade.grade_id INNER JOIN zyyj_department ON zyyj_class.department_id = zyyj_department.department_id INNER JOIN zyyj_major ON zyyj_grade.major_id = zyyj_major.major_id  LIMIT 0,10   [ RunTime:0.001000s ]
INFO: [ app_end ] --START--
INFO: Run Behavior\ShowPageTraceBehavior [ RunTime:0.002000s ]
INFO: [ app_end ] --END-- [ RunTime:0.002000s ]

[ 2016-07-07T16:04:27+08:00 ] ::1 /zyyj/index.php/Home/Class/Class_list_show
INFO: [ app_begin ] --START--
INFO: Run Behavior\ReadHtmlCacheBehavior [ RunTime:0.001000s ]
INFO: [ app_begin ] --END-- [ RunTime:0.001000s ]
SQL: SHOW COLUMNS FROM `zyyj_class` [ RunTime:0.008000s ]
SQL: SELECT COUNT(*) AS tp_count FROM `zyyj_class` LIMIT 1   [ RunTime:0.001000s ]
SQL: SELECT zyyj_department.name dname,zyyj_grade.name gname,zyyj_class.name cname,zyyj_major.name mname,zyyj_class.class_id cid,zyyj_class.comment ccomment FROM `zyyj_class` INNER JOIN zyyj_grade ON zyyj_class.grade_id = zyyj_grade.grade_id INNER JOIN zyyj_department ON zyyj_class.department_id = zyyj_department.department_id INNER JOIN zyyj_major ON zyyj_grade.major_id = zyyj_major.major_id  LIMIT 0,10   [ RunTime:0.001000s ]
INFO: [ app_end ] --START--
INFO: Run Behavior\ShowPageTraceBehavior [ RunTime:0.002001s ]
INFO: [ app_end ] --END-- [ RunTime:0.002001s ]

[ 2016-07-07T16:04:32+08:00 ] ::1 /zyyj/index.php/Home/Class/Class_list_show
INFO: [ app_begin ] --START--
INFO: Run Behavior\ReadHtmlCacheBehavior [ RunTime:0.001000s ]
INFO: [ app_begin ] --END-- [ RunTime:0.001000s ]
SQL: SHOW COLUMNS FROM `zyyj_class` [ RunTime:0.008001s ]
SQL: SELECT COUNT(*) AS tp_count FROM `zyyj_class` LIMIT 1   [ RunTime:0.001000s ]
SQL: SELECT zyyj_department.name dname,zyyj_grade.name gname,zyyj_class.name cname,zyyj_major.name mname,zyyj_class.class_id cid,zyyj_class.comment ccomment FROM `zyyj_class` INNER JOIN zyyj_grade ON zyyj_class.grade_id = zyyj_grade.grade_id INNER JOIN zyyj_department ON zyyj_class.department_id = zyyj_department.department_id INNER JOIN zyyj_major ON zyyj_grade.major_id = zyyj_major.major_id  LIMIT 0,10   [ RunTime:0.002000s ]
INFO: [ app_end ] --START--
INFO: Run Behavior\ShowPageTraceBehavior [ RunTime:0.002000s ]
INFO: [ app_end ] --END-- [ RunTime:0.003000s ]

[ 2016-07-07T16:05:14+08:00 ] ::1 /zyyj/index.php/Home/Class/Class_list_show
INFO: [ app_begin ] --START--
INFO: Run Behavior\ReadHtmlCacheBehavior [ RunTime:0.001000s ]
INFO: [ app_begin ] --END-- [ RunTime:0.001000s ]
SQL: SHOW COLUMNS FROM `zyyj_class` [ RunTime:0.008000s ]
SQL: SHOW COLUMNS FROM `zyyj_grade` [ RunTime:0.007000s ]
SQL: SELECT `grade_id` FROM `zyyj_grade` WHERE ( name='14' )  [ RunTime:0.001001s ]
SQL: SELECT COUNT(*) AS tp_count FROM `zyyj_class` WHERE ( zyyj_class.grade_id in (1,2) ) LIMIT 1   [ RunTime:0.001000s ]
SQL: SELECT zyyj_department.name dname,zyyj_grade.name gname,zyyj_class.name cname,zyyj_major.name mname,zyyj_class.class_id cid,zyyj_class.comment ccomment FROM `zyyj_class` INNER JOIN zyyj_grade ON zyyj_class.grade_id = zyyj_grade.grade_id INNER JOIN zyyj_department ON zyyj_class.department_id = zyyj_department.department_id INNER JOIN zyyj_major ON zyyj_grade.major_id = zyyj_major.major_id  WHERE ( zyyj_class.grade_id in (1,2) ) LIMIT 0,10   [ RunTime:0.001000s ]
INFO: [ app_end ] --START--
INFO: Run Behavior\ShowPageTraceBehavior [ RunTime:0.001000s ]
INFO: [ app_end ] --END-- [ RunTime:0.001000s ]

[ 2016-07-07T16:05:20+08:00 ] ::1 /zyyj/index.php/Home/Class/Class_list_show
INFO: [ app_begin ] --START--
INFO: Run Behavior\ReadHtmlCacheBehavior [ RunTime:0.001000s ]
INFO: [ app_begin ] --END-- [ RunTime:0.002000s ]
SQL: SHOW COLUMNS FROM `zyyj_class` [ RunTime:0.006001s ]
SQL: SHOW COLUMNS FROM `zyyj_grade` [ RunTime:0.006000s ]
SQL: SELECT `grade_id` FROM `zyyj_grade` WHERE ( name='16' )  [ RunTime:0.001000s ]
NOTIC: [2] Invalid argument supplied for foreach() G:\xampp\htdocs\zyyj\Application\Home\Controller\ClassController.class.php 第 39 行.
SQL: SELECT COUNT(*) AS tp_count FROM `zyyj_class` WHERE ( zyyj_class.grade_id in () ) LIMIT 1   [ RunTime:0.021001s ]
ERR: 1064:You have an error in your SQL syntax; check the manual that corresponds to your MySQL server version for the right syntax to use near ') ) LIMIT 1' at line 1
 [ SQL语句 ] : SELECT COUNT(*) AS tp_count FROM `zyyj_class` WHERE ( zyyj_class.grade_id in () ) LIMIT 1  
SQL: SELECT zyyj_department.name dname,zyyj_grade.name gname,zyyj_class.name cname,zyyj_major.name mname,zyyj_class.class_id cid,zyyj_class.comment ccomment FROM `zyyj_class` INNER JOIN zyyj_grade ON zyyj_class.grade_id = zyyj_grade.grade_id INNER JOIN zyyj_department ON zyyj_class.department_id = zyyj_department.department_id INNER JOIN zyyj_major ON zyyj_grade.major_id = zyyj_major.major_id  WHERE ( zyyj_class.grade_id in () ) LIMIT 0,10   [ RunTime:0.001000s ]
ERR: 1064:You have an error in your SQL syntax; check the manual that corresponds to your MySQL server version for the right syntax to use near ') ) LIMIT 0,10' at line 1
 [ SQL语句 ] : SELECT zyyj_department.name dname,zyyj_grade.name gname,zyyj_class.name cname,zyyj_major.name mname,zyyj_class.class_id cid,zyyj_class.comment ccomment FROM `zyyj_class` INNER JOIN zyyj_grade ON zyyj_class.grade_id = zyyj_grade.grade_id INNER JOIN zyyj_department ON zyyj_class.department_id = zyyj_department.department_id INNER JOIN zyyj_major ON zyyj_grade.major_id = zyyj_major.major_id  WHERE ( zyyj_class.grade_id in () ) LIMIT 0,10  
INFO: [ app_end ] --START--
INFO: Run Behavior\ShowPageTraceBehavior [ RunTime:0.002000s ]
INFO: [ app_end ] --END-- [ RunTime:0.002000s ]

[ 2016-07-07T16:05:25+08:00 ] ::1 /zyyj/index.php/Home/Class/Class_list_show
INFO: [ app_begin ] --START--
INFO: Run Behavior\ReadHtmlCacheBehavior [ RunTime:0.001000s ]
INFO: [ app_begin ] --END-- [ RunTime:0.001000s ]
SQL: SHOW COLUMNS FROM `zyyj_class` [ RunTime:0.007001s ]
SQL: SHOW COLUMNS FROM `zyyj_grade` [ RunTime:0.006000s ]
SQL: SELECT `grade_id` FROM `zyyj_grade` WHERE ( name='15' )  [ RunTime:0.001000s ]
SQL: SELECT COUNT(*) AS tp_count FROM `zyyj_class` WHERE ( zyyj_class.grade_id in (3) ) LIMIT 1   [ RunTime:0.001000s ]
SQL: SELECT zyyj_department.name dname,zyyj_grade.name gname,zyyj_class.name cname,zyyj_major.name mname,zyyj_class.class_id cid,zyyj_class.comment ccomment FROM `zyyj_class` INNER JOIN zyyj_grade ON zyyj_class.grade_id = zyyj_grade.grade_id INNER JOIN zyyj_department ON zyyj_class.department_id = zyyj_department.department_id INNER JOIN zyyj_major ON zyyj_grade.major_id = zyyj_major.major_id  WHERE ( zyyj_class.grade_id in (3) ) LIMIT 0,10   [ RunTime:0.001000s ]
INFO: [ app_end ] --START--
INFO: Run Behavior\ShowPageTraceBehavior [ RunTime:0.002001s ]
INFO: [ app_end ] --END-- [ RunTime:0.002001s ]

[ 2016-07-07T16:32:22+08:00 ] ::1 /zyyj/index.php/Home/Login/Login_get_menu
INFO: [ app_begin ] --START--
INFO: Run Behavior\ReadHtmlCacheBehavior [ RunTime:0.000000s ]
INFO: [ app_begin ] --END-- [ RunTime:0.001000s ]
SQL: SHOW COLUMNS FROM `zyyj_post` [ RunTime:0.018001s ]
SQL: SHOW COLUMNS FROM `zyyj_menu` [ RunTime:0.002001s ]
SQL: SELECT * FROM `zyyj_post` WHERE ( 1 )  [ RunTime:0.001000s ]
SQL: SELECT * FROM `zyyj_menu` WHERE ( `nid` = 0 ) AND ( `id` = 1 )  [ RunTime:0.000000s ]
SQL: SELECT * FROM `zyyj_menu` WHERE ( `nid` = 0 ) AND ( `id` = 2 )  [ RunTime:0.000000s ]
NOTIC: [2] Invalid argument supplied for foreach() G:\xampp\htdocs\zyyj\Application\Home\Controller\LoginController.class.php 第 49 行.
SQL: SELECT * FROM `zyyj_menu` WHERE ( `nid` = 0 ) AND ( `id` = 3 )  [ RunTime:0.001000s ]
SQL: SELECT * FROM `zyyj_menu` WHERE ( `nid` = 0 ) AND ( `id` = 4 )  [ RunTime:0.000000s ]
NOTIC: [2] Invalid argument supplied for foreach() G:\xampp\htdocs\zyyj\Application\Home\Controller\LoginController.class.php 第 49 行.
SQL: SELECT * FROM `zyyj_menu` WHERE ( `nid` = 0 ) AND ( `id` = 5 )  [ RunTime:0.000000s ]
NOTIC: [2] Invalid argument supplied for foreach() G:\xampp\htdocs\zyyj\Application\Home\Controller\LoginController.class.php 第 49 行.
SQL: SELECT * FROM `zyyj_menu` WHERE ( `nid` = 0 ) AND ( `id` = 6 )  [ RunTime:0.000000s ]
NOTIC: [2] Invalid argument supplied for foreach() G:\xampp\htdocs\zyyj\Application\Home\Controller\LoginController.class.php 第 49 行.
SQL: SELECT * FROM `zyyj_menu` WHERE ( `nid` = 0 ) AND ( `id` = 7 )  [ RunTime:0.000000s ]
NOTIC: [2] Invalid argument supplied for foreach() G:\xampp\htdocs\zyyj\Application\Home\Controller\LoginController.class.php 第 49 行.
SQL: SELECT * FROM `zyyj_menu` WHERE ( `nid` = 0 ) AND ( `id` = 8 )  [ RunTime:0.000000s ]
NOTIC: [2] Invalid argument supplied for foreach() G:\xampp\htdocs\zyyj\Application\Home\Controller\LoginController.class.php 第 49 行.
SQL: SELECT * FROM `zyyj_menu` WHERE ( `nid` = 0 ) AND ( `id` = 10 )  [ RunTime:0.000000s ]
NOTIC: [2] Invalid argument supplied for foreach() G:\xampp\htdocs\zyyj\Application\Home\Controller\LoginController.class.php 第 49 行.
SQL: SELECT * FROM `zyyj_menu` WHERE ( `nid` = 0 ) AND ( `id` = 11 )  [ RunTime:0.000000s ]
SQL: SELECT * FROM `zyyj_menu` WHERE ( `nid` = 0 ) AND ( `id` = 12 )  [ RunTime:0.001000s ]
NOTIC: [2] Invalid argument supplied for foreach() G:\xampp\htdocs\zyyj\Application\Home\Controller\LoginController.class.php 第 49 行.
SQL: SELECT * FROM `zyyj_menu` WHERE ( `nid` = 0 ) AND ( `id` = 0 )  [ RunTime:0.000000s ]
NOTIC: [2] Invalid argument supplied for foreach() G:\xampp\htdocs\zyyj\Application\Home\Controller\LoginController.class.php 第 49 行.
INFO: [ app_end ] --START--
INFO: Run Behavior\ShowPageTraceBehavior [ RunTime:0.001000s ]
INFO: [ app_end ] --END-- [ RunTime:0.001000s ]

[ 2016-07-07T16:32:24+08:00 ] ::1 /zyyj/index.php/Home/Login/Login_get_menu
INFO: [ app_begin ] --START--
INFO: Run Behavior\ReadHtmlCacheBehavior [ RunTime:0.001000s ]
INFO: [ app_begin ] --END-- [ RunTime:0.001000s ]
SQL: SHOW COLUMNS FROM `zyyj_post` [ RunTime:0.006000s ]
SQL: SHOW COLUMNS FROM `zyyj_menu` [ RunTime:0.007001s ]
SQL: SELECT * FROM `zyyj_post` WHERE ( 1 )  [ RunTime:0.001000s ]
SQL: SELECT * FROM `zyyj_menu` WHERE ( `nid` = 3 ) AND ( `id` = 1 )  [ RunTime:0.001000s ]
NOTIC: [2] Invalid argument supplied for foreach() G:\xampp\htdocs\zyyj\Application\Home\Controller\LoginController.class.php 第 49 行.
SQL: SELECT * FROM `zyyj_menu` WHERE ( `nid` = 3 ) AND ( `id` = 2 )  [ RunTime:0.001000s ]
NOTIC: [2] Invalid argument supplied for foreach() G:\xampp\htdocs\zyyj\Application\Home\Controller\LoginController.class.php 第 49 行.
SQL: SELECT * FROM `zyyj_menu` WHERE ( `nid` = 3 ) AND ( `id` = 3 )  [ RunTime:0.000000s ]
NOTIC: [2] Invalid argument supplied for foreach() G:\xampp\htdocs\zyyj\Application\Home\Controller\LoginController.class.php 第 49 行.
SQL: SELECT * FROM `zyyj_menu` WHERE ( `nid` = 3 ) AND ( `id` = 4 )  [ RunTime:0.001000s ]
SQL: SELECT * FROM `zyyj_menu` WHERE ( `nid` = 3 ) AND ( `id` = 5 )  [ RunTime:0.001000s ]
SQL: SELECT * FROM `zyyj_menu` WHERE ( `nid` = 3 ) AND ( `id` = 6 )  [ RunTime:0.001000s ]
SQL: SELECT * FROM `zyyj_menu` WHERE ( `nid` = 3 ) AND ( `id` = 7 )  [ RunTime:0.001000s ]
SQL: SELECT * FROM `zyyj_menu` WHERE ( `nid` = 3 ) AND ( `id` = 8 )  [ RunTime:0.001000s ]
SQL: SELECT * FROM `zyyj_menu` WHERE ( `nid` = 3 ) AND ( `id` = 10 )  [ RunTime:0.000000s ]
NOTIC: [2] Invalid argument supplied for foreach() G:\xampp\htdocs\zyyj\Application\Home\Controller\LoginController.class.php 第 49 行.
SQL: SELECT * FROM `zyyj_menu` WHERE ( `nid` = 3 ) AND ( `id` = 11 )  [ RunTime:0.000000s ]
NOTIC: [2] Invalid argument supplied for foreach() G:\xampp\htdocs\zyyj\Application\Home\Controller\LoginController.class.php 第 49 行.
SQL: SELECT * FROM `zyyj_menu` WHERE ( `nid` = 3 ) AND ( `id` = 12 )  [ RunTime:0.001000s ]
NOTIC: [2] Invalid argument supplied for foreach() G:\xampp\htdocs\zyyj\Application\Home\Controller\LoginController.class.php 第 49 行.
SQL: SELECT * FROM `zyyj_menu` WHERE ( `nid` = 3 ) AND ( `id` = 0 )  [ RunTime:0.001000s ]
NOTIC: [2] Invalid argument supplied for foreach() G:\xampp\htdocs\zyyj\Application\Home\Controller\LoginController.class.php 第 49 行.
INFO: [ app_end ] --START--
INFO: Run Behavior\ShowPageTraceBehavior [ RunTime:0.002000s ]
INFO: [ app_end ] --END-- [ RunTime:0.002000s ]

[ 2016-07-07T16:32:24+08:00 ] ::1 /zyyj/index.php/Home/Class/Class_list?_=1467880340833
INFO: [ app_begin ] --START--
INFO: Run Behavior\ReadHtmlCacheBehavior [ RunTime:0.000000s ]
INFO: [ app_begin ] --END-- [ RunTime:0.001000s ]
INFO: [ view_parse ] --START--
INFO: [ template_filter ] --START--
INFO: Run Behavior\ContentReplaceBehavior [ RunTime:0.000000s ]
INFO: [ template_filter ] --END-- [ RunTime:0.000000s ]
INFO: Run Behavior\ParseTemplateBehavior [ RunTime:0.041002s ]
INFO: [ view_parse ] --END-- [ RunTime:0.041002s ]
INFO: [ view_filter ] --START--
INFO: Run Behavior\WriteHtmlCacheBehavior [ RunTime:0.000000s ]
INFO: [ view_filter ] --END-- [ RunTime:0.000000s ]
INFO: [ app_end ] --START--
INFO: Run Behavior\ShowPageTraceBehavior [ RunTime:0.001000s ]
INFO: [ app_end ] --END-- [ RunTime:0.001000s ]

[ 2016-07-07T16:32:26+08:00 ] ::1 /zyyj/index.php/Home/Class/Class_list_show
INFO: [ app_begin ] --START--
INFO: Run Behavior\ReadHtmlCacheBehavior [ RunTime:0.001000s ]
INFO: [ app_begin ] --END-- [ RunTime:0.001000s ]
SQL: SHOW COLUMNS FROM `zyyj_class` [ RunTime:0.003000s ]
SQL: SELECT COUNT(*) AS tp_count FROM `zyyj_class` LIMIT 1   [ RunTime:0.000000s ]
SQL: SELECT zyyj_department.name dname,zyyj_grade.name gname,zyyj_class.name cname,zyyj_major.name mname,zyyj_class.class_id cid,zyyj_class.comment ccomment FROM `zyyj_class` INNER JOIN zyyj_grade ON zyyj_class.grade_id = zyyj_grade.grade_id INNER JOIN zyyj_department ON zyyj_class.department_id = zyyj_department.department_id INNER JOIN zyyj_major ON zyyj_grade.major_id = zyyj_major.major_id  LIMIT 0,10   [ RunTime:0.001000s ]
INFO: [ app_end ] --START--
INFO: Run Behavior\ShowPageTraceBehavior [ RunTime:0.001000s ]
INFO: [ app_end ] --END-- [ RunTime:0.001000s ]

[ 2016-07-07T16:32:27+08:00 ] ::1 /zyyj/index.php/Home/Class/Class_getMajor
INFO: [ app_begin ] --START--
INFO: Run Behavior\ReadHtmlCacheBehavior [ RunTime:0.000000s ]
INFO: [ app_begin ] --END-- [ RunTime:0.001000s ]
SQL: SHOW COLUMNS FROM `zyyj_major` [ RunTime:0.007001s ]
SQL: SELECT * FROM `zyyj_major`  [ RunTime:0.001000s ]
INFO: [ app_end ] --START--
INFO: Run Behavior\ShowPageTraceBehavior [ RunTime:0.003000s ]
INFO: [ app_end ] --END-- [ RunTime:0.003000s ]

[ 2016-07-07T16:32:28+08:00 ] ::1 /zyyj/index.php/Home/Class/Class_getMajor
INFO: [ app_begin ] --START--
INFO: Run Behavior\ReadHtmlCacheBehavior [ RunTime:0.000000s ]
INFO: [ app_begin ] --END-- [ RunTime:0.001001s ]
SQL: SHOW COLUMNS FROM `zyyj_major` [ RunTime:0.008001s ]
SQL: SELECT * FROM `zyyj_major`  [ RunTime:0.000000s ]
INFO: [ app_end ] --START--
INFO: Run Behavior\ShowPageTraceBehavior [ RunTime:0.002000s ]
INFO: [ app_end ] --END-- [ RunTime:0.002000s ]

[ 2016-07-07T16:32:29+08:00 ] ::1 /zyyj/index.php/Home/Class/Class_getMajor
INFO: [ app_begin ] --START--
INFO: Run Behavior\ReadHtmlCacheBehavior [ RunTime:0.001001s ]
INFO: [ app_begin ] --END-- [ RunTime:0.001001s ]
SQL: SHOW COLUMNS FROM `zyyj_major` [ RunTime:0.007000s ]
SQL: SELECT * FROM `zyyj_major`  [ RunTime:0.001000s ]
INFO: [ app_end ] --START--
INFO: Run Behavior\ShowPageTraceBehavior [ RunTime:0.002000s ]
INFO: [ app_end ] --END-- [ RunTime:0.002000s ]

[ 2016-07-07T16:32:30+08:00 ] ::1 /zyyj/index.php/Home/Class/Class_getDepartment
INFO: [ app_begin ] --START--
INFO: Run Behavior\ReadHtmlCacheBehavior [ RunTime:0.001000s ]
INFO: [ app_begin ] --END-- [ RunTime:0.001000s ]
SQL: SHOW COLUMNS FROM `zyyj_department` [ RunTime:0.007000s ]
SQL: SELECT * FROM `zyyj_department`  [ RunTime:0.001000s ]
INFO: [ app_end ] --START--
INFO: Run Behavior\ShowPageTraceBehavior [ RunTime:0.002000s ]
INFO: [ app_end ] --END-- [ RunTime:0.002000s ]

[ 2016-07-07T16:32:31+08:00 ] ::1 /zyyj/index.php/Home/Class/Class_getMajor
INFO: [ app_begin ] --START--
INFO: Run Behavior\ReadHtmlCacheBehavior [ RunTime:0.001000s ]
INFO: [ app_begin ] --END-- [ RunTime:0.002000s ]
SQL: SHOW COLUMNS FROM `zyyj_major` [ RunTime:0.007001s ]
SQL: SELECT * FROM `zyyj_major`  [ RunTime:0.001000s ]
INFO: [ app_end ] --START--
INFO: Run Behavior\ShowPageTraceBehavior [ RunTime:0.002000s ]
INFO: [ app_end ] --END-- [ RunTime:0.002000s ]

[ 2016-07-07T16:32:32+08:00 ] ::1 /zyyj/index.php/Home/Class/Class_getDepartment
INFO: [ app_begin ] --START--
INFO: Run Behavior\ReadHtmlCacheBehavior [ RunTime:0.000000s ]
INFO: [ app_begin ] --END-- [ RunTime:0.002000s ]
SQL: SHOW COLUMNS FROM `zyyj_department` [ RunTime:0.007000s ]
SQL: SELECT * FROM `zyyj_department`  [ RunTime:0.001000s ]
INFO: [ app_end ] --START--
INFO: Run Behavior\ShowPageTraceBehavior [ RunTime:0.002001s ]
INFO: [ app_end ] --END-- [ RunTime:0.002001s ]

[ 2016-07-07T16:32:33+08:00 ] ::1 /zyyj/index.php/Home/Class/Class_list_show
INFO: [ app_begin ] --START--
INFO: Run Behavior\ReadHtmlCacheBehavior [ RunTime:0.001001s ]
INFO: [ app_begin ] --END-- [ RunTime:0.002001s ]
SQL: SHOW COLUMNS FROM `zyyj_class` [ RunTime:0.007000s ]
SQL: SELECT COUNT(*) AS tp_count FROM `zyyj_class` LIMIT 1   [ RunTime:0.001000s ]
SQL: SELECT zyyj_department.name dname,zyyj_grade.name gname,zyyj_class.name cname,zyyj_major.name mname,zyyj_class.class_id cid,zyyj_class.comment ccomment FROM `zyyj_class` INNER JOIN zyyj_grade ON zyyj_class.grade_id = zyyj_grade.grade_id INNER JOIN zyyj_department ON zyyj_class.department_id = zyyj_department.department_id INNER JOIN zyyj_major ON zyyj_grade.major_id = zyyj_major.major_id  LIMIT 0,10   [ RunTime:0.002000s ]
INFO: [ app_end ] --START--
INFO: Run Behavior\ShowPageTraceBehavior [ RunTime:0.002000s ]
INFO: [ app_end ] --END-- [ RunTime:0.002000s ]

[ 2016-07-07T16:32:37+08:00 ] ::1 /zyyj/index.php/Home/Class/Class_list_show
INFO: [ app_begin ] --START--
INFO: Run Behavior\ReadHtmlCacheBehavior [ RunTime:0.000000s ]
INFO: [ app_begin ] --END-- [ RunTime:0.001000s ]
SQL: SHOW COLUMNS FROM `zyyj_class` [ RunTime:0.007000s ]
SQL: SHOW COLUMNS FROM `zyyj_grade` [ RunTime:0.007000s ]
SQL: SELECT `grade_id` FROM `zyyj_grade` WHERE ( name='14' )  [ RunTime:0.001000s ]
SQL: SELECT COUNT(*) AS tp_count FROM `zyyj_class` WHERE ( zyyj_class.grade_id in (1,2) and zyyj_class.department_id = '1' ) LIMIT 1   [ RunTime:0.001000s ]
SQL: SELECT zyyj_department.name dname,zyyj_grade.name gname,zyyj_class.name cname,zyyj_major.name mname,zyyj_class.class_id cid,zyyj_class.comment ccomment FROM `zyyj_class` INNER JOIN zyyj_grade ON zyyj_class.grade_id = zyyj_grade.grade_id INNER JOIN zyyj_department ON zyyj_class.department_id = zyyj_department.department_id INNER JOIN zyyj_major ON zyyj_grade.major_id = zyyj_major.major_id  WHERE ( zyyj_class.grade_id in (1,2) and zyyj_class.department_id = '1' ) LIMIT 0,10   [ RunTime:0.002000s ]
INFO: [ app_end ] --START--
INFO: Run Behavior\ShowPageTraceBehavior [ RunTime:0.002000s ]
INFO: [ app_end ] --END-- [ RunTime:0.002000s ]

[ 2016-07-07T16:32:41+08:00 ] ::1 /zyyj/index.php/Home/Class/Class_list_show
INFO: [ app_begin ] --START--
INFO: Run Behavior\ReadHtmlCacheBehavior [ RunTime:0.001000s ]
INFO: [ app_begin ] --END-- [ RunTime:0.002000s ]
SQL: SHOW COLUMNS FROM `zyyj_class` [ RunTime:0.007001s ]
SQL: SHOW COLUMNS FROM `zyyj_grade` [ RunTime:0.007000s ]
SQL: SELECT `grade_id` FROM `zyyj_grade` WHERE ( name='14' )  [ RunTime:0.001000s ]
SQL: SELECT COUNT(*) AS tp_count FROM `zyyj_class` WHERE ( zyyj_class.grade_id in (1,2) and zyyj_class.department_id = '1' ) LIMIT 1   [ RunTime:0.001000s ]
SQL: SELECT zyyj_department.name dname,zyyj_grade.name gname,zyyj_class.name cname,zyyj_major.name mname,zyyj_class.class_id cid,zyyj_class.comment ccomment FROM `zyyj_class` INNER JOIN zyyj_grade ON zyyj_class.grade_id = zyyj_grade.grade_id INNER JOIN zyyj_department ON zyyj_class.department_id = zyyj_department.department_id INNER JOIN zyyj_major ON zyyj_grade.major_id = zyyj_major.major_id  WHERE ( zyyj_class.grade_id in (1,2) and zyyj_class.department_id = '1' ) LIMIT 10,10   [ RunTime:0.002001s ]
INFO: [ app_end ] --START--
INFO: Run Behavior\ShowPageTraceBehavior [ RunTime:0.002000s ]
INFO: [ app_end ] --END-- [ RunTime:0.002000s ]

[ 2016-07-07T16:32:46+08:00 ] ::1 /zyyj/index.php/Home/Class/Class_list_show
INFO: [ app_begin ] --START--
INFO: Run Behavior\ReadHtmlCacheBehavior [ RunTime:0.001000s ]
INFO: [ app_begin ] --END-- [ RunTime:0.001000s ]
SQL: SHOW COLUMNS FROM `zyyj_class` [ RunTime:0.007000s ]
SQL: SHOW COLUMNS FROM `zyyj_grade` [ RunTime:0.007000s ]
SQL: SELECT `grade_id` FROM `zyyj_grade` WHERE ( name='15' )  [ RunTime:0.001000s ]
SQL: SELECT COUNT(*) AS tp_count FROM `zyyj_class` WHERE ( zyyj_class.grade_id in (3) and zyyj_class.department_id = '1' ) LIMIT 1   [ RunTime:0.001000s ]
SQL: SELECT zyyj_department.name dname,zyyj_grade.name gname,zyyj_class.name cname,zyyj_major.name mname,zyyj_class.class_id cid,zyyj_class.comment ccomment FROM `zyyj_class` INNER JOIN zyyj_grade ON zyyj_class.grade_id = zyyj_grade.grade_id INNER JOIN zyyj_department ON zyyj_class.department_id = zyyj_department.department_id INNER JOIN zyyj_major ON zyyj_grade.major_id = zyyj_major.major_id  WHERE ( zyyj_class.grade_id in (3) and zyyj_class.department_id = '1' ) LIMIT 0,10   [ RunTime:0.001000s ]
INFO: [ app_end ] --START--
INFO: Run Behavior\ShowPageTraceBehavior [ RunTime:0.002000s ]
INFO: [ app_end ] --END-- [ RunTime:0.002000s ]

[ 2016-07-07T16:32:55+08:00 ] ::1 /zyyj/index.php/Home/Class/Class_list_show
INFO: [ app_begin ] --START--
INFO: Run Behavior\ReadHtmlCacheBehavior [ RunTime:0.001000s ]
INFO: [ app_begin ] --END-- [ RunTime:0.001000s ]
SQL: SHOW COLUMNS FROM `zyyj_class` [ RunTime:0.008001s ]
SQL: SHOW COLUMNS FROM `zyyj_grade` [ RunTime:0.008000s ]
SQL: SELECT `grade_id` FROM `zyyj_grade` WHERE ( name='15' )  [ RunTime:0.001000s ]
SQL: SELECT COUNT(*) AS tp_count FROM `zyyj_class` WHERE ( zyyj_class.grade_id in (3) and zyyj_class.department_id = '2' ) LIMIT 1   [ RunTime:0.001000s ]
SQL: SELECT zyyj_department.name dname,zyyj_grade.name gname,zyyj_class.name cname,zyyj_major.name mname,zyyj_class.class_id cid,zyyj_class.comment ccomment FROM `zyyj_class` INNER JOIN zyyj_grade ON zyyj_class.grade_id = zyyj_grade.grade_id INNER JOIN zyyj_department ON zyyj_class.department_id = zyyj_department.department_id INNER JOIN zyyj_major ON zyyj_grade.major_id = zyyj_major.major_id  WHERE ( zyyj_class.grade_id in (3) and zyyj_class.department_id = '2' ) LIMIT 0,10   [ RunTime:0.001000s ]
INFO: [ app_end ] --START--
INFO: Run Behavior\ShowPageTraceBehavior [ RunTime:0.002000s ]
INFO: [ app_end ] --END-- [ RunTime:0.002000s ]

[ 2016-07-07T16:32:59+08:00 ] ::1 /zyyj/index.php/Home/Class/Class_list_show
INFO: [ app_begin ] --START--
INFO: Run Behavior\ReadHtmlCacheBehavior [ RunTime:0.000000s ]
INFO: [ app_begin ] --END-- [ RunTime:0.001000s ]
SQL: SHOW COLUMNS FROM `zyyj_class` [ RunTime:0.007001s ]
SQL: SHOW COLUMNS FROM `zyyj_grade` [ RunTime:0.005000s ]
SQL: SELECT `grade_id` FROM `zyyj_grade` WHERE ( name='14' )  [ RunTime:0.001000s ]
SQL: SELECT COUNT(*) AS tp_count FROM `zyyj_class` WHERE ( zyyj_class.grade_id in (1,2) and zyyj_class.department_id = '2' ) LIMIT 1   [ RunTime:0.001000s ]
SQL: SELECT zyyj_department.name dname,zyyj_grade.name gname,zyyj_class.name cname,zyyj_major.name mname,zyyj_class.class_id cid,zyyj_class.comment ccomment FROM `zyyj_class` INNER JOIN zyyj_grade ON zyyj_class.grade_id = zyyj_grade.grade_id INNER JOIN zyyj_department ON zyyj_class.department_id = zyyj_department.department_id INNER JOIN zyyj_major ON zyyj_grade.major_id = zyyj_major.major_id  WHERE ( zyyj_class.grade_id in (1,2) and zyyj_class.department_id = '2' ) LIMIT 0,10   [ RunTime:0.001000s ]
INFO: [ app_end ] --START--
INFO: Run Behavior\ShowPageTraceBehavior [ RunTime:0.001000s ]
INFO: [ app_end ] --END-- [ RunTime:0.001000s ]

[ 2016-07-07T16:33:44+08:00 ] ::1 /zyyj/index.php/Home/Class/Class_list_show
INFO: [ app_begin ] --START--
INFO: Run Behavior\ReadHtmlCacheBehavior [ RunTime:0.001000s ]
INFO: [ app_begin ] --END-- [ RunTime:0.001000s ]
SQL: SHOW COLUMNS FROM `zyyj_class` [ RunTime:0.007000s ]
SQL: SHOW COLUMNS FROM `zyyj_grade` [ RunTime:0.007001s ]
SQL: SELECT `grade_id` FROM `zyyj_grade` WHERE ( name='14' )  [ RunTime:0.001000s ]
SQL: SELECT COUNT(*) AS tp_count FROM `zyyj_class` WHERE ( zyyj_class.grade_id in (1,2) and zyyj_class.department_id = '2' ) LIMIT 1   [ RunTime:0.001000s ]
SQL: SELECT zyyj_department.name dname,zyyj_grade.name gname,zyyj_class.name cname,zyyj_major.name mname,zyyj_class.class_id cid,zyyj_class.comment ccomment FROM `zyyj_class` INNER JOIN zyyj_grade ON zyyj_class.grade_id = zyyj_grade.grade_id INNER JOIN zyyj_department ON zyyj_class.department_id = zyyj_department.department_id INNER JOIN zyyj_major ON zyyj_grade.major_id = zyyj_major.major_id  WHERE ( zyyj_class.grade_id in (1,2) and zyyj_class.department_id = '2' ) LIMIT 0,10   [ RunTime:0.002000s ]
INFO: [ app_end ] --START--
INFO: Run Behavior\ShowPageTraceBehavior [ RunTime:0.002000s ]
INFO: [ app_end ] --END-- [ RunTime:0.002000s ]

[ 2016-07-07T16:33:48+08:00 ] ::1 /zyyj/index.php/Home/Class/Class_list_show
INFO: [ app_begin ] --START--
INFO: Run Behavior\ReadHtmlCacheBehavior [ RunTime:0.001000s ]
INFO: [ app_begin ] --END-- [ RunTime:0.001000s ]
SQL: SHOW COLUMNS FROM `zyyj_class` [ RunTime:0.007000s ]
SQL: SHOW COLUMNS FROM `zyyj_grade` [ RunTime:0.007000s ]
SQL: SELECT `grade_id` FROM `zyyj_grade` WHERE ( name='14' )  [ RunTime:0.001000s ]
SQL: SELECT COUNT(*) AS tp_count FROM `zyyj_class` WHERE ( zyyj_class.grade_id in (1,2) and zyyj_class.department_id = '1' ) LIMIT 1   [ RunTime:0.001000s ]
SQL: SELECT zyyj_department.name dname,zyyj_grade.name gname,zyyj_class.name cname,zyyj_major.name mname,zyyj_class.class_id cid,zyyj_class.comment ccomment FROM `zyyj_class` INNER JOIN zyyj_grade ON zyyj_class.grade_id = zyyj_grade.grade_id INNER JOIN zyyj_department ON zyyj_class.department_id = zyyj_department.department_id INNER JOIN zyyj_major ON zyyj_grade.major_id = zyyj_major.major_id  WHERE ( zyyj_class.grade_id in (1,2) and zyyj_class.department_id = '1' ) LIMIT 0,10   [ RunTime:0.001000s ]
INFO: [ app_end ] --START--
INFO: Run Behavior\ShowPageTraceBehavior [ RunTime:0.002000s ]
INFO: [ app_end ] --END-- [ RunTime:0.002000s ]

[ 2016-07-07T16:33:51+08:00 ] ::1 /zyyj/index.php/Home/Class/Class_getGrade/id/1
INFO: [ app_begin ] --START--
INFO: Run Behavior\ReadHtmlCacheBehavior [ RunTime:0.001001s ]
INFO: [ app_begin ] --END-- [ RunTime:0.002001s ]
SQL: SHOW COLUMNS FROM `zyyj_grade` [ RunTime:0.007000s ]
SQL: SELECT * FROM `zyyj_grade` WHERE ( major_id=1 )  [ RunTime:0.001000s ]
INFO: [ app_end ] --START--
INFO: Run Behavior\ShowPageTraceBehavior [ RunTime:0.002000s ]
INFO: [ app_end ] --END-- [ RunTime:0.002000s ]

[ 2016-07-07T16:33:53+08:00 ] ::1 /zyyj/index.php/Home/Class/Class_list_show
INFO: [ app_begin ] --START--
INFO: Run Behavior\ReadHtmlCacheBehavior [ RunTime:0.001000s ]
INFO: [ app_begin ] --END-- [ RunTime:0.001000s ]
SQL: SHOW COLUMNS FROM `zyyj_class` [ RunTime:0.007000s ]
SQL: SELECT COUNT(*) AS tp_count FROM `zyyj_class` WHERE ( zyyj_class.grade_id = '1' and zyyj_class.department_id = '1' ) LIMIT 1   [ RunTime:0.000000s ]
SQL: SELECT zyyj_department.name dname,zyyj_grade.name gname,zyyj_class.name cname,zyyj_major.name mname,zyyj_class.class_id cid,zyyj_class.comment ccomment FROM `zyyj_class` INNER JOIN zyyj_grade ON zyyj_class.grade_id = zyyj_grade.grade_id INNER JOIN zyyj_department ON zyyj_class.department_id = zyyj_department.department_id INNER JOIN zyyj_major ON zyyj_grade.major_id = zyyj_major.major_id  WHERE ( zyyj_class.grade_id = '1' and zyyj_class.department_id = '1' ) LIMIT 0,10   [ RunTime:0.001000s ]
INFO: [ app_end ] --START--
INFO: Run Behavior\ShowPageTraceBehavior [ RunTime:0.002000s ]
INFO: [ app_end ] --END-- [ RunTime:0.002000s ]

[ 2016-07-07T16:33:58+08:00 ] ::1 /zyyj/index.php/Home/Class/Class_list_show
INFO: [ app_begin ] --START--
INFO: Run Behavior\ReadHtmlCacheBehavior [ RunTime:0.001000s ]
INFO: [ app_begin ] --END-- [ RunTime:0.001000s ]
SQL: SHOW COLUMNS FROM `zyyj_class` [ RunTime:0.007000s ]
SQL: SHOW COLUMNS FROM `zyyj_grade` [ RunTime:0.006001s ]
SQL: SELECT `grade_id` FROM `zyyj_grade` WHERE ( name='14' )  [ RunTime:0.001000s ]
SQL: SELECT COUNT(*) AS tp_count FROM `zyyj_class` WHERE ( zyyj_class.grade_id in (1,2) and zyyj_class.department_id = '1' ) LIMIT 1   [ RunTime:0.001000s ]
SQL: SELECT zyyj_department.name dname,zyyj_grade.name gname,zyyj_class.name cname,zyyj_major.name mname,zyyj_class.class_id cid,zyyj_class.comment ccomment FROM `zyyj_class` INNER JOIN zyyj_grade ON zyyj_class.grade_id = zyyj_grade.grade_id INNER JOIN zyyj_department ON zyyj_class.department_id = zyyj_department.department_id INNER JOIN zyyj_major ON zyyj_grade.major_id = zyyj_major.major_id  WHERE ( zyyj_class.grade_id in (1,2) and zyyj_class.department_id = '1' ) LIMIT 0,10   [ RunTime:0.001000s ]
INFO: [ app_end ] --START--
INFO: Run Behavior\ShowPageTraceBehavior [ RunTime:0.002000s ]
INFO: [ app_end ] --END-- [ RunTime:0.002000s ]

[ 2016-07-07T16:34:01+08:00 ] ::1 /zyyj/index.php/Home/Class/Class_getGrade/id/2
INFO: [ app_begin ] --START--
INFO: Run Behavior\ReadHtmlCacheBehavior [ RunTime:0.000000s ]
INFO: [ app_begin ] --END-- [ RunTime:0.001000s ]
SQL: SHOW COLUMNS FROM `zyyj_grade` [ RunTime:0.002000s ]
SQL: SELECT * FROM `zyyj_grade` WHERE ( major_id=2 )  [ RunTime:0.001000s ]
INFO: [ app_end ] --START--
INFO: Run Behavior\ShowPageTraceBehavior [ RunTime:0.000000s ]
INFO: [ app_end ] --END-- [ RunTime:0.000000s ]

[ 2016-07-07T16:34:03+08:00 ] ::1 /zyyj/index.php/Home/Class/Class_list_show
INFO: [ app_begin ] --START--
INFO: Run Behavior\ReadHtmlCacheBehavior [ RunTime:0.000000s ]
INFO: [ app_begin ] --END-- [ RunTime:0.000000s ]
SQL: SHOW COLUMNS FROM `zyyj_class` [ RunTime:0.008000s ]
SQL: SHOW COLUMNS FROM `zyyj_grade` [ RunTime:0.008001s ]
SQL: SELECT `grade_id` FROM `zyyj_grade` WHERE ( major_id='2' )  [ RunTime:0.001000s ]
SQL: SELECT COUNT(*) AS tp_count FROM `zyyj_class` WHERE ( zyyj_class.grade_id in (2) and zyyj_class.department_id = '1' ) LIMIT 1   [ RunTime:0.001000s ]
SQL: SELECT zyyj_department.name dname,zyyj_grade.name gname,zyyj_class.name cname,zyyj_major.name mname,zyyj_class.class_id cid,zyyj_class.comment ccomment FROM `zyyj_class` INNER JOIN zyyj_grade ON zyyj_class.grade_id = zyyj_grade.grade_id INNER JOIN zyyj_department ON zyyj_class.department_id = zyyj_department.department_id INNER JOIN zyyj_major ON zyyj_grade.major_id = zyyj_major.major_id  WHERE ( zyyj_class.grade_id in (2) and zyyj_class.department_id = '1' ) LIMIT 0,10   [ RunTime:0.001000s ]
INFO: [ app_end ] --START--
INFO: Run Behavior\ShowPageTraceBehavior [ RunTime:0.002000s ]
INFO: [ app_end ] --END-- [ RunTime:0.002000s ]

[ 2016-07-07T16:34:08+08:00 ] ::1 /zyyj/index.php/Home/Class/Class_list_show
INFO: [ app_begin ] --START--
INFO: Run Behavior\ReadHtmlCacheBehavior [ RunTime:0.001000s ]
INFO: [ app_begin ] --END-- [ RunTime:0.002000s ]
SQL: SHOW COLUMNS FROM `zyyj_class` [ RunTime:0.008000s ]
SQL: SELECT COUNT(*) AS tp_count FROM `zyyj_class` WHERE ( zyyj_class.grade_id = '2' and zyyj_class.department_id = '1' ) LIMIT 1   [ RunTime:0.001000s ]
SQL: SELECT zyyj_department.name dname,zyyj_grade.name gname,zyyj_class.name cname,zyyj_major.name mname,zyyj_class.class_id cid,zyyj_class.comment ccomment FROM `zyyj_class` INNER JOIN zyyj_grade ON zyyj_class.grade_id = zyyj_grade.grade_id INNER JOIN zyyj_department ON zyyj_class.department_id = zyyj_department.department_id INNER JOIN zyyj_major ON zyyj_grade.major_id = zyyj_major.major_id  WHERE ( zyyj_class.grade_id = '2' and zyyj_class.department_id = '1' ) LIMIT 0,10   [ RunTime:0.002000s ]
INFO: [ app_end ] --START--
INFO: Run Behavior\ShowPageTraceBehavior [ RunTime:0.002000s ]
INFO: [ app_end ] --END-- [ RunTime:0.002000s ]

[ 2016-07-07T16:34:12+08:00 ] ::1 /zyyj/index.php/Home/Class/Class_list_show
INFO: [ app_begin ] --START--
INFO: Run Behavior\ReadHtmlCacheBehavior [ RunTime:0.001000s ]
INFO: [ app_begin ] --END-- [ RunTime:0.002000s ]
SQL: SHOW COLUMNS FROM `zyyj_class` [ RunTime:0.007000s ]
SQL: SELECT COUNT(*) AS tp_count FROM `zyyj_class` WHERE ( zyyj_class.grade_id = '15' and zyyj_class.department_id = '1' ) LIMIT 1   [ RunTime:0.001001s ]
SQL: SELECT zyyj_department.name dname,zyyj_grade.name gname,zyyj_class.name cname,zyyj_major.name mname,zyyj_class.class_id cid,zyyj_class.comment ccomment FROM `zyyj_class` INNER JOIN zyyj_grade ON zyyj_class.grade_id = zyyj_grade.grade_id INNER JOIN zyyj_department ON zyyj_class.department_id = zyyj_department.department_id INNER JOIN zyyj_major ON zyyj_grade.major_id = zyyj_major.major_id  WHERE ( zyyj_class.grade_id = '15' and zyyj_class.department_id = '1' ) LIMIT 0,10   [ RunTime:0.001000s ]
INFO: [ app_end ] --START--
INFO: Run Behavior\ShowPageTraceBehavior [ RunTime:0.002000s ]
INFO: [ app_end ] --END-- [ RunTime:0.002000s ]

[ 2016-07-07T16:34:18+08:00 ] ::1 /zyyj/index.php/Home/Class/Class_list_show
INFO: [ app_begin ] --START--
INFO: Run Behavior\ReadHtmlCacheBehavior [ RunTime:0.001001s ]
INFO: [ app_begin ] --END-- [ RunTime:0.001001s ]
SQL: SHOW COLUMNS FROM `zyyj_class` [ RunTime:0.007001s ]
SQL: SELECT COUNT(*) AS tp_count FROM `zyyj_class` WHERE ( zyyj_class.grade_id = '15' and zyyj_class.department_id = '2' ) LIMIT 1   [ RunTime:0.000000s ]
SQL: SELECT zyyj_department.name dname,zyyj_grade.name gname,zyyj_class.name cname,zyyj_major.name mname,zyyj_class.class_id cid,zyyj_class.comment ccomment FROM `zyyj_class` INNER JOIN zyyj_grade ON zyyj_class.grade_id = zyyj_grade.grade_id INNER JOIN zyyj_department ON zyyj_class.department_id = zyyj_department.department_id INNER JOIN zyyj_major ON zyyj_grade.major_id = zyyj_major.major_id  WHERE ( zyyj_class.grade_id = '15' and zyyj_class.department_id = '2' ) LIMIT 0,10   [ RunTime:0.001000s ]
INFO: [ app_end ] --START--
INFO: Run Behavior\ShowPageTraceBehavior [ RunTime:0.002000s ]
INFO: [ app_end ] --END-- [ RunTime:0.002000s ]

[ 2016-07-07T17:23:27+08:00 ] ::1 /zyyj/index.php/Home/Class/Class_list_show
INFO: [ app_begin ] --START--
INFO: Run Behavior\ReadHtmlCacheBehavior [ RunTime:0.016001s ]
INFO: [ app_begin ] --END-- [ RunTime:0.018001s ]
SQL: SHOW COLUMNS FROM `zyyj_class` [ RunTime:0.039002s ]
SQL: SELECT COUNT(*) AS tp_count FROM `zyyj_class` LIMIT 1   [ RunTime:0.001000s ]
SQL: SELECT zyyj_department.name dname,zyyj_grade.name gname,zyyj_class.name cname,zyyj_major.name mname,zyyj_class.class_id cid,zyyj_class.comment ccomment FROM `zyyj_class` INNER JOIN zyyj_grade ON zyyj_class.grade_id = zyyj_grade.grade_id INNER JOIN zyyj_department ON zyyj_class.department_id = zyyj_department.department_id INNER JOIN zyyj_major ON zyyj_grade.major_id = zyyj_major.major_id  LIMIT 0,10   [ RunTime:0.004001s ]
INFO: [ app_end ] --START--
INFO: Run Behavior\ShowPageTraceBehavior [ RunTime:0.003000s ]
INFO: [ app_end ] --END-- [ RunTime:0.003000s ]

