[ 2016-07-09T14:42:15+08:00 ] ::1 /zyyj/index.php/Home/Login/Login_login
INFO: [ app_begin ] --START--
INFO: Run Behavior\ReadHtmlCacheBehavior [ RunTime:0.015600s ]
INFO: [ app_begin ] --END-- [ RunTime:0.015600s ]
SQL: SHOW COLUMNS FROM `zyyj_user` [ RunTime:0.046800s ]
SQL: SELECT * FROM `zyyj_user` WHERE ( `name` = 'admin' )  [ RunTime:0.000000s ]

[ 2016-07-09T14:42:18+08:00 ] ::1 /zyyj/index.php/Home/Login/Login_login
INFO: [ app_begin ] --START--
INFO: Run Behavior\ReadHtmlCacheBehavior [ RunTime:0.000000s ]
INFO: [ app_begin ] --END-- [ RunTime:0.001000s ]
SQL: SHOW COLUMNS FROM `zyyj_user` [ RunTime:0.000000s ]
SQL: SELECT * FROM `zyyj_user` WHERE ( `name` = 'admin' )  [ RunTime:0.000000s ]

[ 2016-07-09T14:42:20+08:00 ] ::1 /zyyj/index.php/Home/Login/Login_get_menu
INFO: [ app_begin ] --START--
INFO: Run Behavior\ReadHtmlCacheBehavior [ RunTime:0.000000s ]
INFO: [ app_begin ] --END-- [ RunTime:0.000000s ]
SQL: SHOW COLUMNS FROM `zyyj_post` [ RunTime:0.078001s ]
SQL: SHOW COLUMNS FROM `zyyj_menu` [ RunTime:0.015600s ]
SQL: SELECT * FROM `zyyj_post` WHERE ( 1 )  [ RunTime:0.000000s ]
SQL: SELECT * FROM `zyyj_menu` WHERE ( `nid` = 0 ) AND ( `id` = 1 )  [ RunTime:0.000000s ]
SQL: SELECT * FROM `zyyj_menu` WHERE ( `nid` = 0 ) AND ( `id` = 2 )  [ RunTime:0.000000s ]
NOTIC: [2] Invalid argument supplied for foreach() G:\xampp\htdocs\zyyj\Application\Home\Controller\LoginController.class.php 第 49 行.
SQL: SELECT * FROM `zyyj_menu` WHERE ( `nid` = 0 ) AND ( `id` = 3 )  [ RunTime:0.000000s ]
SQL: SELECT * FROM `zyyj_menu` WHERE ( `nid` = 0 ) AND ( `id` = 4 )  [ RunTime:0.000000s ]
NOTIC: [2] Invalid argument supplied for foreach() G:\xampp\htdocs\zyyj\Application\Home\Controller\LoginController.class.php 第 49 行.
SQL: SELECT * FROM `zyyj_menu` WHERE ( `nid` = 0 ) AND ( `id` = 5 )  [ RunTime:0.000000s ]
NOTIC: [2] Invalid argument supplied for foreach() G:\xampp\htdocs\zyyj\Application\Home\Controller\LoginController.class.php 第 49 行.
SQL: SELECT * FROM `zyyj_menu` WHERE ( `nid` = 0 ) AND ( `id` = 6 )  [ RunTime:0.000000s ]
NOTIC: [2] Invalid argument supplied for foreach() G:\xampp\htdocs\zyyj\Application\Home\Controller\LoginController.class.php 第 49 行.
SQL: SELECT * FROM `zyyj_menu` WHERE ( `nid` = 0 ) AND ( `id` = 7 )  [ RunTime:0.015600s ]
NOTIC: [2] Invalid argument supplied for foreach() G:\xampp\htdocs\zyyj\Application\Home\Controller\LoginController.class.php 第 49 行.
SQL: SELECT * FROM `zyyj_menu` WHERE ( `nid` = 0 ) AND ( `id` = 8 )  [ RunTime:0.000000s ]
NOTIC: [2] Invalid argument supplied for foreach() G:\xampp\htdocs\zyyj\Application\Home\Controller\LoginController.class.php 第 49 行.
SQL: SELECT * FROM `zyyj_menu` WHERE ( `nid` = 0 ) AND ( `id` = 10 )  [ RunTime:0.000000s ]
NOTIC: [2] Invalid argument supplied for foreach() G:\xampp\htdocs\zyyj\Application\Home\Controller\LoginController.class.php 第 49 行.
SQL: SELECT * FROM `zyyj_menu` WHERE ( `nid` = 0 ) AND ( `id` = 11 )  [ RunTime:0.000000s ]
SQL: SELECT * FROM `zyyj_menu` WHERE ( `nid` = 0 ) AND ( `id` = 12 )  [ RunTime:0.000000s ]
NOTIC: [2] Invalid argument supplied for foreach() G:\xampp\htdocs\zyyj\Application\Home\Controller\LoginController.class.php 第 49 行.
SQL: SELECT * FROM `zyyj_menu` WHERE ( `nid` = 0 ) AND ( `id` = 0 )  [ RunTime:0.000000s ]
NOTIC: [2] Invalid argument supplied for foreach() G:\xampp\htdocs\zyyj\Application\Home\Controller\LoginController.class.php 第 49 行.
INFO: [ app_end ] --START--
INFO: Run Behavior\ShowPageTraceBehavior [ RunTime:0.000000s ]
INFO: [ app_end ] --END-- [ RunTime:0.000000s ]

[ 2016-07-09T14:42:22+08:00 ] ::1 /zyyj/index.php/Home/Login/Login_get_menu
INFO: [ app_begin ] --START--
INFO: Run Behavior\ReadHtmlCacheBehavior [ RunTime:0.001000s ]
INFO: [ app_begin ] --END-- [ RunTime:0.001000s ]
SQL: SHOW COLUMNS FROM `zyyj_post` [ RunTime:0.000000s ]
SQL: SHOW COLUMNS FROM `zyyj_menu` [ RunTime:0.015600s ]
SQL: SELECT * FROM `zyyj_post` WHERE ( 1 )  [ RunTime:0.000000s ]
SQL: SELECT * FROM `zyyj_menu` WHERE ( `nid` = 3 ) AND ( `id` = 1 )  [ RunTime:0.000000s ]
NOTIC: [2] Invalid argument supplied for foreach() G:\xampp\htdocs\zyyj\Application\Home\Controller\LoginController.class.php 第 49 行.
SQL: SELECT * FROM `zyyj_menu` WHERE ( `nid` = 3 ) AND ( `id` = 2 )  [ RunTime:0.000000s ]
NOTIC: [2] Invalid argument supplied for foreach() G:\xampp\htdocs\zyyj\Application\Home\Controller\LoginController.class.php 第 49 行.
SQL: SELECT * FROM `zyyj_menu` WHERE ( `nid` = 3 ) AND ( `id` = 3 )  [ RunTime:0.000000s ]
NOTIC: [2] Invalid argument supplied for foreach() G:\xampp\htdocs\zyyj\Application\Home\Controller\LoginController.class.php 第 49 行.
SQL: SELECT * FROM `zyyj_menu` WHERE ( `nid` = 3 ) AND ( `id` = 4 )  [ RunTime:0.000000s ]
SQL: SELECT * FROM `zyyj_menu` WHERE ( `nid` = 3 ) AND ( `id` = 5 )  [ RunTime:0.000000s ]
SQL: SELECT * FROM `zyyj_menu` WHERE ( `nid` = 3 ) AND ( `id` = 6 )  [ RunTime:0.000000s ]
SQL: SELECT * FROM `zyyj_menu` WHERE ( `nid` = 3 ) AND ( `id` = 7 )  [ RunTime:0.000000s ]
SQL: SELECT * FROM `zyyj_menu` WHERE ( `nid` = 3 ) AND ( `id` = 8 )  [ RunTime:0.000000s ]
SQL: SELECT * FROM `zyyj_menu` WHERE ( `nid` = 3 ) AND ( `id` = 10 )  [ RunTime:0.000000s ]
NOTIC: [2] Invalid argument supplied for foreach() G:\xampp\htdocs\zyyj\Application\Home\Controller\LoginController.class.php 第 49 行.
SQL: SELECT * FROM `zyyj_menu` WHERE ( `nid` = 3 ) AND ( `id` = 11 )  [ RunTime:0.000000s ]
NOTIC: [2] Invalid argument supplied for foreach() G:\xampp\htdocs\zyyj\Application\Home\Controller\LoginController.class.php 第 49 行.
SQL: SELECT * FROM `zyyj_menu` WHERE ( `nid` = 3 ) AND ( `id` = 12 )  [ RunTime:0.000000s ]
NOTIC: [2] Invalid argument supplied for foreach() G:\xampp\htdocs\zyyj\Application\Home\Controller\LoginController.class.php 第 49 行.
SQL: SELECT * FROM `zyyj_menu` WHERE ( `nid` = 3 ) AND ( `id` = 0 )  [ RunTime:0.000000s ]
NOTIC: [2] Invalid argument supplied for foreach() G:\xampp\htdocs\zyyj\Application\Home\Controller\LoginController.class.php 第 49 行.
INFO: [ app_end ] --START--
INFO: Run Behavior\ShowPageTraceBehavior [ RunTime:0.000000s ]
INFO: [ app_end ] --END-- [ RunTime:0.000000s ]

[ 2016-07-09T14:42:23+08:00 ] ::1 /zyyj/index.php/Home/Class/Class_list?_=1468046539144
INFO: [ app_begin ] --START--
INFO: Run Behavior\ReadHtmlCacheBehavior [ RunTime:0.000000s ]
INFO: [ app_begin ] --END-- [ RunTime:0.001000s ]
INFO: [ view_parse ] --START--
INFO: [ template_filter ] --START--
INFO: Run Behavior\ContentReplaceBehavior [ RunTime:0.000000s ]
INFO: [ template_filter ] --END-- [ RunTime:0.000000s ]
INFO: Run Behavior\ParseTemplateBehavior [ RunTime:0.029002s ]
INFO: [ view_parse ] --END-- [ RunTime:0.029002s ]
INFO: [ view_filter ] --START--
INFO: Run Behavior\WriteHtmlCacheBehavior [ RunTime:0.000000s ]
INFO: [ view_filter ] --END-- [ RunTime:0.000000s ]
INFO: [ app_end ] --START--
INFO: Run Behavior\ShowPageTraceBehavior [ RunTime:0.001000s ]
INFO: [ app_end ] --END-- [ RunTime:0.001000s ]

[ 2016-07-09T14:42:25+08:00 ] ::1 /zyyj/index.php/Home/Class/Class_list_show
INFO: [ app_begin ] --START--
INFO: Run Behavior\ReadHtmlCacheBehavior [ RunTime:0.001000s ]
INFO: [ app_begin ] --END-- [ RunTime:0.001000s ]
SQL: SHOW COLUMNS FROM `zyyj_class` [ RunTime:0.041602s ]
SQL: SELECT COUNT(*) AS tp_count FROM `zyyj_class` LIMIT 1   [ RunTime:0.000000s ]
SQL: SELECT zyyj_department.name dname,zyyj_grade.name gname,zyyj_class.name cname,zyyj_major.name mname,zyyj_class.class_id cid,zyyj_class.comment ccomment FROM `zyyj_class` INNER JOIN zyyj_grade ON zyyj_class.grade_id = zyyj_grade.grade_id INNER JOIN zyyj_department ON zyyj_class.department_id = zyyj_department.department_id INNER JOIN zyyj_major ON zyyj_grade.major_id = zyyj_major.major_id  LIMIT 0,10   [ RunTime:0.095600s ]
INFO: [ app_end ] --START--
INFO: Run Behavior\ShowPageTraceBehavior [ RunTime:0.000000s ]
INFO: [ app_end ] --END-- [ RunTime:0.000000s ]

[ 2016-07-09T14:42:26+08:00 ] ::1 /zyyj/index.php/Home/Class/Class_getMajor
INFO: [ app_begin ] --START--
INFO: Run Behavior\ReadHtmlCacheBehavior [ RunTime:0.000000s ]
INFO: [ app_begin ] --END-- [ RunTime:0.000000s ]
SQL: SHOW COLUMNS FROM `zyyj_major` [ RunTime:0.000000s ]
SQL: SELECT * FROM `zyyj_major`  [ RunTime:0.000000s ]
INFO: [ app_end ] --START--
INFO: Run Behavior\ShowPageTraceBehavior [ RunTime:0.000000s ]
INFO: [ app_end ] --END-- [ RunTime:0.000000s ]

[ 2016-07-09T14:42:27+08:00 ] ::1 /zyyj/index.php/Home/Class/Class_getMajor
INFO: [ app_begin ] --START--
INFO: Run Behavior\ReadHtmlCacheBehavior [ RunTime:0.001000s ]
INFO: [ app_begin ] --END-- [ RunTime:0.001000s ]
SQL: SHOW COLUMNS FROM `zyyj_major` [ RunTime:0.000000s ]
SQL: SELECT * FROM `zyyj_major`  [ RunTime:0.000000s ]
INFO: [ app_end ] --START--
INFO: Run Behavior\ShowPageTraceBehavior [ RunTime:0.000000s ]
INFO: [ app_end ] --END-- [ RunTime:0.000000s ]

[ 2016-07-09T14:42:28+08:00 ] ::1 /zyyj/index.php/Home/Class/Class_getMajor
INFO: [ app_begin ] --START--
INFO: Run Behavior\ReadHtmlCacheBehavior [ RunTime:0.001000s ]
INFO: [ app_begin ] --END-- [ RunTime:0.001000s ]
SQL: SHOW COLUMNS FROM `zyyj_major` [ RunTime:0.006000s ]
SQL: SELECT * FROM `zyyj_major`  [ RunTime:0.001000s ]
INFO: [ app_end ] --START--
INFO: Run Behavior\ShowPageTraceBehavior [ RunTime:0.002000s ]
INFO: [ app_end ] --END-- [ RunTime:0.002000s ]

[ 2016-07-09T14:42:29+08:00 ] ::1 /zyyj/index.php/Home/Class/Class_getMajor
INFO: [ app_begin ] --START--
INFO: Run Behavior\ReadHtmlCacheBehavior [ RunTime:0.001000s ]
INFO: [ app_begin ] --END-- [ RunTime:0.001000s ]
SQL: SHOW COLUMNS FROM `zyyj_major` [ RunTime:0.000000s ]
SQL: SELECT * FROM `zyyj_major`  [ RunTime:0.000000s ]
INFO: [ app_end ] --START--
INFO: Run Behavior\ShowPageTraceBehavior [ RunTime:0.000000s ]
INFO: [ app_end ] --END-- [ RunTime:0.000000s ]

[ 2016-07-09T14:42:30+08:00 ] ::1 /zyyj/index.php/Home/Class/Class_getDepartment
INFO: [ app_begin ] --START--
INFO: Run Behavior\ReadHtmlCacheBehavior [ RunTime:0.000000s ]
INFO: [ app_begin ] --END-- [ RunTime:0.001000s ]
SQL: SHOW COLUMNS FROM `zyyj_department` [ RunTime:0.000000s ]
SQL: SELECT * FROM `zyyj_department`  [ RunTime:0.000000s ]
INFO: [ app_end ] --START--
INFO: Run Behavior\ShowPageTraceBehavior [ RunTime:0.000000s ]
INFO: [ app_end ] --END-- [ RunTime:0.000000s ]

[ 2016-07-09T14:42:31+08:00 ] ::1 /zyyj/index.php/Home/Class/Class_getDepartment
INFO: [ app_begin ] --START--
INFO: Run Behavior\ReadHtmlCacheBehavior [ RunTime:0.000000s ]
INFO: [ app_begin ] --END-- [ RunTime:0.000000s ]
SQL: SHOW COLUMNS FROM `zyyj_department` [ RunTime:0.000000s ]
SQL: SELECT * FROM `zyyj_department`  [ RunTime:0.000000s ]
INFO: [ app_end ] --START--
INFO: Run Behavior\ShowPageTraceBehavior [ RunTime:0.000000s ]
INFO: [ app_end ] --END-- [ RunTime:0.000000s ]

[ 2016-07-09T14:42:32+08:00 ] ::1 /zyyj/index.php/Home/Class/Class_list_show
INFO: [ app_begin ] --START--
INFO: Run Behavior\ReadHtmlCacheBehavior [ RunTime:0.000000s ]
INFO: [ app_begin ] --END-- [ RunTime:0.000000s ]
SQL: SHOW COLUMNS FROM `zyyj_class` [ RunTime:0.000000s ]
SQL: SELECT COUNT(*) AS tp_count FROM `zyyj_class` LIMIT 1   [ RunTime:0.000000s ]
SQL: SELECT zyyj_department.name dname,zyyj_grade.name gname,zyyj_class.name cname,zyyj_major.name mname,zyyj_class.class_id cid,zyyj_class.comment ccomment FROM `zyyj_class` INNER JOIN zyyj_grade ON zyyj_class.grade_id = zyyj_grade.grade_id INNER JOIN zyyj_department ON zyyj_class.department_id = zyyj_department.department_id INNER JOIN zyyj_major ON zyyj_grade.major_id = zyyj_major.major_id  LIMIT 0,10   [ RunTime:0.000000s ]
INFO: [ app_end ] --START--
INFO: Run Behavior\ShowPageTraceBehavior [ RunTime:0.000000s ]
INFO: [ app_end ] --END-- [ RunTime:0.000000s ]

[ 2016-07-09T14:42:33+08:00 ] ::1 /zyyj/index.php/Home/Class/Class_getGrade/id/1
INFO: [ app_begin ] --START--
INFO: Run Behavior\ReadHtmlCacheBehavior [ RunTime:0.001000s ]
INFO: [ app_begin ] --END-- [ RunTime:0.001000s ]
SQL: SHOW COLUMNS FROM `zyyj_grade` [ RunTime:0.002000s ]
SQL: SELECT * FROM `zyyj_grade` WHERE ( major_id=1 )  [ RunTime:0.001000s ]
INFO: [ app_end ] --START--
INFO: Run Behavior\ShowPageTraceBehavior [ RunTime:0.001000s ]
INFO: [ app_end ] --END-- [ RunTime:0.001000s ]

[ 2016-07-09T14:42:36+08:00 ] ::1 /zyyj/index.php/Home/Class/Class_list_show
INFO: [ app_begin ] --START--
INFO: Run Behavior\ReadHtmlCacheBehavior [ RunTime:0.001000s ]
INFO: [ app_begin ] --END-- [ RunTime:0.002001s ]
SQL: SHOW COLUMNS FROM `zyyj_class` [ RunTime:0.007000s ]
SQL: SELECT COUNT(*) AS tp_count FROM `zyyj_class` WHERE ( zyyj_class.grade_id = '1' ) LIMIT 1   [ RunTime:0.001000s ]
SQL: SELECT zyyj_department.name dname,zyyj_grade.name gname,zyyj_class.name cname,zyyj_major.name mname,zyyj_class.class_id cid,zyyj_class.comment ccomment FROM `zyyj_class` INNER JOIN zyyj_grade ON zyyj_class.grade_id = zyyj_grade.grade_id INNER JOIN zyyj_department ON zyyj_class.department_id = zyyj_department.department_id INNER JOIN zyyj_major ON zyyj_grade.major_id = zyyj_major.major_id  WHERE ( zyyj_class.grade_id = '1' ) LIMIT 0,10   [ RunTime:0.002000s ]
INFO: [ app_end ] --START--
INFO: Run Behavior\ShowPageTraceBehavior [ RunTime:0.002000s ]
INFO: [ app_end ] --END-- [ RunTime:0.002000s ]

[ 2016-07-09T14:42:41+08:00 ] ::1 /zyyj/index.php/Home/Class/Class_list_show
INFO: [ app_begin ] --START--
INFO: Run Behavior\ReadHtmlCacheBehavior [ RunTime:0.000000s ]
INFO: [ app_begin ] --END-- [ RunTime:0.001000s ]
SQL: SHOW COLUMNS FROM `zyyj_class` [ RunTime:0.000000s ]
SQL: SELECT COUNT(*) AS tp_count FROM `zyyj_class` WHERE ( zyyj_class.grade_id = '1' ) LIMIT 1   [ RunTime:0.000000s ]
SQL: SELECT zyyj_department.name dname,zyyj_grade.name gname,zyyj_class.name cname,zyyj_major.name mname,zyyj_class.class_id cid,zyyj_class.comment ccomment FROM `zyyj_class` INNER JOIN zyyj_grade ON zyyj_class.grade_id = zyyj_grade.grade_id INNER JOIN zyyj_department ON zyyj_class.department_id = zyyj_department.department_id INNER JOIN zyyj_major ON zyyj_grade.major_id = zyyj_major.major_id  WHERE ( zyyj_class.grade_id = '1' ) LIMIT 30,10   [ RunTime:0.000000s ]
INFO: [ app_end ] --START--
INFO: Run Behavior\ShowPageTraceBehavior [ RunTime:0.000000s ]
INFO: [ app_end ] --END-- [ RunTime:0.000000s ]

[ 2016-07-09T14:42:45+08:00 ] ::1 /zyyj/index.php/Home/Class/Class_getGrade/id/2
INFO: [ app_begin ] --START--
INFO: Run Behavior\ReadHtmlCacheBehavior [ RunTime:0.001000s ]
INFO: [ app_begin ] --END-- [ RunTime:0.002000s ]
SQL: SHOW COLUMNS FROM `zyyj_grade` [ RunTime:0.000000s ]
SQL: SELECT * FROM `zyyj_grade` WHERE ( major_id=2 )  [ RunTime:0.000000s ]
INFO: [ app_end ] --START--
INFO: Run Behavior\ShowPageTraceBehavior [ RunTime:0.000000s ]
INFO: [ app_end ] --END-- [ RunTime:0.000000s ]

[ 2016-07-09T14:42:46+08:00 ] ::1 /zyyj/index.php/Home/Class/Class_list_show
INFO: [ app_begin ] --START--
INFO: Run Behavior\ReadHtmlCacheBehavior [ RunTime:0.000000s ]
INFO: [ app_begin ] --END-- [ RunTime:0.000000s ]
SQL: SHOW COLUMNS FROM `zyyj_class` [ RunTime:0.000000s ]
SQL: SHOW COLUMNS FROM `zyyj_grade` [ RunTime:0.000000s ]
SQL: SELECT `grade_id` FROM `zyyj_grade` WHERE ( major_id='2' )  [ RunTime:0.015600s ]
SQL: SELECT COUNT(*) AS tp_count FROM `zyyj_class` WHERE ( zyyj_class.grade_id in (2) ) LIMIT 1   [ RunTime:0.000000s ]
SQL: SELECT zyyj_department.name dname,zyyj_grade.name gname,zyyj_class.name cname,zyyj_major.name mname,zyyj_class.class_id cid,zyyj_class.comment ccomment FROM `zyyj_class` INNER JOIN zyyj_grade ON zyyj_class.grade_id = zyyj_grade.grade_id INNER JOIN zyyj_department ON zyyj_class.department_id = zyyj_department.department_id INNER JOIN zyyj_major ON zyyj_grade.major_id = zyyj_major.major_id  WHERE ( zyyj_class.grade_id in (2) ) LIMIT 0,10   [ RunTime:0.000000s ]
INFO: [ app_end ] --START--
INFO: Run Behavior\ShowPageTraceBehavior [ RunTime:0.000000s ]
INFO: [ app_end ] --END-- [ RunTime:0.000000s ]

[ 2016-07-09T14:42:51+08:00 ] ::1 /zyyj/index.php/Home/Class/Class_getGrade/id/1
INFO: [ app_begin ] --START--
INFO: Run Behavior\ReadHtmlCacheBehavior [ RunTime:0.001000s ]
INFO: [ app_begin ] --END-- [ RunTime:0.001000s ]
SQL: SHOW COLUMNS FROM `zyyj_grade` [ RunTime:0.002000s ]
SQL: SELECT * FROM `zyyj_grade` WHERE ( major_id=1 )  [ RunTime:0.000000s ]
INFO: [ app_end ] --START--
INFO: Run Behavior\ShowPageTraceBehavior [ RunTime:0.001000s ]
INFO: [ app_end ] --END-- [ RunTime:0.001000s ]

[ 2016-07-09T14:42:53+08:00 ] ::1 /zyyj/index.php/Home/Class/Class_list_show
INFO: [ app_begin ] --START--
INFO: Run Behavior\ReadHtmlCacheBehavior [ RunTime:0.000000s ]
INFO: [ app_begin ] --END-- [ RunTime:0.001000s ]
SQL: SHOW COLUMNS FROM `zyyj_class` [ RunTime:0.000000s ]
SQL: SHOW COLUMNS FROM `zyyj_grade` [ RunTime:0.015600s ]
SQL: SELECT `grade_id` FROM `zyyj_grade` WHERE ( major_id='1' )  [ RunTime:0.001000s ]
SQL: SELECT COUNT(*) AS tp_count FROM `zyyj_class` WHERE ( zyyj_class.grade_id in (1,3) ) LIMIT 1   [ RunTime:0.001000s ]
SQL: SELECT zyyj_department.name dname,zyyj_grade.name gname,zyyj_class.name cname,zyyj_major.name mname,zyyj_class.class_id cid,zyyj_class.comment ccomment FROM `zyyj_class` INNER JOIN zyyj_grade ON zyyj_class.grade_id = zyyj_grade.grade_id INNER JOIN zyyj_department ON zyyj_class.department_id = zyyj_department.department_id INNER JOIN zyyj_major ON zyyj_grade.major_id = zyyj_major.major_id  WHERE ( zyyj_class.grade_id in (1,3) ) LIMIT 0,10   [ RunTime:0.001000s ]
INFO: [ app_end ] --START--
INFO: Run Behavior\ShowPageTraceBehavior [ RunTime:0.001000s ]
INFO: [ app_end ] --END-- [ RunTime:0.001000s ]

[ 2016-07-09T14:42:59+08:00 ] ::1 /zyyj/index.php/Home/Class/Class_list_show
INFO: [ app_begin ] --START--
INFO: Run Behavior\ReadHtmlCacheBehavior [ RunTime:0.000000s ]
INFO: [ app_begin ] --END-- [ RunTime:0.001000s ]
SQL: SHOW COLUMNS FROM `zyyj_class` [ RunTime:0.006000s ]
SQL: SELECT COUNT(*) AS tp_count FROM `zyyj_class` WHERE ( zyyj_class.grade_id = '3' ) LIMIT 1   [ RunTime:0.001000s ]
SQL: SELECT zyyj_department.name dname,zyyj_grade.name gname,zyyj_class.name cname,zyyj_major.name mname,zyyj_class.class_id cid,zyyj_class.comment ccomment FROM `zyyj_class` INNER JOIN zyyj_grade ON zyyj_class.grade_id = zyyj_grade.grade_id INNER JOIN zyyj_department ON zyyj_class.department_id = zyyj_department.department_id INNER JOIN zyyj_major ON zyyj_grade.major_id = zyyj_major.major_id  WHERE ( zyyj_class.grade_id = '3' ) LIMIT 0,10   [ RunTime:0.001000s ]
INFO: [ app_end ] --START--
INFO: Run Behavior\ShowPageTraceBehavior [ RunTime:0.002001s ]
INFO: [ app_end ] --END-- [ RunTime:0.002001s ]

[ 2016-07-09T14:43:05+08:00 ] ::1 /zyyj/index.php/Home/Class/Class_list_show
INFO: [ app_begin ] --START--
INFO: Run Behavior\ReadHtmlCacheBehavior [ RunTime:0.000000s ]
INFO: [ app_begin ] --END-- [ RunTime:0.001000s ]
SQL: SHOW COLUMNS FROM `zyyj_class` [ RunTime:0.000000s ]
SQL: SELECT COUNT(*) AS tp_count FROM `zyyj_class` WHERE ( zyyj_class.grade_id = '1' ) LIMIT 1   [ RunTime:0.000000s ]
SQL: SELECT zyyj_department.name dname,zyyj_grade.name gname,zyyj_class.name cname,zyyj_major.name mname,zyyj_class.class_id cid,zyyj_class.comment ccomment FROM `zyyj_class` INNER JOIN zyyj_grade ON zyyj_class.grade_id = zyyj_grade.grade_id INNER JOIN zyyj_department ON zyyj_class.department_id = zyyj_department.department_id INNER JOIN zyyj_major ON zyyj_grade.major_id = zyyj_major.major_id  WHERE ( zyyj_class.grade_id = '1' ) LIMIT 0,10   [ RunTime:0.000000s ]
INFO: [ app_end ] --START--
INFO: Run Behavior\ShowPageTraceBehavior [ RunTime:0.000000s ]
INFO: [ app_end ] --END-- [ RunTime:0.000000s ]

[ 2016-07-09T14:43:12+08:00 ] ::1 /zyyj/index.php/Home/Class/Class_list_show
INFO: [ app_begin ] --START--
INFO: Run Behavior\ReadHtmlCacheBehavior [ RunTime:0.001001s ]
INFO: [ app_begin ] --END-- [ RunTime:0.001001s ]
SQL: SHOW COLUMNS FROM `zyyj_class` [ RunTime:0.004000s ]
SQL: SHOW COLUMNS FROM `zyyj_grade` [ RunTime:0.003000s ]
SQL: SELECT `grade_id` FROM `zyyj_grade` WHERE ( name='14' )  [ RunTime:0.000000s ]
SQL: SELECT COUNT(*) AS tp_count FROM `zyyj_class` WHERE ( zyyj_class.grade_id in (1,2) and zyyj_class.department_id = '1' ) LIMIT 1   [ RunTime:0.000000s ]
SQL: SELECT zyyj_department.name dname,zyyj_grade.name gname,zyyj_class.name cname,zyyj_major.name mname,zyyj_class.class_id cid,zyyj_class.comment ccomment FROM `zyyj_class` INNER JOIN zyyj_grade ON zyyj_class.grade_id = zyyj_grade.grade_id INNER JOIN zyyj_department ON zyyj_class.department_id = zyyj_department.department_id INNER JOIN zyyj_major ON zyyj_grade.major_id = zyyj_major.major_id  WHERE ( zyyj_class.grade_id in (1,2) and zyyj_class.department_id = '1' ) LIMIT 0,10   [ RunTime:0.000000s ]
INFO: [ app_end ] --START--
INFO: Run Behavior\ShowPageTraceBehavior [ RunTime:0.001000s ]
INFO: [ app_end ] --END-- [ RunTime:0.001000s ]

[ 2016-07-09T14:50:12+08:00 ] ::1 /zyyj/index.php/Home/Class/Class_list_show
INFO: [ app_begin ] --START--
INFO: Run Behavior\ReadHtmlCacheBehavior [ RunTime:0.001000s ]
INFO: [ app_begin ] --END-- [ RunTime:0.002000s ]
SQL: SHOW COLUMNS FROM `zyyj_class` [ RunTime:0.031200s ]
SQL: SHOW COLUMNS FROM `zyyj_grade` [ RunTime:0.000000s ]
SQL: SELECT `grade_id` FROM `zyyj_grade` WHERE ( name='14' )  [ RunTime:0.000000s ]
SQL: SELECT COUNT(*) AS tp_count FROM `zyyj_class` WHERE ( zyyj_class.grade_id in (1,2) and zyyj_class.department_id = '1' ) LIMIT 1   [ RunTime:0.000000s ]
SQL: SELECT zyyj_department.name dname,zyyj_grade.name gname,zyyj_class.name cname,zyyj_major.name mname,zyyj_class.class_id cid,zyyj_class.comment ccomment FROM `zyyj_class` INNER JOIN zyyj_grade ON zyyj_class.grade_id = zyyj_grade.grade_id INNER JOIN zyyj_department ON zyyj_class.department_id = zyyj_department.department_id INNER JOIN zyyj_major ON zyyj_grade.major_id = zyyj_major.major_id  WHERE ( zyyj_class.grade_id in (1,2) and zyyj_class.department_id = '1' ) LIMIT 10,10   [ RunTime:0.000000s ]
INFO: [ app_end ] --START--
INFO: Run Behavior\ShowPageTraceBehavior [ RunTime:0.000000s ]
INFO: [ app_end ] --END-- [ RunTime:0.000000s ]

[ 2016-07-09T14:50:19+08:00 ] ::1 /zyyj/index.php/Home/Class/Class_list_show
INFO: [ app_begin ] --START--
INFO: Run Behavior\ReadHtmlCacheBehavior [ RunTime:0.000000s ]
INFO: [ app_begin ] --END-- [ RunTime:0.001000s ]
SQL: SHOW COLUMNS FROM `zyyj_class` [ RunTime:0.000000s ]
SQL: SHOW COLUMNS FROM `zyyj_grade` [ RunTime:0.000000s ]
SQL: SELECT `grade_id` FROM `zyyj_grade` WHERE ( name='15' )  [ RunTime:0.000000s ]
SQL: SELECT COUNT(*) AS tp_count FROM `zyyj_class` WHERE ( zyyj_class.grade_id in (3) and zyyj_class.department_id = '1' ) LIMIT 1   [ RunTime:0.000000s ]
SQL: SELECT zyyj_department.name dname,zyyj_grade.name gname,zyyj_class.name cname,zyyj_major.name mname,zyyj_class.class_id cid,zyyj_class.comment ccomment FROM `zyyj_class` INNER JOIN zyyj_grade ON zyyj_class.grade_id = zyyj_grade.grade_id INNER JOIN zyyj_department ON zyyj_class.department_id = zyyj_department.department_id INNER JOIN zyyj_major ON zyyj_grade.major_id = zyyj_major.major_id  WHERE ( zyyj_class.grade_id in (3) and zyyj_class.department_id = '1' ) LIMIT 0,10   [ RunTime:0.000000s ]
INFO: [ app_end ] --START--
INFO: Run Behavior\ShowPageTraceBehavior [ RunTime:0.000000s ]
INFO: [ app_end ] --END-- [ RunTime:0.000000s ]

[ 2016-07-09T14:50:24+08:00 ] ::1 /zyyj/index.php/Home/Class/Class_list_show
INFO: [ app_begin ] --START--
INFO: Run Behavior\ReadHtmlCacheBehavior [ RunTime:0.000000s ]
INFO: [ app_begin ] --END-- [ RunTime:0.001000s ]
SQL: SHOW COLUMNS FROM `zyyj_class` [ RunTime:0.000000s ]
SQL: SHOW COLUMNS FROM `zyyj_grade` [ RunTime:0.000000s ]
SQL: SELECT `grade_id` FROM `zyyj_grade` WHERE ( name='16' )  [ RunTime:0.000000s ]
NOTIC: [2] Invalid argument supplied for foreach() G:\xampp\htdocs\zyyj\Application\Home\Controller\ClassController.class.php 第 65 行.
SQL: SELECT COUNT(*) AS tp_count FROM `zyyj_class` WHERE ( zyyj_class.grade_id in () and zyyj_class.department_id = '1' ) LIMIT 1   [ RunTime:0.001000s ]
ERR: 1064:You have an error in your SQL syntax; check the manual that corresponds to your MySQL server version for the right syntax to use near ') and zyyj_class.department_id = '1' ) LIMIT 1' at line 1
 [ SQL语句 ] : SELECT COUNT(*) AS tp_count FROM `zyyj_class` WHERE ( zyyj_class.grade_id in () and zyyj_class.department_id = '1' ) LIMIT 1  
SQL: SELECT zyyj_department.name dname,zyyj_grade.name gname,zyyj_class.name cname,zyyj_major.name mname,zyyj_class.class_id cid,zyyj_class.comment ccomment FROM `zyyj_class` INNER JOIN zyyj_grade ON zyyj_class.grade_id = zyyj_grade.grade_id INNER JOIN zyyj_department ON zyyj_class.department_id = zyyj_department.department_id INNER JOIN zyyj_major ON zyyj_grade.major_id = zyyj_major.major_id  WHERE ( zyyj_class.grade_id in () and zyyj_class.department_id = '1' ) LIMIT 0,10   [ RunTime:0.001000s ]
ERR: 1064:You have an error in your SQL syntax; check the manual that corresponds to your MySQL server version for the right syntax to use near ') and zyyj_class.department_id = '1' ) LIMIT 0,10' at line 1
 [ SQL语句 ] : SELECT zyyj_department.name dname,zyyj_grade.name gname,zyyj_class.name cname,zyyj_major.name mname,zyyj_class.class_id cid,zyyj_class.comment ccomment FROM `zyyj_class` INNER JOIN zyyj_grade ON zyyj_class.grade_id = zyyj_grade.grade_id INNER JOIN zyyj_department ON zyyj_class.department_id = zyyj_department.department_id INNER JOIN zyyj_major ON zyyj_grade.major_id = zyyj_major.major_id  WHERE ( zyyj_class.grade_id in () and zyyj_class.department_id = '1' ) LIMIT 0,10  
INFO: [ app_end ] --START--
INFO: Run Behavior\ShowPageTraceBehavior [ RunTime:0.002000s ]
INFO: [ app_end ] --END-- [ RunTime:0.002000s ]

[ 2016-07-09T14:50:33+08:00 ] ::1 /zyyj/index.php/Home/Class/Class_getGrade/id/1
INFO: [ app_begin ] --START--
INFO: Run Behavior\ReadHtmlCacheBehavior [ RunTime:0.001000s ]
INFO: [ app_begin ] --END-- [ RunTime:0.002000s ]
SQL: SHOW COLUMNS FROM `zyyj_grade` [ RunTime:0.000000s ]
SQL: SELECT * FROM `zyyj_grade` WHERE ( major_id=1 )  [ RunTime:0.000000s ]
INFO: [ app_end ] --START--
INFO: Run Behavior\ShowPageTraceBehavior [ RunTime:0.000000s ]
INFO: [ app_end ] --END-- [ RunTime:0.000000s ]

[ 2016-07-09T14:56:13+08:00 ] ::1 /zyyj/index.php/Home/Student/Student_list?_=1468046539146
INFO: [ app_begin ] --START--
INFO: Run Behavior\ReadHtmlCacheBehavior [ RunTime:0.001000s ]
INFO: [ app_begin ] --END-- [ RunTime:0.001000s ]
ERR: 无法加载控制器:Student

[ 2016-07-09T15:22:20+08:00 ] ::1 /zyyj/index.php/Home/Class/Class_list_show
INFO: [ app_begin ] --START--
INFO: Run Behavior\ReadHtmlCacheBehavior [ RunTime:0.001000s ]
INFO: [ app_begin ] --END-- [ RunTime:0.001000s ]
SQL: SHOW COLUMNS FROM `zyyj_class` [ RunTime:0.000000s ]
SQL: SHOW COLUMNS FROM `zyyj_grade` [ RunTime:0.000000s ]
SQL: SELECT `grade_id` FROM `zyyj_grade` WHERE ( major_id='1' )  [ RunTime:0.015600s ]
SQL: SELECT COUNT(*) AS tp_count FROM `zyyj_class` WHERE ( zyyj_class.grade_id in (1,3) and zyyj_class.department_id = '1' ) LIMIT 1   [ RunTime:0.000000s ]
SQL: SELECT zyyj_department.name dname,zyyj_grade.name gname,zyyj_class.name cname,zyyj_major.name mname,zyyj_class.class_id cid,zyyj_class.comment ccomment FROM `zyyj_class` INNER JOIN zyyj_grade ON zyyj_class.grade_id = zyyj_grade.grade_id INNER JOIN zyyj_department ON zyyj_class.department_id = zyyj_department.department_id INNER JOIN zyyj_major ON zyyj_grade.major_id = zyyj_major.major_id  WHERE ( zyyj_class.grade_id in (1,3) and zyyj_class.department_id = '1' ) LIMIT 0,10   [ RunTime:0.000000s ]
INFO: [ app_end ] --START--
INFO: Run Behavior\ShowPageTraceBehavior [ RunTime:0.000000s ]
INFO: [ app_end ] --END-- [ RunTime:0.000000s ]

[ 2016-07-09T15:24:07+08:00 ] ::1 /zyyj/index.php/Home/Class/Class_getGrade/id/1
INFO: [ app_begin ] --START--
INFO: Run Behavior\ReadHtmlCacheBehavior [ RunTime:0.001000s ]
INFO: [ app_begin ] --END-- [ RunTime:0.002000s ]
SQL: SHOW COLUMNS FROM `zyyj_grade` [ RunTime:0.000000s ]
SQL: SELECT * FROM `zyyj_grade` WHERE ( major_id=1 )  [ RunTime:0.000000s ]
INFO: [ app_end ] --START--
INFO: Run Behavior\ShowPageTraceBehavior [ RunTime:0.000000s ]
INFO: [ app_end ] --END-- [ RunTime:0.000000s ]

[ 2016-07-09T15:24:36+08:00 ] ::1 /zyyj/index.php/Home/Class/Class_getGrade/id/1
INFO: [ app_begin ] --START--
INFO: Run Behavior\ReadHtmlCacheBehavior [ RunTime:0.001000s ]
INFO: [ app_begin ] --END-- [ RunTime:0.001000s ]
SQL: SHOW COLUMNS FROM `zyyj_grade` [ RunTime:0.006000s ]
SQL: SELECT * FROM `zyyj_grade` WHERE ( major_id=1 )  [ RunTime:0.001000s ]
INFO: [ app_end ] --START--
INFO: Run Behavior\ShowPageTraceBehavior [ RunTime:0.003000s ]
INFO: [ app_end ] --END-- [ RunTime:0.003000s ]

[ 2016-07-09T15:55:31+08:00 ] ::1 /zyyj/index.php/Home/Login/Login_get_menu
INFO: [ app_begin ] --START--
INFO: Run Behavior\ReadHtmlCacheBehavior [ RunTime:0.001000s ]
INFO: [ app_begin ] --END-- [ RunTime:0.001000s ]
SQL: SHOW COLUMNS FROM `zyyj_post` [ RunTime:0.000000s ]
SQL: SHOW COLUMNS FROM `zyyj_menu` [ RunTime:0.000000s ]
SQL: SELECT * FROM `zyyj_post` WHERE ( 1 )  [ RunTime:0.000000s ]
SQL: SELECT * FROM `zyyj_menu` WHERE ( `nid` = 0 ) AND ( `id` = 1 )  [ RunTime:0.000000s ]
SQL: SELECT * FROM `zyyj_menu` WHERE ( `nid` = 0 ) AND ( `id` = 2 )  [ RunTime:0.000000s ]
NOTIC: [2] Invalid argument supplied for foreach() G:\xampp\htdocs\zyyj\Application\Home\Controller\LoginController.class.php 第 49 行.
SQL: SELECT * FROM `zyyj_menu` WHERE ( `nid` = 0 ) AND ( `id` = 3 )  [ RunTime:0.000000s ]
SQL: SELECT * FROM `zyyj_menu` WHERE ( `nid` = 0 ) AND ( `id` = 4 )  [ RunTime:0.000000s ]
NOTIC: [2] Invalid argument supplied for foreach() G:\xampp\htdocs\zyyj\Application\Home\Controller\LoginController.class.php 第 49 行.
SQL: SELECT * FROM `zyyj_menu` WHERE ( `nid` = 0 ) AND ( `id` = 5 )  [ RunTime:0.000000s ]
NOTIC: [2] Invalid argument supplied for foreach() G:\xampp\htdocs\zyyj\Application\Home\Controller\LoginController.class.php 第 49 行.
SQL: SELECT * FROM `zyyj_menu` WHERE ( `nid` = 0 ) AND ( `id` = 6 )  [ RunTime:0.000000s ]
NOTIC: [2] Invalid argument supplied for foreach() G:\xampp\htdocs\zyyj\Application\Home\Controller\LoginController.class.php 第 49 行.
SQL: SELECT * FROM `zyyj_menu` WHERE ( `nid` = 0 ) AND ( `id` = 7 )  [ RunTime:0.000000s ]
NOTIC: [2] Invalid argument supplied for foreach() G:\xampp\htdocs\zyyj\Application\Home\Controller\LoginController.class.php 第 49 行.
SQL: SELECT * FROM `zyyj_menu` WHERE ( `nid` = 0 ) AND ( `id` = 8 )  [ RunTime:0.000000s ]
NOTIC: [2] Invalid argument supplied for foreach() G:\xampp\htdocs\zyyj\Application\Home\Controller\LoginController.class.php 第 49 行.
SQL: SELECT * FROM `zyyj_menu` WHERE ( `nid` = 0 ) AND ( `id` = 10 )  [ RunTime:0.000000s ]
NOTIC: [2] Invalid argument supplied for foreach() G:\xampp\htdocs\zyyj\Application\Home\Controller\LoginController.class.php 第 49 行.
SQL: SELECT * FROM `zyyj_menu` WHERE ( `nid` = 0 ) AND ( `id` = 11 )  [ RunTime:0.000000s ]
SQL: SELECT * FROM `zyyj_menu` WHERE ( `nid` = 0 ) AND ( `id` = 12 )  [ RunTime:0.000000s ]
NOTIC: [2] Invalid argument supplied for foreach() G:\xampp\htdocs\zyyj\Application\Home\Controller\LoginController.class.php 第 49 行.
SQL: SELECT * FROM `zyyj_menu` WHERE ( `nid` = 0 ) AND ( `id` = 0 )  [ RunTime:0.000000s ]
NOTIC: [2] Invalid argument supplied for foreach() G:\xampp\htdocs\zyyj\Application\Home\Controller\LoginController.class.php 第 49 行.
INFO: [ app_end ] --START--
INFO: Run Behavior\ShowPageTraceBehavior [ RunTime:0.000000s ]
INFO: [ app_end ] --END-- [ RunTime:0.000000s ]

[ 2016-07-09T15:55:33+08:00 ] ::1 /zyyj/index.php/Home/Login/Login_get_menu
INFO: [ app_begin ] --START--
INFO: Run Behavior\ReadHtmlCacheBehavior [ RunTime:0.000000s ]
INFO: [ app_begin ] --END-- [ RunTime:0.001000s ]
SQL: SHOW COLUMNS FROM `zyyj_post` [ RunTime:0.005000s ]
SQL: SHOW COLUMNS FROM `zyyj_menu` [ RunTime:0.003000s ]
SQL: SELECT * FROM `zyyj_post` WHERE ( 1 )  [ RunTime:0.001000s ]
SQL: SELECT * FROM `zyyj_menu` WHERE ( `nid` = 3 ) AND ( `id` = 1 )  [ RunTime:0.000000s ]
NOTIC: [2] Invalid argument supplied for foreach() G:\xampp\htdocs\zyyj\Application\Home\Controller\LoginController.class.php 第 49 行.
SQL: SELECT * FROM `zyyj_menu` WHERE ( `nid` = 3 ) AND ( `id` = 2 )  [ RunTime:0.000000s ]
NOTIC: [2] Invalid argument supplied for foreach() G:\xampp\htdocs\zyyj\Application\Home\Controller\LoginController.class.php 第 49 行.
SQL: SELECT * FROM `zyyj_menu` WHERE ( `nid` = 3 ) AND ( `id` = 3 )  [ RunTime:0.000000s ]
NOTIC: [2] Invalid argument supplied for foreach() G:\xampp\htdocs\zyyj\Application\Home\Controller\LoginController.class.php 第 49 行.
SQL: SELECT * FROM `zyyj_menu` WHERE ( `nid` = 3 ) AND ( `id` = 4 )  [ RunTime:0.000000s ]
SQL: SELECT * FROM `zyyj_menu` WHERE ( `nid` = 3 ) AND ( `id` = 5 )  [ RunTime:0.001000s ]
SQL: SELECT * FROM `zyyj_menu` WHERE ( `nid` = 3 ) AND ( `id` = 6 )  [ RunTime:0.000000s ]
SQL: SELECT * FROM `zyyj_menu` WHERE ( `nid` = 3 ) AND ( `id` = 7 )  [ RunTime:0.001000s ]
SQL: SELECT * FROM `zyyj_menu` WHERE ( `nid` = 3 ) AND ( `id` = 8 )  [ RunTime:0.000000s ]
SQL: SELECT * FROM `zyyj_menu` WHERE ( `nid` = 3 ) AND ( `id` = 10 )  [ RunTime:0.000000s ]
NOTIC: [2] Invalid argument supplied for foreach() G:\xampp\htdocs\zyyj\Application\Home\Controller\LoginController.class.php 第 49 行.
SQL: SELECT * FROM `zyyj_menu` WHERE ( `nid` = 3 ) AND ( `id` = 11 )  [ RunTime:0.001001s ]
NOTIC: [2] Invalid argument supplied for foreach() G:\xampp\htdocs\zyyj\Application\Home\Controller\LoginController.class.php 第 49 行.
SQL: SELECT * FROM `zyyj_menu` WHERE ( `nid` = 3 ) AND ( `id` = 12 )  [ RunTime:0.000000s ]
NOTIC: [2] Invalid argument supplied for foreach() G:\xampp\htdocs\zyyj\Application\Home\Controller\LoginController.class.php 第 49 行.
SQL: SELECT * FROM `zyyj_menu` WHERE ( `nid` = 3 ) AND ( `id` = 0 )  [ RunTime:0.001000s ]
NOTIC: [2] Invalid argument supplied for foreach() G:\xampp\htdocs\zyyj\Application\Home\Controller\LoginController.class.php 第 49 行.
INFO: [ app_end ] --START--
INFO: Run Behavior\ShowPageTraceBehavior [ RunTime:0.001000s ]
INFO: [ app_end ] --END-- [ RunTime:0.001000s ]

[ 2016-07-09T15:55:34+08:00 ] ::1 /zyyj/index.php/Home/Class/Class_list?_=1468050930210
INFO: [ app_begin ] --START--
INFO: Run Behavior\ReadHtmlCacheBehavior [ RunTime:0.001000s ]
INFO: [ app_begin ] --END-- [ RunTime:0.001000s ]
INFO: [ view_parse ] --START--
INFO: [ template_filter ] --START--
INFO: Run Behavior\ContentReplaceBehavior [ RunTime:0.000000s ]
INFO: [ template_filter ] --END-- [ RunTime:0.000000s ]
INFO: Run Behavior\ParseTemplateBehavior [ RunTime:0.036002s ]
INFO: [ view_parse ] --END-- [ RunTime:0.036002s ]
INFO: [ view_filter ] --START--
INFO: Run Behavior\WriteHtmlCacheBehavior [ RunTime:0.001000s ]
INFO: [ view_filter ] --END-- [ RunTime:0.001000s ]
INFO: [ app_end ] --START--
INFO: Run Behavior\ShowPageTraceBehavior [ RunTime:0.000000s ]
INFO: [ app_end ] --END-- [ RunTime:0.000000s ]

[ 2016-07-09T15:55:35+08:00 ] ::1 /zyyj/index.php/Home/Class/Class_list_show
INFO: [ app_begin ] --START--
INFO: Run Behavior\ReadHtmlCacheBehavior [ RunTime:0.000000s ]
INFO: [ app_begin ] --END-- [ RunTime:0.001000s ]
SQL: SHOW COLUMNS FROM `zyyj_class` [ RunTime:0.000000s ]
SQL: SELECT COUNT(*) AS tp_count FROM `zyyj_class` LIMIT 1   [ RunTime:0.000000s ]
SQL: SELECT zyyj_department.name dname,zyyj_grade.name gname,zyyj_class.name cname,zyyj_major.name mname,zyyj_class.class_id cid,zyyj_class.comment ccomment FROM `zyyj_class` INNER JOIN zyyj_grade ON zyyj_class.grade_id = zyyj_grade.grade_id INNER JOIN zyyj_department ON zyyj_class.department_id = zyyj_department.department_id INNER JOIN zyyj_major ON zyyj_grade.major_id = zyyj_major.major_id  LIMIT 0,10   [ RunTime:0.000000s ]
INFO: [ app_end ] --START--
INFO: Run Behavior\ShowPageTraceBehavior [ RunTime:0.000000s ]
INFO: [ app_end ] --END-- [ RunTime:0.000000s ]

[ 2016-07-09T15:55:36+08:00 ] ::1 /zyyj/index.php/Home/Class/Class_getMajor
INFO: [ app_begin ] --START--
INFO: Run Behavior\ReadHtmlCacheBehavior [ RunTime:0.000000s ]
INFO: [ app_begin ] --END-- [ RunTime:0.001000s ]
SQL: SHOW COLUMNS FROM `zyyj_major` [ RunTime:0.000000s ]
SQL: SELECT * FROM `zyyj_major`  [ RunTime:0.000000s ]
INFO: [ app_end ] --START--
INFO: Run Behavior\ShowPageTraceBehavior [ RunTime:0.000000s ]
INFO: [ app_end ] --END-- [ RunTime:0.000000s ]

[ 2016-07-09T15:55:37+08:00 ] ::1 /zyyj/index.php/Home/Class/Class_getMajor
INFO: [ app_begin ] --START--
INFO: Run Behavior\ReadHtmlCacheBehavior [ RunTime:0.001000s ]
INFO: [ app_begin ] --END-- [ RunTime:0.001000s ]
SQL: SHOW COLUMNS FROM `zyyj_major` [ RunTime:0.002000s ]
SQL: SELECT * FROM `zyyj_major`  [ RunTime:0.000000s ]
INFO: [ app_end ] --START--
INFO: Run Behavior\ShowPageTraceBehavior [ RunTime:0.001000s ]
INFO: [ app_end ] --END-- [ RunTime:0.001000s ]

[ 2016-07-09T15:55:38+08:00 ] ::1 /zyyj/index.php/Home/Class/Class_getMajor
INFO: [ app_begin ] --START--
INFO: Run Behavior\ReadHtmlCacheBehavior [ RunTime:0.001000s ]
INFO: [ app_begin ] --END-- [ RunTime:0.001000s ]
SQL: SHOW COLUMNS FROM `zyyj_major` [ RunTime:0.006000s ]
SQL: SELECT * FROM `zyyj_major`  [ RunTime:0.000000s ]
INFO: [ app_end ] --START--
INFO: Run Behavior\ShowPageTraceBehavior [ RunTime:0.002001s ]
INFO: [ app_end ] --END-- [ RunTime:0.002001s ]

[ 2016-07-09T15:55:39+08:00 ] ::1 /zyyj/index.php/Home/Class/Class_getDepartment
INFO: [ app_begin ] --START--
INFO: Run Behavior\ReadHtmlCacheBehavior [ RunTime:0.000000s ]
INFO: [ app_begin ] --END-- [ RunTime:0.001000s ]
SQL: SHOW COLUMNS FROM `zyyj_department` [ RunTime:0.003000s ]
SQL: SELECT * FROM `zyyj_department`  [ RunTime:0.001000s ]
INFO: [ app_end ] --START--
INFO: Run Behavior\ShowPageTraceBehavior [ RunTime:0.001000s ]
INFO: [ app_end ] --END-- [ RunTime:0.001000s ]

[ 2016-07-09T15:55:40+08:00 ] ::1 /zyyj/index.php/Home/Class/Class_getMajor
INFO: [ app_begin ] --START--
INFO: Run Behavior\ReadHtmlCacheBehavior [ RunTime:0.000000s ]
INFO: [ app_begin ] --END-- [ RunTime:0.000000s ]
SQL: SHOW COLUMNS FROM `zyyj_major` [ RunTime:0.003000s ]
SQL: SELECT * FROM `zyyj_major`  [ RunTime:0.000000s ]
INFO: [ app_end ] --START--
INFO: Run Behavior\ShowPageTraceBehavior [ RunTime:0.001000s ]
INFO: [ app_end ] --END-- [ RunTime:0.001000s ]

[ 2016-07-09T15:55:41+08:00 ] ::1 /zyyj/index.php/Home/Class/Class_getDepartment
INFO: [ app_begin ] --START--
INFO: Run Behavior\ReadHtmlCacheBehavior [ RunTime:0.000000s ]
INFO: [ app_begin ] --END-- [ RunTime:0.000000s ]
SQL: SHOW COLUMNS FROM `zyyj_department` [ RunTime:0.000000s ]
SQL: SELECT * FROM `zyyj_department`  [ RunTime:0.000000s ]
INFO: [ app_end ] --START--
INFO: Run Behavior\ShowPageTraceBehavior [ RunTime:0.000000s ]
INFO: [ app_end ] --END-- [ RunTime:0.000000s ]

[ 2016-07-09T15:55:42+08:00 ] ::1 /zyyj/index.php/Home/Class/Class_list_show
INFO: [ app_begin ] --START--
INFO: Run Behavior\ReadHtmlCacheBehavior [ RunTime:0.001000s ]
INFO: [ app_begin ] --END-- [ RunTime:0.001000s ]
SQL: SHOW COLUMNS FROM `zyyj_class` [ RunTime:0.000000s ]
SQL: SELECT COUNT(*) AS tp_count FROM `zyyj_class` LIMIT 1   [ RunTime:0.000000s ]
SQL: SELECT zyyj_department.name dname,zyyj_grade.name gname,zyyj_class.name cname,zyyj_major.name mname,zyyj_class.class_id cid,zyyj_class.comment ccomment FROM `zyyj_class` INNER JOIN zyyj_grade ON zyyj_class.grade_id = zyyj_grade.grade_id INNER JOIN zyyj_department ON zyyj_class.department_id = zyyj_department.department_id INNER JOIN zyyj_major ON zyyj_grade.major_id = zyyj_major.major_id  LIMIT 0,10   [ RunTime:0.000000s ]
INFO: [ app_end ] --START--
INFO: Run Behavior\ShowPageTraceBehavior [ RunTime:0.015600s ]
INFO: [ app_end ] --END-- [ RunTime:0.015600s ]

[ 2016-07-09T15:55:43+08:00 ] ::1 /zyyj/index.php/Home/Class/Class_getGrade/id/1
INFO: [ app_begin ] --START--
INFO: Run Behavior\ReadHtmlCacheBehavior [ RunTime:0.001000s ]
INFO: [ app_begin ] --END-- [ RunTime:0.002000s ]
SQL: SHOW COLUMNS FROM `zyyj_grade` [ RunTime:0.006000s ]
SQL: SELECT * FROM `zyyj_grade` WHERE ( major_id=1 )  [ RunTime:0.001000s ]
INFO: [ app_end ] --START--
INFO: Run Behavior\ShowPageTraceBehavior [ RunTime:0.002000s ]
INFO: [ app_end ] --END-- [ RunTime:0.002000s ]

[ 2016-07-09T15:55:57+08:00 ] ::1 /zyyj/index.php/Home/Class/Class_list_show
INFO: [ app_begin ] --START--
INFO: Run Behavior\ReadHtmlCacheBehavior [ RunTime:0.001001s ]
INFO: [ app_begin ] --END-- [ RunTime:0.001001s ]
SQL: SHOW COLUMNS FROM `zyyj_class` [ RunTime:0.006000s ]
SQL: SELECT COUNT(*) AS tp_count FROM `zyyj_class` LIMIT 1   [ RunTime:0.001000s ]
SQL: SELECT zyyj_department.name dname,zyyj_grade.name gname,zyyj_class.name cname,zyyj_major.name mname,zyyj_class.class_id cid,zyyj_class.comment ccomment FROM `zyyj_class` INNER JOIN zyyj_grade ON zyyj_class.grade_id = zyyj_grade.grade_id INNER JOIN zyyj_department ON zyyj_class.department_id = zyyj_department.department_id INNER JOIN zyyj_major ON zyyj_grade.major_id = zyyj_major.major_id  LIMIT 0,10   [ RunTime:0.001000s ]
INFO: [ app_end ] --START--
INFO: Run Behavior\ShowPageTraceBehavior [ RunTime:0.002000s ]
INFO: [ app_end ] --END-- [ RunTime:0.002000s ]

[ 2016-07-09T15:56:00+08:00 ] ::1 /zyyj/index.php/Home/Class/Class_list_show
INFO: [ app_begin ] --START--
INFO: Run Behavior\ReadHtmlCacheBehavior [ RunTime:0.001000s ]
INFO: [ app_begin ] --END-- [ RunTime:0.002000s ]
SQL: SHOW COLUMNS FROM `zyyj_class` [ RunTime:0.000000s ]
SQL: SELECT COUNT(*) AS tp_count FROM `zyyj_class` LIMIT 1   [ RunTime:0.000000s ]
SQL: SELECT zyyj_department.name dname,zyyj_grade.name gname,zyyj_class.name cname,zyyj_major.name mname,zyyj_class.class_id cid,zyyj_class.comment ccomment FROM `zyyj_class` INNER JOIN zyyj_grade ON zyyj_class.grade_id = zyyj_grade.grade_id INNER JOIN zyyj_department ON zyyj_class.department_id = zyyj_department.department_id INNER JOIN zyyj_major ON zyyj_grade.major_id = zyyj_major.major_id  LIMIT 50,10   [ RunTime:0.000000s ]
INFO: [ app_end ] --START--
INFO: Run Behavior\ShowPageTraceBehavior [ RunTime:0.000000s ]
INFO: [ app_end ] --END-- [ RunTime:0.000000s ]

[ 2016-07-09T15:56:05+08:00 ] ::1 /zyyj/index.php/Home/Class/Class_list_show
INFO: [ app_begin ] --START--
INFO: Run Behavior\ReadHtmlCacheBehavior [ RunTime:0.001000s ]
INFO: [ app_begin ] --END-- [ RunTime:0.001000s ]
SQL: SHOW COLUMNS FROM `zyyj_class` [ RunTime:0.006000s ]
SQL: SELECT COUNT(*) AS tp_count FROM `zyyj_class` LIMIT 1   [ RunTime:0.001000s ]
SQL: SELECT zyyj_department.name dname,zyyj_grade.name gname,zyyj_class.name cname,zyyj_major.name mname,zyyj_class.class_id cid,zyyj_class.comment ccomment FROM `zyyj_class` INNER JOIN zyyj_grade ON zyyj_class.grade_id = zyyj_grade.grade_id INNER JOIN zyyj_department ON zyyj_class.department_id = zyyj_department.department_id INNER JOIN zyyj_major ON zyyj_grade.major_id = zyyj_major.major_id  LIMIT 50,10   [ RunTime:0.002001s ]
INFO: [ app_end ] --START--
INFO: Run Behavior\ShowPageTraceBehavior [ RunTime:0.002000s ]
INFO: [ app_end ] --END-- [ RunTime:0.002000s ]

[ 2016-07-09T15:56:08+08:00 ] ::1 /zyyj/index.php/Home/Class/Class_list_show
INFO: [ app_begin ] --START--
INFO: Run Behavior\ReadHtmlCacheBehavior [ RunTime:0.001000s ]
INFO: [ app_begin ] --END-- [ RunTime:0.001000s ]
SQL: SHOW COLUMNS FROM `zyyj_class` [ RunTime:0.000000s ]
SQL: SELECT COUNT(*) AS tp_count FROM `zyyj_class` LIMIT 1   [ RunTime:0.000000s ]
SQL: SELECT zyyj_department.name dname,zyyj_grade.name gname,zyyj_class.name cname,zyyj_major.name mname,zyyj_class.class_id cid,zyyj_class.comment ccomment FROM `zyyj_class` INNER JOIN zyyj_grade ON zyyj_class.grade_id = zyyj_grade.grade_id INNER JOIN zyyj_department ON zyyj_class.department_id = zyyj_department.department_id INNER JOIN zyyj_major ON zyyj_grade.major_id = zyyj_major.major_id  LIMIT 40,10   [ RunTime:0.000000s ]
INFO: [ app_end ] --START--
INFO: Run Behavior\ShowPageTraceBehavior [ RunTime:0.000000s ]
INFO: [ app_end ] --END-- [ RunTime:0.000000s ]

[ 2016-07-09T15:56:45+08:00 ] ::1 /zyyj/index.php/Home/Class/Class_list_show
INFO: [ app_begin ] --START--
INFO: Run Behavior\ReadHtmlCacheBehavior [ RunTime:0.001000s ]
INFO: [ app_begin ] --END-- [ RunTime:0.002000s ]
SQL: SHOW COLUMNS FROM `zyyj_class` [ RunTime:0.005001s ]
SQL: SELECT COUNT(*) AS tp_count FROM `zyyj_class` LIMIT 1   [ RunTime:0.001000s ]
SQL: SELECT zyyj_department.name dname,zyyj_grade.name gname,zyyj_class.name cname,zyyj_major.name mname,zyyj_class.class_id cid,zyyj_class.comment ccomment FROM `zyyj_class` INNER JOIN zyyj_grade ON zyyj_class.grade_id = zyyj_grade.grade_id INNER JOIN zyyj_department ON zyyj_class.department_id = zyyj_department.department_id INNER JOIN zyyj_major ON zyyj_grade.major_id = zyyj_major.major_id  LIMIT 30,10   [ RunTime:0.002000s ]
INFO: [ app_end ] --START--
INFO: Run Behavior\ShowPageTraceBehavior [ RunTime:0.002000s ]
INFO: [ app_end ] --END-- [ RunTime:0.002000s ]

[ 2016-07-09T15:56:49+08:00 ] ::1 /zyyj/index.php/Home/Class/Class_list_show
INFO: [ app_begin ] --START--
INFO: Run Behavior\ReadHtmlCacheBehavior [ RunTime:0.002000s ]
INFO: [ app_begin ] --END-- [ RunTime:0.002000s ]
SQL: SHOW COLUMNS FROM `zyyj_class` [ RunTime:0.000000s ]
SQL: SELECT COUNT(*) AS tp_count FROM `zyyj_class` LIMIT 1   [ RunTime:0.000000s ]
SQL: SELECT zyyj_department.name dname,zyyj_grade.name gname,zyyj_class.name cname,zyyj_major.name mname,zyyj_class.class_id cid,zyyj_class.comment ccomment FROM `zyyj_class` INNER JOIN zyyj_grade ON zyyj_class.grade_id = zyyj_grade.grade_id INNER JOIN zyyj_department ON zyyj_class.department_id = zyyj_department.department_id INNER JOIN zyyj_major ON zyyj_grade.major_id = zyyj_major.major_id  LIMIT 20,10   [ RunTime:0.000000s ]
INFO: [ app_end ] --START--
INFO: Run Behavior\ShowPageTraceBehavior [ RunTime:0.015600s ]
INFO: [ app_end ] --END-- [ RunTime:0.015600s ]

[ 2016-07-09T15:56:53+08:00 ] ::1 /zyyj/index.php/Home/Class/Class_list_show
INFO: [ app_begin ] --START--
INFO: Run Behavior\ReadHtmlCacheBehavior [ RunTime:0.001000s ]
INFO: [ app_begin ] --END-- [ RunTime:0.002000s ]
SQL: SHOW COLUMNS FROM `zyyj_class` [ RunTime:0.000000s ]
SQL: SELECT COUNT(*) AS tp_count FROM `zyyj_class` LIMIT 1   [ RunTime:0.000000s ]
SQL: SELECT zyyj_department.name dname,zyyj_grade.name gname,zyyj_class.name cname,zyyj_major.name mname,zyyj_class.class_id cid,zyyj_class.comment ccomment FROM `zyyj_class` INNER JOIN zyyj_grade ON zyyj_class.grade_id = zyyj_grade.grade_id INNER JOIN zyyj_department ON zyyj_class.department_id = zyyj_department.department_id INNER JOIN zyyj_major ON zyyj_grade.major_id = zyyj_major.major_id  LIMIT 10,10   [ RunTime:0.000000s ]
INFO: [ app_end ] --START--
INFO: Run Behavior\ShowPageTraceBehavior [ RunTime:0.000000s ]
INFO: [ app_end ] --END-- [ RunTime:0.000000s ]

[ 2016-07-09T15:56:57+08:00 ] ::1 /zyyj/index.php/Home/Class/Class_list_show
INFO: [ app_begin ] --START--
INFO: Run Behavior\ReadHtmlCacheBehavior [ RunTime:0.000000s ]
INFO: [ app_begin ] --END-- [ RunTime:0.001000s ]
SQL: SHOW COLUMNS FROM `zyyj_class` [ RunTime:0.000000s ]
SQL: SELECT COUNT(*) AS tp_count FROM `zyyj_class` LIMIT 1   [ RunTime:0.000000s ]
SQL: SELECT zyyj_department.name dname,zyyj_grade.name gname,zyyj_class.name cname,zyyj_major.name mname,zyyj_class.class_id cid,zyyj_class.comment ccomment FROM `zyyj_class` INNER JOIN zyyj_grade ON zyyj_class.grade_id = zyyj_grade.grade_id INNER JOIN zyyj_department ON zyyj_class.department_id = zyyj_department.department_id INNER JOIN zyyj_major ON zyyj_grade.major_id = zyyj_major.major_id  LIMIT 0,10   [ RunTime:0.000000s ]
INFO: [ app_end ] --START--
INFO: Run Behavior\ShowPageTraceBehavior [ RunTime:0.000000s ]
INFO: [ app_end ] --END-- [ RunTime:0.000000s ]

[ 2016-07-09T15:57:16+08:00 ] ::1 /zyyj/index.php/Home/Class/Class_getGrade/id/1
INFO: [ app_begin ] --START--
INFO: Run Behavior\ReadHtmlCacheBehavior [ RunTime:0.001000s ]
INFO: [ app_begin ] --END-- [ RunTime:0.001000s ]
SQL: SHOW COLUMNS FROM `zyyj_grade` [ RunTime:0.000000s ]
SQL: SELECT * FROM `zyyj_grade` WHERE ( major_id=1 )  [ RunTime:0.000000s ]
INFO: [ app_end ] --START--
INFO: Run Behavior\ShowPageTraceBehavior [ RunTime:0.000000s ]
INFO: [ app_end ] --END-- [ RunTime:0.000000s ]

[ 2016-07-09T15:57:20+08:00 ] ::1 /zyyj/index.php/Home/Class/Class_list_show
INFO: [ app_begin ] --START--
INFO: Run Behavior\ReadHtmlCacheBehavior [ RunTime:0.000000s ]
INFO: [ app_begin ] --END-- [ RunTime:0.001000s ]
SQL: SHOW COLUMNS FROM `zyyj_class` [ RunTime:0.000000s ]
SQL: SELECT COUNT(*) AS tp_count FROM `zyyj_class` WHERE ( zyyj_class.grade_id = '1' and zyyj_class.department_id = '1' ) LIMIT 1   [ RunTime:0.000000s ]
SQL: SELECT zyyj_department.name dname,zyyj_grade.name gname,zyyj_class.name cname,zyyj_major.name mname,zyyj_class.class_id cid,zyyj_class.comment ccomment FROM `zyyj_class` INNER JOIN zyyj_grade ON zyyj_class.grade_id = zyyj_grade.grade_id INNER JOIN zyyj_department ON zyyj_class.department_id = zyyj_department.department_id INNER JOIN zyyj_major ON zyyj_grade.major_id = zyyj_major.major_id  WHERE ( zyyj_class.grade_id = '1' and zyyj_class.department_id = '1' ) LIMIT 0,10   [ RunTime:0.000000s ]
INFO: [ app_end ] --START--
INFO: Run Behavior\ShowPageTraceBehavior [ RunTime:0.000000s ]
INFO: [ app_end ] --END-- [ RunTime:0.000000s ]

[ 2016-07-09T15:57:22+08:00 ] ::1 /zyyj/index.php/Home/Class/Class_list_show
INFO: [ app_begin ] --START--
INFO: Run Behavior\ReadHtmlCacheBehavior [ RunTime:0.001000s ]
INFO: [ app_begin ] --END-- [ RunTime:0.001000s ]
SQL: SHOW COLUMNS FROM `zyyj_class` [ RunTime:0.000000s ]
SQL: SELECT COUNT(*) AS tp_count FROM `zyyj_class` WHERE ( zyyj_class.grade_id = '1' and zyyj_class.department_id = '1' ) LIMIT 1   [ RunTime:0.000000s ]
SQL: SELECT zyyj_department.name dname,zyyj_grade.name gname,zyyj_class.name cname,zyyj_major.name mname,zyyj_class.class_id cid,zyyj_class.comment ccomment FROM `zyyj_class` INNER JOIN zyyj_grade ON zyyj_class.grade_id = zyyj_grade.grade_id INNER JOIN zyyj_department ON zyyj_class.department_id = zyyj_department.department_id INNER JOIN zyyj_major ON zyyj_grade.major_id = zyyj_major.major_id  WHERE ( zyyj_class.grade_id = '1' and zyyj_class.department_id = '1' ) LIMIT 30,10   [ RunTime:0.000000s ]
INFO: [ app_end ] --START--
INFO: Run Behavior\ShowPageTraceBehavior [ RunTime:0.000000s ]
INFO: [ app_end ] --END-- [ RunTime:0.000000s ]

[ 2016-07-09T15:57:27+08:00 ] ::1 /zyyj/index.php/Home/Class/Class_list_show
INFO: [ app_begin ] --START--
INFO: Run Behavior\ReadHtmlCacheBehavior [ RunTime:0.001000s ]
INFO: [ app_begin ] --END-- [ RunTime:0.002001s ]
SQL: SHOW COLUMNS FROM `zyyj_class` [ RunTime:0.000000s ]
SQL: SELECT COUNT(*) AS tp_count FROM `zyyj_class` WHERE ( zyyj_class.grade_id = '1' and zyyj_class.department_id = '1' ) LIMIT 1   [ RunTime:0.000000s ]
SQL: SELECT zyyj_department.name dname,zyyj_grade.name gname,zyyj_class.name cname,zyyj_major.name mname,zyyj_class.class_id cid,zyyj_class.comment ccomment FROM `zyyj_class` INNER JOIN zyyj_grade ON zyyj_class.grade_id = zyyj_grade.grade_id INNER JOIN zyyj_department ON zyyj_class.department_id = zyyj_department.department_id INNER JOIN zyyj_major ON zyyj_grade.major_id = zyyj_major.major_id  WHERE ( zyyj_class.grade_id = '1' and zyyj_class.department_id = '1' ) LIMIT 20,10   [ RunTime:0.000000s ]
INFO: [ app_end ] --START--
INFO: Run Behavior\ShowPageTraceBehavior [ RunTime:0.015600s ]
INFO: [ app_end ] --END-- [ RunTime:0.015600s ]

[ 2016-07-09T15:57:30+08:00 ] ::1 /zyyj/index.php/Home/Class/Class_list_show
INFO: [ app_begin ] --START--
INFO: Run Behavior\ReadHtmlCacheBehavior [ RunTime:0.001000s ]
INFO: [ app_begin ] --END-- [ RunTime:0.002000s ]
SQL: SHOW COLUMNS FROM `zyyj_class` [ RunTime:0.000000s ]
SQL: SELECT COUNT(*) AS tp_count FROM `zyyj_class` WHERE ( zyyj_class.grade_id = '1' and zyyj_class.department_id = '1' ) LIMIT 1   [ RunTime:0.000000s ]
SQL: SELECT zyyj_department.name dname,zyyj_grade.name gname,zyyj_class.name cname,zyyj_major.name mname,zyyj_class.class_id cid,zyyj_class.comment ccomment FROM `zyyj_class` INNER JOIN zyyj_grade ON zyyj_class.grade_id = zyyj_grade.grade_id INNER JOIN zyyj_department ON zyyj_class.department_id = zyyj_department.department_id INNER JOIN zyyj_major ON zyyj_grade.major_id = zyyj_major.major_id  WHERE ( zyyj_class.grade_id = '1' and zyyj_class.department_id = '1' ) LIMIT 10,10   [ RunTime:0.000000s ]
INFO: [ app_end ] --START--
INFO: Run Behavior\ShowPageTraceBehavior [ RunTime:0.000000s ]
INFO: [ app_end ] --END-- [ RunTime:0.000000s ]

[ 2016-07-09T15:57:33+08:00 ] ::1 /zyyj/index.php/Home/Class/Class_list_show
INFO: [ app_begin ] --START--
INFO: Run Behavior\ReadHtmlCacheBehavior [ RunTime:0.001000s ]
INFO: [ app_begin ] --END-- [ RunTime:0.002000s ]
SQL: SHOW COLUMNS FROM `zyyj_class` [ RunTime:0.000000s ]
SQL: SELECT COUNT(*) AS tp_count FROM `zyyj_class` WHERE ( zyyj_class.grade_id = '1' and zyyj_class.department_id = '1' ) LIMIT 1   [ RunTime:0.000000s ]
SQL: SELECT zyyj_department.name dname,zyyj_grade.name gname,zyyj_class.name cname,zyyj_major.name mname,zyyj_class.class_id cid,zyyj_class.comment ccomment FROM `zyyj_class` INNER JOIN zyyj_grade ON zyyj_class.grade_id = zyyj_grade.grade_id INNER JOIN zyyj_department ON zyyj_class.department_id = zyyj_department.department_id INNER JOIN zyyj_major ON zyyj_grade.major_id = zyyj_major.major_id  WHERE ( zyyj_class.grade_id = '1' and zyyj_class.department_id = '1' ) LIMIT 0,10   [ RunTime:0.000000s ]
INFO: [ app_end ] --START--
INFO: Run Behavior\ShowPageTraceBehavior [ RunTime:0.000000s ]
INFO: [ app_end ] --END-- [ RunTime:0.000000s ]

[ 2016-07-09T15:57:55+08:00 ] ::1 /zyyj/index.php/Home/Class/Class_getGrade/id/1
INFO: [ app_begin ] --START--
INFO: Run Behavior\ReadHtmlCacheBehavior [ RunTime:0.001000s ]
INFO: [ app_begin ] --END-- [ RunTime:0.002000s ]
SQL: SHOW COLUMNS FROM `zyyj_grade` [ RunTime:0.000000s ]
SQL: SELECT * FROM `zyyj_grade` WHERE ( major_id=1 )  [ RunTime:0.000000s ]
INFO: [ app_end ] --START--
INFO: Run Behavior\ShowPageTraceBehavior [ RunTime:0.000000s ]
INFO: [ app_end ] --END-- [ RunTime:0.000000s ]

[ 2016-07-09T15:58:02+08:00 ] ::1 /zyyj/index.php/Home/Login/Login_get_menu
INFO: [ app_begin ] --START--
INFO: Run Behavior\ReadHtmlCacheBehavior [ RunTime:0.001000s ]
INFO: [ app_begin ] --END-- [ RunTime:0.001000s ]
SQL: SHOW COLUMNS FROM `zyyj_post` [ RunTime:0.000000s ]
SQL: SHOW COLUMNS FROM `zyyj_menu` [ RunTime:0.000000s ]
SQL: SELECT * FROM `zyyj_post` WHERE ( 1 )  [ RunTime:0.000000s ]
SQL: SELECT * FROM `zyyj_menu` WHERE ( `nid` = 0 ) AND ( `id` = 1 )  [ RunTime:0.000000s ]
SQL: SELECT * FROM `zyyj_menu` WHERE ( `nid` = 0 ) AND ( `id` = 2 )  [ RunTime:0.000000s ]
NOTIC: [2] Invalid argument supplied for foreach() G:\xampp\htdocs\zyyj\Application\Home\Controller\LoginController.class.php 第 49 行.
SQL: SELECT * FROM `zyyj_menu` WHERE ( `nid` = 0 ) AND ( `id` = 3 )  [ RunTime:0.000000s ]
SQL: SELECT * FROM `zyyj_menu` WHERE ( `nid` = 0 ) AND ( `id` = 4 )  [ RunTime:0.000000s ]
NOTIC: [2] Invalid argument supplied for foreach() G:\xampp\htdocs\zyyj\Application\Home\Controller\LoginController.class.php 第 49 行.
SQL: SELECT * FROM `zyyj_menu` WHERE ( `nid` = 0 ) AND ( `id` = 5 )  [ RunTime:0.000000s ]
NOTIC: [2] Invalid argument supplied for foreach() G:\xampp\htdocs\zyyj\Application\Home\Controller\LoginController.class.php 第 49 行.
SQL: SELECT * FROM `zyyj_menu` WHERE ( `nid` = 0 ) AND ( `id` = 6 )  [ RunTime:0.000000s ]
NOTIC: [2] Invalid argument supplied for foreach() G:\xampp\htdocs\zyyj\Application\Home\Controller\LoginController.class.php 第 49 行.
SQL: SELECT * FROM `zyyj_menu` WHERE ( `nid` = 0 ) AND ( `id` = 7 )  [ RunTime:0.000000s ]
NOTIC: [2] Invalid argument supplied for foreach() G:\xampp\htdocs\zyyj\Application\Home\Controller\LoginController.class.php 第 49 行.
SQL: SELECT * FROM `zyyj_menu` WHERE ( `nid` = 0 ) AND ( `id` = 8 )  [ RunTime:0.000000s ]
NOTIC: [2] Invalid argument supplied for foreach() G:\xampp\htdocs\zyyj\Application\Home\Controller\LoginController.class.php 第 49 行.
SQL: SELECT * FROM `zyyj_menu` WHERE ( `nid` = 0 ) AND ( `id` = 10 )  [ RunTime:0.000000s ]
NOTIC: [2] Invalid argument supplied for foreach() G:\xampp\htdocs\zyyj\Application\Home\Controller\LoginController.class.php 第 49 行.
SQL: SELECT * FROM `zyyj_menu` WHERE ( `nid` = 0 ) AND ( `id` = 11 )  [ RunTime:0.000000s ]
SQL: SELECT * FROM `zyyj_menu` WHERE ( `nid` = 0 ) AND ( `id` = 12 )  [ RunTime:0.000000s ]
NOTIC: [2] Invalid argument supplied for foreach() G:\xampp\htdocs\zyyj\Application\Home\Controller\LoginController.class.php 第 49 行.
SQL: SELECT * FROM `zyyj_menu` WHERE ( `nid` = 0 ) AND ( `id` = 0 )  [ RunTime:0.000000s ]
NOTIC: [2] Invalid argument supplied for foreach() G:\xampp\htdocs\zyyj\Application\Home\Controller\LoginController.class.php 第 49 行.
INFO: [ app_end ] --START--
INFO: Run Behavior\ShowPageTraceBehavior [ RunTime:0.000000s ]
INFO: [ app_end ] --END-- [ RunTime:0.000000s ]

[ 2016-07-09T15:58:03+08:00 ] ::1 /zyyj/index.php/Home/Login/Login_get_menu
INFO: [ app_begin ] --START--
INFO: Run Behavior\ReadHtmlCacheBehavior [ RunTime:0.000000s ]
INFO: [ app_begin ] --END-- [ RunTime:0.000000s ]
SQL: SHOW COLUMNS FROM `zyyj_post` [ RunTime:0.000000s ]
SQL: SHOW COLUMNS FROM `zyyj_menu` [ RunTime:0.000000s ]
SQL: SELECT * FROM `zyyj_post` WHERE ( 1 )  [ RunTime:0.015600s ]
SQL: SELECT * FROM `zyyj_menu` WHERE ( `nid` = 3 ) AND ( `id` = 1 )  [ RunTime:0.000000s ]
NOTIC: [2] Invalid argument supplied for foreach() G:\xampp\htdocs\zyyj\Application\Home\Controller\LoginController.class.php 第 49 行.
SQL: SELECT * FROM `zyyj_menu` WHERE ( `nid` = 3 ) AND ( `id` = 2 )  [ RunTime:0.000000s ]
NOTIC: [2] Invalid argument supplied for foreach() G:\xampp\htdocs\zyyj\Application\Home\Controller\LoginController.class.php 第 49 行.
SQL: SELECT * FROM `zyyj_menu` WHERE ( `nid` = 3 ) AND ( `id` = 3 )  [ RunTime:0.000000s ]
NOTIC: [2] Invalid argument supplied for foreach() G:\xampp\htdocs\zyyj\Application\Home\Controller\LoginController.class.php 第 49 行.
SQL: SELECT * FROM `zyyj_menu` WHERE ( `nid` = 3 ) AND ( `id` = 4 )  [ RunTime:0.000000s ]
SQL: SELECT * FROM `zyyj_menu` WHERE ( `nid` = 3 ) AND ( `id` = 5 )  [ RunTime:0.000000s ]
SQL: SELECT * FROM `zyyj_menu` WHERE ( `nid` = 3 ) AND ( `id` = 6 )  [ RunTime:0.000000s ]
SQL: SELECT * FROM `zyyj_menu` WHERE ( `nid` = 3 ) AND ( `id` = 7 )  [ RunTime:0.000000s ]
SQL: SELECT * FROM `zyyj_menu` WHERE ( `nid` = 3 ) AND ( `id` = 8 )  [ RunTime:0.000000s ]
SQL: SELECT * FROM `zyyj_menu` WHERE ( `nid` = 3 ) AND ( `id` = 10 )  [ RunTime:0.000000s ]
NOTIC: [2] Invalid argument supplied for foreach() G:\xampp\htdocs\zyyj\Application\Home\Controller\LoginController.class.php 第 49 行.
SQL: SELECT * FROM `zyyj_menu` WHERE ( `nid` = 3 ) AND ( `id` = 11 )  [ RunTime:0.000000s ]
NOTIC: [2] Invalid argument supplied for foreach() G:\xampp\htdocs\zyyj\Application\Home\Controller\LoginController.class.php 第 49 行.
SQL: SELECT * FROM `zyyj_menu` WHERE ( `nid` = 3 ) AND ( `id` = 12 )  [ RunTime:0.000000s ]
NOTIC: [2] Invalid argument supplied for foreach() G:\xampp\htdocs\zyyj\Application\Home\Controller\LoginController.class.php 第 49 行.
SQL: SELECT * FROM `zyyj_menu` WHERE ( `nid` = 3 ) AND ( `id` = 0 )  [ RunTime:0.015600s ]
NOTIC: [2] Invalid argument supplied for foreach() G:\xampp\htdocs\zyyj\Application\Home\Controller\LoginController.class.php 第 49 行.
INFO: [ app_end ] --START--
INFO: Run Behavior\ShowPageTraceBehavior [ RunTime:0.002001s ]
INFO: [ app_end ] --END-- [ RunTime:0.002001s ]

[ 2016-07-09T15:58:04+08:00 ] ::1 /zyyj/index.php/Home/Class/Class_list?_=1468051080941
INFO: [ app_begin ] --START--
INFO: Run Behavior\ReadHtmlCacheBehavior [ RunTime:0.001000s ]
INFO: [ app_begin ] --END-- [ RunTime:0.002000s ]
INFO: [ view_parse ] --START--
INFO: [ template_filter ] --START--
INFO: Run Behavior\ContentReplaceBehavior [ RunTime:0.000000s ]
INFO: [ template_filter ] --END-- [ RunTime:0.001000s ]
INFO: Run Behavior\ParseTemplateBehavior [ RunTime:0.005000s ]
INFO: [ view_parse ] --END-- [ RunTime:0.005000s ]
INFO: [ view_filter ] --START--
INFO: Run Behavior\WriteHtmlCacheBehavior [ RunTime:0.001001s ]
INFO: [ view_filter ] --END-- [ RunTime:0.001001s ]
INFO: [ app_end ] --START--
INFO: Run Behavior\ShowPageTraceBehavior [ RunTime:0.000000s ]
INFO: [ app_end ] --END-- [ RunTime:0.000000s ]

[ 2016-07-09T15:58:05+08:00 ] ::1 /zyyj/index.php/Home/Class/Class_list_show
INFO: [ app_begin ] --START--
INFO: Run Behavior\ReadHtmlCacheBehavior [ RunTime:0.001000s ]
INFO: [ app_begin ] --END-- [ RunTime:0.001000s ]
SQL: SHOW COLUMNS FROM `zyyj_class` [ RunTime:0.000000s ]
SQL: SELECT COUNT(*) AS tp_count FROM `zyyj_class` LIMIT 1   [ RunTime:0.000000s ]
SQL: SELECT zyyj_department.name dname,zyyj_grade.name gname,zyyj_class.name cname,zyyj_major.name mname,zyyj_class.class_id cid,zyyj_class.comment ccomment FROM `zyyj_class` INNER JOIN zyyj_grade ON zyyj_class.grade_id = zyyj_grade.grade_id INNER JOIN zyyj_department ON zyyj_class.department_id = zyyj_department.department_id INNER JOIN zyyj_major ON zyyj_grade.major_id = zyyj_major.major_id  LIMIT 0,10   [ RunTime:0.000000s ]
INFO: [ app_end ] --START--
INFO: Run Behavior\ShowPageTraceBehavior [ RunTime:0.000000s ]
INFO: [ app_end ] --END-- [ RunTime:0.000000s ]

[ 2016-07-09T15:58:07+08:00 ] ::1 /zyyj/index.php/Home/Class/Class_getMajor
INFO: [ app_begin ] --START--
INFO: Run Behavior\ReadHtmlCacheBehavior [ RunTime:0.001000s ]
INFO: [ app_begin ] --END-- [ RunTime:0.001000s ]
SQL: SHOW COLUMNS FROM `zyyj_major` [ RunTime:0.002000s ]
SQL: SELECT * FROM `zyyj_major`  [ RunTime:0.000000s ]
INFO: [ app_end ] --START--
INFO: Run Behavior\ShowPageTraceBehavior [ RunTime:0.001000s ]
INFO: [ app_end ] --END-- [ RunTime:0.001000s ]

[ 2016-07-09T15:58:08+08:00 ] ::1 /zyyj/index.php/Home/Class/Class_getMajor
INFO: [ app_begin ] --START--
INFO: Run Behavior\ReadHtmlCacheBehavior [ RunTime:0.000000s ]
INFO: [ app_begin ] --END-- [ RunTime:0.001000s ]
SQL: SHOW COLUMNS FROM `zyyj_major` [ RunTime:0.000000s ]
SQL: SELECT * FROM `zyyj_major`  [ RunTime:0.000000s ]
INFO: [ app_end ] --START--
INFO: Run Behavior\ShowPageTraceBehavior [ RunTime:0.000000s ]
INFO: [ app_end ] --END-- [ RunTime:0.000000s ]

[ 2016-07-09T15:58:09+08:00 ] ::1 /zyyj/index.php/Home/Class/Class_getMajor
INFO: [ app_begin ] --START--
INFO: Run Behavior\ReadHtmlCacheBehavior [ RunTime:0.000000s ]
INFO: [ app_begin ] --END-- [ RunTime:0.001000s ]
SQL: SHOW COLUMNS FROM `zyyj_major` [ RunTime:0.000000s ]
SQL: SELECT * FROM `zyyj_major`  [ RunTime:0.000000s ]
INFO: [ app_end ] --START--
INFO: Run Behavior\ShowPageTraceBehavior [ RunTime:0.000000s ]
INFO: [ app_end ] --END-- [ RunTime:0.000000s ]

[ 2016-07-09T15:58:10+08:00 ] ::1 /zyyj/index.php/Home/Class/Class_getDepartment
INFO: [ app_begin ] --START--
INFO: Run Behavior\ReadHtmlCacheBehavior [ RunTime:0.001000s ]
INFO: [ app_begin ] --END-- [ RunTime:0.001000s ]
SQL: SHOW COLUMNS FROM `zyyj_department` [ RunTime:0.000000s ]
SQL: SELECT * FROM `zyyj_department`  [ RunTime:0.000000s ]
INFO: [ app_end ] --START--
INFO: Run Behavior\ShowPageTraceBehavior [ RunTime:0.000000s ]
INFO: [ app_end ] --END-- [ RunTime:0.000000s ]

[ 2016-07-09T15:58:11+08:00 ] ::1 /zyyj/index.php/Home/Class/Class_getMajor
INFO: [ app_begin ] --START--
INFO: Run Behavior\ReadHtmlCacheBehavior [ RunTime:0.001000s ]
INFO: [ app_begin ] --END-- [ RunTime:0.001000s ]
SQL: SHOW COLUMNS FROM `zyyj_major` [ RunTime:0.000000s ]
SQL: SELECT * FROM `zyyj_major`  [ RunTime:0.000000s ]
INFO: [ app_end ] --START--
INFO: Run Behavior\ShowPageTraceBehavior [ RunTime:0.000000s ]
INFO: [ app_end ] --END-- [ RunTime:0.000000s ]

[ 2016-07-09T15:58:12+08:00 ] ::1 /zyyj/index.php/Home/Class/Class_getDepartment
INFO: [ app_begin ] --START--
INFO: Run Behavior\ReadHtmlCacheBehavior [ RunTime:0.000000s ]
INFO: [ app_begin ] --END-- [ RunTime:0.001000s ]
SQL: SHOW COLUMNS FROM `zyyj_department` [ RunTime:0.000000s ]
SQL: SELECT * FROM `zyyj_department`  [ RunTime:0.000000s ]
INFO: [ app_end ] --START--
INFO: Run Behavior\ShowPageTraceBehavior [ RunTime:0.000000s ]
INFO: [ app_end ] --END-- [ RunTime:0.000000s ]

[ 2016-07-09T15:58:13+08:00 ] ::1 /zyyj/index.php/Home/Class/Class_list_show
INFO: [ app_begin ] --START--
INFO: Run Behavior\ReadHtmlCacheBehavior [ RunTime:0.000000s ]
INFO: [ app_begin ] --END-- [ RunTime:0.001000s ]
SQL: SHOW COLUMNS FROM `zyyj_class` [ RunTime:0.000000s ]
SQL: SELECT COUNT(*) AS tp_count FROM `zyyj_class` LIMIT 1   [ RunTime:0.000000s ]
SQL: SELECT zyyj_department.name dname,zyyj_grade.name gname,zyyj_class.name cname,zyyj_major.name mname,zyyj_class.class_id cid,zyyj_class.comment ccomment FROM `zyyj_class` INNER JOIN zyyj_grade ON zyyj_class.grade_id = zyyj_grade.grade_id INNER JOIN zyyj_department ON zyyj_class.department_id = zyyj_department.department_id INNER JOIN zyyj_major ON zyyj_grade.major_id = zyyj_major.major_id  LIMIT 0,10   [ RunTime:0.000000s ]
INFO: [ app_end ] --START--
INFO: Run Behavior\ShowPageTraceBehavior [ RunTime:0.000000s ]
INFO: [ app_end ] --END-- [ RunTime:0.000000s ]

[ 2016-07-09T15:58:14+08:00 ] ::1 /zyyj/index.php/Home/Class/Class_getGrade/id/1
INFO: [ app_begin ] --START--
INFO: Run Behavior\ReadHtmlCacheBehavior [ RunTime:0.000000s ]
INFO: [ app_begin ] --END-- [ RunTime:0.001000s ]
SQL: SHOW COLUMNS FROM `zyyj_grade` [ RunTime:0.000000s ]
SQL: SELECT * FROM `zyyj_grade` WHERE ( major_id=1 )  [ RunTime:0.000000s ]
INFO: [ app_end ] --START--
INFO: Run Behavior\ShowPageTraceBehavior [ RunTime:0.000000s ]
INFO: [ app_end ] --END-- [ RunTime:0.000000s ]

[ 2016-07-09T15:58:23+08:00 ] ::1 /zyyj/index.php/Home/Class/Class_list_show
INFO: [ app_begin ] --START--
INFO: Run Behavior\ReadHtmlCacheBehavior [ RunTime:0.001000s ]
INFO: [ app_begin ] --END-- [ RunTime:0.002000s ]
SQL: SHOW COLUMNS FROM `zyyj_class` [ RunTime:0.006001s ]
SQL: SELECT COUNT(*) AS tp_count FROM `zyyj_class` LIMIT 1   [ RunTime:0.000000s ]
SQL: SELECT zyyj_department.name dname,zyyj_grade.name gname,zyyj_class.name cname,zyyj_major.name mname,zyyj_class.class_id cid,zyyj_class.comment ccomment FROM `zyyj_class` INNER JOIN zyyj_grade ON zyyj_class.grade_id = zyyj_grade.grade_id INNER JOIN zyyj_department ON zyyj_class.department_id = zyyj_department.department_id INNER JOIN zyyj_major ON zyyj_grade.major_id = zyyj_major.major_id  LIMIT 0,10   [ RunTime:0.000000s ]
INFO: [ app_end ] --START--
INFO: Run Behavior\ShowPageTraceBehavior [ RunTime:0.000000s ]
INFO: [ app_end ] --END-- [ RunTime:0.000000s ]

[ 2016-07-09T15:58:27+08:00 ] ::1 /zyyj/index.php/Home/Class/Class_list_show
INFO: [ app_begin ] --START--
INFO: Run Behavior\ReadHtmlCacheBehavior [ RunTime:0.001000s ]
INFO: [ app_begin ] --END-- [ RunTime:0.001000s ]
SQL: SHOW COLUMNS FROM `zyyj_class` [ RunTime:0.000000s ]
SQL: SELECT COUNT(*) AS tp_count FROM `zyyj_class` LIMIT 1   [ RunTime:0.000000s ]
SQL: SELECT zyyj_department.name dname,zyyj_grade.name gname,zyyj_class.name cname,zyyj_major.name mname,zyyj_class.class_id cid,zyyj_class.comment ccomment FROM `zyyj_class` INNER JOIN zyyj_grade ON zyyj_class.grade_id = zyyj_grade.grade_id INNER JOIN zyyj_department ON zyyj_class.department_id = zyyj_department.department_id INNER JOIN zyyj_major ON zyyj_grade.major_id = zyyj_major.major_id  LIMIT 50,10   [ RunTime:0.000000s ]
INFO: [ app_end ] --START--
INFO: Run Behavior\ShowPageTraceBehavior [ RunTime:0.015600s ]
INFO: [ app_end ] --END-- [ RunTime:0.015600s ]

[ 2016-07-09T15:58:31+08:00 ] ::1 /zyyj/index.php/Home/Class/Class_list_show
INFO: [ app_begin ] --START--
INFO: Run Behavior\ReadHtmlCacheBehavior [ RunTime:0.000000s ]
INFO: [ app_begin ] --END-- [ RunTime:0.001000s ]
SQL: SHOW COLUMNS FROM `zyyj_class` [ RunTime:0.000000s ]
SQL: SELECT COUNT(*) AS tp_count FROM `zyyj_class` LIMIT 1   [ RunTime:0.000000s ]
SQL: SELECT zyyj_department.name dname,zyyj_grade.name gname,zyyj_class.name cname,zyyj_major.name mname,zyyj_class.class_id cid,zyyj_class.comment ccomment FROM `zyyj_class` INNER JOIN zyyj_grade ON zyyj_class.grade_id = zyyj_grade.grade_id INNER JOIN zyyj_department ON zyyj_class.department_id = zyyj_department.department_id INNER JOIN zyyj_major ON zyyj_grade.major_id = zyyj_major.major_id  LIMIT 40,10   [ RunTime:0.000000s ]
INFO: [ app_end ] --START--
INFO: Run Behavior\ShowPageTraceBehavior [ RunTime:0.000000s ]
INFO: [ app_end ] --END-- [ RunTime:0.000000s ]

[ 2016-07-09T15:58:37+08:00 ] ::1 /zyyj/index.php/Home/Class/Class_getGrade/id/1
INFO: [ app_begin ] --START--
INFO: Run Behavior\ReadHtmlCacheBehavior [ RunTime:0.001000s ]
INFO: [ app_begin ] --END-- [ RunTime:0.001000s ]
SQL: SHOW COLUMNS FROM `zyyj_grade` [ RunTime:0.004000s ]
SQL: SELECT * FROM `zyyj_grade` WHERE ( major_id=1 )  [ RunTime:0.000000s ]
INFO: [ app_end ] --START--
INFO: Run Behavior\ShowPageTraceBehavior [ RunTime:0.002001s ]
INFO: [ app_end ] --END-- [ RunTime:0.002001s ]

[ 2016-07-09T15:58:41+08:00 ] ::1 /zyyj/index.php/Home/Class/Class_list_show
INFO: [ app_begin ] --START--
INFO: Run Behavior\ReadHtmlCacheBehavior [ RunTime:0.001000s ]
INFO: [ app_begin ] --END-- [ RunTime:0.002000s ]
SQL: SHOW COLUMNS FROM `zyyj_class` [ RunTime:0.000000s ]
SQL: SELECT COUNT(*) AS tp_count FROM `zyyj_class` WHERE ( zyyj_class.grade_id = '1' and zyyj_class.department_id = '1' ) LIMIT 1   [ RunTime:0.000000s ]
SQL: SELECT zyyj_department.name dname,zyyj_grade.name gname,zyyj_class.name cname,zyyj_major.name mname,zyyj_class.class_id cid,zyyj_class.comment ccomment FROM `zyyj_class` INNER JOIN zyyj_grade ON zyyj_class.grade_id = zyyj_grade.grade_id INNER JOIN zyyj_department ON zyyj_class.department_id = zyyj_department.department_id INNER JOIN zyyj_major ON zyyj_grade.major_id = zyyj_major.major_id  WHERE ( zyyj_class.grade_id = '1' and zyyj_class.department_id = '1' ) LIMIT 0,10   [ RunTime:0.000000s ]
INFO: [ app_end ] --START--
INFO: Run Behavior\ShowPageTraceBehavior [ RunTime:0.000000s ]
INFO: [ app_end ] --END-- [ RunTime:0.000000s ]

[ 2016-07-09T15:58:45+08:00 ] ::1 /zyyj/index.php/Home/Class/Class_list_show
INFO: [ app_begin ] --START--
INFO: Run Behavior\ReadHtmlCacheBehavior [ RunTime:0.001000s ]
INFO: [ app_begin ] --END-- [ RunTime:0.002000s ]
SQL: SHOW COLUMNS FROM `zyyj_class` [ RunTime:0.000000s ]
SQL: SELECT COUNT(*) AS tp_count FROM `zyyj_class` WHERE ( zyyj_class.grade_id = '1' and zyyj_class.department_id = '1' ) LIMIT 1   [ RunTime:0.000000s ]
SQL: SELECT zyyj_department.name dname,zyyj_grade.name gname,zyyj_class.name cname,zyyj_major.name mname,zyyj_class.class_id cid,zyyj_class.comment ccomment FROM `zyyj_class` INNER JOIN zyyj_grade ON zyyj_class.grade_id = zyyj_grade.grade_id INNER JOIN zyyj_department ON zyyj_class.department_id = zyyj_department.department_id INNER JOIN zyyj_major ON zyyj_grade.major_id = zyyj_major.major_id  WHERE ( zyyj_class.grade_id = '1' and zyyj_class.department_id = '1' ) LIMIT 10,10   [ RunTime:0.000000s ]
INFO: [ app_end ] --START--
INFO: Run Behavior\ShowPageTraceBehavior [ RunTime:0.015600s ]
INFO: [ app_end ] --END-- [ RunTime:0.015600s ]

[ 2016-07-09T15:58:47+08:00 ] ::1 /zyyj/index.php/Home/Class/Class_list_show
INFO: [ app_begin ] --START--
INFO: Run Behavior\ReadHtmlCacheBehavior [ RunTime:0.001000s ]
INFO: [ app_begin ] --END-- [ RunTime:0.002000s ]
SQL: SHOW COLUMNS FROM `zyyj_class` [ RunTime:0.000000s ]
SQL: SELECT COUNT(*) AS tp_count FROM `zyyj_class` WHERE ( zyyj_class.grade_id = '1' and zyyj_class.department_id = '1' ) LIMIT 1   [ RunTime:0.000000s ]
SQL: SELECT zyyj_department.name dname,zyyj_grade.name gname,zyyj_class.name cname,zyyj_major.name mname,zyyj_class.class_id cid,zyyj_class.comment ccomment FROM `zyyj_class` INNER JOIN zyyj_grade ON zyyj_class.grade_id = zyyj_grade.grade_id INNER JOIN zyyj_department ON zyyj_class.department_id = zyyj_department.department_id INNER JOIN zyyj_major ON zyyj_grade.major_id = zyyj_major.major_id  WHERE ( zyyj_class.grade_id = '1' and zyyj_class.department_id = '1' ) LIMIT 20,10   [ RunTime:0.000000s ]
INFO: [ app_end ] --START--
INFO: Run Behavior\ShowPageTraceBehavior [ RunTime:0.000000s ]
INFO: [ app_end ] --END-- [ RunTime:0.000000s ]

[ 2016-07-09T15:58:50+08:00 ] ::1 /zyyj/index.php/Home/Class/Class_list_show
INFO: [ app_begin ] --START--
INFO: Run Behavior\ReadHtmlCacheBehavior [ RunTime:0.001000s ]
INFO: [ app_begin ] --END-- [ RunTime:0.001000s ]
SQL: SHOW COLUMNS FROM `zyyj_class` [ RunTime:0.000000s ]
SQL: SELECT COUNT(*) AS tp_count FROM `zyyj_class` WHERE ( zyyj_class.grade_id = '1' and zyyj_class.department_id = '1' ) LIMIT 1   [ RunTime:0.000000s ]
SQL: SELECT zyyj_department.name dname,zyyj_grade.name gname,zyyj_class.name cname,zyyj_major.name mname,zyyj_class.class_id cid,zyyj_class.comment ccomment FROM `zyyj_class` INNER JOIN zyyj_grade ON zyyj_class.grade_id = zyyj_grade.grade_id INNER JOIN zyyj_department ON zyyj_class.department_id = zyyj_department.department_id INNER JOIN zyyj_major ON zyyj_grade.major_id = zyyj_major.major_id  WHERE ( zyyj_class.grade_id = '1' and zyyj_class.department_id = '1' ) LIMIT 30,10   [ RunTime:0.000000s ]
INFO: [ app_end ] --START--
INFO: Run Behavior\ShowPageTraceBehavior [ RunTime:0.000000s ]
INFO: [ app_end ] --END-- [ RunTime:0.000000s ]

[ 2016-07-09T20:47:01+08:00 ] ::1 /zyyj/index.php/Home/Class/Class_list_show
INFO: [ app_begin ] --START--
INFO: Run Behavior\ReadHtmlCacheBehavior [ RunTime:0.019002s ]
INFO: [ app_begin ] --END-- [ RunTime:0.019002s ]
SQL: SHOW COLUMNS FROM `zyyj_class` [ RunTime:0.013001s ]
SQL: SELECT COUNT(*) AS tp_count FROM `zyyj_class` WHERE ( zyyj_class.grade_id = '1' and zyyj_class.department_id = '1' ) LIMIT 1   [ RunTime:0.001000s ]
SQL: SELECT zyyj_department.name dname,zyyj_grade.name gname,zyyj_class.name cname,zyyj_major.name mname,zyyj_class.class_id cid,zyyj_class.comment ccomment FROM `zyyj_class` INNER JOIN zyyj_grade ON zyyj_class.grade_id = zyyj_grade.grade_id INNER JOIN zyyj_department ON zyyj_class.department_id = zyyj_department.department_id INNER JOIN zyyj_major ON zyyj_grade.major_id = zyyj_major.major_id  WHERE ( zyyj_class.grade_id = '1' and zyyj_class.department_id = '1' ) LIMIT 0,10   [ RunTime:0.002000s ]
INFO: [ app_end ] --START--
INFO: Run Behavior\ShowPageTraceBehavior [ RunTime:0.003000s ]
INFO: [ app_end ] --END-- [ RunTime:0.003000s ]

