[ 2016-06-12T10:01:48+08:00 ] ::1 /zyyj/index.php/Home/Login/Login_login
INFO: [ app_begin ] --START--
INFO: Run Behavior\ReadHtmlCacheBehavior [ RunTime:0.001132s ]
INFO: [ app_begin ] --END-- [ RunTime:0.001745s ]
SQL: DESCRIBE zyyj_user [ RunTime:0.005117s ]
SQL: SELECT * FROM `zyyj_user` WHERE ( `name` = 'admin' )  [ RunTime:0.000690s ]
INFO: [ app_end ] --START--
INFO: Run Behavior\ShowPageTraceBehavior [ RunTime:0.001869s ]
INFO: [ app_end ] --END-- [ RunTime:0.001981s ]

[ 2016-06-12T10:01:50+08:00 ] ::1 /zyyj/index.php/Home/Login/Login_get_menu
INFO: [ app_begin ] --START--
INFO: Run Behavior\ReadHtmlCacheBehavior [ RunTime:0.001070s ]
INFO: [ app_begin ] --END-- [ RunTime:0.001744s ]
SQL: DESCRIBE zyyj_menu [ RunTime:0.003040s ]
SQL: SELECT * FROM `zyyj_menu` WHERE ( `nid` = 0 )  [ RunTime:0.000398s ]
INFO: [ app_end ] --START--
INFO: Run Behavior\ShowPageTraceBehavior [ RunTime:0.001220s ]
INFO: [ app_end ] --END-- [ RunTime:0.001293s ]

[ 2016-06-12T10:01:53+08:00 ] ::1 /zyyj/index.php/Home/Login/Login_get_menu
INFO: [ app_begin ] --START--
INFO: Run Behavior\ReadHtmlCacheBehavior [ RunTime:0.001003s ]
INFO: [ app_begin ] --END-- [ RunTime:0.001732s ]
SQL: DESCRIBE zyyj_menu [ RunTime:0.003896s ]
SQL: SELECT * FROM `zyyj_menu` WHERE ( `nid` = 1 )  [ RunTime:0.000540s ]
INFO: [ app_end ] --START--
INFO: Run Behavior\ShowPageTraceBehavior [ RunTime:0.001698s ]
INFO: [ app_end ] --END-- [ RunTime:0.001822s ]

[ 2016-06-12T16:43:49+08:00 ] ::1 /zyyj/index.php/Home/Login/Login_login
INFO: [ app_begin ] --START--
INFO: Run Behavior\ReadHtmlCacheBehavior [ RunTime:0.003527s ]
INFO: [ app_begin ] --END-- [ RunTime:0.004331s ]
SQL: DESCRIBE zyyj_user [ RunTime:0.069965s ]
SQL: SELECT * FROM `zyyj_user` WHERE ( `name` = 'admin' )  [ RunTime:0.000505s ]
INFO: [ app_end ] --START--
INFO: Run Behavior\ShowPageTraceBehavior [ RunTime:0.000994s ]
INFO: [ app_end ] --END-- [ RunTime:0.001085s ]

[ 2016-06-12T16:43:51+08:00 ] ::1 /zyyj/index.php/Home/Login/Login_get_menu
INFO: [ app_begin ] --START--
INFO: Run Behavior\ReadHtmlCacheBehavior [ RunTime:0.000752s ]
INFO: [ app_begin ] --END-- [ RunTime:0.001272s ]
SQL: DESCRIBE zyyj_menu [ RunTime:0.074205s ]
SQL: SELECT * FROM `zyyj_menu` WHERE ( `nid` = 0 )  [ RunTime:0.000426s ]
INFO: [ app_end ] --START--
INFO: Run Behavior\ShowPageTraceBehavior [ RunTime:0.000924s ]
INFO: [ app_end ] --END-- [ RunTime:0.000991s ]

[ 2016-06-12T16:44:10+08:00 ] ::1 /zyyj/index.php/Home/Login/Login_get_menu
INFO: [ app_begin ] --START--
INFO: Run Behavior\ReadHtmlCacheBehavior [ RunTime:0.000848s ]
INFO: [ app_begin ] --END-- [ RunTime:0.001424s ]
SQL: DESCRIBE zyyj_menu [ RunTime:0.003064s ]
SQL: SELECT * FROM `zyyj_menu` WHERE ( `nid` = 1 )  [ RunTime:0.000456s ]
INFO: [ app_end ] --START--
INFO: Run Behavior\ShowPageTraceBehavior [ RunTime:0.000924s ]
INFO: [ app_end ] --END-- [ RunTime:0.001038s ]

[ 2016-06-12T16:44:13+08:00 ] ::1 /zyyj/index.php/Home/Login/Login_self?_=1465721029775
INFO: [ app_begin ] --START--
INFO: Run Behavior\ReadHtmlCacheBehavior [ RunTime:0.001024s ]
INFO: [ app_begin ] --END-- [ RunTime:0.001591s ]
INFO: [ app_end ] --START--
INFO: Run Behavior\ShowPageTraceBehavior [ RunTime:0.000764s ]
INFO: [ app_end ] --END-- [ RunTime:0.000839s ]

