[ 2016-07-27T11:26:34+08:00 ] ::1 /zyyj/index.php/Home/Login/Login_login
INFO: [ app_begin ] --START--
INFO: Run Behavior\ReadHtmlCacheBehavior [ RunTime:0.000000s ]
INFO: [ app_begin ] --END-- [ RunTime:0.002000s ]
SQL: SHOW COLUMNS FROM `zyyj_user` [ RunTime:0.044003s ]
SQL: SELECT * FROM `zyyj_user` WHERE ( `name` = 'admin' )  [ RunTime:0.043002s ]

[ 2016-07-27T11:26:36+08:00 ] ::1 /zyyj/index.php/Home/Login/Login_get_menu
INFO: [ app_begin ] --START--
INFO: Run Behavior\ReadHtmlCacheBehavior [ RunTime:0.000000s ]
INFO: [ app_begin ] --END-- [ RunTime:0.001001s ]
SQL: SHOW COLUMNS FROM `zyyj_post` [ RunTime:0.045002s ]
SQL: SHOW COLUMNS FROM `zyyj_menu` [ RunTime:0.045003s ]
SQL: SELECT * FROM `zyyj_post` WHERE ( 1 )  [ RunTime:0.043002s ]
SQL: SELECT * FROM `zyyj_menu` WHERE ( `nid` = 0 ) AND ( `id` = 1 )  [ RunTime:0.043003s ]
SQL: SELECT * FROM `zyyj_menu` WHERE ( `nid` = 0 ) AND ( `id` = 0 )  [ RunTime:0.043002s ]
NOTIC: [2] Invalid argument supplied for foreach() G:\xampp\htdocs\zyyj\Application\Home\Controller\LoginController.class.php 第 46 行.
SQL: SELECT * FROM `zyyj_menu` WHERE ( `nid` = 0 ) AND ( `id` = 2 )  [ RunTime:0.043002s ]
NOTIC: [2] Invalid argument supplied for foreach() G:\xampp\htdocs\zyyj\Application\Home\Controller\LoginController.class.php 第 46 行.
SQL: SELECT * FROM `zyyj_menu` WHERE ( `nid` = 0 ) AND ( `id` = 10 )  [ RunTime:0.043003s ]
NOTIC: [2] Invalid argument supplied for foreach() G:\xampp\htdocs\zyyj\Application\Home\Controller\LoginController.class.php 第 46 行.
SQL: SELECT * FROM `zyyj_menu` WHERE ( `nid` = 0 ) AND ( `id` = 3 )  [ RunTime:0.043002s ]
SQL: SELECT * FROM `zyyj_menu` WHERE ( `nid` = 0 ) AND ( `id` = 4 )  [ RunTime:0.042003s ]
NOTIC: [2] Invalid argument supplied for foreach() G:\xampp\htdocs\zyyj\Application\Home\Controller\LoginController.class.php 第 46 行.
SQL: SELECT * FROM `zyyj_menu` WHERE ( `nid` = 0 ) AND ( `id` = 5 )  [ RunTime:0.043002s ]
NOTIC: [2] Invalid argument supplied for foreach() G:\xampp\htdocs\zyyj\Application\Home\Controller\LoginController.class.php 第 46 行.
SQL: SELECT * FROM `zyyj_menu` WHERE ( `nid` = 0 ) AND ( `id` = 6 )  [ RunTime:0.043003s ]
NOTIC: [2] Invalid argument supplied for foreach() G:\xampp\htdocs\zyyj\Application\Home\Controller\LoginController.class.php 第 46 行.
SQL: SELECT * FROM `zyyj_menu` WHERE ( `nid` = 0 ) AND ( `id` = 7 )  [ RunTime:0.043002s ]
NOTIC: [2] Invalid argument supplied for foreach() G:\xampp\htdocs\zyyj\Application\Home\Controller\LoginController.class.php 第 46 行.
SQL: SELECT * FROM `zyyj_menu` WHERE ( `nid` = 0 ) AND ( `id` = 8 )  [ RunTime:0.042002s ]
NOTIC: [2] Invalid argument supplied for foreach() G:\xampp\htdocs\zyyj\Application\Home\Controller\LoginController.class.php 第 46 行.
SQL: SELECT * FROM `zyyj_menu` WHERE ( `nid` = 0 ) AND ( `id` = 11 )  [ RunTime:0.042002s ]
SQL: SELECT * FROM `zyyj_menu` WHERE ( `nid` = 0 ) AND ( `id` = 12 )  [ RunTime:0.042002s ]
NOTIC: [2] Invalid argument supplied for foreach() G:\xampp\htdocs\zyyj\Application\Home\Controller\LoginController.class.php 第 46 行.
SQL: SELECT * FROM `zyyj_menu` WHERE ( `nid` = 0 ) AND ( `id` = 16 )  [ RunTime:0.042003s ]
NOTIC: [2] Invalid argument supplied for foreach() G:\xampp\htdocs\zyyj\Application\Home\Controller\LoginController.class.php 第 46 行.
SQL: SELECT * FROM `zyyj_menu` WHERE ( `nid` = 0 ) AND ( `id` = 13 )  [ RunTime:0.043002s ]
SQL: SELECT * FROM `zyyj_menu` WHERE ( `nid` = 0 ) AND ( `id` = 14 )  [ RunTime:0.042003s ]
NOTIC: [2] Invalid argument supplied for foreach() G:\xampp\htdocs\zyyj\Application\Home\Controller\LoginController.class.php 第 46 行.
SQL: SELECT * FROM `zyyj_menu` WHERE ( `nid` = 0 ) AND ( `id` = 15 )  [ RunTime:0.043002s ]
NOTIC: [2] Invalid argument supplied for foreach() G:\xampp\htdocs\zyyj\Application\Home\Controller\LoginController.class.php 第 46 行.
SQL: SELECT * FROM `zyyj_menu` WHERE ( `nid` = 0 ) AND ( `id` = 22 )  [ RunTime:0.043003s ]
SQL: SELECT * FROM `zyyj_menu` WHERE ( `nid` = 0 ) AND ( `id` = 23 )  [ RunTime:0.042002s ]
NOTIC: [2] Invalid argument supplied for foreach() G:\xampp\htdocs\zyyj\Application\Home\Controller\LoginController.class.php 第 46 行.
SQL: SELECT * FROM `zyyj_menu` WHERE ( `nid` = 0 ) AND ( `id` = 45 )  [ RunTime:0.043003s ]
NOTIC: [2] Invalid argument supplied for foreach() G:\xampp\htdocs\zyyj\Application\Home\Controller\LoginController.class.php 第 46 行.
SQL: SELECT * FROM `zyyj_menu` WHERE ( `nid` = 0 ) AND ( `id` = 27 )  [ RunTime:0.043002s ]
SQL: SELECT * FROM `zyyj_menu` WHERE ( `nid` = 0 ) AND ( `id` = 31 )  [ RunTime:0.042003s ]
NOTIC: [2] Invalid argument supplied for foreach() G:\xampp\htdocs\zyyj\Application\Home\Controller\LoginController.class.php 第 46 行.
SQL: SELECT * FROM `zyyj_menu` WHERE ( `nid` = 0 ) AND ( `id` = 32 )  [ RunTime:0.043002s ]
SQL: SELECT * FROM `zyyj_menu` WHERE ( `nid` = 0 ) AND ( `id` = 33 )  [ RunTime:0.043003s ]
NOTIC: [2] Invalid argument supplied for foreach() G:\xampp\htdocs\zyyj\Application\Home\Controller\LoginController.class.php 第 46 行.
SQL: SELECT * FROM `zyyj_menu` WHERE ( `nid` = 0 ) AND ( `id` = 41 )  [ RunTime:0.043002s ]
NOTIC: [2] Invalid argument supplied for foreach() G:\xampp\htdocs\zyyj\Application\Home\Controller\LoginController.class.php 第 46 行.
SQL: SELECT * FROM `zyyj_menu` WHERE ( `nid` = 0 ) AND ( `id` = 35 )  [ RunTime:0.042002s ]
SQL: SELECT * FROM `zyyj_menu` WHERE ( `nid` = 0 ) AND ( `id` = 36 )  [ RunTime:0.043002s ]
NOTIC: [2] Invalid argument supplied for foreach() G:\xampp\htdocs\zyyj\Application\Home\Controller\LoginController.class.php 第 46 行.
SQL: SELECT * FROM `zyyj_menu` WHERE ( `nid` = 0 ) AND ( `id` = 37 )  [ RunTime:0.043002s ]
NOTIC: [2] Invalid argument supplied for foreach() G:\xampp\htdocs\zyyj\Application\Home\Controller\LoginController.class.php 第 46 行.
SQL: SELECT * FROM `zyyj_menu` WHERE ( `nid` = 0 ) AND ( `id` = 38 )  [ RunTime:0.043003s ]
NOTIC: [2] Invalid argument supplied for foreach() G:\xampp\htdocs\zyyj\Application\Home\Controller\LoginController.class.php 第 46 行.
SQL: SELECT * FROM `zyyj_menu` WHERE ( `nid` = 0 ) AND ( `id` = 47 )  [ RunTime:0.042002s ]
NOTIC: [2] Invalid argument supplied for foreach() G:\xampp\htdocs\zyyj\Application\Home\Controller\LoginController.class.php 第 46 行.
SQL: SELECT * FROM `zyyj_menu` WHERE ( `nid` = 0 ) AND ( `id` = 49 )  [ RunTime:0.043003s ]
NOTIC: [2] Invalid argument supplied for foreach() G:\xampp\htdocs\zyyj\Application\Home\Controller\LoginController.class.php 第 46 行.
SQL: SELECT * FROM `zyyj_menu` WHERE ( `nid` = 0 ) AND ( `id` = 39 )  [ RunTime:0.043002s ]
SQL: SELECT * FROM `zyyj_menu` WHERE ( `nid` = 0 ) AND ( `id` = 40 )  [ RunTime:0.042003s ]
NOTIC: [2] Invalid argument supplied for foreach() G:\xampp\htdocs\zyyj\Application\Home\Controller\LoginController.class.php 第 46 行.
SQL: SELECT * FROM `zyyj_menu` WHERE ( `nid` = 0 ) AND ( `id` = 46 )  [ RunTime:0.043002s ]
NOTIC: [2] Invalid argument supplied for foreach() G:\xampp\htdocs\zyyj\Application\Home\Controller\LoginController.class.php 第 46 行.
SQL: SELECT * FROM `zyyj_menu` WHERE ( `nid` = 0 ) AND ( `id` = 48 )  [ RunTime:0.044003s ]
NOTIC: [2] Invalid argument supplied for foreach() G:\xampp\htdocs\zyyj\Application\Home\Controller\LoginController.class.php 第 46 行.
SQL: SELECT * FROM `zyyj_menu` WHERE ( `nid` = 0 ) AND ( `id` = 42 )  [ RunTime:0.043002s ]
SQL: SELECT * FROM `zyyj_menu` WHERE ( `nid` = 0 ) AND ( `id` = 43 )  [ RunTime:0.042003s ]
NOTIC: [2] Invalid argument supplied for foreach() G:\xampp\htdocs\zyyj\Application\Home\Controller\LoginController.class.php 第 46 行.
SQL: SELECT * FROM `zyyj_menu` WHERE ( `nid` = 0 ) AND ( `id` = 4 )  [ RunTime:0.043002s ]
NOTIC: [2] Invalid argument supplied for foreach() G:\xampp\htdocs\zyyj\Application\Home\Controller\LoginController.class.php 第 46 行.
INFO: [ app_end ] --START--
INFO: Run Behavior\ShowPageTraceBehavior [ RunTime:0.003000s ]
INFO: [ app_end ] --END-- [ RunTime:0.003000s ]

[ 2016-07-27T11:26:40+08:00 ] ::1 /zyyj/index.php/Home/Login/Login_get_menu
INFO: [ app_begin ] --START--
INFO: Run Behavior\ReadHtmlCacheBehavior [ RunTime:0.001000s ]
INFO: [ app_begin ] --END-- [ RunTime:0.001000s ]
SQL: SHOW COLUMNS FROM `zyyj_post` [ RunTime:0.044002s ]
SQL: SHOW COLUMNS FROM `zyyj_menu` [ RunTime:0.044002s ]
SQL: SELECT * FROM `zyyj_post` WHERE ( 1 )  [ RunTime:0.043003s ]
SQL: SELECT * FROM `zyyj_menu` WHERE ( `nid` = 39 ) AND ( `id` = 1 )  [ RunTime:0.042002s ]
NOTIC: [2] Invalid argument supplied for foreach() G:\xampp\htdocs\zyyj\Application\Home\Controller\LoginController.class.php 第 46 行.
SQL: SELECT * FROM `zyyj_menu` WHERE ( `nid` = 39 ) AND ( `id` = 0 )  [ RunTime:0.042002s ]
NOTIC: [2] Invalid argument supplied for foreach() G:\xampp\htdocs\zyyj\Application\Home\Controller\LoginController.class.php 第 46 行.
SQL: SELECT * FROM `zyyj_menu` WHERE ( `nid` = 39 ) AND ( `id` = 2 )  [ RunTime:0.043003s ]
NOTIC: [2] Invalid argument supplied for foreach() G:\xampp\htdocs\zyyj\Application\Home\Controller\LoginController.class.php 第 46 行.
SQL: SELECT * FROM `zyyj_menu` WHERE ( `nid` = 39 ) AND ( `id` = 10 )  [ RunTime:0.043002s ]
NOTIC: [2] Invalid argument supplied for foreach() G:\xampp\htdocs\zyyj\Application\Home\Controller\LoginController.class.php 第 46 行.
SQL: SELECT * FROM `zyyj_menu` WHERE ( `nid` = 39 ) AND ( `id` = 3 )  [ RunTime:0.042003s ]
NOTIC: [2] Invalid argument supplied for foreach() G:\xampp\htdocs\zyyj\Application\Home\Controller\LoginController.class.php 第 46 行.
SQL: SELECT * FROM `zyyj_menu` WHERE ( `nid` = 39 ) AND ( `id` = 4 )  [ RunTime:0.042002s ]
NOTIC: [2] Invalid argument supplied for foreach() G:\xampp\htdocs\zyyj\Application\Home\Controller\LoginController.class.php 第 46 行.
SQL: SELECT * FROM `zyyj_menu` WHERE ( `nid` = 39 ) AND ( `id` = 5 )  [ RunTime:0.043003s ]
NOTIC: [2] Invalid argument supplied for foreach() G:\xampp\htdocs\zyyj\Application\Home\Controller\LoginController.class.php 第 46 行.
SQL: SELECT * FROM `zyyj_menu` WHERE ( `nid` = 39 ) AND ( `id` = 6 )  [ RunTime:0.043002s ]
NOTIC: [2] Invalid argument supplied for foreach() G:\xampp\htdocs\zyyj\Application\Home\Controller\LoginController.class.php 第 46 行.
SQL: SELECT * FROM `zyyj_menu` WHERE ( `nid` = 39 ) AND ( `id` = 7 )  [ RunTime:0.043003s ]
NOTIC: [2] Invalid argument supplied for foreach() G:\xampp\htdocs\zyyj\Application\Home\Controller\LoginController.class.php 第 46 行.
SQL: SELECT * FROM `zyyj_menu` WHERE ( `nid` = 39 ) AND ( `id` = 8 )  [ RunTime:0.043002s ]
NOTIC: [2] Invalid argument supplied for foreach() G:\xampp\htdocs\zyyj\Application\Home\Controller\LoginController.class.php 第 46 行.
SQL: SELECT * FROM `zyyj_menu` WHERE ( `nid` = 39 ) AND ( `id` = 11 )  [ RunTime:0.043003s ]
NOTIC: [2] Invalid argument supplied for foreach() G:\xampp\htdocs\zyyj\Application\Home\Controller\LoginController.class.php 第 46 行.
SQL: SELECT * FROM `zyyj_menu` WHERE ( `nid` = 39 ) AND ( `id` = 12 )  [ RunTime:0.042002s ]
NOTIC: [2] Invalid argument supplied for foreach() G:\xampp\htdocs\zyyj\Application\Home\Controller\LoginController.class.php 第 46 行.
SQL: SELECT * FROM `zyyj_menu` WHERE ( `nid` = 39 ) AND ( `id` = 16 )  [ RunTime:0.043002s ]
NOTIC: [2] Invalid argument supplied for foreach() G:\xampp\htdocs\zyyj\Application\Home\Controller\LoginController.class.php 第 46 行.
SQL: SELECT * FROM `zyyj_menu` WHERE ( `nid` = 39 ) AND ( `id` = 13 )  [ RunTime:0.043003s ]
NOTIC: [2] Invalid argument supplied for foreach() G:\xampp\htdocs\zyyj\Application\Home\Controller\LoginController.class.php 第 46 行.
SQL: SELECT * FROM `zyyj_menu` WHERE ( `nid` = 39 ) AND ( `id` = 14 )  [ RunTime:0.043002s ]
NOTIC: [2] Invalid argument supplied for foreach() G:\xampp\htdocs\zyyj\Application\Home\Controller\LoginController.class.php 第 46 行.
SQL: SELECT * FROM `zyyj_menu` WHERE ( `nid` = 39 ) AND ( `id` = 15 )  [ RunTime:0.043003s ]
NOTIC: [2] Invalid argument supplied for foreach() G:\xampp\htdocs\zyyj\Application\Home\Controller\LoginController.class.php 第 46 行.
SQL: SELECT * FROM `zyyj_menu` WHERE ( `nid` = 39 ) AND ( `id` = 22 )  [ RunTime:0.043002s ]
NOTIC: [2] Invalid argument supplied for foreach() G:\xampp\htdocs\zyyj\Application\Home\Controller\LoginController.class.php 第 46 行.
SQL: SELECT * FROM `zyyj_menu` WHERE ( `nid` = 39 ) AND ( `id` = 23 )  [ RunTime:0.042003s ]
NOTIC: [2] Invalid argument supplied for foreach() G:\xampp\htdocs\zyyj\Application\Home\Controller\LoginController.class.php 第 46 行.
SQL: SELECT * FROM `zyyj_menu` WHERE ( `nid` = 39 ) AND ( `id` = 45 )  [ RunTime:0.043002s ]
NOTIC: [2] Invalid argument supplied for foreach() G:\xampp\htdocs\zyyj\Application\Home\Controller\LoginController.class.php 第 46 行.
SQL: SELECT * FROM `zyyj_menu` WHERE ( `nid` = 39 ) AND ( `id` = 27 )  [ RunTime:0.043003s ]
NOTIC: [2] Invalid argument supplied for foreach() G:\xampp\htdocs\zyyj\Application\Home\Controller\LoginController.class.php 第 46 行.
SQL: SELECT * FROM `zyyj_menu` WHERE ( `nid` = 39 ) AND ( `id` = 31 )  [ RunTime:0.043002s ]
NOTIC: [2] Invalid argument supplied for foreach() G:\xampp\htdocs\zyyj\Application\Home\Controller\LoginController.class.php 第 46 行.
SQL: SELECT * FROM `zyyj_menu` WHERE ( `nid` = 39 ) AND ( `id` = 32 )  [ RunTime:0.043003s ]
NOTIC: [2] Invalid argument supplied for foreach() G:\xampp\htdocs\zyyj\Application\Home\Controller\LoginController.class.php 第 46 行.
SQL: SELECT * FROM `zyyj_menu` WHERE ( `nid` = 39 ) AND ( `id` = 33 )  [ RunTime:0.043002s ]
NOTIC: [2] Invalid argument supplied for foreach() G:\xampp\htdocs\zyyj\Application\Home\Controller\LoginController.class.php 第 46 行.
SQL: SELECT * FROM `zyyj_menu` WHERE ( `nid` = 39 ) AND ( `id` = 41 )  [ RunTime:0.043002s ]
NOTIC: [2] Invalid argument supplied for foreach() G:\xampp\htdocs\zyyj\Application\Home\Controller\LoginController.class.php 第 46 行.
SQL: SELECT * FROM `zyyj_menu` WHERE ( `nid` = 39 ) AND ( `id` = 35 )  [ RunTime:0.042003s ]
NOTIC: [2] Invalid argument supplied for foreach() G:\xampp\htdocs\zyyj\Application\Home\Controller\LoginController.class.php 第 46 行.
SQL: SELECT * FROM `zyyj_menu` WHERE ( `nid` = 39 ) AND ( `id` = 36 )  [ RunTime:0.042002s ]
NOTIC: [2] Invalid argument supplied for foreach() G:\xampp\htdocs\zyyj\Application\Home\Controller\LoginController.class.php 第 46 行.
SQL: SELECT * FROM `zyyj_menu` WHERE ( `nid` = 39 ) AND ( `id` = 37 )  [ RunTime:0.042003s ]
NOTIC: [2] Invalid argument supplied for foreach() G:\xampp\htdocs\zyyj\Application\Home\Controller\LoginController.class.php 第 46 行.
SQL: SELECT * FROM `zyyj_menu` WHERE ( `nid` = 39 ) AND ( `id` = 38 )  [ RunTime:0.042002s ]
NOTIC: [2] Invalid argument supplied for foreach() G:\xampp\htdocs\zyyj\Application\Home\Controller\LoginController.class.php 第 46 行.
SQL: SELECT * FROM `zyyj_menu` WHERE ( `nid` = 39 ) AND ( `id` = 47 )  [ RunTime:0.042003s ]
NOTIC: [2] Invalid argument supplied for foreach() G:\xampp\htdocs\zyyj\Application\Home\Controller\LoginController.class.php 第 46 行.
SQL: SELECT * FROM `zyyj_menu` WHERE ( `nid` = 39 ) AND ( `id` = 49 )  [ RunTime:0.042002s ]
NOTIC: [2] Invalid argument supplied for foreach() G:\xampp\htdocs\zyyj\Application\Home\Controller\LoginController.class.php 第 46 行.
SQL: SELECT * FROM `zyyj_menu` WHERE ( `nid` = 39 ) AND ( `id` = 39 )  [ RunTime:0.043003s ]
NOTIC: [2] Invalid argument supplied for foreach() G:\xampp\htdocs\zyyj\Application\Home\Controller\LoginController.class.php 第 46 行.
SQL: SELECT * FROM `zyyj_menu` WHERE ( `nid` = 39 ) AND ( `id` = 40 )  [ RunTime:0.042002s ]
SQL: SELECT * FROM `zyyj_menu` WHERE ( `nid` = 39 ) AND ( `id` = 46 )  [ RunTime:0.043003s ]
SQL: SELECT * FROM `zyyj_menu` WHERE ( `nid` = 39 ) AND ( `id` = 48 )  [ RunTime:0.043002s ]
SQL: SELECT * FROM `zyyj_menu` WHERE ( `nid` = 39 ) AND ( `id` = 42 )  [ RunTime:0.042002s ]
NOTIC: [2] Invalid argument supplied for foreach() G:\xampp\htdocs\zyyj\Application\Home\Controller\LoginController.class.php 第 46 行.
SQL: SELECT * FROM `zyyj_menu` WHERE ( `nid` = 39 ) AND ( `id` = 43 )  [ RunTime:0.042002s ]
NOTIC: [2] Invalid argument supplied for foreach() G:\xampp\htdocs\zyyj\Application\Home\Controller\LoginController.class.php 第 46 行.
SQL: SELECT * FROM `zyyj_menu` WHERE ( `nid` = 39 ) AND ( `id` = 4 )  [ RunTime:0.043002s ]
NOTIC: [2] Invalid argument supplied for foreach() G:\xampp\htdocs\zyyj\Application\Home\Controller\LoginController.class.php 第 46 行.
INFO: [ app_end ] --START--
INFO: Run Behavior\ShowPageTraceBehavior [ RunTime:0.003001s ]
INFO: [ app_end ] --END-- [ RunTime:0.003001s ]

[ 2016-07-27T11:26:42+08:00 ] ::1 /zyyj/index.php/Home/Login/Login_get_menu
INFO: [ app_begin ] --START--
INFO: Run Behavior\ReadHtmlCacheBehavior [ RunTime:0.001000s ]
INFO: [ app_begin ] --END-- [ RunTime:0.002000s ]
SQL: SHOW COLUMNS FROM `zyyj_post` [ RunTime:0.045003s ]
SQL: SHOW COLUMNS FROM `zyyj_menu` [ RunTime:0.045002s ]
SQL: SELECT * FROM `zyyj_post` WHERE ( 1 )  [ RunTime:0.042003s ]
SQL: SELECT * FROM `zyyj_menu` WHERE ( `nid` = 32 ) AND ( `id` = 1 )  [ RunTime:0.043002s ]
NOTIC: [2] Invalid argument supplied for foreach() G:\xampp\htdocs\zyyj\Application\Home\Controller\LoginController.class.php 第 46 行.
SQL: SELECT * FROM `zyyj_menu` WHERE ( `nid` = 32 ) AND ( `id` = 0 )  [ RunTime:0.043003s ]
NOTIC: [2] Invalid argument supplied for foreach() G:\xampp\htdocs\zyyj\Application\Home\Controller\LoginController.class.php 第 46 行.
SQL: SELECT * FROM `zyyj_menu` WHERE ( `nid` = 32 ) AND ( `id` = 2 )  [ RunTime:0.042002s ]
NOTIC: [2] Invalid argument supplied for foreach() G:\xampp\htdocs\zyyj\Application\Home\Controller\LoginController.class.php 第 46 行.
SQL: SELECT * FROM `zyyj_menu` WHERE ( `nid` = 32 ) AND ( `id` = 10 )  [ RunTime:0.043003s ]
NOTIC: [2] Invalid argument supplied for foreach() G:\xampp\htdocs\zyyj\Application\Home\Controller\LoginController.class.php 第 46 行.
SQL: SELECT * FROM `zyyj_menu` WHERE ( `nid` = 32 ) AND ( `id` = 3 )  [ RunTime:0.042002s ]
NOTIC: [2] Invalid argument supplied for foreach() G:\xampp\htdocs\zyyj\Application\Home\Controller\LoginController.class.php 第 46 行.
SQL: SELECT * FROM `zyyj_menu` WHERE ( `nid` = 32 ) AND ( `id` = 4 )  [ RunTime:0.043003s ]
NOTIC: [2] Invalid argument supplied for foreach() G:\xampp\htdocs\zyyj\Application\Home\Controller\LoginController.class.php 第 46 行.
SQL: SELECT * FROM `zyyj_menu` WHERE ( `nid` = 32 ) AND ( `id` = 5 )  [ RunTime:0.043002s ]
NOTIC: [2] Invalid argument supplied for foreach() G:\xampp\htdocs\zyyj\Application\Home\Controller\LoginController.class.php 第 46 行.
SQL: SELECT * FROM `zyyj_menu` WHERE ( `nid` = 32 ) AND ( `id` = 6 )  [ RunTime:0.043002s ]
NOTIC: [2] Invalid argument supplied for foreach() G:\xampp\htdocs\zyyj\Application\Home\Controller\LoginController.class.php 第 46 行.
SQL: SELECT * FROM `zyyj_menu` WHERE ( `nid` = 32 ) AND ( `id` = 7 )  [ RunTime:0.042003s ]
NOTIC: [2] Invalid argument supplied for foreach() G:\xampp\htdocs\zyyj\Application\Home\Controller\LoginController.class.php 第 46 行.
SQL: SELECT * FROM `zyyj_menu` WHERE ( `nid` = 32 ) AND ( `id` = 8 )  [ RunTime:0.042002s ]
NOTIC: [2] Invalid argument supplied for foreach() G:\xampp\htdocs\zyyj\Application\Home\Controller\LoginController.class.php 第 46 行.
SQL: SELECT * FROM `zyyj_menu` WHERE ( `nid` = 32 ) AND ( `id` = 11 )  [ RunTime:0.043003s ]
NOTIC: [2] Invalid argument supplied for foreach() G:\xampp\htdocs\zyyj\Application\Home\Controller\LoginController.class.php 第 46 行.
SQL: SELECT * FROM `zyyj_menu` WHERE ( `nid` = 32 ) AND ( `id` = 12 )  [ RunTime:0.043002s ]
NOTIC: [2] Invalid argument supplied for foreach() G:\xampp\htdocs\zyyj\Application\Home\Controller\LoginController.class.php 第 46 行.
SQL: SELECT * FROM `zyyj_menu` WHERE ( `nid` = 32 ) AND ( `id` = 16 )  [ RunTime:0.042003s ]
NOTIC: [2] Invalid argument supplied for foreach() G:\xampp\htdocs\zyyj\Application\Home\Controller\LoginController.class.php 第 46 行.
SQL: SELECT * FROM `zyyj_menu` WHERE ( `nid` = 32 ) AND ( `id` = 13 )  [ RunTime:0.042002s ]
NOTIC: [2] Invalid argument supplied for foreach() G:\xampp\htdocs\zyyj\Application\Home\Controller\LoginController.class.php 第 46 行.
SQL: SELECT * FROM `zyyj_menu` WHERE ( `nid` = 32 ) AND ( `id` = 14 )  [ RunTime:0.042003s ]
NOTIC: [2] Invalid argument supplied for foreach() G:\xampp\htdocs\zyyj\Application\Home\Controller\LoginController.class.php 第 46 行.
SQL: SELECT * FROM `zyyj_menu` WHERE ( `nid` = 32 ) AND ( `id` = 15 )  [ RunTime:0.043002s ]
NOTIC: [2] Invalid argument supplied for foreach() G:\xampp\htdocs\zyyj\Application\Home\Controller\LoginController.class.php 第 46 行.
SQL: SELECT * FROM `zyyj_menu` WHERE ( `nid` = 32 ) AND ( `id` = 22 )  [ RunTime:0.043003s ]
NOTIC: [2] Invalid argument supplied for foreach() G:\xampp\htdocs\zyyj\Application\Home\Controller\LoginController.class.php 第 46 行.
SQL: SELECT * FROM `zyyj_menu` WHERE ( `nid` = 32 ) AND ( `id` = 23 )  [ RunTime:0.043002s ]
NOTIC: [2] Invalid argument supplied for foreach() G:\xampp\htdocs\zyyj\Application\Home\Controller\LoginController.class.php 第 46 行.
SQL: SELECT * FROM `zyyj_menu` WHERE ( `nid` = 32 ) AND ( `id` = 45 )  [ RunTime:0.043003s ]
NOTIC: [2] Invalid argument supplied for foreach() G:\xampp\htdocs\zyyj\Application\Home\Controller\LoginController.class.php 第 46 行.
SQL: SELECT * FROM `zyyj_menu` WHERE ( `nid` = 32 ) AND ( `id` = 27 )  [ RunTime:0.042002s ]
NOTIC: [2] Invalid argument supplied for foreach() G:\xampp\htdocs\zyyj\Application\Home\Controller\LoginController.class.php 第 46 行.
SQL: SELECT * FROM `zyyj_menu` WHERE ( `nid` = 32 ) AND ( `id` = 31 )  [ RunTime:0.043003s ]
NOTIC: [2] Invalid argument supplied for foreach() G:\xampp\htdocs\zyyj\Application\Home\Controller\LoginController.class.php 第 46 行.
SQL: SELECT * FROM `zyyj_menu` WHERE ( `nid` = 32 ) AND ( `id` = 32 )  [ RunTime:0.043002s ]
NOTIC: [2] Invalid argument supplied for foreach() G:\xampp\htdocs\zyyj\Application\Home\Controller\LoginController.class.php 第 46 行.
SQL: SELECT * FROM `zyyj_menu` WHERE ( `nid` = 32 ) AND ( `id` = 33 )  [ RunTime:0.043003s ]
SQL: SELECT * FROM `zyyj_menu` WHERE ( `nid` = 32 ) AND ( `id` = 41 )  [ RunTime:0.043002s ]
SQL: SELECT * FROM `zyyj_menu` WHERE ( `nid` = 32 ) AND ( `id` = 35 )  [ RunTime:0.043002s ]
NOTIC: [2] Invalid argument supplied for foreach() G:\xampp\htdocs\zyyj\Application\Home\Controller\LoginController.class.php 第 46 行.
SQL: SELECT * FROM `zyyj_menu` WHERE ( `nid` = 32 ) AND ( `id` = 36 )  [ RunTime:0.043002s ]
NOTIC: [2] Invalid argument supplied for foreach() G:\xampp\htdocs\zyyj\Application\Home\Controller\LoginController.class.php 第 46 行.
SQL: SELECT * FROM `zyyj_menu` WHERE ( `nid` = 32 ) AND ( `id` = 37 )  [ RunTime:0.043002s ]
NOTIC: [2] Invalid argument supplied for foreach() G:\xampp\htdocs\zyyj\Application\Home\Controller\LoginController.class.php 第 46 行.
SQL: SELECT * FROM `zyyj_menu` WHERE ( `nid` = 32 ) AND ( `id` = 38 )  [ RunTime:0.042002s ]
NOTIC: [2] Invalid argument supplied for foreach() G:\xampp\htdocs\zyyj\Application\Home\Controller\LoginController.class.php 第 46 行.
SQL: SELECT * FROM `zyyj_menu` WHERE ( `nid` = 32 ) AND ( `id` = 47 )  [ RunTime:0.042002s ]
NOTIC: [2] Invalid argument supplied for foreach() G:\xampp\htdocs\zyyj\Application\Home\Controller\LoginController.class.php 第 46 行.
SQL: SELECT * FROM `zyyj_menu` WHERE ( `nid` = 32 ) AND ( `id` = 49 )  [ RunTime:0.042003s ]
NOTIC: [2] Invalid argument supplied for foreach() G:\xampp\htdocs\zyyj\Application\Home\Controller\LoginController.class.php 第 46 行.
SQL: SELECT * FROM `zyyj_menu` WHERE ( `nid` = 32 ) AND ( `id` = 39 )  [ RunTime:0.042002s ]
NOTIC: [2] Invalid argument supplied for foreach() G:\xampp\htdocs\zyyj\Application\Home\Controller\LoginController.class.php 第 46 行.
SQL: SELECT * FROM `zyyj_menu` WHERE ( `nid` = 32 ) AND ( `id` = 40 )  [ RunTime:0.042003s ]
NOTIC: [2] Invalid argument supplied for foreach() G:\xampp\htdocs\zyyj\Application\Home\Controller\LoginController.class.php 第 46 行.
SQL: SELECT * FROM `zyyj_menu` WHERE ( `nid` = 32 ) AND ( `id` = 46 )  [ RunTime:0.043002s ]
NOTIC: [2] Invalid argument supplied for foreach() G:\xampp\htdocs\zyyj\Application\Home\Controller\LoginController.class.php 第 46 行.
SQL: SELECT * FROM `zyyj_menu` WHERE ( `nid` = 32 ) AND ( `id` = 48 )  [ RunTime:0.043003s ]
NOTIC: [2] Invalid argument supplied for foreach() G:\xampp\htdocs\zyyj\Application\Home\Controller\LoginController.class.php 第 46 行.
SQL: SELECT * FROM `zyyj_menu` WHERE ( `nid` = 32 ) AND ( `id` = 42 )  [ RunTime:0.043002s ]
NOTIC: [2] Invalid argument supplied for foreach() G:\xampp\htdocs\zyyj\Application\Home\Controller\LoginController.class.php 第 46 行.
SQL: SELECT * FROM `zyyj_menu` WHERE ( `nid` = 32 ) AND ( `id` = 43 )  [ RunTime:0.042003s ]
NOTIC: [2] Invalid argument supplied for foreach() G:\xampp\htdocs\zyyj\Application\Home\Controller\LoginController.class.php 第 46 行.
SQL: SELECT * FROM `zyyj_menu` WHERE ( `nid` = 32 ) AND ( `id` = 4 )  [ RunTime:0.042002s ]
NOTIC: [2] Invalid argument supplied for foreach() G:\xampp\htdocs\zyyj\Application\Home\Controller\LoginController.class.php 第 46 行.
INFO: [ app_end ] --START--
INFO: Run Behavior\ShowPageTraceBehavior [ RunTime:0.002000s ]
INFO: [ app_end ] --END-- [ RunTime:0.002000s ]

[ 2016-07-27T11:26:44+08:00 ] ::1 /zyyj/index.php/Home/Checkpoint/Checkpoint_list?_=1469589994374
INFO: [ app_begin ] --START--
INFO: Run Behavior\ReadHtmlCacheBehavior [ RunTime:0.001000s ]
INFO: [ app_begin ] --END-- [ RunTime:0.001000s ]
INFO: [ view_parse ] --START--
INFO: [ template_filter ] --START--
INFO: Run Behavior\ContentReplaceBehavior [ RunTime:0.000000s ]
INFO: [ template_filter ] --END-- [ RunTime:0.000000s ]
INFO: Run Behavior\ParseTemplateBehavior [ RunTime:0.029001s ]
INFO: [ view_parse ] --END-- [ RunTime:0.029001s ]
INFO: [ view_filter ] --START--
INFO: Run Behavior\WriteHtmlCacheBehavior [ RunTime:0.000000s ]
INFO: [ view_filter ] --END-- [ RunTime:0.000000s ]
INFO: [ app_end ] --START--
INFO: Run Behavior\ShowPageTraceBehavior [ RunTime:0.001001s ]
INFO: [ app_end ] --END-- [ RunTime:0.001001s ]

[ 2016-07-27T11:26:45+08:00 ] ::1 /zyyj/index.php/Home/Checkpoint/Checkpoint_list_show
INFO: [ app_begin ] --START--
INFO: Run Behavior\ReadHtmlCacheBehavior [ RunTime:0.001000s ]
INFO: [ app_begin ] --END-- [ RunTime:0.001000s ]
SQL: SHOW COLUMNS FROM `zyyj_checkpoint` [ RunTime:0.044002s ]
SQL: SHOW COLUMNS FROM `zyyj_programme` [ RunTime:0.044003s ]
SQL: SHOW COLUMNS FROM `zyyj_student_practice` [ RunTime:0.046003s ]
SQL: SELECT `programme_id` FROM `zyyj_programme` ORDER BY createdate desc LIMIT 1   [ RunTime:0.043002s ]
SQL: SELECT COUNT(*) AS tp_count FROM `zyyj_checkpoint` WHERE ( programme_id = '67' ) LIMIT 1   [ RunTime:0.043003s ]
SQL: SELECT * FROM `zyyj_checkpoint` WHERE ( programme_id = '67' ) LIMIT 0,10   [ RunTime:0.043002s ]
SQL: SELECT `programme_id` FROM `zyyj_student_practice` WHERE ( type=1 )  [ RunTime:0.043003s ]
NOTIC: [8] Undefined variable: arr1 G:\xampp\htdocs\zyyj\Application\Home\Controller\CheckpointController.class.php 第 50 行.
SQL: SELECT COUNT(*) AS tp_count FROM `zyyj_checkpoint` WHERE ( programme_id in (1,1,1,2,2,4) and programme_id = '67' ) LIMIT 1   [ RunTime:0.042002s ]
SQL: SELECT COUNT(*) AS tp_count FROM `zyyj_programme` LIMIT 1   [ RunTime:0.042003s ]
INFO: [ app_end ] --START--
INFO: Run Behavior\ShowPageTraceBehavior [ RunTime:0.002000s ]
INFO: [ app_end ] --END-- [ RunTime:0.002000s ]

[ 2016-07-27T11:26:45+08:00 ] ::1 /zyyj/index.php/Home/Checkpoint/Checkpoint_getProgramme
INFO: [ app_begin ] --START--
INFO: Run Behavior\ReadHtmlCacheBehavior [ RunTime:0.000000s ]
INFO: [ app_begin ] --END-- [ RunTime:0.001000s ]
SQL: SHOW COLUMNS FROM `zyyj_programme` [ RunTime:0.045002s ]
SQL: SELECT * FROM `zyyj_programme` ORDER BY createdate asc  [ RunTime:0.044003s ]
INFO: [ app_end ] --START--
INFO: Run Behavior\ShowPageTraceBehavior [ RunTime:0.003000s ]
INFO: [ app_end ] --END-- [ RunTime:0.003000s ]

[ 2016-07-27T11:26:46+08:00 ] ::1 /zyyj/index.php/Home/Checkpoint/Checkpoint_getProgramme
INFO: [ app_begin ] --START--
INFO: Run Behavior\ReadHtmlCacheBehavior [ RunTime:0.000000s ]
INFO: [ app_begin ] --END-- [ RunTime:0.000000s ]
SQL: SHOW COLUMNS FROM `zyyj_programme` [ RunTime:0.044003s ]
SQL: SELECT * FROM `zyyj_programme` ORDER BY createdate asc  [ RunTime:0.043002s ]
INFO: [ app_end ] --START--
INFO: Run Behavior\ShowPageTraceBehavior [ RunTime:0.003000s ]
INFO: [ app_end ] --END-- [ RunTime:0.003000s ]

[ 2016-07-27T11:26:46+08:00 ] ::1 /zyyj/index.php/Home/Checkpoint/Checkpoint_list_show
INFO: [ app_begin ] --START--
INFO: Run Behavior\ReadHtmlCacheBehavior [ RunTime:0.001000s ]
INFO: [ app_begin ] --END-- [ RunTime:0.001000s ]
SQL: SHOW COLUMNS FROM `zyyj_checkpoint` [ RunTime:0.045002s ]
SQL: SHOW COLUMNS FROM `zyyj_programme` [ RunTime:0.044003s ]
SQL: SHOW COLUMNS FROM `zyyj_student_practice` [ RunTime:0.045003s ]
SQL: SELECT `programme_id` FROM `zyyj_programme` ORDER BY createdate desc LIMIT 1   [ RunTime:0.042002s ]
SQL: SELECT COUNT(*) AS tp_count FROM `zyyj_checkpoint` WHERE ( programme_id = '67' ) LIMIT 1   [ RunTime:0.042002s ]
SQL: SELECT * FROM `zyyj_checkpoint` WHERE ( programme_id = '67' ) LIMIT 0,10   [ RunTime:0.042002s ]
SQL: SELECT `programme_id` FROM `zyyj_student_practice` WHERE ( type=1 )  [ RunTime:0.042002s ]
NOTIC: [8] Undefined variable: arr1 G:\xampp\htdocs\zyyj\Application\Home\Controller\CheckpointController.class.php 第 50 行.
SQL: SELECT COUNT(*) AS tp_count FROM `zyyj_checkpoint` WHERE ( programme_id in (1,1,1,2,2,4) and programme_id = '67' ) LIMIT 1   [ RunTime:0.042003s ]
SQL: SELECT COUNT(*) AS tp_count FROM `zyyj_programme` LIMIT 1   [ RunTime:0.042002s ]
INFO: [ app_end ] --START--
INFO: Run Behavior\ShowPageTraceBehavior [ RunTime:0.002000s ]
INFO: [ app_end ] --END-- [ RunTime:0.002000s ]

[ 2016-07-27T14:32:59+08:00 ] ::1 /zyyj/index.php/Home/Checkpoint/Checkpoint_getInfo
INFO: [ app_begin ] --START--
INFO: Run Behavior\ReadHtmlCacheBehavior [ RunTime:0.013001s ]
INFO: [ app_begin ] --END-- [ RunTime:0.024001s ]
SQL: SHOW COLUMNS FROM `zyyj_student_practice` [ RunTime:0.045002s ]
SQL: SHOW COLUMNS FROM `zyyj_checkpoint` [ RunTime:0.044002s ]
SQL: SELECT COUNT(*) AS tp_count FROM `zyyj_student_practice` WHERE ( checkpoint_id='1200' ) LIMIT 1   [ RunTime:0.042003s ]
SQL: SELECT * FROM `zyyj_checkpoint` WHERE ( checkpoint_id='1200' )  [ RunTime:0.043002s ]
SQL: SELECT `programme_id` FROM `zyyj_student_practice`  [ RunTime:0.042002s ]
NOTIC: [8] Undefined variable: arr G:\xampp\htdocs\zyyj\Application\Home\Controller\CheckpointController.class.php 第 93 行.
SQL: SELECT COUNT(*) AS tp_count FROM `zyyj_checkpoint` WHERE ( programme_id in (1,1,1,2,2,4) and checkpoint_id='1200' ) LIMIT 1   [ RunTime:0.042003s ]
NOTIC: [8] Undefined variable: str G:\xampp\htdocs\zyyj\Application\Home\Controller\CheckpointController.class.php 第 100 行.
INFO: [ app_end ] --START--
INFO: Run Behavior\ShowPageTraceBehavior [ RunTime:0.013000s ]
INFO: [ app_end ] --END-- [ RunTime:0.013000s ]

