[ 2016-06-13T10:14:16+08:00 ] ::1 /zyyj/index.php/Home/Login/Login_login
INFO: [ app_begin ] --START--
INFO: Run Behavior\ReadHtmlCacheBehavior [ RunTime:0.001158s ]
INFO: [ app_begin ] --END-- [ RunTime:0.001722s ]
SQL: DESCRIBE zyyj_user [ RunTime:0.076471s ]
SQL: SELECT * FROM `zyyj_user` WHERE ( `name` = 'admin' )  [ RunTime:0.000505s ]
INFO: [ app_end ] --START--
INFO: Run Behavior\ShowPageTraceBehavior [ RunTime:0.001316s ]
INFO: [ app_end ] --END-- [ RunTime:0.001383s ]

[ 2016-06-13T10:14:18+08:00 ] ::1 /zyyj/index.php/Home/Login/Login_get_menu
INFO: [ app_begin ] --START--
INFO: Run Behavior\ReadHtmlCacheBehavior [ RunTime:0.001238s ]
INFO: [ app_begin ] --END-- [ RunTime:0.001910s ]
SQL: DESCRIBE zyyj_post [ RunTime:0.002653s ]
NOTIC: [8] Undefined variable: menu E:\xampp\htdocs\zyyj\Application\Home\Controller\LoginController.class.php 第 38 行.

[ 2016-06-13T10:14:33+08:00 ] ::1 /zyyj/index.php/Home/Login/Login_get_menu
INFO: [ app_begin ] --START--
INFO: Run Behavior\ReadHtmlCacheBehavior [ RunTime:0.001081s ]
INFO: [ app_begin ] --END-- [ RunTime:0.001775s ]
SQL: DESCRIBE zyyj_post [ RunTime:0.004274s ]
NOTIC: [8] Undefined variable: menu E:\xampp\htdocs\zyyj\Application\Home\Controller\LoginController.class.php 第 38 行.

[ 2016-06-13T10:15:02+08:00 ] ::1 /zyyj/index.php/Home/Login/Login_get_menu
INFO: [ app_begin ] --START--
INFO: Run Behavior\ReadHtmlCacheBehavior [ RunTime:0.000998s ]
INFO: [ app_begin ] --END-- [ RunTime:0.001809s ]
SQL: DESCRIBE zyyj_post [ RunTime:0.003027s ]
SQL: SELECT * FROM `zyyj_post` WHERE ( 1 )  [ RunTime:0.000512s ]
SQL: DESCRIBE zyyj_menu [ RunTime:0.003350s ]
SQL: SELECT * FROM `zyyj_menu` WHERE ( `nid` = 0 )  [ RunTime:0.000422s ]
INFO: [ app_end ] --START--
INFO: Run Behavior\ShowPageTraceBehavior [ RunTime:0.001154s ]
INFO: [ app_end ] --END-- [ RunTime:0.001249s ]

[ 2016-06-13T10:15:32+08:00 ] ::1 /zyyj/index.php/Home/Login/Login_get_menu
INFO: [ app_begin ] --START--
INFO: Run Behavior\ReadHtmlCacheBehavior [ RunTime:0.001349s ]
INFO: [ app_begin ] --END-- [ RunTime:0.002009s ]
SQL: DESCRIBE zyyj_post [ RunTime:0.004061s ]
SQL: SELECT * FROM `zyyj_post` WHERE ( 1 )  [ RunTime:0.000523s ]
SQL: DESCRIBE zyyj_menu [ RunTime:0.003761s ]
SQL: SELECT * FROM `zyyj_menu` WHERE ( `nid` = 0 )  [ RunTime:0.000511s ]
INFO: [ app_end ] --START--
INFO: Run Behavior\ShowPageTraceBehavior [ RunTime:0.001997s ]
INFO: [ app_end ] --END-- [ RunTime:0.002097s ]

[ 2016-06-13T10:15:46+08:00 ] ::1 /zyyj/index.php/Home/Login/Login_get_menu
INFO: [ app_begin ] --START--
INFO: Run Behavior\ReadHtmlCacheBehavior [ RunTime:0.001311s ]
INFO: [ app_begin ] --END-- [ RunTime:0.001972s ]
SQL: DESCRIBE zyyj_post [ RunTime:0.003698s ]
SQL: SELECT * FROM `zyyj_post` WHERE ( 1 )  [ RunTime:0.000503s ]
SQL: DESCRIBE zyyj_menu [ RunTime:0.002798s ]
SQL: SELECT * FROM `zyyj_menu` WHERE ( `nid` = 0 )  [ RunTime:0.000446s ]
INFO: [ app_end ] --START--
INFO: Run Behavior\ShowPageTraceBehavior [ RunTime:0.001361s ]
INFO: [ app_end ] --END-- [ RunTime:0.001434s ]

[ 2016-06-13T10:30:10+08:00 ] ::1 /zyyj/index.php/Home/Login/Login_get_menu
INFO: [ app_begin ] --START--
INFO: Run Behavior\ReadHtmlCacheBehavior [ RunTime:0.001304s ]
INFO: [ app_begin ] --END-- [ RunTime:0.001995s ]
SQL: DESCRIBE zyyj_post [ RunTime:0.003395s ]
SQL: SELECT * FROM `zyyj_post` WHERE ( 1 )  [ RunTime:0.000492s ]
SQL: DESCRIBE zyyj_menu [ RunTime:0.003220s ]
SQL: SELECT * FROM `zyyj_menu` WHERE ( `nid` = 0 )  [ RunTime:0.000480s ]
INFO: [ app_end ] --START--
INFO: Run Behavior\ShowPageTraceBehavior [ RunTime:0.001389s ]
INFO: [ app_end ] --END-- [ RunTime:0.001474s ]

[ 2016-06-13T15:18:27+08:00 ] ::1 /zyyj/index.php/Home/Login/Login_get_menu
INFO: [ app_begin ] --START--
INFO: Run Behavior\ReadHtmlCacheBehavior [ RunTime:0.000947s ]
INFO: [ app_begin ] --END-- [ RunTime:0.001665s ]
SQL: DESCRIBE zyyj_post [ RunTime:0.003809s ]
SQL: DESCRIBE zyyj_menu [ RunTime:0.002672s ]
SQL: SELECT * FROM `zyyj_post` WHERE ( 1 )  [ RunTime:0.000405s ]
SQL: SELECT * FROM `zyyj_menu` WHERE ( `nid` = 0 ) AND ( `id` = 1 )  [ RunTime:0.000343s ]
SQL: SELECT * FROM `zyyj_menu` WHERE ( `nid` = 0 ) AND ( `id` = 2 )  [ RunTime:0.000279s ]
NOTIC: [2] Invalid argument supplied for foreach() E:\xampp\htdocs\zyyj\Application\Home\Controller\LoginController.class.php 第 45 行.
INFO: [ app_end ] --START--
INFO: Run Behavior\ShowPageTraceBehavior [ RunTime:0.001293s ]
INFO: [ app_end ] --END-- [ RunTime:0.001366s ]

[ 2016-06-13T15:18:29+08:00 ] ::1 /zyyj/index.php/Home/Login/Login_get_menu
INFO: [ app_begin ] --START--
INFO: Run Behavior\ReadHtmlCacheBehavior [ RunTime:0.001113s ]
INFO: [ app_begin ] --END-- [ RunTime:0.001613s ]
SQL: DESCRIBE zyyj_post [ RunTime:0.003710s ]
SQL: DESCRIBE zyyj_menu [ RunTime:0.004226s ]
SQL: SELECT * FROM `zyyj_post` WHERE ( 1 )  [ RunTime:0.000523s ]
SQL: SELECT * FROM `zyyj_menu` WHERE ( `nid` = 1 ) AND ( `id` = 1 )  [ RunTime:0.000426s ]
NOTIC: [2] Invalid argument supplied for foreach() E:\xampp\htdocs\zyyj\Application\Home\Controller\LoginController.class.php 第 45 行.
SQL: SELECT * FROM `zyyj_menu` WHERE ( `nid` = 1 ) AND ( `id` = 2 )  [ RunTime:0.000406s ]
INFO: [ app_end ] --START--
INFO: Run Behavior\ShowPageTraceBehavior [ RunTime:0.001832s ]
INFO: [ app_end ] --END-- [ RunTime:0.001944s ]

