[ 2017-05-13T10:14:15+08:00 ] ::1 /zyyj/index.php/Home/Login/Login_login
INFO: [ app_begin ] --START--
INFO: Run Behavior\ReadHtmlCacheBehavior [ RunTime:0.001000s ]
INFO: [ app_begin ] --END-- [ RunTime:0.002000s ]
NOTIC: [8192] mysql_connect(): The mysql extension is deprecated and will be removed in the future: use mysqli or PDO instead E:\Program Files\PHPtools\Apach2.4\Apache24\htdocs\zyyj\ThinkPHP\Library\Think\Db\Driver\Mysql.class.php 第 52 行.
SQL: SHOW COLUMNS FROM `zyyj_user` [ RunTime:0.149009s ]
SQL: SHOW COLUMNS FROM `zyyj_department` [ RunTime:0.029001s ]
SQL: SELECT * FROM `zyyj_user` WHERE ( `name` = 'admin' )  [ RunTime:0.027002s ]
SQL: SELECT * FROM `zyyj_department` WHERE ( `department_id` = null )  [ RunTime:0.015001s ]

[ 2017-05-13T10:14:16+08:00 ] ::1 /zyyj/index.php/Home/Login/Login_get_menu
INFO: [ app_begin ] --START--
INFO: Run Behavior\ReadHtmlCacheBehavior [ RunTime:0.001000s ]
INFO: [ app_begin ] --END-- [ RunTime:0.001000s ]
NOTIC: [8192] mysql_connect(): The mysql extension is deprecated and will be removed in the future: use mysqli or PDO instead E:\Program Files\PHPtools\Apach2.4\Apache24\htdocs\zyyj\ThinkPHP\Library\Think\Db\Driver\Mysql.class.php 第 52 行.
SQL: SHOW COLUMNS FROM `zyyj_post` [ RunTime:0.301017s ]
SQL: SHOW COLUMNS FROM `zyyj_menu` [ RunTime:0.225013s ]
SQL: SELECT * FROM `zyyj_post` WHERE ( `post_id` = 1 )  [ RunTime:0.052003s ]
SQL: SELECT * FROM `zyyj_menu` WHERE ( `nid` = 0 ) AND ( `id` = 1 )  [ RunTime:0.055003s ]
SQL: SELECT * FROM `zyyj_menu` WHERE ( `nid` = 0 ) AND ( `id` = 0 )  [ RunTime:0.001001s ]
NOTIC: [2] Invalid argument supplied for foreach() E:\Program Files\PHPtools\Apach2.4\Apache24\htdocs\zyyj\Application\Home\Controller\LoginController.class.php 第 51 行.
SQL: SELECT * FROM `zyyj_menu` WHERE ( `nid` = 0 ) AND ( `id` = 2 )  [ RunTime:0.000000s ]
NOTIC: [2] Invalid argument supplied for foreach() E:\Program Files\PHPtools\Apach2.4\Apache24\htdocs\zyyj\Application\Home\Controller\LoginController.class.php 第 51 行.
SQL: SELECT * FROM `zyyj_menu` WHERE ( `nid` = 0 ) AND ( `id` = 10 )  [ RunTime:0.000000s ]
NOTIC: [2] Invalid argument supplied for foreach() E:\Program Files\PHPtools\Apach2.4\Apache24\htdocs\zyyj\Application\Home\Controller\LoginController.class.php 第 51 行.
SQL: SELECT * FROM `zyyj_menu` WHERE ( `nid` = 0 ) AND ( `id` = 13 )  [ RunTime:0.001000s ]
SQL: SELECT * FROM `zyyj_menu` WHERE ( `nid` = 0 ) AND ( `id` = 14 )  [ RunTime:0.000000s ]
NOTIC: [2] Invalid argument supplied for foreach() E:\Program Files\PHPtools\Apach2.4\Apache24\htdocs\zyyj\Application\Home\Controller\LoginController.class.php 第 51 行.
SQL: SELECT * FROM `zyyj_menu` WHERE ( `nid` = 0 ) AND ( `id` = 15 )  [ RunTime:0.000000s ]
NOTIC: [2] Invalid argument supplied for foreach() E:\Program Files\PHPtools\Apach2.4\Apache24\htdocs\zyyj\Application\Home\Controller\LoginController.class.php 第 51 行.
SQL: SELECT * FROM `zyyj_menu` WHERE ( `nid` = 0 ) AND ( `id` = 54 )  [ RunTime:0.001000s ]
NOTIC: [2] Invalid argument supplied for foreach() E:\Program Files\PHPtools\Apach2.4\Apache24\htdocs\zyyj\Application\Home\Controller\LoginController.class.php 第 51 行.
SQL: SELECT * FROM `zyyj_menu` WHERE ( `nid` = 0 ) AND ( `id` = 35 )  [ RunTime:0.000000s ]
SQL: SELECT * FROM `zyyj_menu` WHERE ( `nid` = 0 ) AND ( `id` = 0 )  [ RunTime:0.000000s ]
NOTIC: [2] Invalid argument supplied for foreach() E:\Program Files\PHPtools\Apach2.4\Apache24\htdocs\zyyj\Application\Home\Controller\LoginController.class.php 第 51 行.
INFO: [ app_end ] --START--
INFO: Run Behavior\ShowPageTraceBehavior [ RunTime:0.001000s ]
INFO: [ app_end ] --END-- [ RunTime:0.001000s ]

[ 2017-05-13T10:22:28+08:00 ] ::1 /zyyj/index.php/Home/Login/Login_get_menu
INFO: [ app_begin ] --START--
INFO: Run Behavior\ReadHtmlCacheBehavior [ RunTime:0.001000s ]
INFO: [ app_begin ] --END-- [ RunTime:0.001000s ]
NOTIC: [8192] mysql_connect(): The mysql extension is deprecated and will be removed in the future: use mysqli or PDO instead E:\Program Files\PHPtools\Apach2.4\Apache24\htdocs\zyyj\ThinkPHP\Library\Think\Db\Driver\Mysql.class.php 第 52 行.
SQL: SHOW COLUMNS FROM `zyyj_post` [ RunTime:0.003000s ]
SQL: SHOW COLUMNS FROM `zyyj_menu` [ RunTime:0.002000s ]
SQL: SELECT * FROM `zyyj_post` WHERE ( `post_id` = 1 )  [ RunTime:0.000000s ]
SQL: SELECT * FROM `zyyj_menu` WHERE ( `nid` = 13 ) AND ( `id` = 1 )  [ RunTime:0.000000s ]
NOTIC: [2] Invalid argument supplied for foreach() E:\Program Files\PHPtools\Apach2.4\Apache24\htdocs\zyyj\Application\Home\Controller\LoginController.class.php 第 51 行.
SQL: SELECT * FROM `zyyj_menu` WHERE ( `nid` = 13 ) AND ( `id` = 0 )  [ RunTime:0.001000s ]
NOTIC: [2] Invalid argument supplied for foreach() E:\Program Files\PHPtools\Apach2.4\Apache24\htdocs\zyyj\Application\Home\Controller\LoginController.class.php 第 51 行.
SQL: SELECT * FROM `zyyj_menu` WHERE ( `nid` = 13 ) AND ( `id` = 2 )  [ RunTime:0.000000s ]
NOTIC: [2] Invalid argument supplied for foreach() E:\Program Files\PHPtools\Apach2.4\Apache24\htdocs\zyyj\Application\Home\Controller\LoginController.class.php 第 51 行.
SQL: SELECT * FROM `zyyj_menu` WHERE ( `nid` = 13 ) AND ( `id` = 10 )  [ RunTime:0.000000s ]
NOTIC: [2] Invalid argument supplied for foreach() E:\Program Files\PHPtools\Apach2.4\Apache24\htdocs\zyyj\Application\Home\Controller\LoginController.class.php 第 51 行.
SQL: SELECT * FROM `zyyj_menu` WHERE ( `nid` = 13 ) AND ( `id` = 13 )  [ RunTime:0.001000s ]
NOTIC: [2] Invalid argument supplied for foreach() E:\Program Files\PHPtools\Apach2.4\Apache24\htdocs\zyyj\Application\Home\Controller\LoginController.class.php 第 51 行.
SQL: SELECT * FROM `zyyj_menu` WHERE ( `nid` = 13 ) AND ( `id` = 14 )  [ RunTime:0.000000s ]
SQL: SELECT * FROM `zyyj_menu` WHERE ( `nid` = 13 ) AND ( `id` = 15 )  [ RunTime:0.001000s ]
SQL: SELECT * FROM `zyyj_menu` WHERE ( `nid` = 13 ) AND ( `id` = 54 )  [ RunTime:0.000000s ]
NOTIC: [2] Invalid argument supplied for foreach() E:\Program Files\PHPtools\Apach2.4\Apache24\htdocs\zyyj\Application\Home\Controller\LoginController.class.php 第 51 行.
SQL: SELECT * FROM `zyyj_menu` WHERE ( `nid` = 13 ) AND ( `id` = 35 )  [ RunTime:0.000000s ]
NOTIC: [2] Invalid argument supplied for foreach() E:\Program Files\PHPtools\Apach2.4\Apache24\htdocs\zyyj\Application\Home\Controller\LoginController.class.php 第 51 行.
SQL: SELECT * FROM `zyyj_menu` WHERE ( `nid` = 13 ) AND ( `id` = 0 )  [ RunTime:0.001000s ]
NOTIC: [2] Invalid argument supplied for foreach() E:\Program Files\PHPtools\Apach2.4\Apache24\htdocs\zyyj\Application\Home\Controller\LoginController.class.php 第 51 行.
INFO: [ app_end ] --START--
INFO: Run Behavior\ShowPageTraceBehavior [ RunTime:0.000000s ]
INFO: [ app_end ] --END-- [ RunTime:0.000000s ]

[ 2017-05-13T10:22:56+08:00 ] ::1 /zyyj/index.php/Home/Menu/Menu_menu_to_post_index?_=1494641655216
INFO: [ app_begin ] --START--
INFO: Run Behavior\ReadHtmlCacheBehavior [ RunTime:0.001000s ]
INFO: [ app_begin ] --END-- [ RunTime:0.001000s ]
INFO: [ view_parse ] --START--
INFO: [ template_filter ] --START--
INFO: Run Behavior\ContentReplaceBehavior [ RunTime:0.000000s ]
INFO: [ template_filter ] --END-- [ RunTime:0.000000s ]
INFO: Run Behavior\ParseTemplateBehavior [ RunTime:0.007001s ]
INFO: [ view_parse ] --END-- [ RunTime:0.007001s ]
INFO: [ view_filter ] --START--
INFO: Run Behavior\WriteHtmlCacheBehavior [ RunTime:0.001000s ]
INFO: [ view_filter ] --END-- [ RunTime:0.001000s ]
INFO: [ app_end ] --START--
INFO: Run Behavior\ShowPageTraceBehavior [ RunTime:0.000000s ]
INFO: [ app_end ] --END-- [ RunTime:0.000000s ]

[ 2017-05-13T10:22:56+08:00 ] ::1 /zyyj/index.php/Home/Menu/Menu_get_post
INFO: [ app_begin ] --START--
INFO: Run Behavior\ReadHtmlCacheBehavior [ RunTime:0.001000s ]
INFO: [ app_begin ] --END-- [ RunTime:0.001000s ]
NOTIC: [8192] mysql_connect(): The mysql extension is deprecated and will be removed in the future: use mysqli or PDO instead E:\Program Files\PHPtools\Apach2.4\Apache24\htdocs\zyyj\ThinkPHP\Library\Think\Db\Driver\Mysql.class.php 第 52 行.
SQL: SHOW COLUMNS FROM `zyyj_post` [ RunTime:0.005000s ]
SQL: SHOW COLUMNS FROM `zyyj_menu` [ RunTime:0.005000s ]
SQL: SELECT * FROM `zyyj_post`  [ RunTime:0.001000s ]
INFO: [ app_end ] --START--
INFO: Run Behavior\ShowPageTraceBehavior [ RunTime:0.001001s ]
INFO: [ app_end ] --END-- [ RunTime:0.001001s ]

[ 2017-05-13T10:22:56+08:00 ] ::1 /zyyj/index.php/Home/Menu/Menu_get_menu
INFO: [ app_begin ] --START--
INFO: Run Behavior\ReadHtmlCacheBehavior [ RunTime:0.001000s ]
INFO: [ app_begin ] --END-- [ RunTime:0.001000s ]
NOTIC: [8192] mysql_connect(): The mysql extension is deprecated and will be removed in the future: use mysqli or PDO instead E:\Program Files\PHPtools\Apach2.4\Apache24\htdocs\zyyj\ThinkPHP\Library\Think\Db\Driver\Mysql.class.php 第 52 行.
SQL: SHOW COLUMNS FROM `zyyj_post` [ RunTime:0.008001s ]
SQL: SHOW COLUMNS FROM `zyyj_menu` [ RunTime:0.006000s ]
SQL: SELECT * FROM `zyyj_menu` WHERE ( `nid` = 0 )  [ RunTime:0.002000s ]
INFO: [ app_end ] --START--
INFO: Run Behavior\ShowPageTraceBehavior [ RunTime:0.001000s ]
INFO: [ app_end ] --END-- [ RunTime:0.001000s ]

[ 2017-05-13T10:22:56+08:00 ] ::1 /zyyj/index.php/Home/Menu/Menu_get_menu
INFO: [ app_begin ] --START--
INFO: Run Behavior\ReadHtmlCacheBehavior [ RunTime:0.001000s ]
INFO: [ app_begin ] --END-- [ RunTime:0.002000s ]
NOTIC: [8192] mysql_connect(): The mysql extension is deprecated and will be removed in the future: use mysqli or PDO instead E:\Program Files\PHPtools\Apach2.4\Apache24\htdocs\zyyj\ThinkPHP\Library\Think\Db\Driver\Mysql.class.php 第 52 行.
SQL: SHOW COLUMNS FROM `zyyj_post` [ RunTime:0.004001s ]
SQL: SHOW COLUMNS FROM `zyyj_menu` [ RunTime:0.004000s ]
SQL: SELECT * FROM `zyyj_menu` WHERE ( `nid` = 3 )  [ RunTime:0.000000s ]
INFO: [ app_end ] --START--
INFO: Run Behavior\ShowPageTraceBehavior [ RunTime:0.005000s ]
INFO: [ app_end ] --END-- [ RunTime:0.005000s ]

[ 2017-05-13T10:22:56+08:00 ] ::1 /zyyj/index.php/Home/Menu/Menu_get_menu
INFO: [ app_begin ] --START--
INFO: Run Behavior\ReadHtmlCacheBehavior [ RunTime:0.001000s ]
INFO: [ app_begin ] --END-- [ RunTime:0.002000s ]
NOTIC: [8192] mysql_connect(): The mysql extension is deprecated and will be removed in the future: use mysqli or PDO instead E:\Program Files\PHPtools\Apach2.4\Apache24\htdocs\zyyj\ThinkPHP\Library\Think\Db\Driver\Mysql.class.php 第 52 行.
SQL: SHOW COLUMNS FROM `zyyj_post` [ RunTime:0.004000s ]
SQL: SHOW COLUMNS FROM `zyyj_menu` [ RunTime:0.005000s ]
SQL: SELECT * FROM `zyyj_menu` WHERE ( `nid` = 1 )  [ RunTime:0.001000s ]
INFO: [ app_end ] --START--
INFO: Run Behavior\ShowPageTraceBehavior [ RunTime:0.021001s ]
INFO: [ app_end ] --END-- [ RunTime:0.021001s ]

[ 2017-05-13T10:22:56+08:00 ] ::1 /zyyj/index.php/Home/Menu/Menu_get_menu
INFO: [ app_begin ] --START--
INFO: Run Behavior\ReadHtmlCacheBehavior [ RunTime:0.001000s ]
INFO: [ app_begin ] --END-- [ RunTime:0.002000s ]
NOTIC: [8192] mysql_connect(): The mysql extension is deprecated and will be removed in the future: use mysqli or PDO instead E:\Program Files\PHPtools\Apach2.4\Apache24\htdocs\zyyj\ThinkPHP\Library\Think\Db\Driver\Mysql.class.php 第 52 行.
SQL: SHOW COLUMNS FROM `zyyj_post` [ RunTime:0.006001s ]
SQL: SHOW COLUMNS FROM `zyyj_menu` [ RunTime:0.004000s ]
SQL: SELECT * FROM `zyyj_menu` WHERE ( `nid` = 32 )  [ RunTime:0.001000s ]
INFO: [ app_end ] --START--
INFO: Run Behavior\ShowPageTraceBehavior [ RunTime:0.001000s ]
INFO: [ app_end ] --END-- [ RunTime:0.001000s ]

[ 2017-05-13T10:22:56+08:00 ] ::1 /zyyj/index.php/Home/Menu/Menu_get_menu
INFO: [ app_begin ] --START--
INFO: Run Behavior\ReadHtmlCacheBehavior [ RunTime:0.001000s ]
INFO: [ app_begin ] --END-- [ RunTime:0.001000s ]
NOTIC: [8192] mysql_connect(): The mysql extension is deprecated and will be removed in the future: use mysqli or PDO instead E:\Program Files\PHPtools\Apach2.4\Apache24\htdocs\zyyj\ThinkPHP\Library\Think\Db\Driver\Mysql.class.php 第 52 行.
SQL: SHOW COLUMNS FROM `zyyj_post` [ RunTime:0.004001s ]
SQL: SHOW COLUMNS FROM `zyyj_menu` [ RunTime:0.003000s ]
SQL: SELECT * FROM `zyyj_menu` WHERE ( `nid` = 13 )  [ RunTime:0.001000s ]
INFO: [ app_end ] --START--
INFO: Run Behavior\ShowPageTraceBehavior [ RunTime:0.001000s ]
INFO: [ app_end ] --END-- [ RunTime:0.001000s ]

[ 2017-05-13T10:22:57+08:00 ] ::1 /zyyj/index.php/Home/Menu/Menu_get_menu
INFO: [ app_begin ] --START--
INFO: Run Behavior\ReadHtmlCacheBehavior [ RunTime:0.004001s ]
INFO: [ app_begin ] --END-- [ RunTime:0.012001s ]
NOTIC: [8192] mysql_connect(): The mysql extension is deprecated and will be removed in the future: use mysqli or PDO instead E:\Program Files\PHPtools\Apach2.4\Apache24\htdocs\zyyj\ThinkPHP\Library\Think\Db\Driver\Mysql.class.php 第 52 行.
SQL: SHOW COLUMNS FROM `zyyj_post` [ RunTime:0.004001s ]
SQL: SHOW COLUMNS FROM `zyyj_menu` [ RunTime:0.004000s ]
SQL: SELECT * FROM `zyyj_menu` WHERE ( `nid` = 27 )  [ RunTime:0.001000s ]
INFO: [ app_end ] --START--
INFO: Run Behavior\ShowPageTraceBehavior [ RunTime:0.002000s ]
INFO: [ app_end ] --END-- [ RunTime:0.002000s ]

[ 2017-05-13T10:22:57+08:00 ] ::1 /zyyj/index.php/Home/Menu/Menu_get_menu
INFO: [ app_begin ] --START--
INFO: Run Behavior\ReadHtmlCacheBehavior [ RunTime:0.002000s ]
INFO: [ app_begin ] --END-- [ RunTime:0.004000s ]
NOTIC: [8192] mysql_connect(): The mysql extension is deprecated and will be removed in the future: use mysqli or PDO instead E:\Program Files\PHPtools\Apach2.4\Apache24\htdocs\zyyj\ThinkPHP\Library\Think\Db\Driver\Mysql.class.php 第 52 行.
SQL: SHOW COLUMNS FROM `zyyj_post` [ RunTime:0.003000s ]
SQL: SHOW COLUMNS FROM `zyyj_menu` [ RunTime:0.004001s ]
SQL: SELECT * FROM `zyyj_menu` WHERE ( `nid` = 35 )  [ RunTime:0.000000s ]
INFO: [ app_end ] --START--
INFO: Run Behavior\ShowPageTraceBehavior [ RunTime:0.001000s ]
INFO: [ app_end ] --END-- [ RunTime:0.001000s ]

[ 2017-05-13T10:22:57+08:00 ] ::1 /zyyj/index.php/Home/Menu/Menu_get_menu
INFO: [ app_begin ] --START--
INFO: Run Behavior\ReadHtmlCacheBehavior [ RunTime:0.001000s ]
INFO: [ app_begin ] --END-- [ RunTime:0.002000s ]
NOTIC: [8192] mysql_connect(): The mysql extension is deprecated and will be removed in the future: use mysqli or PDO instead E:\Program Files\PHPtools\Apach2.4\Apache24\htdocs\zyyj\ThinkPHP\Library\Think\Db\Driver\Mysql.class.php 第 52 行.
SQL: SHOW COLUMNS FROM `zyyj_post` [ RunTime:0.004000s ]
SQL: SHOW COLUMNS FROM `zyyj_menu` [ RunTime:0.003001s ]
SQL: SELECT * FROM `zyyj_menu` WHERE ( `nid` = 11 )  [ RunTime:0.001000s ]
INFO: [ app_end ] --START--
INFO: Run Behavior\ShowPageTraceBehavior [ RunTime:0.000000s ]
INFO: [ app_end ] --END-- [ RunTime:0.000000s ]

[ 2017-05-13T10:22:57+08:00 ] ::1 /zyyj/index.php/Home/Menu/Menu_get_menu
INFO: [ app_begin ] --START--
INFO: Run Behavior\ReadHtmlCacheBehavior [ RunTime:0.001000s ]
INFO: [ app_begin ] --END-- [ RunTime:0.002000s ]
NOTIC: [8192] mysql_connect(): The mysql extension is deprecated and will be removed in the future: use mysqli or PDO instead E:\Program Files\PHPtools\Apach2.4\Apache24\htdocs\zyyj\ThinkPHP\Library\Think\Db\Driver\Mysql.class.php 第 52 行.
SQL: SHOW COLUMNS FROM `zyyj_post` [ RunTime:0.007001s ]
SQL: SHOW COLUMNS FROM `zyyj_menu` [ RunTime:0.005000s ]
SQL: SELECT * FROM `zyyj_menu` WHERE ( `nid` = 39 )  [ RunTime:0.001000s ]
INFO: [ app_end ] --START--
INFO: Run Behavior\ShowPageTraceBehavior [ RunTime:0.001000s ]
INFO: [ app_end ] --END-- [ RunTime:0.001000s ]

[ 2017-05-13T10:22:57+08:00 ] ::1 /zyyj/index.php/Home/Menu/Menu_get_menu
INFO: [ app_begin ] --START--
INFO: Run Behavior\ReadHtmlCacheBehavior [ RunTime:0.001000s ]
INFO: [ app_begin ] --END-- [ RunTime:0.001000s ]
NOTIC: [8192] mysql_connect(): The mysql extension is deprecated and will be removed in the future: use mysqli or PDO instead E:\Program Files\PHPtools\Apach2.4\Apache24\htdocs\zyyj\ThinkPHP\Library\Think\Db\Driver\Mysql.class.php 第 52 行.
SQL: SHOW COLUMNS FROM `zyyj_post` [ RunTime:0.005000s ]
SQL: SHOW COLUMNS FROM `zyyj_menu` [ RunTime:0.005001s ]
SQL: SELECT * FROM `zyyj_menu` WHERE ( `nid` = 22 )  [ RunTime:0.001000s ]
INFO: [ app_end ] --START--
INFO: Run Behavior\ShowPageTraceBehavior [ RunTime:0.001000s ]
INFO: [ app_end ] --END-- [ RunTime:0.001000s ]

[ 2017-05-13T10:22:57+08:00 ] ::1 /zyyj/index.php/Home/Menu/Menu_get_menu
INFO: [ app_begin ] --START--
INFO: Run Behavior\ReadHtmlCacheBehavior [ RunTime:0.001000s ]
INFO: [ app_begin ] --END-- [ RunTime:0.002000s ]
NOTIC: [8192] mysql_connect(): The mysql extension is deprecated and will be removed in the future: use mysqli or PDO instead E:\Program Files\PHPtools\Apach2.4\Apache24\htdocs\zyyj\ThinkPHP\Library\Think\Db\Driver\Mysql.class.php 第 52 行.
SQL: SHOW COLUMNS FROM `zyyj_post` [ RunTime:0.004000s ]
SQL: SHOW COLUMNS FROM `zyyj_menu` [ RunTime:0.004000s ]
SQL: SELECT * FROM `zyyj_menu` WHERE ( `nid` = 52 )  [ RunTime:0.001000s ]
INFO: [ app_end ] --START--
INFO: Run Behavior\ShowPageTraceBehavior [ RunTime:0.001000s ]
INFO: [ app_end ] --END-- [ RunTime:0.001000s ]

[ 2017-05-13T14:53:18+08:00 ] ::1 /zyyj/index.php/Home/Login/Login_login
INFO: [ app_begin ] --START--
INFO: Run Behavior\ReadHtmlCacheBehavior [ RunTime:0.001000s ]
INFO: [ app_begin ] --END-- [ RunTime:0.001000s ]
NOTIC: [8192] mysql_connect(): The mysql extension is deprecated and will be removed in the future: use mysqli or PDO instead E:\Program Files\PHPtools\Apach2.4\Apache24\htdocs\zyyj\ThinkPHP\Library\Think\Db\Driver\Mysql.class.php 第 52 行.
SQL: SHOW COLUMNS FROM `zyyj_user` [ RunTime:0.137008s ]
SQL: SHOW COLUMNS FROM `zyyj_department` [ RunTime:0.005000s ]
SQL: SELECT * FROM `zyyj_user` WHERE ( `name` = 'admin' )  [ RunTime:0.029002s ]
SQL: SELECT * FROM `zyyj_department` WHERE ( `department_id` = null )  [ RunTime:0.001000s ]

[ 2017-05-13T14:53:19+08:00 ] ::1 /zyyj/index.php/Home/Login/Login_get_menu
INFO: [ app_begin ] --START--
INFO: Run Behavior\ReadHtmlCacheBehavior [ RunTime:0.001000s ]
INFO: [ app_begin ] --END-- [ RunTime:0.002000s ]
NOTIC: [8192] mysql_connect(): The mysql extension is deprecated and will be removed in the future: use mysqli or PDO instead E:\Program Files\PHPtools\Apach2.4\Apache24\htdocs\zyyj\ThinkPHP\Library\Think\Db\Driver\Mysql.class.php 第 52 行.
SQL: SHOW COLUMNS FROM `zyyj_post` [ RunTime:0.005000s ]
SQL: SHOW COLUMNS FROM `zyyj_menu` [ RunTime:0.005000s ]
SQL: SELECT * FROM `zyyj_post` WHERE ( `post_id` = 1 )  [ RunTime:0.078005s ]
SQL: SELECT * FROM `zyyj_menu` WHERE ( `nid` = 0 ) AND ( `id` = 1 )  [ RunTime:0.091005s ]
SQL: SELECT * FROM `zyyj_menu` WHERE ( `nid` = 0 ) AND ( `id` = 0 )  [ RunTime:0.000000s ]
NOTIC: [2] Invalid argument supplied for foreach() E:\Program Files\PHPtools\Apach2.4\Apache24\htdocs\zyyj\Application\Home\Controller\LoginController.class.php 第 51 行.
SQL: SELECT * FROM `zyyj_menu` WHERE ( `nid` = 0 ) AND ( `id` = 2 )  [ RunTime:0.000000s ]
NOTIC: [2] Invalid argument supplied for foreach() E:\Program Files\PHPtools\Apach2.4\Apache24\htdocs\zyyj\Application\Home\Controller\LoginController.class.php 第 51 行.
SQL: SELECT * FROM `zyyj_menu` WHERE ( `nid` = 0 ) AND ( `id` = 10 )  [ RunTime:0.001000s ]
NOTIC: [2] Invalid argument supplied for foreach() E:\Program Files\PHPtools\Apach2.4\Apache24\htdocs\zyyj\Application\Home\Controller\LoginController.class.php 第 51 行.
SQL: SELECT * FROM `zyyj_menu` WHERE ( `nid` = 0 ) AND ( `id` = 13 )  [ RunTime:0.000000s ]
SQL: SELECT * FROM `zyyj_menu` WHERE ( `nid` = 0 ) AND ( `id` = 14 )  [ RunTime:0.000000s ]
NOTIC: [2] Invalid argument supplied for foreach() E:\Program Files\PHPtools\Apach2.4\Apache24\htdocs\zyyj\Application\Home\Controller\LoginController.class.php 第 51 行.
SQL: SELECT * FROM `zyyj_menu` WHERE ( `nid` = 0 ) AND ( `id` = 15 )  [ RunTime:0.001000s ]
NOTIC: [2] Invalid argument supplied for foreach() E:\Program Files\PHPtools\Apach2.4\Apache24\htdocs\zyyj\Application\Home\Controller\LoginController.class.php 第 51 行.
SQL: SELECT * FROM `zyyj_menu` WHERE ( `nid` = 0 ) AND ( `id` = 54 )  [ RunTime:0.000000s ]
NOTIC: [2] Invalid argument supplied for foreach() E:\Program Files\PHPtools\Apach2.4\Apache24\htdocs\zyyj\Application\Home\Controller\LoginController.class.php 第 51 行.
SQL: SELECT * FROM `zyyj_menu` WHERE ( `nid` = 0 ) AND ( `id` = 35 )  [ RunTime:0.000000s ]
SQL: SELECT * FROM `zyyj_menu` WHERE ( `nid` = 0 ) AND ( `id` = 0 )  [ RunTime:0.000000s ]
NOTIC: [2] Invalid argument supplied for foreach() E:\Program Files\PHPtools\Apach2.4\Apache24\htdocs\zyyj\Application\Home\Controller\LoginController.class.php 第 51 行.
INFO: [ app_end ] --START--
INFO: Run Behavior\ShowPageTraceBehavior [ RunTime:0.001000s ]
INFO: [ app_end ] --END-- [ RunTime:0.001000s ]

[ 2017-05-13T14:53:21+08:00 ] ::1 /zyyj/index.php/Home/Login/Login_get_menu
INFO: [ app_begin ] --START--
INFO: Run Behavior\ReadHtmlCacheBehavior [ RunTime:0.000000s ]
INFO: [ app_begin ] --END-- [ RunTime:0.001001s ]
NOTIC: [8192] mysql_connect(): The mysql extension is deprecated and will be removed in the future: use mysqli or PDO instead E:\Program Files\PHPtools\Apach2.4\Apache24\htdocs\zyyj\ThinkPHP\Library\Think\Db\Driver\Mysql.class.php 第 52 行.
SQL: SHOW COLUMNS FROM `zyyj_post` [ RunTime:0.004000s ]
SQL: SHOW COLUMNS FROM `zyyj_menu` [ RunTime:0.003000s ]
SQL: SELECT * FROM `zyyj_post` WHERE ( `post_id` = 1 )  [ RunTime:0.000000s ]
SQL: SELECT * FROM `zyyj_menu` WHERE ( `nid` = 13 ) AND ( `id` = 1 )  [ RunTime:0.000000s ]
NOTIC: [2] Invalid argument supplied for foreach() E:\Program Files\PHPtools\Apach2.4\Apache24\htdocs\zyyj\Application\Home\Controller\LoginController.class.php 第 51 行.
SQL: SELECT * FROM `zyyj_menu` WHERE ( `nid` = 13 ) AND ( `id` = 0 )  [ RunTime:0.000000s ]
NOTIC: [2] Invalid argument supplied for foreach() E:\Program Files\PHPtools\Apach2.4\Apache24\htdocs\zyyj\Application\Home\Controller\LoginController.class.php 第 51 行.
SQL: SELECT * FROM `zyyj_menu` WHERE ( `nid` = 13 ) AND ( `id` = 2 )  [ RunTime:0.001000s ]
NOTIC: [2] Invalid argument supplied for foreach() E:\Program Files\PHPtools\Apach2.4\Apache24\htdocs\zyyj\Application\Home\Controller\LoginController.class.php 第 51 行.
SQL: SELECT * FROM `zyyj_menu` WHERE ( `nid` = 13 ) AND ( `id` = 10 )  [ RunTime:0.013000s ]
NOTIC: [2] Invalid argument supplied for foreach() E:\Program Files\PHPtools\Apach2.4\Apache24\htdocs\zyyj\Application\Home\Controller\LoginController.class.php 第 51 行.
SQL: SELECT * FROM `zyyj_menu` WHERE ( `nid` = 13 ) AND ( `id` = 13 )  [ RunTime:0.000000s ]
NOTIC: [2] Invalid argument supplied for foreach() E:\Program Files\PHPtools\Apach2.4\Apache24\htdocs\zyyj\Application\Home\Controller\LoginController.class.php 第 51 行.
SQL: SELECT * FROM `zyyj_menu` WHERE ( `nid` = 13 ) AND ( `id` = 14 )  [ RunTime:0.000000s ]
SQL: SELECT * FROM `zyyj_menu` WHERE ( `nid` = 13 ) AND ( `id` = 15 )  [ RunTime:0.000000s ]
SQL: SELECT * FROM `zyyj_menu` WHERE ( `nid` = 13 ) AND ( `id` = 54 )  [ RunTime:0.001000s ]
NOTIC: [2] Invalid argument supplied for foreach() E:\Program Files\PHPtools\Apach2.4\Apache24\htdocs\zyyj\Application\Home\Controller\LoginController.class.php 第 51 行.
SQL: SELECT * FROM `zyyj_menu` WHERE ( `nid` = 13 ) AND ( `id` = 35 )  [ RunTime:0.000000s ]
NOTIC: [2] Invalid argument supplied for foreach() E:\Program Files\PHPtools\Apach2.4\Apache24\htdocs\zyyj\Application\Home\Controller\LoginController.class.php 第 51 行.
SQL: SELECT * FROM `zyyj_menu` WHERE ( `nid` = 13 ) AND ( `id` = 0 )  [ RunTime:0.000000s ]
NOTIC: [2] Invalid argument supplied for foreach() E:\Program Files\PHPtools\Apach2.4\Apache24\htdocs\zyyj\Application\Home\Controller\LoginController.class.php 第 51 行.
INFO: [ app_end ] --START--
INFO: Run Behavior\ShowPageTraceBehavior [ RunTime:0.001001s ]
INFO: [ app_end ] --END-- [ RunTime:0.001001s ]

[ 2017-05-13T14:53:22+08:00 ] ::1 /zyyj/index.php/Home/Menu/Menu_menu_to_post_index?_=1494658399149
INFO: [ app_begin ] --START--
INFO: Run Behavior\ReadHtmlCacheBehavior [ RunTime:0.001000s ]
INFO: [ app_begin ] --END-- [ RunTime:0.001000s ]
INFO: [ view_parse ] --START--
INFO: [ template_filter ] --START--
INFO: Run Behavior\ContentReplaceBehavior [ RunTime:0.000000s ]
INFO: [ template_filter ] --END-- [ RunTime:0.000000s ]
INFO: Run Behavior\ParseTemplateBehavior [ RunTime:0.010001s ]
INFO: [ view_parse ] --END-- [ RunTime:0.010001s ]
INFO: [ view_filter ] --START--
INFO: Run Behavior\WriteHtmlCacheBehavior [ RunTime:0.000000s ]
INFO: [ view_filter ] --END-- [ RunTime:0.000000s ]
INFO: [ app_end ] --START--
INFO: Run Behavior\ShowPageTraceBehavior [ RunTime:0.001000s ]
INFO: [ app_end ] --END-- [ RunTime:0.001000s ]

[ 2017-05-13T14:53:22+08:00 ] ::1 /zyyj/index.php/Home/Menu/Menu_get_post
INFO: [ app_begin ] --START--
INFO: Run Behavior\ReadHtmlCacheBehavior [ RunTime:0.001000s ]
INFO: [ app_begin ] --END-- [ RunTime:0.001000s ]
NOTIC: [8192] mysql_connect(): The mysql extension is deprecated and will be removed in the future: use mysqli or PDO instead E:\Program Files\PHPtools\Apach2.4\Apache24\htdocs\zyyj\ThinkPHP\Library\Think\Db\Driver\Mysql.class.php 第 52 行.
SQL: SHOW COLUMNS FROM `zyyj_post` [ RunTime:0.004000s ]
SQL: SHOW COLUMNS FROM `zyyj_menu` [ RunTime:0.004000s ]
SQL: SELECT * FROM `zyyj_post`  [ RunTime:0.001000s ]
INFO: [ app_end ] --START--
INFO: Run Behavior\ShowPageTraceBehavior [ RunTime:0.000000s ]
INFO: [ app_end ] --END-- [ RunTime:0.000000s ]

[ 2017-05-13T14:53:22+08:00 ] ::1 /zyyj/index.php/Home/Menu/Menu_get_menu
INFO: [ app_begin ] --START--
INFO: Run Behavior\ReadHtmlCacheBehavior [ RunTime:0.001000s ]
INFO: [ app_begin ] --END-- [ RunTime:0.002000s ]
NOTIC: [8192] mysql_connect(): The mysql extension is deprecated and will be removed in the future: use mysqli or PDO instead E:\Program Files\PHPtools\Apach2.4\Apache24\htdocs\zyyj\ThinkPHP\Library\Think\Db\Driver\Mysql.class.php 第 52 行.
SQL: SHOW COLUMNS FROM `zyyj_post` [ RunTime:0.003000s ]
SQL: SHOW COLUMNS FROM `zyyj_menu` [ RunTime:0.004000s ]
SQL: SELECT * FROM `zyyj_menu` WHERE ( `nid` = 0 )  [ RunTime:0.000000s ]
INFO: [ app_end ] --START--
INFO: Run Behavior\ShowPageTraceBehavior [ RunTime:0.001000s ]
INFO: [ app_end ] --END-- [ RunTime:0.001000s ]

[ 2017-05-13T14:53:22+08:00 ] ::1 /zyyj/index.php/Home/Menu/Menu_get_menu
INFO: [ app_begin ] --START--
INFO: Run Behavior\ReadHtmlCacheBehavior [ RunTime:0.001000s ]
INFO: [ app_begin ] --END-- [ RunTime:0.003000s ]
NOTIC: [8192] mysql_connect(): The mysql extension is deprecated and will be removed in the future: use mysqli or PDO instead E:\Program Files\PHPtools\Apach2.4\Apache24\htdocs\zyyj\ThinkPHP\Library\Think\Db\Driver\Mysql.class.php 第 52 行.
SQL: SHOW COLUMNS FROM `zyyj_post` [ RunTime:0.004000s ]
SQL: SHOW COLUMNS FROM `zyyj_menu` [ RunTime:0.005001s ]
SQL: SELECT * FROM `zyyj_menu` WHERE ( `nid` = 1 )  [ RunTime:0.000000s ]
INFO: [ app_end ] --START--
INFO: Run Behavior\ShowPageTraceBehavior [ RunTime:0.001000s ]
INFO: [ app_end ] --END-- [ RunTime:0.001000s ]

[ 2017-05-13T14:53:23+08:00 ] ::1 /zyyj/index.php/Home/Menu/Menu_get_menu
INFO: [ app_begin ] --START--
INFO: Run Behavior\ReadHtmlCacheBehavior [ RunTime:0.002000s ]
INFO: [ app_begin ] --END-- [ RunTime:0.004000s ]
NOTIC: [8192] mysql_connect(): The mysql extension is deprecated and will be removed in the future: use mysqli or PDO instead E:\Program Files\PHPtools\Apach2.4\Apache24\htdocs\zyyj\ThinkPHP\Library\Think\Db\Driver\Mysql.class.php 第 52 行.
SQL: SHOW COLUMNS FROM `zyyj_post` [ RunTime:0.005001s ]
SQL: SHOW COLUMNS FROM `zyyj_menu` [ RunTime:0.005000s ]
SQL: SELECT * FROM `zyyj_menu` WHERE ( `nid` = 3 )  [ RunTime:0.000000s ]
INFO: [ app_end ] --START--
INFO: Run Behavior\ShowPageTraceBehavior [ RunTime:0.001000s ]
INFO: [ app_end ] --END-- [ RunTime:0.001000s ]

[ 2017-05-13T14:53:23+08:00 ] ::1 /zyyj/index.php/Home/Menu/Menu_get_menu
INFO: [ app_begin ] --START--
INFO: Run Behavior\ReadHtmlCacheBehavior [ RunTime:0.001000s ]
INFO: [ app_begin ] --END-- [ RunTime:0.002001s ]
NOTIC: [8192] mysql_connect(): The mysql extension is deprecated and will be removed in the future: use mysqli or PDO instead E:\Program Files\PHPtools\Apach2.4\Apache24\htdocs\zyyj\ThinkPHP\Library\Think\Db\Driver\Mysql.class.php 第 52 行.
SQL: SHOW COLUMNS FROM `zyyj_post` [ RunTime:0.003000s ]
SQL: SHOW COLUMNS FROM `zyyj_menu` [ RunTime:0.003000s ]
SQL: SELECT * FROM `zyyj_menu` WHERE ( `nid` = 11 )  [ RunTime:0.001000s ]
INFO: [ app_end ] --START--
INFO: Run Behavior\ShowPageTraceBehavior [ RunTime:0.000000s ]
INFO: [ app_end ] --END-- [ RunTime:0.000000s ]

[ 2017-05-13T14:53:23+08:00 ] ::1 /zyyj/index.php/Home/Menu/Menu_get_menu
INFO: [ app_begin ] --START--
INFO: Run Behavior\ReadHtmlCacheBehavior [ RunTime:0.001000s ]
INFO: [ app_begin ] --END-- [ RunTime:0.002001s ]
NOTIC: [8192] mysql_connect(): The mysql extension is deprecated and will be removed in the future: use mysqli or PDO instead E:\Program Files\PHPtools\Apach2.4\Apache24\htdocs\zyyj\ThinkPHP\Library\Think\Db\Driver\Mysql.class.php 第 52 行.
SQL: SHOW COLUMNS FROM `zyyj_post` [ RunTime:0.004000s ]
SQL: SHOW COLUMNS FROM `zyyj_menu` [ RunTime:0.003000s ]
SQL: SELECT * FROM `zyyj_menu` WHERE ( `nid` = 13 )  [ RunTime:0.000000s ]
INFO: [ app_end ] --START--
INFO: Run Behavior\ShowPageTraceBehavior [ RunTime:0.001000s ]
INFO: [ app_end ] --END-- [ RunTime:0.001000s ]

[ 2017-05-13T14:53:23+08:00 ] ::1 /zyyj/index.php/Home/Menu/Menu_get_menu
INFO: [ app_begin ] --START--
INFO: Run Behavior\ReadHtmlCacheBehavior [ RunTime:0.000000s ]
INFO: [ app_begin ] --END-- [ RunTime:0.001001s ]
NOTIC: [8192] mysql_connect(): The mysql extension is deprecated and will be removed in the future: use mysqli or PDO instead E:\Program Files\PHPtools\Apach2.4\Apache24\htdocs\zyyj\ThinkPHP\Library\Think\Db\Driver\Mysql.class.php 第 52 行.
SQL: SHOW COLUMNS FROM `zyyj_post` [ RunTime:0.005000s ]
SQL: SHOW COLUMNS FROM `zyyj_menu` [ RunTime:0.003000s ]
SQL: SELECT * FROM `zyyj_menu` WHERE ( `nid` = 32 )  [ RunTime:0.001000s ]
INFO: [ app_end ] --START--
INFO: Run Behavior\ShowPageTraceBehavior [ RunTime:0.001000s ]
INFO: [ app_end ] --END-- [ RunTime:0.001000s ]

[ 2017-05-13T14:53:23+08:00 ] ::1 /zyyj/index.php/Home/Menu/Menu_get_menu
INFO: [ app_begin ] --START--
INFO: Run Behavior\ReadHtmlCacheBehavior [ RunTime:0.001000s ]
INFO: [ app_begin ] --END-- [ RunTime:0.002000s ]
NOTIC: [8192] mysql_connect(): The mysql extension is deprecated and will be removed in the future: use mysqli or PDO instead E:\Program Files\PHPtools\Apach2.4\Apache24\htdocs\zyyj\ThinkPHP\Library\Think\Db\Driver\Mysql.class.php 第 52 行.
SQL: SHOW COLUMNS FROM `zyyj_post` [ RunTime:0.004001s ]
SQL: SHOW COLUMNS FROM `zyyj_menu` [ RunTime:0.006000s ]
SQL: SELECT * FROM `zyyj_menu` WHERE ( `nid` = 27 )  [ RunTime:0.001000s ]
INFO: [ app_end ] --START--
INFO: Run Behavior\ShowPageTraceBehavior [ RunTime:0.002000s ]
INFO: [ app_end ] --END-- [ RunTime:0.002000s ]

[ 2017-05-13T14:53:23+08:00 ] ::1 /zyyj/index.php/Home/Menu/Menu_get_menu
INFO: [ app_begin ] --START--
INFO: Run Behavior\ReadHtmlCacheBehavior [ RunTime:0.001000s ]
INFO: [ app_begin ] --END-- [ RunTime:0.002000s ]
NOTIC: [8192] mysql_connect(): The mysql extension is deprecated and will be removed in the future: use mysqli or PDO instead E:\Program Files\PHPtools\Apach2.4\Apache24\htdocs\zyyj\ThinkPHP\Library\Think\Db\Driver\Mysql.class.php 第 52 行.
SQL: SHOW COLUMNS FROM `zyyj_post` [ RunTime:0.005000s ]
SQL: SHOW COLUMNS FROM `zyyj_menu` [ RunTime:0.003000s ]
SQL: SELECT * FROM `zyyj_menu` WHERE ( `nid` = 22 )  [ RunTime:0.000000s ]
INFO: [ app_end ] --START--
INFO: Run Behavior\ShowPageTraceBehavior [ RunTime:0.002000s ]
INFO: [ app_end ] --END-- [ RunTime:0.002000s ]

[ 2017-05-13T14:53:23+08:00 ] ::1 /zyyj/index.php/Home/Menu/Menu_get_menu
INFO: [ app_begin ] --START--
INFO: Run Behavior\ReadHtmlCacheBehavior [ RunTime:0.001000s ]
INFO: [ app_begin ] --END-- [ RunTime:0.001000s ]
NOTIC: [8192] mysql_connect(): The mysql extension is deprecated and will be removed in the future: use mysqli or PDO instead E:\Program Files\PHPtools\Apach2.4\Apache24\htdocs\zyyj\ThinkPHP\Library\Think\Db\Driver\Mysql.class.php 第 52 行.
SQL: SHOW COLUMNS FROM `zyyj_post` [ RunTime:0.005000s ]
SQL: SHOW COLUMNS FROM `zyyj_menu` [ RunTime:0.005001s ]
SQL: SELECT * FROM `zyyj_menu` WHERE ( `nid` = 35 )  [ RunTime:0.001000s ]
INFO: [ app_end ] --START--
INFO: Run Behavior\ShowPageTraceBehavior [ RunTime:0.001000s ]
INFO: [ app_end ] --END-- [ RunTime:0.001000s ]

[ 2017-05-13T14:53:23+08:00 ] ::1 /zyyj/index.php/Home/Menu/Menu_get_menu
INFO: [ app_begin ] --START--
INFO: Run Behavior\ReadHtmlCacheBehavior [ RunTime:0.000000s ]
INFO: [ app_begin ] --END-- [ RunTime:0.002000s ]
NOTIC: [8192] mysql_connect(): The mysql extension is deprecated and will be removed in the future: use mysqli or PDO instead E:\Program Files\PHPtools\Apach2.4\Apache24\htdocs\zyyj\ThinkPHP\Library\Think\Db\Driver\Mysql.class.php 第 52 行.
SQL: SHOW COLUMNS FROM `zyyj_post` [ RunTime:0.006000s ]
SQL: SHOW COLUMNS FROM `zyyj_menu` [ RunTime:0.005000s ]
SQL: SELECT * FROM `zyyj_menu` WHERE ( `nid` = 39 )  [ RunTime:0.000000s ]
INFO: [ app_end ] --START--
INFO: Run Behavior\ShowPageTraceBehavior [ RunTime:0.002001s ]
INFO: [ app_end ] --END-- [ RunTime:0.002001s ]

[ 2017-05-13T14:53:23+08:00 ] ::1 /zyyj/index.php/Home/Menu/Menu_get_menu
INFO: [ app_begin ] --START--
INFO: Run Behavior\ReadHtmlCacheBehavior [ RunTime:0.001001s ]
INFO: [ app_begin ] --END-- [ RunTime:0.001001s ]
NOTIC: [8192] mysql_connect(): The mysql extension is deprecated and will be removed in the future: use mysqli or PDO instead E:\Program Files\PHPtools\Apach2.4\Apache24\htdocs\zyyj\ThinkPHP\Library\Think\Db\Driver\Mysql.class.php 第 52 行.
SQL: SHOW COLUMNS FROM `zyyj_post` [ RunTime:0.006000s ]
SQL: SHOW COLUMNS FROM `zyyj_menu` [ RunTime:0.005000s ]
SQL: SELECT * FROM `zyyj_menu` WHERE ( `nid` = 52 )  [ RunTime:0.001000s ]
INFO: [ app_end ] --START--
INFO: Run Behavior\ShowPageTraceBehavior [ RunTime:0.001000s ]
INFO: [ app_end ] --END-- [ RunTime:0.001000s ]

[ 2017-05-13T15:11:21+08:00 ] ::1 /zyyj/index.php/Home/Menu/Menu_get_post_menu?post_id=1
INFO: [ app_begin ] --START--
INFO: Run Behavior\ReadHtmlCacheBehavior [ RunTime:0.001000s ]
INFO: [ app_begin ] --END-- [ RunTime:0.001000s ]
NOTIC: [8192] mysql_connect(): The mysql extension is deprecated and will be removed in the future: use mysqli or PDO instead E:\Program Files\PHPtools\Apach2.4\Apache24\htdocs\zyyj\ThinkPHP\Library\Think\Db\Driver\Mysql.class.php 第 52 行.
SQL: SHOW COLUMNS FROM `zyyj_post` [ RunTime:0.004000s ]
SQL: SHOW COLUMNS FROM `zyyj_menu` [ RunTime:0.003000s ]
SQL: SELECT * FROM `zyyj_post` WHERE ( `post_id` = 1 )  [ RunTime:0.001000s ]
SQL: SELECT * FROM `zyyj_menu` WHERE ( `nid` = 0 )  [ RunTime:0.000000s ]
INFO: [ app_end ] --START--
INFO: Run Behavior\ShowPageTraceBehavior [ RunTime:0.001000s ]
INFO: [ app_end ] --END-- [ RunTime:0.001000s ]

[ 2017-05-13T15:11:21+08:00 ] ::1 /zyyj/index.php/Home/Menu/Menu_get_post_menu?post_id=1
INFO: [ app_begin ] --START--
INFO: Run Behavior\ReadHtmlCacheBehavior [ RunTime:0.001000s ]
INFO: [ app_begin ] --END-- [ RunTime:0.001000s ]
NOTIC: [8192] mysql_connect(): The mysql extension is deprecated and will be removed in the future: use mysqli or PDO instead E:\Program Files\PHPtools\Apach2.4\Apache24\htdocs\zyyj\ThinkPHP\Library\Think\Db\Driver\Mysql.class.php 第 52 行.
SQL: SHOW COLUMNS FROM `zyyj_post` [ RunTime:0.004000s ]
SQL: SHOW COLUMNS FROM `zyyj_menu` [ RunTime:0.005000s ]
SQL: SELECT * FROM `zyyj_post` WHERE ( `post_id` = 1 )  [ RunTime:0.000000s ]
SQL: SELECT * FROM `zyyj_menu` WHERE ( `nid` = 1 )  [ RunTime:0.001000s ]
INFO: [ app_end ] --START--
INFO: Run Behavior\ShowPageTraceBehavior [ RunTime:0.002000s ]
INFO: [ app_end ] --END-- [ RunTime:0.002000s ]

[ 2017-05-13T15:11:21+08:00 ] ::1 /zyyj/index.php/Home/Menu/Menu_get_post_menu?post_id=1
INFO: [ app_begin ] --START--
INFO: Run Behavior\ReadHtmlCacheBehavior [ RunTime:0.001000s ]
INFO: [ app_begin ] --END-- [ RunTime:0.002001s ]
NOTIC: [8192] mysql_connect(): The mysql extension is deprecated and will be removed in the future: use mysqli or PDO instead E:\Program Files\PHPtools\Apach2.4\Apache24\htdocs\zyyj\ThinkPHP\Library\Think\Db\Driver\Mysql.class.php 第 52 行.
SQL: SHOW COLUMNS FROM `zyyj_post` [ RunTime:0.004000s ]
SQL: SHOW COLUMNS FROM `zyyj_menu` [ RunTime:0.004000s ]
SQL: SELECT * FROM `zyyj_post` WHERE ( `post_id` = 1 )  [ RunTime:0.001000s ]
SQL: SELECT * FROM `zyyj_menu` WHERE ( `nid` = 11 )  [ RunTime:0.000000s ]
INFO: [ app_end ] --START--
INFO: Run Behavior\ShowPageTraceBehavior [ RunTime:0.026002s ]
INFO: [ app_end ] --END-- [ RunTime:0.027002s ]

[ 2017-05-13T15:11:21+08:00 ] ::1 /zyyj/index.php/Home/Menu/Menu_get_post_menu?post_id=1
INFO: [ app_begin ] --START--
INFO: Run Behavior\ReadHtmlCacheBehavior [ RunTime:0.001000s ]
INFO: [ app_begin ] --END-- [ RunTime:0.002000s ]
NOTIC: [8192] mysql_connect(): The mysql extension is deprecated and will be removed in the future: use mysqli or PDO instead E:\Program Files\PHPtools\Apach2.4\Apache24\htdocs\zyyj\ThinkPHP\Library\Think\Db\Driver\Mysql.class.php 第 52 行.
SQL: SHOW COLUMNS FROM `zyyj_post` [ RunTime:0.006000s ]
SQL: SHOW COLUMNS FROM `zyyj_menu` [ RunTime:0.006000s ]
SQL: SELECT * FROM `zyyj_post` WHERE ( `post_id` = 1 )  [ RunTime:0.000000s ]
SQL: SELECT * FROM `zyyj_menu` WHERE ( `nid` = 22 )  [ RunTime:0.000000s ]
INFO: [ app_end ] --START--
INFO: Run Behavior\ShowPageTraceBehavior [ RunTime:0.001000s ]
INFO: [ app_end ] --END-- [ RunTime:0.001000s ]

[ 2017-05-13T15:11:21+08:00 ] ::1 /zyyj/index.php/Home/Menu/Menu_get_post_menu?post_id=1
INFO: [ app_begin ] --START--
INFO: Run Behavior\ReadHtmlCacheBehavior [ RunTime:0.002001s ]
INFO: [ app_begin ] --END-- [ RunTime:0.002001s ]
NOTIC: [8192] mysql_connect(): The mysql extension is deprecated and will be removed in the future: use mysqli or PDO instead E:\Program Files\PHPtools\Apach2.4\Apache24\htdocs\zyyj\ThinkPHP\Library\Think\Db\Driver\Mysql.class.php 第 52 行.
SQL: SHOW COLUMNS FROM `zyyj_post` [ RunTime:0.006000s ]
SQL: SHOW COLUMNS FROM `zyyj_menu` [ RunTime:0.005001s ]
SQL: SELECT * FROM `zyyj_post` WHERE ( `post_id` = 1 )  [ RunTime:0.001000s ]
SQL: SELECT * FROM `zyyj_menu` WHERE ( `nid` = 27 )  [ RunTime:0.001000s ]
INFO: [ app_end ] --START--
INFO: Run Behavior\ShowPageTraceBehavior [ RunTime:0.001000s ]
INFO: [ app_end ] --END-- [ RunTime:0.001000s ]

[ 2017-05-13T15:11:21+08:00 ] ::1 /zyyj/index.php/Home/Menu/Menu_get_post_menu?post_id=1
INFO: [ app_begin ] --START--
INFO: Run Behavior\ReadHtmlCacheBehavior [ RunTime:0.003001s ]
INFO: [ app_begin ] --END-- [ RunTime:0.008001s ]
NOTIC: [8192] mysql_connect(): The mysql extension is deprecated and will be removed in the future: use mysqli or PDO instead E:\Program Files\PHPtools\Apach2.4\Apache24\htdocs\zyyj\ThinkPHP\Library\Think\Db\Driver\Mysql.class.php 第 52 行.
SQL: SHOW COLUMNS FROM `zyyj_post` [ RunTime:0.005000s ]
SQL: SHOW COLUMNS FROM `zyyj_menu` [ RunTime:0.005001s ]
SQL: SELECT * FROM `zyyj_post` WHERE ( `post_id` = 1 )  [ RunTime:0.000000s ]
SQL: SELECT * FROM `zyyj_menu` WHERE ( `nid` = 13 )  [ RunTime:0.000000s ]
INFO: [ app_end ] --START--
INFO: Run Behavior\ShowPageTraceBehavior [ RunTime:0.001000s ]
INFO: [ app_end ] --END-- [ RunTime:0.001000s ]

[ 2017-05-13T15:11:21+08:00 ] ::1 /zyyj/index.php/Home/Menu/Menu_get_post_menu?post_id=1
INFO: [ app_begin ] --START--
INFO: Run Behavior\ReadHtmlCacheBehavior [ RunTime:0.003000s ]
INFO: [ app_begin ] --END-- [ RunTime:0.006000s ]
NOTIC: [8192] mysql_connect(): The mysql extension is deprecated and will be removed in the future: use mysqli or PDO instead E:\Program Files\PHPtools\Apach2.4\Apache24\htdocs\zyyj\ThinkPHP\Library\Think\Db\Driver\Mysql.class.php 第 52 行.
SQL: SHOW COLUMNS FROM `zyyj_post` [ RunTime:0.005000s ]
SQL: SHOW COLUMNS FROM `zyyj_menu` [ RunTime:0.005001s ]
SQL: SELECT * FROM `zyyj_post` WHERE ( `post_id` = 1 )  [ RunTime:0.000000s ]
SQL: SELECT * FROM `zyyj_menu` WHERE ( `nid` = 3 )  [ RunTime:0.001000s ]
INFO: [ app_end ] --START--
INFO: Run Behavior\ShowPageTraceBehavior [ RunTime:0.001000s ]
INFO: [ app_end ] --END-- [ RunTime:0.001000s ]

[ 2017-05-13T15:11:21+08:00 ] ::1 /zyyj/index.php/Home/Menu/Menu_get_post_menu?post_id=1
INFO: [ app_begin ] --START--
INFO: Run Behavior\ReadHtmlCacheBehavior [ RunTime:0.001000s ]
INFO: [ app_begin ] --END-- [ RunTime:0.003000s ]
NOTIC: [8192] mysql_connect(): The mysql extension is deprecated and will be removed in the future: use mysqli or PDO instead E:\Program Files\PHPtools\Apach2.4\Apache24\htdocs\zyyj\ThinkPHP\Library\Think\Db\Driver\Mysql.class.php 第 52 行.
SQL: SHOW COLUMNS FROM `zyyj_post` [ RunTime:0.004000s ]
SQL: SHOW COLUMNS FROM `zyyj_menu` [ RunTime:0.005000s ]
SQL: SELECT * FROM `zyyj_post` WHERE ( `post_id` = 1 )  [ RunTime:0.001000s ]
SQL: SELECT * FROM `zyyj_menu` WHERE ( `nid` = 32 )  [ RunTime:0.000000s ]
INFO: [ app_end ] --START--
INFO: Run Behavior\ShowPageTraceBehavior [ RunTime:0.001000s ]
INFO: [ app_end ] --END-- [ RunTime:0.001000s ]

[ 2017-05-13T15:11:21+08:00 ] ::1 /zyyj/index.php/Home/Menu/Menu_get_post_menu?post_id=1
INFO: [ app_begin ] --START--
INFO: Run Behavior\ReadHtmlCacheBehavior [ RunTime:0.001000s ]
INFO: [ app_begin ] --END-- [ RunTime:0.001000s ]
NOTIC: [8192] mysql_connect(): The mysql extension is deprecated and will be removed in the future: use mysqli or PDO instead E:\Program Files\PHPtools\Apach2.4\Apache24\htdocs\zyyj\ThinkPHP\Library\Think\Db\Driver\Mysql.class.php 第 52 行.
SQL: SHOW COLUMNS FROM `zyyj_post` [ RunTime:0.004001s ]
SQL: SHOW COLUMNS FROM `zyyj_menu` [ RunTime:0.006000s ]
SQL: SELECT * FROM `zyyj_post` WHERE ( `post_id` = 1 )  [ RunTime:0.001000s ]
SQL: SELECT * FROM `zyyj_menu` WHERE ( `nid` = 39 )  [ RunTime:0.000000s ]
INFO: [ app_end ] --START--
INFO: Run Behavior\ShowPageTraceBehavior [ RunTime:0.001000s ]
INFO: [ app_end ] --END-- [ RunTime:0.002000s ]

[ 2017-05-13T15:11:21+08:00 ] ::1 /zyyj/index.php/Home/Menu/Menu_get_post_menu?post_id=1
INFO: [ app_begin ] --START--
INFO: Run Behavior\ReadHtmlCacheBehavior [ RunTime:0.001000s ]
INFO: [ app_begin ] --END-- [ RunTime:0.002000s ]
NOTIC: [8192] mysql_connect(): The mysql extension is deprecated and will be removed in the future: use mysqli or PDO instead E:\Program Files\PHPtools\Apach2.4\Apache24\htdocs\zyyj\ThinkPHP\Library\Think\Db\Driver\Mysql.class.php 第 52 行.
SQL: SHOW COLUMNS FROM `zyyj_post` [ RunTime:0.005001s ]
SQL: SHOW COLUMNS FROM `zyyj_menu` [ RunTime:0.007000s ]
SQL: SELECT * FROM `zyyj_post` WHERE ( `post_id` = 1 )  [ RunTime:0.001000s ]
SQL: SELECT * FROM `zyyj_menu` WHERE ( `nid` = 35 )  [ RunTime:0.000000s ]
INFO: [ app_end ] --START--
INFO: Run Behavior\ShowPageTraceBehavior [ RunTime:0.001000s ]
INFO: [ app_end ] --END-- [ RunTime:0.001000s ]

[ 2017-05-13T15:11:21+08:00 ] ::1 /zyyj/index.php/Home/Menu/Menu_get_post_menu?post_id=1
INFO: [ app_begin ] --START--
INFO: Run Behavior\ReadHtmlCacheBehavior [ RunTime:0.001000s ]
INFO: [ app_begin ] --END-- [ RunTime:0.001000s ]
NOTIC: [8192] mysql_connect(): The mysql extension is deprecated and will be removed in the future: use mysqli or PDO instead E:\Program Files\PHPtools\Apach2.4\Apache24\htdocs\zyyj\ThinkPHP\Library\Think\Db\Driver\Mysql.class.php 第 52 行.
SQL: SHOW COLUMNS FROM `zyyj_post` [ RunTime:0.006000s ]
SQL: SHOW COLUMNS FROM `zyyj_menu` [ RunTime:0.008001s ]
SQL: SELECT * FROM `zyyj_post` WHERE ( `post_id` = 1 )  [ RunTime:0.001000s ]
SQL: SELECT * FROM `zyyj_menu` WHERE ( `nid` = 52 )  [ RunTime:0.000000s ]
INFO: [ app_end ] --START--
INFO: Run Behavior\ShowPageTraceBehavior [ RunTime:0.002000s ]
INFO: [ app_end ] --END-- [ RunTime:0.002000s ]

[ 2017-05-13T15:11:24+08:00 ] ::1 /zyyj/index.php/Home/Menu/Menu_menu_to_post?post_id=1&menu_id=1%3B0%3B2%3B10%3B13%3B14%3B15%3B54%3B35%3B&_=1494658399150
INFO: [ app_begin ] --START--
INFO: Run Behavior\ReadHtmlCacheBehavior [ RunTime:0.000000s ]
INFO: [ app_begin ] --END-- [ RunTime:0.000000s ]
NOTIC: [8192] mysql_connect(): The mysql extension is deprecated and will be removed in the future: use mysqli or PDO instead E:\Program Files\PHPtools\Apach2.4\Apache24\htdocs\zyyj\ThinkPHP\Library\Think\Db\Driver\Mysql.class.php 第 52 行.
SQL: SHOW COLUMNS FROM `zyyj_post` [ RunTime:0.003000s ]
SQL: UPDATE `zyyj_post` SET `menu_id`='1;0;2;10;13;14;15;54;35;' WHERE ( `post_id` = 1 ) [ RunTime:0.222013s ]
INFO: [ app_end ] --START--
INFO: Run Behavior\ShowPageTraceBehavior [ RunTime:0.001000s ]
INFO: [ app_end ] --END-- [ RunTime:0.001000s ]

[ 2017-05-13T15:11:29+08:00 ] ::1 /zyyj/index.php/Home/Menu/Menu_get_post_menu?post_id=3
INFO: [ app_begin ] --START--
INFO: Run Behavior\ReadHtmlCacheBehavior [ RunTime:0.000000s ]
INFO: [ app_begin ] --END-- [ RunTime:0.001000s ]
NOTIC: [8192] mysql_connect(): The mysql extension is deprecated and will be removed in the future: use mysqli or PDO instead E:\Program Files\PHPtools\Apach2.4\Apache24\htdocs\zyyj\ThinkPHP\Library\Think\Db\Driver\Mysql.class.php 第 52 行.
SQL: SHOW COLUMNS FROM `zyyj_post` [ RunTime:0.003000s ]
SQL: SHOW COLUMNS FROM `zyyj_menu` [ RunTime:0.004000s ]
SQL: SELECT * FROM `zyyj_post` WHERE ( `post_id` = 3 )  [ RunTime:0.000000s ]
SQL: SELECT * FROM `zyyj_menu` WHERE ( `nid` = 0 )  [ RunTime:0.001000s ]
INFO: [ app_end ] --START--
INFO: Run Behavior\ShowPageTraceBehavior [ RunTime:0.001000s ]
INFO: [ app_end ] --END-- [ RunTime:0.001000s ]

[ 2017-05-13T15:11:30+08:00 ] ::1 /zyyj/index.php/Home/Menu/Menu_get_post_menu?post_id=3
INFO: [ app_begin ] --START--
INFO: Run Behavior\ReadHtmlCacheBehavior [ RunTime:0.000000s ]
INFO: [ app_begin ] --END-- [ RunTime:0.001000s ]
NOTIC: [8192] mysql_connect(): The mysql extension is deprecated and will be removed in the future: use mysqli or PDO instead E:\Program Files\PHPtools\Apach2.4\Apache24\htdocs\zyyj\ThinkPHP\Library\Think\Db\Driver\Mysql.class.php 第 52 行.
SQL: SHOW COLUMNS FROM `zyyj_post` [ RunTime:0.005000s ]
SQL: SHOW COLUMNS FROM `zyyj_menu` [ RunTime:0.005001s ]
SQL: SELECT * FROM `zyyj_post` WHERE ( `post_id` = 3 )  [ RunTime:0.000000s ]
SQL: SELECT * FROM `zyyj_menu` WHERE ( `nid` = 3 )  [ RunTime:0.000000s ]
INFO: [ app_end ] --START--
INFO: Run Behavior\ShowPageTraceBehavior [ RunTime:0.001000s ]
INFO: [ app_end ] --END-- [ RunTime:0.001000s ]

[ 2017-05-13T15:11:30+08:00 ] ::1 /zyyj/index.php/Home/Menu/Menu_get_post_menu?post_id=3
INFO: [ app_begin ] --START--
INFO: Run Behavior\ReadHtmlCacheBehavior [ RunTime:0.002001s ]
INFO: [ app_begin ] --END-- [ RunTime:0.004001s ]
NOTIC: [8192] mysql_connect(): The mysql extension is deprecated and will be removed in the future: use mysqli or PDO instead E:\Program Files\PHPtools\Apach2.4\Apache24\htdocs\zyyj\ThinkPHP\Library\Think\Db\Driver\Mysql.class.php 第 52 行.
SQL: SHOW COLUMNS FROM `zyyj_post` [ RunTime:0.004000s ]
SQL: SHOW COLUMNS FROM `zyyj_menu` [ RunTime:0.004000s ]
SQL: SELECT * FROM `zyyj_post` WHERE ( `post_id` = 3 )  [ RunTime:0.000000s ]
SQL: SELECT * FROM `zyyj_menu` WHERE ( `nid` = 13 )  [ RunTime:0.000000s ]
INFO: [ app_end ] --START--
INFO: Run Behavior\ShowPageTraceBehavior [ RunTime:0.001000s ]
INFO: [ app_end ] --END-- [ RunTime:0.002000s ]

[ 2017-05-13T15:11:30+08:00 ] ::1 /zyyj/index.php/Home/Menu/Menu_get_post_menu?post_id=3
INFO: [ app_begin ] --START--
INFO: Run Behavior\ReadHtmlCacheBehavior [ RunTime:0.001000s ]
INFO: [ app_begin ] --END-- [ RunTime:0.001000s ]
NOTIC: [8192] mysql_connect(): The mysql extension is deprecated and will be removed in the future: use mysqli or PDO instead E:\Program Files\PHPtools\Apach2.4\Apache24\htdocs\zyyj\ThinkPHP\Library\Think\Db\Driver\Mysql.class.php 第 52 行.
SQL: SHOW COLUMNS FROM `zyyj_post` [ RunTime:0.006000s ]
SQL: SHOW COLUMNS FROM `zyyj_menu` [ RunTime:0.005001s ]
SQL: SELECT * FROM `zyyj_post` WHERE ( `post_id` = 3 )  [ RunTime:0.001000s ]
SQL: SELECT * FROM `zyyj_menu` WHERE ( `nid` = 1 )  [ RunTime:0.000000s ]
INFO: [ app_end ] --START--
INFO: Run Behavior\ShowPageTraceBehavior [ RunTime:0.001000s ]
INFO: [ app_end ] --END-- [ RunTime:0.001000s ]

[ 2017-05-13T15:11:30+08:00 ] ::1 /zyyj/index.php/Home/Menu/Menu_get_post_menu?post_id=3
INFO: [ app_begin ] --START--
INFO: Run Behavior\ReadHtmlCacheBehavior [ RunTime:0.002000s ]
INFO: [ app_begin ] --END-- [ RunTime:0.004000s ]
NOTIC: [8192] mysql_connect(): The mysql extension is deprecated and will be removed in the future: use mysqli or PDO instead E:\Program Files\PHPtools\Apach2.4\Apache24\htdocs\zyyj\ThinkPHP\Library\Think\Db\Driver\Mysql.class.php 第 52 行.
SQL: SHOW COLUMNS FROM `zyyj_post` [ RunTime:0.005001s ]
SQL: SHOW COLUMNS FROM `zyyj_menu` [ RunTime:0.005000s ]
SQL: SELECT * FROM `zyyj_post` WHERE ( `post_id` = 3 )  [ RunTime:0.000000s ]
SQL: SELECT * FROM `zyyj_menu` WHERE ( `nid` = 22 )  [ RunTime:0.000000s ]
INFO: [ app_end ] --START--
INFO: Run Behavior\ShowPageTraceBehavior [ RunTime:0.002000s ]
INFO: [ app_end ] --END-- [ RunTime:0.002000s ]

[ 2017-05-13T15:11:30+08:00 ] ::1 /zyyj/index.php/Home/Menu/Menu_get_post_menu?post_id=3
INFO: [ app_begin ] --START--
INFO: Run Behavior\ReadHtmlCacheBehavior [ RunTime:0.002000s ]
INFO: [ app_begin ] --END-- [ RunTime:0.003000s ]
NOTIC: [8192] mysql_connect(): The mysql extension is deprecated and will be removed in the future: use mysqli or PDO instead E:\Program Files\PHPtools\Apach2.4\Apache24\htdocs\zyyj\ThinkPHP\Library\Think\Db\Driver\Mysql.class.php 第 52 行.
SQL: SHOW COLUMNS FROM `zyyj_post` [ RunTime:0.005000s ]
SQL: SHOW COLUMNS FROM `zyyj_menu` [ RunTime:0.005000s ]
SQL: SELECT * FROM `zyyj_post` WHERE ( `post_id` = 3 )  [ RunTime:0.001000s ]
SQL: SELECT * FROM `zyyj_menu` WHERE ( `nid` = 27 )  [ RunTime:0.000000s ]
INFO: [ app_end ] --START--
INFO: Run Behavior\ShowPageTraceBehavior [ RunTime:0.001000s ]
INFO: [ app_end ] --END-- [ RunTime:0.002000s ]

[ 2017-05-13T15:11:30+08:00 ] ::1 /zyyj/index.php/Home/Menu/Menu_get_post_menu?post_id=3
INFO: [ app_begin ] --START--
INFO: Run Behavior\ReadHtmlCacheBehavior [ RunTime:0.001000s ]
INFO: [ app_begin ] --END-- [ RunTime:0.002000s ]
NOTIC: [8192] mysql_connect(): The mysql extension is deprecated and will be removed in the future: use mysqli or PDO instead E:\Program Files\PHPtools\Apach2.4\Apache24\htdocs\zyyj\ThinkPHP\Library\Think\Db\Driver\Mysql.class.php 第 52 行.
SQL: SHOW COLUMNS FROM `zyyj_post` [ RunTime:0.005000s ]
SQL: SHOW COLUMNS FROM `zyyj_menu` [ RunTime:0.006000s ]
SQL: SELECT * FROM `zyyj_post` WHERE ( `post_id` = 3 )  [ RunTime:0.001000s ]
SQL: SELECT * FROM `zyyj_menu` WHERE ( `nid` = 32 )  [ RunTime:0.001000s ]
INFO: [ app_end ] --START--
INFO: Run Behavior\ShowPageTraceBehavior [ RunTime:0.001000s ]
INFO: [ app_end ] --END-- [ RunTime:0.001000s ]

[ 2017-05-13T15:11:30+08:00 ] ::1 /zyyj/index.php/Home/Menu/Menu_get_post_menu?post_id=3
INFO: [ app_begin ] --START--
INFO: Run Behavior\ReadHtmlCacheBehavior [ RunTime:0.002001s ]
INFO: [ app_begin ] --END-- [ RunTime:0.003001s ]
NOTIC: [8192] mysql_connect(): The mysql extension is deprecated and will be removed in the future: use mysqli or PDO instead E:\Program Files\PHPtools\Apach2.4\Apache24\htdocs\zyyj\ThinkPHP\Library\Think\Db\Driver\Mysql.class.php 第 52 行.
SQL: SHOW COLUMNS FROM `zyyj_post` [ RunTime:0.009001s ]
SQL: SHOW COLUMNS FROM `zyyj_menu` [ RunTime:0.005000s ]
SQL: SELECT * FROM `zyyj_post` WHERE ( `post_id` = 3 )  [ RunTime:0.001000s ]
SQL: SELECT * FROM `zyyj_menu` WHERE ( `nid` = 11 )  [ RunTime:0.000000s ]
INFO: [ app_end ] --START--
INFO: Run Behavior\ShowPageTraceBehavior [ RunTime:0.001000s ]
INFO: [ app_end ] --END-- [ RunTime:0.001000s ]

[ 2017-05-13T15:11:30+08:00 ] ::1 /zyyj/index.php/Home/Menu/Menu_get_post_menu?post_id=3
INFO: [ app_begin ] --START--
INFO: Run Behavior\ReadHtmlCacheBehavior [ RunTime:0.001000s ]
INFO: [ app_begin ] --END-- [ RunTime:0.001000s ]
NOTIC: [8192] mysql_connect(): The mysql extension is deprecated and will be removed in the future: use mysqli or PDO instead E:\Program Files\PHPtools\Apach2.4\Apache24\htdocs\zyyj\ThinkPHP\Library\Think\Db\Driver\Mysql.class.php 第 52 行.
SQL: SHOW COLUMNS FROM `zyyj_post` [ RunTime:0.004001s ]
SQL: SHOW COLUMNS FROM `zyyj_menu` [ RunTime:0.005000s ]
SQL: SELECT * FROM `zyyj_post` WHERE ( `post_id` = 3 )  [ RunTime:0.000000s ]
SQL: SELECT * FROM `zyyj_menu` WHERE ( `nid` = 35 )  [ RunTime:0.001000s ]
INFO: [ app_end ] --START--
INFO: Run Behavior\ShowPageTraceBehavior [ RunTime:0.000000s ]
INFO: [ app_end ] --END-- [ RunTime:0.000000s ]

[ 2017-05-13T15:11:30+08:00 ] ::1 /zyyj/index.php/Home/Menu/Menu_get_post_menu?post_id=3
INFO: [ app_begin ] --START--
INFO: Run Behavior\ReadHtmlCacheBehavior [ RunTime:0.001000s ]
INFO: [ app_begin ] --END-- [ RunTime:0.001000s ]
NOTIC: [8192] mysql_connect(): The mysql extension is deprecated and will be removed in the future: use mysqli or PDO instead E:\Program Files\PHPtools\Apach2.4\Apache24\htdocs\zyyj\ThinkPHP\Library\Think\Db\Driver\Mysql.class.php 第 52 行.
SQL: SHOW COLUMNS FROM `zyyj_post` [ RunTime:0.006000s ]
SQL: SHOW COLUMNS FROM `zyyj_menu` [ RunTime:0.003000s ]
SQL: SELECT * FROM `zyyj_post` WHERE ( `post_id` = 3 )  [ RunTime:0.001001s ]
SQL: SELECT * FROM `zyyj_menu` WHERE ( `nid` = 39 )  [ RunTime:0.000000s ]
INFO: [ app_end ] --START--
INFO: Run Behavior\ShowPageTraceBehavior [ RunTime:0.002000s ]
INFO: [ app_end ] --END-- [ RunTime:0.002000s ]

[ 2017-05-13T15:11:30+08:00 ] ::1 /zyyj/index.php/Home/Menu/Menu_get_post_menu?post_id=3
INFO: [ app_begin ] --START--
INFO: Run Behavior\ReadHtmlCacheBehavior [ RunTime:0.001000s ]
INFO: [ app_begin ] --END-- [ RunTime:0.001000s ]
NOTIC: [8192] mysql_connect(): The mysql extension is deprecated and will be removed in the future: use mysqli or PDO instead E:\Program Files\PHPtools\Apach2.4\Apache24\htdocs\zyyj\ThinkPHP\Library\Think\Db\Driver\Mysql.class.php 第 52 行.
SQL: SHOW COLUMNS FROM `zyyj_post` [ RunTime:0.005001s ]
SQL: SHOW COLUMNS FROM `zyyj_menu` [ RunTime:0.006000s ]
SQL: SELECT * FROM `zyyj_post` WHERE ( `post_id` = 3 )  [ RunTime:0.000000s ]
SQL: SELECT * FROM `zyyj_menu` WHERE ( `nid` = 52 )  [ RunTime:0.001000s ]
INFO: [ app_end ] --START--
INFO: Run Behavior\ShowPageTraceBehavior [ RunTime:0.001000s ]
INFO: [ app_end ] --END-- [ RunTime:0.001000s ]

[ 2017-05-13T15:11:31+08:00 ] ::1 /zyyj/index.php/Home/Menu/Menu_menu_to_post?post_id=3&menu_id=1%3B0%3B2%3B10%3B22%3B23%3B45%3B51%3B27%3B31%3B50%3B&_=1494658399151
INFO: [ app_begin ] --START--
INFO: Run Behavior\ReadHtmlCacheBehavior [ RunTime:0.001000s ]
INFO: [ app_begin ] --END-- [ RunTime:0.001000s ]
NOTIC: [8192] mysql_connect(): The mysql extension is deprecated and will be removed in the future: use mysqli or PDO instead E:\Program Files\PHPtools\Apach2.4\Apache24\htdocs\zyyj\ThinkPHP\Library\Think\Db\Driver\Mysql.class.php 第 52 行.
SQL: SHOW COLUMNS FROM `zyyj_post` [ RunTime:0.004001s ]
SQL: UPDATE `zyyj_post` SET `menu_id`='1;0;2;10;22;23;45;51;27;31;50;' WHERE ( `post_id` = 3 ) [ RunTime:0.077004s ]
INFO: [ app_end ] --START--
INFO: Run Behavior\ShowPageTraceBehavior [ RunTime:0.001000s ]
INFO: [ app_end ] --END-- [ RunTime:0.001000s ]

[ 2017-05-13T15:11:41+08:00 ] ::1 /zyyj/index.php/Home/Menu/Menu_menu_to_post?post_id=3&menu_id=1%3B0%3B2%3B10%3B22%3B23%3B45%3B51%3B27%3B31%3B50%3B35%3B36%3B37%3B38%3B47%3B54%3B&_=1494658399152
INFO: [ app_begin ] --START--
INFO: Run Behavior\ReadHtmlCacheBehavior [ RunTime:0.001000s ]
INFO: [ app_begin ] --END-- [ RunTime:0.001000s ]
NOTIC: [8192] mysql_connect(): The mysql extension is deprecated and will be removed in the future: use mysqli or PDO instead E:\Program Files\PHPtools\Apach2.4\Apache24\htdocs\zyyj\ThinkPHP\Library\Think\Db\Driver\Mysql.class.php 第 52 行.
SQL: SHOW COLUMNS FROM `zyyj_post` [ RunTime:0.004000s ]
SQL: UPDATE `zyyj_post` SET `menu_id`='1;0;2;10;22;23;45;51;27;31;50;35;36;37;38;47;54;' WHERE ( `post_id` = 3 ) [ RunTime:0.097006s ]
INFO: [ app_end ] --START--
INFO: Run Behavior\ShowPageTraceBehavior [ RunTime:0.001000s ]
INFO: [ app_end ] --END-- [ RunTime:0.001000s ]

[ 2017-05-13T15:11:46+08:00 ] ::1 /zyyj/index.php/Home/Menu/Menu_menu_to_post?post_id=3&menu_id=1%3B0%3B2%3B10%3B22%3B23%3B45%3B51%3B27%3B31%3B50%3B&_=1494658399153
INFO: [ app_begin ] --START--
INFO: Run Behavior\ReadHtmlCacheBehavior [ RunTime:0.001000s ]
INFO: [ app_begin ] --END-- [ RunTime:0.001000s ]
NOTIC: [8192] mysql_connect(): The mysql extension is deprecated and will be removed in the future: use mysqli or PDO instead E:\Program Files\PHPtools\Apach2.4\Apache24\htdocs\zyyj\ThinkPHP\Library\Think\Db\Driver\Mysql.class.php 第 52 行.
SQL: SHOW COLUMNS FROM `zyyj_post` [ RunTime:0.004000s ]
SQL: UPDATE `zyyj_post` SET `menu_id`='1;0;2;10;22;23;45;51;27;31;50;' WHERE ( `post_id` = 3 ) [ RunTime:0.092005s ]
INFO: [ app_end ] --START--
INFO: Run Behavior\ShowPageTraceBehavior [ RunTime:0.001000s ]
INFO: [ app_end ] --END-- [ RunTime:0.001000s ]

