[ 2017-04-27T21:43:25+08:00 ] ::1 /zyyj/index.php/Home/Login/Login_login
INFO: [ app_begin ] --START--
INFO: Run Behavior\ReadHtmlCacheBehavior [ RunTime:0.000587s ]
INFO: [ app_begin ] --END-- [ RunTime:0.001020s ]
SQL: SHOW COLUMNS FROM `zyyj_user` [ RunTime:0.005079s ]
SQL: SHOW COLUMNS FROM `zyyj_department` [ RunTime:0.004648s ]
SQL: SELECT * FROM `zyyj_user` WHERE ( `name` = 'admin' )  [ RunTime:0.000294s ]
SQL: SELECT * FROM `zyyj_department` WHERE ( `department_id` = null )  [ RunTime:0.000204s ]

[ 2017-04-27T21:43:26+08:00 ] ::1 /zyyj/index.php/Home/Login/Login_get_menu
INFO: [ app_begin ] --START--
INFO: Run Behavior\ReadHtmlCacheBehavior [ RunTime:0.000641s ]
INFO: [ app_begin ] --END-- [ RunTime:0.001073s ]
SQL: SHOW COLUMNS FROM `zyyj_post` [ RunTime:0.005892s ]
SQL: SHOW COLUMNS FROM `zyyj_menu` [ RunTime:0.003993s ]
SQL: SELECT * FROM `zyyj_post` WHERE ( `post_id` = 1 )  [ RunTime:0.000239s ]
SQL: SELECT * FROM `zyyj_menu` WHERE ( `nid` = 0 ) AND ( `id` = 1 )  [ RunTime:0.000208s ]
SQL: SELECT * FROM `zyyj_menu` WHERE ( `nid` = 0 ) AND ( `id` = 0 )  [ RunTime:0.000176s ]
NOTIC: [2] Invalid argument supplied for foreach() E:\xampp\htdocs\zyyj\Application\Home\Controller\LoginController.class.php 第 51 行.
SQL: SELECT * FROM `zyyj_menu` WHERE ( `nid` = 0 ) AND ( `id` = 2 )  [ RunTime:0.000169s ]
NOTIC: [2] Invalid argument supplied for foreach() E:\xampp\htdocs\zyyj\Application\Home\Controller\LoginController.class.php 第 51 行.
SQL: SELECT * FROM `zyyj_menu` WHERE ( `nid` = 0 ) AND ( `id` = 10 )  [ RunTime:0.000183s ]
NOTIC: [2] Invalid argument supplied for foreach() E:\xampp\htdocs\zyyj\Application\Home\Controller\LoginController.class.php 第 51 行.
SQL: SELECT * FROM `zyyj_menu` WHERE ( `nid` = 0 ) AND ( `id` = 13 )  [ RunTime:0.000173s ]
SQL: SELECT * FROM `zyyj_menu` WHERE ( `nid` = 0 ) AND ( `id` = 14 )  [ RunTime:0.000151s ]
NOTIC: [2] Invalid argument supplied for foreach() E:\xampp\htdocs\zyyj\Application\Home\Controller\LoginController.class.php 第 51 行.
SQL: SELECT * FROM `zyyj_menu` WHERE ( `nid` = 0 ) AND ( `id` = 15 )  [ RunTime:0.000159s ]
NOTIC: [2] Invalid argument supplied for foreach() E:\xampp\htdocs\zyyj\Application\Home\Controller\LoginController.class.php 第 51 行.
SQL: SELECT * FROM `zyyj_menu` WHERE ( `nid` = 0 ) AND ( `id` = 54 )  [ RunTime:0.000154s ]
NOTIC: [2] Invalid argument supplied for foreach() E:\xampp\htdocs\zyyj\Application\Home\Controller\LoginController.class.php 第 51 行.
SQL: SELECT * FROM `zyyj_menu` WHERE ( `nid` = 0 ) AND ( `id` = 35 )  [ RunTime:0.000156s ]
SQL: SELECT * FROM `zyyj_menu` WHERE ( `nid` = 0 ) AND ( `id` = 0 )  [ RunTime:0.000141s ]
NOTIC: [2] Invalid argument supplied for foreach() E:\xampp\htdocs\zyyj\Application\Home\Controller\LoginController.class.php 第 51 行.
INFO: [ app_end ] --START--
INFO: Run Behavior\ShowPageTraceBehavior [ RunTime:0.000641s ]
INFO: [ app_end ] --END-- [ RunTime:0.000674s ]

[ 2017-04-27T21:44:20+08:00 ] ::1 /zyyj/index.php/Home/Login/Login_get_menu
INFO: [ app_begin ] --START--
INFO: Run Behavior\ReadHtmlCacheBehavior [ RunTime:0.000561s ]
INFO: [ app_begin ] --END-- [ RunTime:0.000899s ]
SQL: SHOW COLUMNS FROM `zyyj_post` [ RunTime:0.002225s ]
SQL: SHOW COLUMNS FROM `zyyj_menu` [ RunTime:0.002777s ]
SQL: SELECT * FROM `zyyj_post` WHERE ( `post_id` = 1 )  [ RunTime:0.000373s ]
SQL: SELECT * FROM `zyyj_menu` WHERE ( `nid` = 35 ) AND ( `id` = 1 )  [ RunTime:0.000257s ]
NOTIC: [2] Invalid argument supplied for foreach() E:\xampp\htdocs\zyyj\Application\Home\Controller\LoginController.class.php 第 51 行.
SQL: SELECT * FROM `zyyj_menu` WHERE ( `nid` = 35 ) AND ( `id` = 0 )  [ RunTime:0.000215s ]
NOTIC: [2] Invalid argument supplied for foreach() E:\xampp\htdocs\zyyj\Application\Home\Controller\LoginController.class.php 第 51 行.
SQL: SELECT * FROM `zyyj_menu` WHERE ( `nid` = 35 ) AND ( `id` = 2 )  [ RunTime:0.000242s ]
NOTIC: [2] Invalid argument supplied for foreach() E:\xampp\htdocs\zyyj\Application\Home\Controller\LoginController.class.php 第 51 行.
SQL: SELECT * FROM `zyyj_menu` WHERE ( `nid` = 35 ) AND ( `id` = 10 )  [ RunTime:0.000276s ]
NOTIC: [2] Invalid argument supplied for foreach() E:\xampp\htdocs\zyyj\Application\Home\Controller\LoginController.class.php 第 51 行.
SQL: SELECT * FROM `zyyj_menu` WHERE ( `nid` = 35 ) AND ( `id` = 13 )  [ RunTime:0.000233s ]
NOTIC: [2] Invalid argument supplied for foreach() E:\xampp\htdocs\zyyj\Application\Home\Controller\LoginController.class.php 第 51 行.
SQL: SELECT * FROM `zyyj_menu` WHERE ( `nid` = 35 ) AND ( `id` = 14 )  [ RunTime:0.000235s ]
NOTIC: [2] Invalid argument supplied for foreach() E:\xampp\htdocs\zyyj\Application\Home\Controller\LoginController.class.php 第 51 行.
SQL: SELECT * FROM `zyyj_menu` WHERE ( `nid` = 35 ) AND ( `id` = 15 )  [ RunTime:0.000200s ]
NOTIC: [2] Invalid argument supplied for foreach() E:\xampp\htdocs\zyyj\Application\Home\Controller\LoginController.class.php 第 51 行.
SQL: SELECT * FROM `zyyj_menu` WHERE ( `nid` = 35 ) AND ( `id` = 54 )  [ RunTime:0.000242s ]
SQL: SELECT * FROM `zyyj_menu` WHERE ( `nid` = 35 ) AND ( `id` = 35 )  [ RunTime:0.000249s ]
NOTIC: [2] Invalid argument supplied for foreach() E:\xampp\htdocs\zyyj\Application\Home\Controller\LoginController.class.php 第 51 行.
SQL: SELECT * FROM `zyyj_menu` WHERE ( `nid` = 35 ) AND ( `id` = 0 )  [ RunTime:0.000215s ]
NOTIC: [2] Invalid argument supplied for foreach() E:\xampp\htdocs\zyyj\Application\Home\Controller\LoginController.class.php 第 51 行.
INFO: [ app_end ] --START--
INFO: Run Behavior\ShowPageTraceBehavior [ RunTime:0.000677s ]
INFO: [ app_end ] --END-- [ RunTime:0.000712s ]

[ 2017-04-27T21:44:27+08:00 ] ::1 /zyyj/index.php/Home/ScoreManage/ScoreManage_Rank?_=1493300606071
INFO: [ app_begin ] --START--
INFO: Run Behavior\ReadHtmlCacheBehavior [ RunTime:0.001031s ]
INFO: [ app_begin ] --END-- [ RunTime:0.001855s ]
SQL: SHOW COLUMNS FROM `zyyj_student` [ RunTime:0.004679s ]
SQL: SELECT `name`,`photo` FROM `zyyj_student` WHERE ( `stu_id` = 0 )  [ RunTime:0.000244s ]
SQL: SELECT zyyj_class.grade_id FROM `zyyj_student` LEFT JOIN zyyj_class ON zyyj_class.class_id=zyyj_student.class_id  WHERE ( zyyj_student.stu_id = '' )  [ RunTime:0.001831s ]
SQL: SHOW COLUMNS FROM `zyyj_stu_score` [ RunTime:0.003782s ]
SQL: SELECT zyyj_stu_score.stu_id,zyyj_student.name as stuname,sum(score) as tscore,`programme_id`,`photo` FROM `zyyj_stu_score` LEFT JOIN zyyj_student ON zyyj_student.stu_id = zyyj_stu_score.stu_id LEFT JOIN zyyj_class ON zyyj_class.class_id = zyyj_student.class_id LEFT JOIN zyyj_grade ON zyyj_grade.grade_id =  zyyj_class.grade_id  WHERE ( zyyj_grade.grade_id = null ) GROUP BY stu_id  [ RunTime:0.001984s ]
SQL: SHOW COLUMNS FROM `zyyj_programme` [ RunTime:0.003500s ]
SQL: SELECT * FROM `zyyj_programme` ORDER BY createdate desc  [ RunTime:0.000275s ]
SQL: SHOW COLUMNS FROM `zyyj_reduce_score` [ RunTime:0.003220s ]
SQL: SELECT `stu_id`,sum(Reduce_score) as rscore FROM `zyyj_reduce_score` GROUP BY stu_id  [ RunTime:0.000245s ]
NOTIC: [2] Invalid argument supplied for foreach() E:\xampp\htdocs\zyyj\Application\Home\Controller\ScoreManageController.class.php 第 108 行.
NOTIC: [2] array_multisort(): Argument #1 is expected to be an array or a sort flag E:\xampp\htdocs\zyyj\Application\Home\Controller\ScoreManageController.class.php 第 111 行.
NOTIC: [8] Undefined variable: myrank E:\xampp\htdocs\zyyj\Application\Home\Controller\ScoreManageController.class.php 第 53 行.
NOTIC: [8] Undefined variable: myscore E:\xampp\htdocs\zyyj\Application\Home\Controller\ScoreManageController.class.php 第 58 行.
INFO: [ app_end ] --START--
INFO: Run Behavior\ShowPageTraceBehavior [ RunTime:0.000511s ]
INFO: [ app_end ] --END-- [ RunTime:0.000547s ]

[ 2017-04-27T21:44:46+08:00 ] ::1 /zyyj/index.php/Home/Login/Login_login
INFO: [ app_begin ] --START--
INFO: Run Behavior\ReadHtmlCacheBehavior [ RunTime:0.000449s ]
INFO: [ app_begin ] --END-- [ RunTime:0.000797s ]
SQL: SHOW COLUMNS FROM `zyyj_user` [ RunTime:0.002920s ]
SQL: SHOW COLUMNS FROM `zyyj_department` [ RunTime:0.001957s ]
SQL: SELECT * FROM `zyyj_user` WHERE ( `name` = '管理员' )  [ RunTime:0.000310s ]
INFO: [ app_end ] --START--
INFO: Run Behavior\ShowPageTraceBehavior [ RunTime:0.000672s ]
INFO: [ app_end ] --END-- [ RunTime:0.000716s ]

[ 2017-04-27T21:44:55+08:00 ] ::1 /zyyj/index.php/Home/Login/Login_login
INFO: [ app_begin ] --START--
INFO: Run Behavior\ReadHtmlCacheBehavior [ RunTime:0.000675s ]
INFO: [ app_begin ] --END-- [ RunTime:0.001021s ]
SQL: SHOW COLUMNS FROM `zyyj_user` [ RunTime:0.002895s ]
SQL: SHOW COLUMNS FROM `zyyj_department` [ RunTime:0.002130s ]
SQL: SELECT * FROM `zyyj_user` WHERE ( `name` = 'manager' )  [ RunTime:0.000297s ]
SQL: SELECT * FROM `zyyj_department` WHERE ( `department_id` = null )  [ RunTime:0.000148s ]

[ 2017-04-27T21:44:55+08:00 ] ::1 /zyyj/index.php/Home/Login/Login_get_menu
INFO: [ app_begin ] --START--
INFO: Run Behavior\ReadHtmlCacheBehavior [ RunTime:0.000428s ]
INFO: [ app_begin ] --END-- [ RunTime:0.000710s ]
SQL: SHOW COLUMNS FROM `zyyj_post` [ RunTime:0.002566s ]
SQL: SHOW COLUMNS FROM `zyyj_menu` [ RunTime:0.002176s ]
SQL: SELECT * FROM `zyyj_post` WHERE ( `post_id` = 2 )  [ RunTime:0.000266s ]
SQL: SELECT * FROM `zyyj_menu` WHERE ( `nid` = 0 ) AND ( `id` = 1 )  [ RunTime:0.000201s ]
SQL: SELECT * FROM `zyyj_menu` WHERE ( `nid` = 0 ) AND ( `id` = 0 )  [ RunTime:0.000183s ]
NOTIC: [2] Invalid argument supplied for foreach() E:\xampp\htdocs\zyyj\Application\Home\Controller\LoginController.class.php 第 51 行.
SQL: SELECT * FROM `zyyj_menu` WHERE ( `nid` = 0 ) AND ( `id` = 2 )  [ RunTime:0.000223s ]
NOTIC: [2] Invalid argument supplied for foreach() E:\xampp\htdocs\zyyj\Application\Home\Controller\LoginController.class.php 第 51 行.
SQL: SELECT * FROM `zyyj_menu` WHERE ( `nid` = 0 ) AND ( `id` = 10 )  [ RunTime:0.000218s ]
NOTIC: [2] Invalid argument supplied for foreach() E:\xampp\htdocs\zyyj\Application\Home\Controller\LoginController.class.php 第 51 行.
SQL: SELECT * FROM `zyyj_menu` WHERE ( `nid` = 0 ) AND ( `id` = 7 )  [ RunTime:0.000213s ]
NOTIC: [2] Invalid argument supplied for foreach() E:\xampp\htdocs\zyyj\Application\Home\Controller\LoginController.class.php 第 51 行.
SQL: SELECT * FROM `zyyj_menu` WHERE ( `nid` = 0 ) AND ( `id` = 3 )  [ RunTime:0.000214s ]
SQL: SELECT * FROM `zyyj_menu` WHERE ( `nid` = 0 ) AND ( `id` = 11 )  [ RunTime:0.000193s ]
SQL: SELECT * FROM `zyyj_menu` WHERE ( `nid` = 0 ) AND ( `id` = 12 )  [ RunTime:0.000213s ]
NOTIC: [2] Invalid argument supplied for foreach() E:\xampp\htdocs\zyyj\Application\Home\Controller\LoginController.class.php 第 51 行.
SQL: SELECT * FROM `zyyj_menu` WHERE ( `nid` = 0 ) AND ( `id` = 16 )  [ RunTime:0.000211s ]
NOTIC: [2] Invalid argument supplied for foreach() E:\xampp\htdocs\zyyj\Application\Home\Controller\LoginController.class.php 第 51 行.
SQL: SELECT * FROM `zyyj_menu` WHERE ( `nid` = 0 ) AND ( `id` = 52 )  [ RunTime:0.000206s ]
SQL: SELECT * FROM `zyyj_menu` WHERE ( `nid` = 0 ) AND ( `id` = 53 )  [ RunTime:0.000228s ]
NOTIC: [2] Invalid argument supplied for foreach() E:\xampp\htdocs\zyyj\Application\Home\Controller\LoginController.class.php 第 51 行.
SQL: SELECT * FROM `zyyj_menu` WHERE ( `nid` = 0 ) AND ( `id` = 0 )  [ RunTime:0.000183s ]
NOTIC: [2] Invalid argument supplied for foreach() E:\xampp\htdocs\zyyj\Application\Home\Controller\LoginController.class.php 第 51 行.
INFO: [ app_end ] --START--
INFO: Run Behavior\ShowPageTraceBehavior [ RunTime:0.000544s ]
INFO: [ app_end ] --END-- [ RunTime:0.000576s ]

[ 2017-04-27T22:01:18+08:00 ] ::1 /zyyj/index.php/Home/Login/Login_login
INFO: [ app_begin ] --START--
INFO: Run Behavior\ReadHtmlCacheBehavior [ RunTime:0.000000s ]
INFO: [ app_begin ] --END-- [ RunTime:0.002000s ]
NOTIC: [8192] mysql_connect(): The mysql extension is deprecated and will be removed in the future: use mysqli or PDO instead E:\Program Files\PHPtools\Apach2.4\Apache24\htdocs\zyyj\ThinkPHP\Library\Think\Db\Driver\Mysql.class.php 第 52 行.
SQL: SHOW COLUMNS FROM `zyyj_user` [ RunTime:0.025001s ]
SQL: SHOW COLUMNS FROM `zyyj_department` [ RunTime:0.003000s ]
SQL: SELECT * FROM `zyyj_user` WHERE ( `name` = 'manager' )  [ RunTime:0.000000s ]
SQL: SELECT * FROM `zyyj_department` WHERE ( `department_id` = null )  [ RunTime:0.000000s ]

[ 2017-04-27T22:01:19+08:00 ] ::1 /zyyj/index.php/Home/Login/Login_get_menu
INFO: [ app_begin ] --START--
INFO: Run Behavior\ReadHtmlCacheBehavior [ RunTime:0.001000s ]
INFO: [ app_begin ] --END-- [ RunTime:0.002000s ]
NOTIC: [8192] mysql_connect(): The mysql extension is deprecated and will be removed in the future: use mysqli or PDO instead E:\Program Files\PHPtools\Apach2.4\Apache24\htdocs\zyyj\ThinkPHP\Library\Think\Db\Driver\Mysql.class.php 第 52 行.
SQL: SHOW COLUMNS FROM `zyyj_post` [ RunTime:0.004001s ]
SQL: SHOW COLUMNS FROM `zyyj_menu` [ RunTime:0.003000s ]
SQL: SELECT * FROM `zyyj_post` WHERE ( `post_id` = 2 )  [ RunTime:0.000000s ]
SQL: SELECT * FROM `zyyj_menu` WHERE ( `nid` = 0 ) AND ( `id` = 1 )  [ RunTime:0.001000s ]
SQL: SELECT * FROM `zyyj_menu` WHERE ( `nid` = 0 ) AND ( `id` = 0 )  [ RunTime:0.000000s ]
NOTIC: [2] Invalid argument supplied for foreach() E:\Program Files\PHPtools\Apach2.4\Apache24\htdocs\zyyj\Application\Home\Controller\LoginController.class.php 第 51 行.
SQL: SELECT * FROM `zyyj_menu` WHERE ( `nid` = 0 ) AND ( `id` = 2 )  [ RunTime:0.000000s ]
NOTIC: [2] Invalid argument supplied for foreach() E:\Program Files\PHPtools\Apach2.4\Apache24\htdocs\zyyj\Application\Home\Controller\LoginController.class.php 第 51 行.
SQL: SELECT * FROM `zyyj_menu` WHERE ( `nid` = 0 ) AND ( `id` = 10 )  [ RunTime:0.000000s ]
NOTIC: [2] Invalid argument supplied for foreach() E:\Program Files\PHPtools\Apach2.4\Apache24\htdocs\zyyj\Application\Home\Controller\LoginController.class.php 第 51 行.
SQL: SELECT * FROM `zyyj_menu` WHERE ( `nid` = 0 ) AND ( `id` = 7 )  [ RunTime:0.000000s ]
NOTIC: [2] Invalid argument supplied for foreach() E:\Program Files\PHPtools\Apach2.4\Apache24\htdocs\zyyj\Application\Home\Controller\LoginController.class.php 第 51 行.
SQL: SELECT * FROM `zyyj_menu` WHERE ( `nid` = 0 ) AND ( `id` = 3 )  [ RunTime:0.000000s ]
SQL: SELECT * FROM `zyyj_menu` WHERE ( `nid` = 0 ) AND ( `id` = 11 )  [ RunTime:0.000000s ]
SQL: SELECT * FROM `zyyj_menu` WHERE ( `nid` = 0 ) AND ( `id` = 12 )  [ RunTime:0.000000s ]
NOTIC: [2] Invalid argument supplied for foreach() E:\Program Files\PHPtools\Apach2.4\Apache24\htdocs\zyyj\Application\Home\Controller\LoginController.class.php 第 51 行.
SQL: SELECT * FROM `zyyj_menu` WHERE ( `nid` = 0 ) AND ( `id` = 16 )  [ RunTime:0.001000s ]
NOTIC: [2] Invalid argument supplied for foreach() E:\Program Files\PHPtools\Apach2.4\Apache24\htdocs\zyyj\Application\Home\Controller\LoginController.class.php 第 51 行.
SQL: SELECT * FROM `zyyj_menu` WHERE ( `nid` = 0 ) AND ( `id` = 52 )  [ RunTime:0.000000s ]
SQL: SELECT * FROM `zyyj_menu` WHERE ( `nid` = 0 ) AND ( `id` = 53 )  [ RunTime:0.000000s ]
NOTIC: [2] Invalid argument supplied for foreach() E:\Program Files\PHPtools\Apach2.4\Apache24\htdocs\zyyj\Application\Home\Controller\LoginController.class.php 第 51 行.
SQL: SELECT * FROM `zyyj_menu` WHERE ( `nid` = 0 ) AND ( `id` = 0 )  [ RunTime:0.001000s ]
NOTIC: [2] Invalid argument supplied for foreach() E:\Program Files\PHPtools\Apach2.4\Apache24\htdocs\zyyj\Application\Home\Controller\LoginController.class.php 第 51 行.
INFO: [ app_end ] --START--
INFO: Run Behavior\ShowPageTraceBehavior [ RunTime:0.001000s ]
INFO: [ app_end ] --END-- [ RunTime:0.001000s ]

[ 2017-04-27T22:01:31+08:00 ] ::1 /zyyj/index.php/Home/Login/Login_get_menu
INFO: [ app_begin ] --START--
INFO: Run Behavior\ReadHtmlCacheBehavior [ RunTime:0.001000s ]
INFO: [ app_begin ] --END-- [ RunTime:0.001000s ]
NOTIC: [8192] mysql_connect(): The mysql extension is deprecated and will be removed in the future: use mysqli or PDO instead E:\Program Files\PHPtools\Apach2.4\Apache24\htdocs\zyyj\ThinkPHP\Library\Think\Db\Driver\Mysql.class.php 第 52 行.
SQL: SHOW COLUMNS FROM `zyyj_post` [ RunTime:0.005001s ]
SQL: SHOW COLUMNS FROM `zyyj_menu` [ RunTime:0.004000s ]
SQL: SELECT * FROM `zyyj_post` WHERE ( `post_id` = 2 )  [ RunTime:0.000000s ]
SQL: SELECT * FROM `zyyj_menu` WHERE ( `nid` = 3 ) AND ( `id` = 1 )  [ RunTime:0.001000s ]
NOTIC: [2] Invalid argument supplied for foreach() E:\Program Files\PHPtools\Apach2.4\Apache24\htdocs\zyyj\Application\Home\Controller\LoginController.class.php 第 51 行.
SQL: SELECT * FROM `zyyj_menu` WHERE ( `nid` = 3 ) AND ( `id` = 0 )  [ RunTime:0.000000s ]
NOTIC: [2] Invalid argument supplied for foreach() E:\Program Files\PHPtools\Apach2.4\Apache24\htdocs\zyyj\Application\Home\Controller\LoginController.class.php 第 51 行.
SQL: SELECT * FROM `zyyj_menu` WHERE ( `nid` = 3 ) AND ( `id` = 2 )  [ RunTime:0.000000s ]
NOTIC: [2] Invalid argument supplied for foreach() E:\Program Files\PHPtools\Apach2.4\Apache24\htdocs\zyyj\Application\Home\Controller\LoginController.class.php 第 51 行.
SQL: SELECT * FROM `zyyj_menu` WHERE ( `nid` = 3 ) AND ( `id` = 10 )  [ RunTime:0.000000s ]
NOTIC: [2] Invalid argument supplied for foreach() E:\Program Files\PHPtools\Apach2.4\Apache24\htdocs\zyyj\Application\Home\Controller\LoginController.class.php 第 51 行.
SQL: SELECT * FROM `zyyj_menu` WHERE ( `nid` = 3 ) AND ( `id` = 7 )  [ RunTime:0.000000s ]
SQL: SELECT * FROM `zyyj_menu` WHERE ( `nid` = 3 ) AND ( `id` = 3 )  [ RunTime:0.001000s ]
NOTIC: [2] Invalid argument supplied for foreach() E:\Program Files\PHPtools\Apach2.4\Apache24\htdocs\zyyj\Application\Home\Controller\LoginController.class.php 第 51 行.
SQL: SELECT * FROM `zyyj_menu` WHERE ( `nid` = 3 ) AND ( `id` = 11 )  [ RunTime:0.000000s ]
NOTIC: [2] Invalid argument supplied for foreach() E:\Program Files\PHPtools\Apach2.4\Apache24\htdocs\zyyj\Application\Home\Controller\LoginController.class.php 第 51 行.
SQL: SELECT * FROM `zyyj_menu` WHERE ( `nid` = 3 ) AND ( `id` = 12 )  [ RunTime:0.000000s ]
NOTIC: [2] Invalid argument supplied for foreach() E:\Program Files\PHPtools\Apach2.4\Apache24\htdocs\zyyj\Application\Home\Controller\LoginController.class.php 第 51 行.
SQL: SELECT * FROM `zyyj_menu` WHERE ( `nid` = 3 ) AND ( `id` = 16 )  [ RunTime:0.001000s ]
NOTIC: [2] Invalid argument supplied for foreach() E:\Program Files\PHPtools\Apach2.4\Apache24\htdocs\zyyj\Application\Home\Controller\LoginController.class.php 第 51 行.
SQL: SELECT * FROM `zyyj_menu` WHERE ( `nid` = 3 ) AND ( `id` = 52 )  [ RunTime:0.000000s ]
NOTIC: [2] Invalid argument supplied for foreach() E:\Program Files\PHPtools\Apach2.4\Apache24\htdocs\zyyj\Application\Home\Controller\LoginController.class.php 第 51 行.
SQL: SELECT * FROM `zyyj_menu` WHERE ( `nid` = 3 ) AND ( `id` = 53 )  [ RunTime:0.000000s ]
NOTIC: [2] Invalid argument supplied for foreach() E:\Program Files\PHPtools\Apach2.4\Apache24\htdocs\zyyj\Application\Home\Controller\LoginController.class.php 第 51 行.
SQL: SELECT * FROM `zyyj_menu` WHERE ( `nid` = 3 ) AND ( `id` = 0 )  [ RunTime:0.001000s ]
NOTIC: [2] Invalid argument supplied for foreach() E:\Program Files\PHPtools\Apach2.4\Apache24\htdocs\zyyj\Application\Home\Controller\LoginController.class.php 第 51 行.
INFO: [ app_end ] --START--
INFO: Run Behavior\ShowPageTraceBehavior [ RunTime:0.001000s ]
INFO: [ app_end ] --END-- [ RunTime:0.001000s ]

[ 2017-04-27T22:01:33+08:00 ] ::1 /zyyj/index.php/Home/College/College_list?_=1493301679037
INFO: [ app_begin ] --START--
INFO: Run Behavior\ReadHtmlCacheBehavior [ RunTime:0.002000s ]
INFO: [ app_begin ] --END-- [ RunTime:0.004000s ]
INFO: [ view_parse ] --START--
INFO: [ template_filter ] --START--
INFO: Run Behavior\ContentReplaceBehavior [ RunTime:0.000000s ]
INFO: [ template_filter ] --END-- [ RunTime:0.000000s ]
INFO: Run Behavior\ParseTemplateBehavior [ RunTime:0.008000s ]
INFO: [ view_parse ] --END-- [ RunTime:0.008000s ]
INFO: [ view_filter ] --START--
INFO: Run Behavior\WriteHtmlCacheBehavior [ RunTime:0.000000s ]
INFO: [ view_filter ] --END-- [ RunTime:0.000000s ]
INFO: [ app_end ] --START--
INFO: Run Behavior\ShowPageTraceBehavior [ RunTime:0.001000s ]
INFO: [ app_end ] --END-- [ RunTime:0.001000s ]

[ 2017-04-27T22:01:33+08:00 ] ::1 /zyyj/index.php/Home/College/College_get_colleges
INFO: [ app_begin ] --START--
INFO: Run Behavior\ReadHtmlCacheBehavior [ RunTime:0.002000s ]
INFO: [ app_begin ] --END-- [ RunTime:0.003000s ]
NOTIC: [8192] mysql_connect(): The mysql extension is deprecated and will be removed in the future: use mysqli or PDO instead E:\Program Files\PHPtools\Apach2.4\Apache24\htdocs\zyyj\ThinkPHP\Library\Think\Db\Driver\Mysql.class.php 第 52 行.
SQL: SHOW COLUMNS FROM `zyyj_college` [ RunTime:0.006000s ]
SQL: SELECT COUNT(*) AS tp_count FROM `zyyj_college` LIMIT 1   [ RunTime:0.026001s ]
SQL: SELECT `zyyj_college`.`college_id`,
				`zyyj_college`.`name`,
				`zyyj_college`.`comment`
				FROM `zyyj`.`zyyj_college`
				ORDER BY college_id DESC
			LIMIT 0,20 [ RunTime:0.008000s ]
INFO: [ app_end ] --START--
INFO: Run Behavior\ShowPageTraceBehavior [ RunTime:0.001001s ]
INFO: [ app_end ] --END-- [ RunTime:0.001001s ]

[ 2017-04-27T22:01:38+08:00 ] ::1 /zyyj/index.php/Home/Login/Login_get_menu
INFO: [ app_begin ] --START--
INFO: Run Behavior\ReadHtmlCacheBehavior [ RunTime:0.001000s ]
INFO: [ app_begin ] --END-- [ RunTime:0.002000s ]
NOTIC: [8192] mysql_connect(): The mysql extension is deprecated and will be removed in the future: use mysqli or PDO instead E:\Program Files\PHPtools\Apach2.4\Apache24\htdocs\zyyj\ThinkPHP\Library\Think\Db\Driver\Mysql.class.php 第 52 行.
SQL: SHOW COLUMNS FROM `zyyj_post` [ RunTime:0.006000s ]
SQL: SHOW COLUMNS FROM `zyyj_menu` [ RunTime:0.004000s ]
SQL: SELECT * FROM `zyyj_post` WHERE ( `post_id` = 2 )  [ RunTime:0.000000s ]
SQL: SELECT * FROM `zyyj_menu` WHERE ( `nid` = 11 ) AND ( `id` = 1 )  [ RunTime:0.001000s ]
NOTIC: [2] Invalid argument supplied for foreach() E:\Program Files\PHPtools\Apach2.4\Apache24\htdocs\zyyj\Application\Home\Controller\LoginController.class.php 第 51 行.
SQL: SELECT * FROM `zyyj_menu` WHERE ( `nid` = 11 ) AND ( `id` = 0 )  [ RunTime:0.000000s ]
NOTIC: [2] Invalid argument supplied for foreach() E:\Program Files\PHPtools\Apach2.4\Apache24\htdocs\zyyj\Application\Home\Controller\LoginController.class.php 第 51 行.
SQL: SELECT * FROM `zyyj_menu` WHERE ( `nid` = 11 ) AND ( `id` = 2 )  [ RunTime:0.000000s ]
NOTIC: [2] Invalid argument supplied for foreach() E:\Program Files\PHPtools\Apach2.4\Apache24\htdocs\zyyj\Application\Home\Controller\LoginController.class.php 第 51 行.
SQL: SELECT * FROM `zyyj_menu` WHERE ( `nid` = 11 ) AND ( `id` = 10 )  [ RunTime:0.000000s ]
NOTIC: [2] Invalid argument supplied for foreach() E:\Program Files\PHPtools\Apach2.4\Apache24\htdocs\zyyj\Application\Home\Controller\LoginController.class.php 第 51 行.
SQL: SELECT * FROM `zyyj_menu` WHERE ( `nid` = 11 ) AND ( `id` = 7 )  [ RunTime:0.001000s ]
NOTIC: [2] Invalid argument supplied for foreach() E:\Program Files\PHPtools\Apach2.4\Apache24\htdocs\zyyj\Application\Home\Controller\LoginController.class.php 第 51 行.
SQL: SELECT * FROM `zyyj_menu` WHERE ( `nid` = 11 ) AND ( `id` = 3 )  [ RunTime:0.000000s ]
NOTIC: [2] Invalid argument supplied for foreach() E:\Program Files\PHPtools\Apach2.4\Apache24\htdocs\zyyj\Application\Home\Controller\LoginController.class.php 第 51 行.
SQL: SELECT * FROM `zyyj_menu` WHERE ( `nid` = 11 ) AND ( `id` = 11 )  [ RunTime:0.000000s ]
NOTIC: [2] Invalid argument supplied for foreach() E:\Program Files\PHPtools\Apach2.4\Apache24\htdocs\zyyj\Application\Home\Controller\LoginController.class.php 第 51 行.
SQL: SELECT * FROM `zyyj_menu` WHERE ( `nid` = 11 ) AND ( `id` = 12 )  [ RunTime:0.001000s ]
SQL: SELECT * FROM `zyyj_menu` WHERE ( `nid` = 11 ) AND ( `id` = 16 )  [ RunTime:0.000000s ]
SQL: SELECT * FROM `zyyj_menu` WHERE ( `nid` = 11 ) AND ( `id` = 52 )  [ RunTime:0.001001s ]
NOTIC: [2] Invalid argument supplied for foreach() E:\Program Files\PHPtools\Apach2.4\Apache24\htdocs\zyyj\Application\Home\Controller\LoginController.class.php 第 51 行.
SQL: SELECT * FROM `zyyj_menu` WHERE ( `nid` = 11 ) AND ( `id` = 53 )  [ RunTime:0.000000s ]
NOTIC: [2] Invalid argument supplied for foreach() E:\Program Files\PHPtools\Apach2.4\Apache24\htdocs\zyyj\Application\Home\Controller\LoginController.class.php 第 51 行.
SQL: SELECT * FROM `zyyj_menu` WHERE ( `nid` = 11 ) AND ( `id` = 0 )  [ RunTime:0.001000s ]
NOTIC: [2] Invalid argument supplied for foreach() E:\Program Files\PHPtools\Apach2.4\Apache24\htdocs\zyyj\Application\Home\Controller\LoginController.class.php 第 51 行.
INFO: [ app_end ] --START--
INFO: Run Behavior\ShowPageTraceBehavior [ RunTime:0.001000s ]
INFO: [ app_end ] --END-- [ RunTime:0.001000s ]

[ 2017-04-27T22:01:39+08:00 ] ::1 /zyyj/index.php/Home/SysUserManage/SysUserManage_User_Manage?_=1493301679038
INFO: [ app_begin ] --START--
INFO: Run Behavior\ReadHtmlCacheBehavior [ RunTime:0.001000s ]
INFO: [ app_begin ] --END-- [ RunTime:0.002000s ]
INFO: [ view_parse ] --START--
INFO: [ template_filter ] --START--
INFO: Run Behavior\ContentReplaceBehavior [ RunTime:0.001000s ]
INFO: [ template_filter ] --END-- [ RunTime:0.001000s ]
INFO: Run Behavior\ParseTemplateBehavior [ RunTime:0.010000s ]
INFO: [ view_parse ] --END-- [ RunTime:0.010000s ]
INFO: [ view_filter ] --START--
INFO: Run Behavior\WriteHtmlCacheBehavior [ RunTime:0.000000s ]
INFO: [ view_filter ] --END-- [ RunTime:0.000000s ]
INFO: [ app_end ] --START--
INFO: Run Behavior\ShowPageTraceBehavior [ RunTime:0.001000s ]
INFO: [ app_end ] --END-- [ RunTime:0.001000s ]

[ 2017-04-27T22:01:39+08:00 ] ::1 /zyyj/index.php/Home/Tao/Tao_GetCollege
INFO: [ app_begin ] --START--
INFO: Run Behavior\ReadHtmlCacheBehavior [ RunTime:0.001000s ]
INFO: [ app_begin ] --END-- [ RunTime:0.002000s ]
NOTIC: [8192] mysql_connect(): The mysql extension is deprecated and will be removed in the future: use mysqli or PDO instead E:\Program Files\PHPtools\Apach2.4\Apache24\htdocs\zyyj\ThinkPHP\Library\Think\Db\Driver\Mysql.class.php 第 52 行.
SQL: SHOW COLUMNS FROM `zyyj_college` [ RunTime:0.005001s ]
SQL: SELECT `name`,`college_id` FROM `zyyj_college` ORDER BY convert(name using gb2312) ASC  [ RunTime:0.102006s ]
INFO: [ app_end ] --START--
INFO: Run Behavior\ShowPageTraceBehavior [ RunTime:0.001000s ]
INFO: [ app_end ] --END-- [ RunTime:0.001000s ]

[ 2017-04-27T22:01:39+08:00 ] ::1 /zyyj/index.php/Home/SysUserManage/SysUserManage_Dpt_GetDlist.html
INFO: [ app_begin ] --START--
INFO: Run Behavior\ReadHtmlCacheBehavior [ RunTime:0.001000s ]
INFO: [ app_begin ] --END-- [ RunTime:0.001000s ]
NOTIC: [8192] mysql_connect(): The mysql extension is deprecated and will be removed in the future: use mysqli or PDO instead E:\Program Files\PHPtools\Apach2.4\Apache24\htdocs\zyyj\ThinkPHP\Library\Think\Db\Driver\Mysql.class.php 第 52 行.
SQL: SHOW COLUMNS FROM `zyyj_department` [ RunTime:0.008000s ]
NOTIC: [8] Undefined variable: map E:\Program Files\PHPtools\Apach2.4\Apache24\htdocs\zyyj\Application\Home\Controller\SysUserManageController.class.php 第 221 行.
SQL: SELECT `name`,`department_id` FROM `zyyj_department`  [ RunTime:0.000000s ]
INFO: [ app_end ] --START--
INFO: Run Behavior\ShowPageTraceBehavior [ RunTime:0.001000s ]
INFO: [ app_end ] --END-- [ RunTime:0.001000s ]

[ 2017-04-27T22:01:39+08:00 ] ::1 /zyyj/index.php/Home/SysUserManage/SysManage_GetUserInfo.html
INFO: [ app_begin ] --START--
INFO: Run Behavior\ReadHtmlCacheBehavior [ RunTime:0.001000s ]
INFO: [ app_begin ] --END-- [ RunTime:0.001000s ]
NOTIC: [8192] mysql_connect(): The mysql extension is deprecated and will be removed in the future: use mysqli or PDO instead E:\Program Files\PHPtools\Apach2.4\Apache24\htdocs\zyyj\ThinkPHP\Library\Think\Db\Driver\Mysql.class.php 第 52 行.
SQL: SHOW COLUMNS FROM `zyyj_user` [ RunTime:0.004001s ]
SQL: SELECT zyyj_department.name as dptname,zyyj_department.*,zyyj_user.* FROM `zyyj_user` LEFT JOIN zyyj_department ON zyyj_department.department_id=zyyj_user.department_id  WHERE ( zyyj_user.user_id <> '4' ) AND ( zyyj_user.post_id <> 1 ) LIMIT 0,10   [ RunTime:0.049003s ]
INFO: [ app_end ] --START--
INFO: Run Behavior\ShowPageTraceBehavior [ RunTime:0.001000s ]
INFO: [ app_end ] --END-- [ RunTime:0.001000s ]

[ 2017-04-27T22:01:49+08:00 ] ::1 /zyyj/index.php/Home/SysUserManage/SysUserManage_Dpt_GetDlist.html?college_id=2
INFO: [ app_begin ] --START--
INFO: Run Behavior\ReadHtmlCacheBehavior [ RunTime:0.000000s ]
INFO: [ app_begin ] --END-- [ RunTime:0.001000s ]
NOTIC: [8192] mysql_connect(): The mysql extension is deprecated and will be removed in the future: use mysqli or PDO instead E:\Program Files\PHPtools\Apach2.4\Apache24\htdocs\zyyj\ThinkPHP\Library\Think\Db\Driver\Mysql.class.php 第 52 行.
SQL: SHOW COLUMNS FROM `zyyj_department` [ RunTime:0.005000s ]
SQL: SELECT `name`,`department_id` FROM `zyyj_department` WHERE ( `college_id` = 2 )  [ RunTime:0.025001s ]
INFO: [ app_end ] --START--
INFO: Run Behavior\ShowPageTraceBehavior [ RunTime:0.001000s ]
INFO: [ app_end ] --END-- [ RunTime:0.001000s ]

[ 2017-04-27T22:01:50+08:00 ] ::1 /zyyj/index.php/Home/SysUserManage/SysManage_GetUserInfo.html
INFO: [ app_begin ] --START--
INFO: Run Behavior\ReadHtmlCacheBehavior [ RunTime:0.001000s ]
INFO: [ app_begin ] --END-- [ RunTime:0.002000s ]
NOTIC: [8192] mysql_connect(): The mysql extension is deprecated and will be removed in the future: use mysqli or PDO instead E:\Program Files\PHPtools\Apach2.4\Apache24\htdocs\zyyj\ThinkPHP\Library\Think\Db\Driver\Mysql.class.php 第 52 行.
SQL: SHOW COLUMNS FROM `zyyj_user` [ RunTime:0.006000s ]
SQL: SELECT zyyj_department.name as dptname,zyyj_department.*,zyyj_user.* FROM `zyyj_user` LEFT JOIN zyyj_department ON zyyj_department.department_id=zyyj_user.department_id  WHERE ( zyyj_user.user_id <> '4' ) AND ( zyyj_department.college_id = '2' ) AND ( zyyj_user.post_id <> 1 ) LIMIT 0,10   [ RunTime:0.001000s ]
INFO: [ app_end ] --START--
INFO: Run Behavior\ShowPageTraceBehavior [ RunTime:0.000000s ]
INFO: [ app_end ] --END-- [ RunTime:0.000000s ]

[ 2017-04-27T22:01:52+08:00 ] ::1 /zyyj/index.php/Home/SysUserManage/SysManage_GetUserInfo.html
INFO: [ app_begin ] --START--
INFO: Run Behavior\ReadHtmlCacheBehavior [ RunTime:0.001000s ]
INFO: [ app_begin ] --END-- [ RunTime:0.001000s ]
NOTIC: [8192] mysql_connect(): The mysql extension is deprecated and will be removed in the future: use mysqli or PDO instead E:\Program Files\PHPtools\Apach2.4\Apache24\htdocs\zyyj\ThinkPHP\Library\Think\Db\Driver\Mysql.class.php 第 52 行.
SQL: SHOW COLUMNS FROM `zyyj_user` [ RunTime:0.004000s ]
SQL: SELECT zyyj_department.name as dptname,zyyj_department.*,zyyj_user.* FROM `zyyj_user` LEFT JOIN zyyj_department ON zyyj_department.department_id=zyyj_user.department_id  WHERE ( zyyj_user.user_id <> '4' ) AND ( zyyj_department.college_id = '2' ) AND ( zyyj_user.post_id <> 1 ) LIMIT 0,10   [ RunTime:0.001000s ]
INFO: [ app_end ] --START--
INFO: Run Behavior\ShowPageTraceBehavior [ RunTime:0.001000s ]
INFO: [ app_end ] --END-- [ RunTime:0.001000s ]

[ 2017-04-27T22:02:00+08:00 ] ::1 /zyyj/index.php/Home/SysUserManage/SysUserManage_Dpt_GetDlist.html?college_id=3
INFO: [ app_begin ] --START--
INFO: Run Behavior\ReadHtmlCacheBehavior [ RunTime:0.001000s ]
INFO: [ app_begin ] --END-- [ RunTime:0.001000s ]
NOTIC: [8192] mysql_connect(): The mysql extension is deprecated and will be removed in the future: use mysqli or PDO instead E:\Program Files\PHPtools\Apach2.4\Apache24\htdocs\zyyj\ThinkPHP\Library\Think\Db\Driver\Mysql.class.php 第 52 行.
SQL: SHOW COLUMNS FROM `zyyj_department` [ RunTime:0.004001s ]
SQL: SELECT `name`,`department_id` FROM `zyyj_department` WHERE ( `college_id` = 3 )  [ RunTime:0.001000s ]
INFO: [ app_end ] --START--
INFO: Run Behavior\ShowPageTraceBehavior [ RunTime:0.000000s ]
INFO: [ app_end ] --END-- [ RunTime:0.000000s ]

[ 2017-04-27T22:02:02+08:00 ] ::1 /zyyj/index.php/Home/SysUserManage/SysManage_GetUserInfo.html
INFO: [ app_begin ] --START--
INFO: Run Behavior\ReadHtmlCacheBehavior [ RunTime:0.001000s ]
INFO: [ app_begin ] --END-- [ RunTime:0.001000s ]
NOTIC: [8192] mysql_connect(): The mysql extension is deprecated and will be removed in the future: use mysqli or PDO instead E:\Program Files\PHPtools\Apach2.4\Apache24\htdocs\zyyj\ThinkPHP\Library\Think\Db\Driver\Mysql.class.php 第 52 行.
SQL: SHOW COLUMNS FROM `zyyj_user` [ RunTime:0.004000s ]
SQL: SELECT zyyj_department.name as dptname,zyyj_department.*,zyyj_user.* FROM `zyyj_user` LEFT JOIN zyyj_department ON zyyj_department.department_id=zyyj_user.department_id  WHERE ( zyyj_user.user_id <> '4' ) AND ( zyyj_department.college_id = '3' ) AND ( zyyj_user.post_id <> 1 ) LIMIT 0,10   [ RunTime:0.000000s ]
INFO: [ app_end ] --START--
INFO: Run Behavior\ShowPageTraceBehavior [ RunTime:0.001000s ]
INFO: [ app_end ] --END-- [ RunTime:0.001000s ]

[ 2017-04-27T22:02:04+08:00 ] ::1 /zyyj/index.php/Home/SysUserManage/SysUserManage_Dpt_GetDlist.html?college_id=2
INFO: [ app_begin ] --START--
INFO: Run Behavior\ReadHtmlCacheBehavior [ RunTime:0.000000s ]
INFO: [ app_begin ] --END-- [ RunTime:0.001000s ]
NOTIC: [8192] mysql_connect(): The mysql extension is deprecated and will be removed in the future: use mysqli or PDO instead E:\Program Files\PHPtools\Apach2.4\Apache24\htdocs\zyyj\ThinkPHP\Library\Think\Db\Driver\Mysql.class.php 第 52 行.
SQL: SHOW COLUMNS FROM `zyyj_department` [ RunTime:0.003000s ]
SQL: SELECT `name`,`department_id` FROM `zyyj_department` WHERE ( `college_id` = 2 )  [ RunTime:0.000000s ]
INFO: [ app_end ] --START--
INFO: Run Behavior\ShowPageTraceBehavior [ RunTime:0.001000s ]
INFO: [ app_end ] --END-- [ RunTime:0.001000s ]

[ 2017-04-27T22:02:06+08:00 ] ::1 /zyyj/index.php/Home/SysUserManage/SysManage_GetUserInfo.html
INFO: [ app_begin ] --START--
INFO: Run Behavior\ReadHtmlCacheBehavior [ RunTime:0.001001s ]
INFO: [ app_begin ] --END-- [ RunTime:0.001001s ]
NOTIC: [8192] mysql_connect(): The mysql extension is deprecated and will be removed in the future: use mysqli or PDO instead E:\Program Files\PHPtools\Apach2.4\Apache24\htdocs\zyyj\ThinkPHP\Library\Think\Db\Driver\Mysql.class.php 第 52 行.
SQL: SHOW COLUMNS FROM `zyyj_user` [ RunTime:0.006001s ]
SQL: SELECT zyyj_department.name as dptname,zyyj_department.*,zyyj_user.* FROM `zyyj_user` LEFT JOIN zyyj_department ON zyyj_department.department_id=zyyj_user.department_id  WHERE ( zyyj_user.user_id <> '4' ) AND ( zyyj_department.college_id = '2' ) AND ( zyyj_user.post_id <> 1 ) LIMIT 0,10   [ RunTime:0.000000s ]
INFO: [ app_end ] --START--
INFO: Run Behavior\ShowPageTraceBehavior [ RunTime:0.001000s ]
INFO: [ app_end ] --END-- [ RunTime:0.001000s ]

[ 2017-04-27T22:02:25+08:00 ] ::1 /zyyj/index.php/Home/SysUserManage/SysUserManage_Dpt_Manage?_=1493301679039
INFO: [ app_begin ] --START--
INFO: Run Behavior\ReadHtmlCacheBehavior [ RunTime:0.001000s ]
INFO: [ app_begin ] --END-- [ RunTime:0.001000s ]
INFO: [ view_parse ] --START--
INFO: [ template_filter ] --START--
INFO: Run Behavior\ContentReplaceBehavior [ RunTime:0.000000s ]
INFO: [ template_filter ] --END-- [ RunTime:0.000000s ]
INFO: Run Behavior\ParseTemplateBehavior [ RunTime:0.018001s ]
INFO: [ view_parse ] --END-- [ RunTime:0.018001s ]
INFO: [ view_filter ] --START--
INFO: Run Behavior\WriteHtmlCacheBehavior [ RunTime:0.000000s ]
INFO: [ view_filter ] --END-- [ RunTime:0.000000s ]
INFO: [ app_end ] --START--
INFO: Run Behavior\ShowPageTraceBehavior [ RunTime:0.002000s ]
INFO: [ app_end ] --END-- [ RunTime:0.002000s ]

[ 2017-04-27T22:02:25+08:00 ] ::1 /zyyj/index.php/Home/Tao/Tao_GetCollege
INFO: [ app_begin ] --START--
INFO: Run Behavior\ReadHtmlCacheBehavior [ RunTime:0.001000s ]
INFO: [ app_begin ] --END-- [ RunTime:0.001000s ]
NOTIC: [8192] mysql_connect(): The mysql extension is deprecated and will be removed in the future: use mysqli or PDO instead E:\Program Files\PHPtools\Apach2.4\Apache24\htdocs\zyyj\ThinkPHP\Library\Think\Db\Driver\Mysql.class.php 第 52 行.
SQL: SHOW COLUMNS FROM `zyyj_college` [ RunTime:0.006000s ]
SQL: SELECT `name`,`college_id` FROM `zyyj_college` ORDER BY convert(name using gb2312) ASC  [ RunTime:0.000000s ]
INFO: [ app_end ] --START--
INFO: Run Behavior\ShowPageTraceBehavior [ RunTime:0.002000s ]
INFO: [ app_end ] --END-- [ RunTime:0.002000s ]

[ 2017-04-27T22:02:25+08:00 ] ::1 /zyyj/index.php/Home/SysUserManage/SysUserManage_Dpt_GetInfo.html
INFO: [ app_begin ] --START--
INFO: Run Behavior\ReadHtmlCacheBehavior [ RunTime:0.001000s ]
INFO: [ app_begin ] --END-- [ RunTime:0.002000s ]
NOTIC: [8192] mysql_connect(): The mysql extension is deprecated and will be removed in the future: use mysqli or PDO instead E:\Program Files\PHPtools\Apach2.4\Apache24\htdocs\zyyj\ThinkPHP\Library\Think\Db\Driver\Mysql.class.php 第 52 行.
SQL: SHOW COLUMNS FROM `zyyj_department` [ RunTime:0.004001s ]
NOTIC: [8] Undefined variable: data E:\Program Files\PHPtools\Apach2.4\Apache24\htdocs\zyyj\Application\Home\Controller\SysUserManageController.class.php 第 254 行.
SQL: SELECT * FROM `zyyj_department` LIMIT 0,10   [ RunTime:0.001000s ]
SQL: SHOW COLUMNS FROM `zyyj_college` [ RunTime:0.004000s ]
SQL: SELECT `name` FROM `zyyj_college` WHERE ( 1=1 AND college_id='2' ) LIMIT 1   [ RunTime:0.001000s ]
SQL: SHOW COLUMNS FROM `zyyj_department` [ RunTime:0.004000s ]
SQL: SELECT `name` FROM `zyyj_department` WHERE ( 1=1 AND department_id='1' ) LIMIT 1   [ RunTime:0.000000s ]
SQL: SELECT `name` FROM `zyyj_college` WHERE ( 1=1 AND college_id='2' ) LIMIT 1   [ RunTime:0.000000s ]
SQL: SELECT `name` FROM `zyyj_department` WHERE ( 1=1 AND department_id='1' ) LIMIT 1   [ RunTime:0.000000s ]
INFO: [ app_end ] --START--
INFO: Run Behavior\ShowPageTraceBehavior [ RunTime:0.001000s ]
INFO: [ app_end ] --END-- [ RunTime:0.001000s ]

[ 2017-04-27T22:02:25+08:00 ] ::1 /zyyj/index.php/Home/Tao/Tao_GetCollege
INFO: [ app_begin ] --START--
INFO: Run Behavior\ReadHtmlCacheBehavior [ RunTime:0.001001s ]
INFO: [ app_begin ] --END-- [ RunTime:0.002001s ]
NOTIC: [8192] mysql_connect(): The mysql extension is deprecated and will be removed in the future: use mysqli or PDO instead E:\Program Files\PHPtools\Apach2.4\Apache24\htdocs\zyyj\ThinkPHP\Library\Think\Db\Driver\Mysql.class.php 第 52 行.
SQL: SHOW COLUMNS FROM `zyyj_college` [ RunTime:0.007001s ]
SQL: SELECT `name`,`college_id` FROM `zyyj_college` ORDER BY convert(name using gb2312) ASC  [ RunTime:0.001000s ]
INFO: [ app_end ] --START--
INFO: Run Behavior\ShowPageTraceBehavior [ RunTime:0.001000s ]
INFO: [ app_end ] --END-- [ RunTime:0.001000s ]

[ 2017-04-27T22:02:31+08:00 ] ::1 /zyyj/index.php/Home/Login/Login_get_menu
INFO: [ app_begin ] --START--
INFO: Run Behavior\ReadHtmlCacheBehavior [ RunTime:0.001000s ]
INFO: [ app_begin ] --END-- [ RunTime:0.001000s ]
NOTIC: [8192] mysql_connect(): The mysql extension is deprecated and will be removed in the future: use mysqli or PDO instead E:\Program Files\PHPtools\Apach2.4\Apache24\htdocs\zyyj\ThinkPHP\Library\Think\Db\Driver\Mysql.class.php 第 52 行.
SQL: SHOW COLUMNS FROM `zyyj_post` [ RunTime:0.004000s ]
SQL: SHOW COLUMNS FROM `zyyj_menu` [ RunTime:0.005000s ]
SQL: SELECT * FROM `zyyj_post` WHERE ( `post_id` = 2 )  [ RunTime:0.000000s ]
SQL: SELECT * FROM `zyyj_menu` WHERE ( `nid` = 52 ) AND ( `id` = 1 )  [ RunTime:0.001000s ]
NOTIC: [2] Invalid argument supplied for foreach() E:\Program Files\PHPtools\Apach2.4\Apache24\htdocs\zyyj\Application\Home\Controller\LoginController.class.php 第 51 行.
SQL: SELECT * FROM `zyyj_menu` WHERE ( `nid` = 52 ) AND ( `id` = 0 )  [ RunTime:0.000000s ]
NOTIC: [2] Invalid argument supplied for foreach() E:\Program Files\PHPtools\Apach2.4\Apache24\htdocs\zyyj\Application\Home\Controller\LoginController.class.php 第 51 行.
SQL: SELECT * FROM `zyyj_menu` WHERE ( `nid` = 52 ) AND ( `id` = 2 )  [ RunTime:0.000000s ]
NOTIC: [2] Invalid argument supplied for foreach() E:\Program Files\PHPtools\Apach2.4\Apache24\htdocs\zyyj\Application\Home\Controller\LoginController.class.php 第 51 行.
SQL: SELECT * FROM `zyyj_menu` WHERE ( `nid` = 52 ) AND ( `id` = 10 )  [ RunTime:0.001000s ]
NOTIC: [2] Invalid argument supplied for foreach() E:\Program Files\PHPtools\Apach2.4\Apache24\htdocs\zyyj\Application\Home\Controller\LoginController.class.php 第 51 行.
SQL: SELECT * FROM `zyyj_menu` WHERE ( `nid` = 52 ) AND ( `id` = 7 )  [ RunTime:0.000000s ]
NOTIC: [2] Invalid argument supplied for foreach() E:\Program Files\PHPtools\Apach2.4\Apache24\htdocs\zyyj\Application\Home\Controller\LoginController.class.php 第 51 行.
SQL: SELECT * FROM `zyyj_menu` WHERE ( `nid` = 52 ) AND ( `id` = 3 )  [ RunTime:0.001000s ]
NOTIC: [2] Invalid argument supplied for foreach() E:\Program Files\PHPtools\Apach2.4\Apache24\htdocs\zyyj\Application\Home\Controller\LoginController.class.php 第 51 行.
SQL: SELECT * FROM `zyyj_menu` WHERE ( `nid` = 52 ) AND ( `id` = 11 )  [ RunTime:0.000000s ]
NOTIC: [2] Invalid argument supplied for foreach() E:\Program Files\PHPtools\Apach2.4\Apache24\htdocs\zyyj\Application\Home\Controller\LoginController.class.php 第 51 行.
SQL: SELECT * FROM `zyyj_menu` WHERE ( `nid` = 52 ) AND ( `id` = 12 )  [ RunTime:0.000000s ]
NOTIC: [2] Invalid argument supplied for foreach() E:\Program Files\PHPtools\Apach2.4\Apache24\htdocs\zyyj\Application\Home\Controller\LoginController.class.php 第 51 行.
SQL: SELECT * FROM `zyyj_menu` WHERE ( `nid` = 52 ) AND ( `id` = 16 )  [ RunTime:0.001001s ]
NOTIC: [2] Invalid argument supplied for foreach() E:\Program Files\PHPtools\Apach2.4\Apache24\htdocs\zyyj\Application\Home\Controller\LoginController.class.php 第 51 行.
SQL: SELECT * FROM `zyyj_menu` WHERE ( `nid` = 52 ) AND ( `id` = 52 )  [ RunTime:0.000000s ]
NOTIC: [2] Invalid argument supplied for foreach() E:\Program Files\PHPtools\Apach2.4\Apache24\htdocs\zyyj\Application\Home\Controller\LoginController.class.php 第 51 行.
SQL: SELECT * FROM `zyyj_menu` WHERE ( `nid` = 52 ) AND ( `id` = 53 )  [ RunTime:0.001000s ]
SQL: SELECT * FROM `zyyj_menu` WHERE ( `nid` = 52 ) AND ( `id` = 0 )  [ RunTime:0.000000s ]
NOTIC: [2] Invalid argument supplied for foreach() E:\Program Files\PHPtools\Apach2.4\Apache24\htdocs\zyyj\Application\Home\Controller\LoginController.class.php 第 51 行.
INFO: [ app_end ] --START--
INFO: Run Behavior\ShowPageTraceBehavior [ RunTime:0.001000s ]
INFO: [ app_end ] --END-- [ RunTime:0.002000s ]

[ 2017-04-27T22:02:32+08:00 ] ::1 /zyyj/index.php/Home/SystemManage/SystemManage_SystemParameter_list?_=1493301679040
INFO: [ app_begin ] --START--
INFO: Run Behavior\ReadHtmlCacheBehavior [ RunTime:0.002000s ]
INFO: [ app_begin ] --END-- [ RunTime:0.003001s ]
INFO: [ view_parse ] --START--
INFO: [ template_filter ] --START--
INFO: Run Behavior\ContentReplaceBehavior [ RunTime:0.000000s ]
INFO: [ template_filter ] --END-- [ RunTime:0.000000s ]
INFO: Run Behavior\ParseTemplateBehavior [ RunTime:0.006000s ]
INFO: [ view_parse ] --END-- [ RunTime:0.006000s ]
INFO: [ view_filter ] --START--
INFO: Run Behavior\WriteHtmlCacheBehavior [ RunTime:0.001000s ]
INFO: [ view_filter ] --END-- [ RunTime:0.001000s ]
INFO: [ app_end ] --START--
INFO: Run Behavior\ShowPageTraceBehavior [ RunTime:0.000000s ]
INFO: [ app_end ] --END-- [ RunTime:0.000000s ]

[ 2017-04-27T22:02:33+08:00 ] ::1 /zyyj/index.php/Home/SystemManage/SystemManage_SystemParameter_list_show.html?page=1&rows=10
INFO: [ app_begin ] --START--
INFO: Run Behavior\ReadHtmlCacheBehavior [ RunTime:0.000000s ]
INFO: [ app_begin ] --END-- [ RunTime:0.002000s ]
NOTIC: [8192] mysql_connect(): The mysql extension is deprecated and will be removed in the future: use mysqli or PDO instead E:\Program Files\PHPtools\Apach2.4\Apache24\htdocs\zyyj\ThinkPHP\Library\Think\Db\Driver\Mysql.class.php 第 52 行.
SQL: SHOW COLUMNS FROM `zyyj_system` [ RunTime:0.006000s ]
SQL: SELECT COUNT(*) AS tp_count FROM `zyyj_system` LIMIT 1   [ RunTime:0.000000s ]
SQL: SELECT * FROM `zyyj_system` LIMIT 0,10   [ RunTime:0.000000s ]
INFO: [ app_end ] --START--
INFO: Run Behavior\ShowPageTraceBehavior [ RunTime:0.002000s ]
INFO: [ app_end ] --END-- [ RunTime:0.002000s ]

[ 2017-04-27T22:03:11+08:00 ] ::1 /zyyj/index.php/Home/Login/Login_get_menu
INFO: [ app_begin ] --START--
INFO: Run Behavior\ReadHtmlCacheBehavior [ RunTime:0.000000s ]
INFO: [ app_begin ] --END-- [ RunTime:0.001000s ]
NOTIC: [8192] mysql_connect(): The mysql extension is deprecated and will be removed in the future: use mysqli or PDO instead E:\Program Files\PHPtools\Apach2.4\Apache24\htdocs\zyyj\ThinkPHP\Library\Think\Db\Driver\Mysql.class.php 第 52 行.
SQL: SHOW COLUMNS FROM `zyyj_post` [ RunTime:0.004000s ]
SQL: SHOW COLUMNS FROM `zyyj_menu` [ RunTime:0.004000s ]
SQL: SELECT * FROM `zyyj_post` WHERE ( `post_id` = 2 )  [ RunTime:0.001001s ]
SQL: SELECT * FROM `zyyj_menu` WHERE ( `nid` = 1 ) AND ( `id` = 1 )  [ RunTime:0.000000s ]
NOTIC: [2] Invalid argument supplied for foreach() E:\Program Files\PHPtools\Apach2.4\Apache24\htdocs\zyyj\Application\Home\Controller\LoginController.class.php 第 51 行.
SQL: SELECT * FROM `zyyj_menu` WHERE ( `nid` = 1 ) AND ( `id` = 0 )  [ RunTime:0.000000s ]
NOTIC: [2] Invalid argument supplied for foreach() E:\Program Files\PHPtools\Apach2.4\Apache24\htdocs\zyyj\Application\Home\Controller\LoginController.class.php 第 51 行.
SQL: SELECT * FROM `zyyj_menu` WHERE ( `nid` = 1 ) AND ( `id` = 2 )  [ RunTime:0.001000s ]
SQL: SELECT * FROM `zyyj_menu` WHERE ( `nid` = 1 ) AND ( `id` = 10 )  [ RunTime:0.000000s ]
SQL: SELECT * FROM `zyyj_menu` WHERE ( `nid` = 1 ) AND ( `id` = 7 )  [ RunTime:0.001000s ]
NOTIC: [2] Invalid argument supplied for foreach() E:\Program Files\PHPtools\Apach2.4\Apache24\htdocs\zyyj\Application\Home\Controller\LoginController.class.php 第 51 行.
SQL: SELECT * FROM `zyyj_menu` WHERE ( `nid` = 1 ) AND ( `id` = 3 )  [ RunTime:0.000000s ]
NOTIC: [2] Invalid argument supplied for foreach() E:\Program Files\PHPtools\Apach2.4\Apache24\htdocs\zyyj\Application\Home\Controller\LoginController.class.php 第 51 行.
SQL: SELECT * FROM `zyyj_menu` WHERE ( `nid` = 1 ) AND ( `id` = 11 )  [ RunTime:0.000000s ]
NOTIC: [2] Invalid argument supplied for foreach() E:\Program Files\PHPtools\Apach2.4\Apache24\htdocs\zyyj\Application\Home\Controller\LoginController.class.php 第 51 行.
SQL: SELECT * FROM `zyyj_menu` WHERE ( `nid` = 1 ) AND ( `id` = 12 )  [ RunTime:0.000000s ]
NOTIC: [2] Invalid argument supplied for foreach() E:\Program Files\PHPtools\Apach2.4\Apache24\htdocs\zyyj\Application\Home\Controller\LoginController.class.php 第 51 行.
SQL: SELECT * FROM `zyyj_menu` WHERE ( `nid` = 1 ) AND ( `id` = 16 )  [ RunTime:0.000000s ]
NOTIC: [2] Invalid argument supplied for foreach() E:\Program Files\PHPtools\Apach2.4\Apache24\htdocs\zyyj\Application\Home\Controller\LoginController.class.php 第 51 行.
SQL: SELECT * FROM `zyyj_menu` WHERE ( `nid` = 1 ) AND ( `id` = 52 )  [ RunTime:0.000000s ]
NOTIC: [2] Invalid argument supplied for foreach() E:\Program Files\PHPtools\Apach2.4\Apache24\htdocs\zyyj\Application\Home\Controller\LoginController.class.php 第 51 行.
SQL: SELECT * FROM `zyyj_menu` WHERE ( `nid` = 1 ) AND ( `id` = 53 )  [ RunTime:0.000000s ]
NOTIC: [2] Invalid argument supplied for foreach() E:\Program Files\PHPtools\Apach2.4\Apache24\htdocs\zyyj\Application\Home\Controller\LoginController.class.php 第 51 行.
SQL: SELECT * FROM `zyyj_menu` WHERE ( `nid` = 1 ) AND ( `id` = 0 )  [ RunTime:0.000000s ]
NOTIC: [2] Invalid argument supplied for foreach() E:\Program Files\PHPtools\Apach2.4\Apache24\htdocs\zyyj\Application\Home\Controller\LoginController.class.php 第 51 行.
INFO: [ app_end ] --START--
INFO: Run Behavior\ShowPageTraceBehavior [ RunTime:0.001000s ]
INFO: [ app_end ] --END-- [ RunTime:0.001000s ]

[ 2017-04-27T22:03:12+08:00 ] ::1 /zyyj/index.php/Home/Myself/Myself_self?_=1493301679041
INFO: [ app_begin ] --START--
INFO: Run Behavior\ReadHtmlCacheBehavior [ RunTime:0.001000s ]
INFO: [ app_begin ] --END-- [ RunTime:0.001000s ]
NOTIC: [8192] mysql_connect(): The mysql extension is deprecated and will be removed in the future: use mysqli or PDO instead E:\Program Files\PHPtools\Apach2.4\Apache24\htdocs\zyyj\ThinkPHP\Library\Think\Db\Driver\Mysql.class.php 第 52 行.
SQL: SHOW COLUMNS FROM `zyyj_user` [ RunTime:0.004000s ]
SQL: SELECT * FROM `zyyj_user` WHERE ( `user_id` = 4 ) LIMIT 1   [ RunTime:0.000000s ]
SQL: SHOW COLUMNS FROM `zyyj_department` [ RunTime:0.003000s ]
SQL: SELECT `name` FROM `zyyj_department` WHERE ( `department_id` = null ) LIMIT 1   [ RunTime:0.000000s ]
INFO: [ view_parse ] --START--
INFO: [ template_filter ] --START--
INFO: Run Behavior\ContentReplaceBehavior [ RunTime:0.000000s ]
INFO: [ template_filter ] --END-- [ RunTime:0.001000s ]
INFO: Run Behavior\ParseTemplateBehavior [ RunTime:0.008000s ]
INFO: [ view_parse ] --END-- [ RunTime:0.008000s ]
INFO: [ view_filter ] --START--
INFO: Run Behavior\WriteHtmlCacheBehavior [ RunTime:0.001000s ]
INFO: [ view_filter ] --END-- [ RunTime:0.001000s ]
INFO: [ app_end ] --START--
INFO: Run Behavior\ShowPageTraceBehavior [ RunTime:0.001000s ]
INFO: [ app_end ] --END-- [ RunTime:0.001000s ]

[ 2017-04-27T22:03:14+08:00 ] ::1 /zyyj/index.php/Home/Myself/Myself_password?_=1493301679043
INFO: [ app_begin ] --START--
INFO: Run Behavior\ReadHtmlCacheBehavior [ RunTime:0.001000s ]
INFO: [ app_begin ] --END-- [ RunTime:0.002000s ]
NOTIC: [8192] mysql_connect(): The mysql extension is deprecated and will be removed in the future: use mysqli or PDO instead E:\Program Files\PHPtools\Apach2.4\Apache24\htdocs\zyyj\ThinkPHP\Library\Think\Db\Driver\Mysql.class.php 第 52 行.
SQL: SHOW COLUMNS FROM `zyyj_user` [ RunTime:0.003000s ]
SQL: SELECT * FROM `zyyj_user` WHERE ( `user_id` = 4 ) LIMIT 1   [ RunTime:0.001000s ]
INFO: [ view_parse ] --START--
INFO: [ template_filter ] --START--
INFO: Run Behavior\ContentReplaceBehavior [ RunTime:0.000000s ]
INFO: [ template_filter ] --END-- [ RunTime:0.000000s ]
INFO: Run Behavior\ParseTemplateBehavior [ RunTime:0.009001s ]
INFO: [ view_parse ] --END-- [ RunTime:0.009001s ]
INFO: [ view_filter ] --START--
INFO: Run Behavior\WriteHtmlCacheBehavior [ RunTime:0.000000s ]
INFO: [ view_filter ] --END-- [ RunTime:0.000000s ]
INFO: [ app_end ] --START--
INFO: Run Behavior\ShowPageTraceBehavior [ RunTime:0.001000s ]
INFO: [ app_end ] --END-- [ RunTime:0.001000s ]

