[ 2017-04-18T12:05:57+08:00 ] ::1 /zyyj/index.php/Home/Login/Login_login
INFO: [ app_begin ] --START--
INFO: Run Behavior\ReadHtmlCacheBehavior [ RunTime:0.000495s ]
INFO: [ app_begin ] --END-- [ RunTime:0.000790s ]
SQL: SHOW COLUMNS FROM `zyyj_user` [ RunTime:0.006666s ]
SQL: SHOW COLUMNS FROM `zyyj_department` [ RunTime:0.004306s ]
SQL: SELECT * FROM `zyyj_user` WHERE ( `name` = 'teacher' )  [ RunTime:0.000686s ]
INFO: [ app_end ] --START--
INFO: Run Behavior\ShowPageTraceBehavior [ RunTime:0.000586s ]
INFO: [ app_end ] --END-- [ RunTime:0.000621s ]

[ 2017-04-18T12:06:08+08:00 ] ::1 /zyyj/index.php/Home/Login/Login_login
INFO: [ app_begin ] --START--
INFO: Run Behavior\ReadHtmlCacheBehavior [ RunTime:0.000499s ]
INFO: [ app_begin ] --END-- [ RunTime:0.000794s ]
SQL: SHOW COLUMNS FROM `zyyj_user` [ RunTime:0.002680s ]
SQL: SHOW COLUMNS FROM `zyyj_department` [ RunTime:0.001806s ]
SQL: SELECT * FROM `zyyj_user` WHERE ( `name` = 'teacher' )  [ RunTime:0.000245s ]
SQL: SELECT * FROM `zyyj_department` WHERE ( `department_id` = 3 )  [ RunTime:0.000521s ]

[ 2017-04-18T12:06:08+08:00 ] ::1 /zyyj/index.php/Home/Login/Login_get_menu
INFO: [ app_begin ] --START--
INFO: Run Behavior\ReadHtmlCacheBehavior [ RunTime:0.000424s ]
INFO: [ app_begin ] --END-- [ RunTime:0.000696s ]
SQL: SHOW COLUMNS FROM `zyyj_post` [ RunTime:0.003995s ]
SQL: SHOW COLUMNS FROM `zyyj_menu` [ RunTime:0.003225s ]
SQL: SELECT * FROM `zyyj_post` WHERE ( `post_id` = 3 )  [ RunTime:0.000219s ]
SQL: SELECT * FROM `zyyj_menu` WHERE ( `nid` = 0 ) AND ( `id` = 1 )  [ RunTime:0.000176s ]
SQL: SELECT * FROM `zyyj_menu` WHERE ( `nid` = 0 ) AND ( `id` = 0 )  [ RunTime:0.000159s ]
NOTIC: [2] Invalid argument supplied for foreach() E:\xampp\htdocs\zyyj\Application\Home\Controller\LoginController.class.php 第 51 行.
SQL: SELECT * FROM `zyyj_menu` WHERE ( `nid` = 0 ) AND ( `id` = 2 )  [ RunTime:0.000144s ]
NOTIC: [2] Invalid argument supplied for foreach() E:\xampp\htdocs\zyyj\Application\Home\Controller\LoginController.class.php 第 51 行.
SQL: SELECT * FROM `zyyj_menu` WHERE ( `nid` = 0 ) AND ( `id` = 10 )  [ RunTime:0.000124s ]
NOTIC: [2] Invalid argument supplied for foreach() E:\xampp\htdocs\zyyj\Application\Home\Controller\LoginController.class.php 第 51 行.
SQL: SELECT * FROM `zyyj_menu` WHERE ( `nid` = 0 ) AND ( `id` = 22 )  [ RunTime:0.000123s ]
SQL: SELECT * FROM `zyyj_menu` WHERE ( `nid` = 0 ) AND ( `id` = 23 )  [ RunTime:0.000112s ]
NOTIC: [2] Invalid argument supplied for foreach() E:\xampp\htdocs\zyyj\Application\Home\Controller\LoginController.class.php 第 51 行.
SQL: SELECT * FROM `zyyj_menu` WHERE ( `nid` = 0 ) AND ( `id` = 45 )  [ RunTime:0.000137s ]
NOTIC: [2] Invalid argument supplied for foreach() E:\xampp\htdocs\zyyj\Application\Home\Controller\LoginController.class.php 第 51 行.
SQL: SELECT * FROM `zyyj_menu` WHERE ( `nid` = 0 ) AND ( `id` = 51 )  [ RunTime:0.000114s ]
NOTIC: [2] Invalid argument supplied for foreach() E:\xampp\htdocs\zyyj\Application\Home\Controller\LoginController.class.php 第 51 行.
SQL: SELECT * FROM `zyyj_menu` WHERE ( `nid` = 0 ) AND ( `id` = 27 )  [ RunTime:0.000115s ]
SQL: SELECT * FROM `zyyj_menu` WHERE ( `nid` = 0 ) AND ( `id` = 31 )  [ RunTime:0.000110s ]
NOTIC: [2] Invalid argument supplied for foreach() E:\xampp\htdocs\zyyj\Application\Home\Controller\LoginController.class.php 第 51 行.
SQL: SELECT * FROM `zyyj_menu` WHERE ( `nid` = 0 ) AND ( `id` = 50 )  [ RunTime:0.000110s ]
NOTIC: [2] Invalid argument supplied for foreach() E:\xampp\htdocs\zyyj\Application\Home\Controller\LoginController.class.php 第 51 行.
SQL: SELECT * FROM `zyyj_menu` WHERE ( `nid` = 0 ) AND ( `id` = 0 )  [ RunTime:0.000108s ]
NOTIC: [2] Invalid argument supplied for foreach() E:\xampp\htdocs\zyyj\Application\Home\Controller\LoginController.class.php 第 51 行.
INFO: [ app_end ] --START--
INFO: Run Behavior\ShowPageTraceBehavior [ RunTime:0.000504s ]
INFO: [ app_end ] --END-- [ RunTime:0.000533s ]

[ 2017-04-18T12:06:11+08:00 ] ::1 /zyyj/index.php/Home/Login/Login_get_menu
INFO: [ app_begin ] --START--
INFO: Run Behavior\ReadHtmlCacheBehavior [ RunTime:0.000413s ]
INFO: [ app_begin ] --END-- [ RunTime:0.000665s ]
SQL: SHOW COLUMNS FROM `zyyj_post` [ RunTime:0.001962s ]
SQL: SHOW COLUMNS FROM `zyyj_menu` [ RunTime:0.001688s ]
SQL: SELECT * FROM `zyyj_post` WHERE ( `post_id` = 3 )  [ RunTime:0.000210s ]
SQL: SELECT * FROM `zyyj_menu` WHERE ( `nid` = 27 ) AND ( `id` = 1 )  [ RunTime:0.000179s ]
NOTIC: [2] Invalid argument supplied for foreach() E:\xampp\htdocs\zyyj\Application\Home\Controller\LoginController.class.php 第 51 行.
SQL: SELECT * FROM `zyyj_menu` WHERE ( `nid` = 27 ) AND ( `id` = 0 )  [ RunTime:0.000161s ]
NOTIC: [2] Invalid argument supplied for foreach() E:\xampp\htdocs\zyyj\Application\Home\Controller\LoginController.class.php 第 51 行.
SQL: SELECT * FROM `zyyj_menu` WHERE ( `nid` = 27 ) AND ( `id` = 2 )  [ RunTime:0.000167s ]
NOTIC: [2] Invalid argument supplied for foreach() E:\xampp\htdocs\zyyj\Application\Home\Controller\LoginController.class.php 第 51 行.
SQL: SELECT * FROM `zyyj_menu` WHERE ( `nid` = 27 ) AND ( `id` = 10 )  [ RunTime:0.000204s ]
NOTIC: [2] Invalid argument supplied for foreach() E:\xampp\htdocs\zyyj\Application\Home\Controller\LoginController.class.php 第 51 行.
SQL: SELECT * FROM `zyyj_menu` WHERE ( `nid` = 27 ) AND ( `id` = 22 )  [ RunTime:0.000163s ]
NOTIC: [2] Invalid argument supplied for foreach() E:\xampp\htdocs\zyyj\Application\Home\Controller\LoginController.class.php 第 51 行.
SQL: SELECT * FROM `zyyj_menu` WHERE ( `nid` = 27 ) AND ( `id` = 23 )  [ RunTime:0.000161s ]
NOTIC: [2] Invalid argument supplied for foreach() E:\xampp\htdocs\zyyj\Application\Home\Controller\LoginController.class.php 第 51 行.
SQL: SELECT * FROM `zyyj_menu` WHERE ( `nid` = 27 ) AND ( `id` = 45 )  [ RunTime:0.000156s ]
NOTIC: [2] Invalid argument supplied for foreach() E:\xampp\htdocs\zyyj\Application\Home\Controller\LoginController.class.php 第 51 行.
SQL: SELECT * FROM `zyyj_menu` WHERE ( `nid` = 27 ) AND ( `id` = 51 )  [ RunTime:0.000266s ]
NOTIC: [2] Invalid argument supplied for foreach() E:\xampp\htdocs\zyyj\Application\Home\Controller\LoginController.class.php 第 51 行.
SQL: SELECT * FROM `zyyj_menu` WHERE ( `nid` = 27 ) AND ( `id` = 27 )  [ RunTime:0.000274s ]
NOTIC: [2] Invalid argument supplied for foreach() E:\xampp\htdocs\zyyj\Application\Home\Controller\LoginController.class.php 第 51 行.
SQL: SELECT * FROM `zyyj_menu` WHERE ( `nid` = 27 ) AND ( `id` = 31 )  [ RunTime:0.000179s ]
SQL: SELECT * FROM `zyyj_menu` WHERE ( `nid` = 27 ) AND ( `id` = 50 )  [ RunTime:0.000154s ]
SQL: SELECT * FROM `zyyj_menu` WHERE ( `nid` = 27 ) AND ( `id` = 0 )  [ RunTime:0.000156s ]
NOTIC: [2] Invalid argument supplied for foreach() E:\xampp\htdocs\zyyj\Application\Home\Controller\LoginController.class.php 第 51 行.
INFO: [ app_end ] --START--
INFO: Run Behavior\ShowPageTraceBehavior [ RunTime:0.000546s ]
INFO: [ app_end ] --END-- [ RunTime:0.000579s ]

[ 2017-04-18T12:06:12+08:00 ] ::1 /zyyj/index.php/Home/Question/Question_index?_=1492488368689
INFO: [ app_begin ] --START--
INFO: Run Behavior\ReadHtmlCacheBehavior [ RunTime:0.000424s ]
INFO: [ app_begin ] --END-- [ RunTime:0.000688s ]
INFO: [ view_parse ] --START--
INFO: [ template_filter ] --START--
INFO: Run Behavior\ContentReplaceBehavior [ RunTime:0.000066s ]
INFO: [ template_filter ] --END-- [ RunTime:0.000110s ]
INFO: Run Behavior\ParseTemplateBehavior [ RunTime:0.005803s ]
INFO: [ view_parse ] --END-- [ RunTime:0.005837s ]
INFO: [ view_filter ] --START--
INFO: Run Behavior\WriteHtmlCacheBehavior [ RunTime:0.000169s ]
INFO: [ view_filter ] --END-- [ RunTime:0.000202s ]
INFO: [ app_end ] --START--
INFO: Run Behavior\ShowPageTraceBehavior [ RunTime:0.000452s ]
INFO: [ app_end ] --END-- [ RunTime:0.000487s ]

[ 2017-04-18T12:06:13+08:00 ] ::1 /zyyj/index.php/Home/Question/Question_get_level
INFO: [ app_begin ] --START--
INFO: Run Behavior\ReadHtmlCacheBehavior [ RunTime:0.000602s ]
INFO: [ app_begin ] --END-- [ RunTime:0.000997s ]
SQL: SHOW COLUMNS FROM `zyyj_question_level` [ RunTime:0.003667s ]
SQL: SELECT * FROM `zyyj_question_level` ORDER BY level_id desc  [ RunTime:0.000236s ]
INFO: [ app_end ] --START--
INFO: Run Behavior\ShowPageTraceBehavior [ RunTime:0.000528s ]
INFO: [ app_end ] --END-- [ RunTime:0.000566s ]

[ 2017-04-18T12:06:13+08:00 ] ::1 /zyyj/index.php/Home/Question/Question_get_know
INFO: [ app_begin ] --START--
INFO: Run Behavior\ReadHtmlCacheBehavior [ RunTime:0.000591s ]
INFO: [ app_begin ] --END-- [ RunTime:0.000987s ]
SQL: SHOW COLUMNS FROM `zyyj_knowledgepoint` [ RunTime:0.004044s ]
SQL: SELECT * FROM `zyyj_knowledgepoint` ORDER BY know_id desc  [ RunTime:0.000172s ]
INFO: [ app_end ] --START--
INFO: Run Behavior\ShowPageTraceBehavior [ RunTime:0.000472s ]
INFO: [ app_end ] --END-- [ RunTime:0.000506s ]

[ 2017-04-18T12:06:13+08:00 ] ::1 /zyyj/index.php/Home/Question/Question_get_course
INFO: [ app_begin ] --START--
INFO: Run Behavior\ReadHtmlCacheBehavior [ RunTime:0.000632s ]
INFO: [ app_begin ] --END-- [ RunTime:0.001000s ]
SQL: SHOW COLUMNS FROM `zyyj_course` [ RunTime:0.003392s ]
SQL: SELECT * FROM `zyyj_course`  [ RunTime:0.000198s ]
INFO: [ app_end ] --START--
INFO: Run Behavior\ShowPageTraceBehavior [ RunTime:0.000444s ]
INFO: [ app_end ] --END-- [ RunTime:0.000481s ]

[ 2017-04-18T12:06:13+08:00 ] ::1 /zyyj/index.php/Home/Question/Question_get_chapter
INFO: [ app_begin ] --START--
INFO: Run Behavior\ReadHtmlCacheBehavior [ RunTime:0.000492s ]
INFO: [ app_begin ] --END-- [ RunTime:0.000805s ]
SQL: SHOW COLUMNS FROM `zyyj_chapter` [ RunTime:0.003177s ]
SQL: SELECT * FROM `zyyj_chapter` ORDER BY chapter_id desc  [ RunTime:0.000210s ]
INFO: [ app_end ] --START--
INFO: Run Behavior\ShowPageTraceBehavior [ RunTime:0.000543s ]
INFO: [ app_end ] --END-- [ RunTime:0.000578s ]

[ 2017-04-18T12:06:13+08:00 ] ::1 /zyyj/index.php/Home/Question/Question_get_level
INFO: [ app_begin ] --START--
INFO: Run Behavior\ReadHtmlCacheBehavior [ RunTime:0.000531s ]
INFO: [ app_begin ] --END-- [ RunTime:0.000869s ]
SQL: SHOW COLUMNS FROM `zyyj_question_level` [ RunTime:0.002039s ]
SQL: SELECT * FROM `zyyj_question_level` ORDER BY level_id desc  [ RunTime:0.000239s ]
INFO: [ app_end ] --START--
INFO: Run Behavior\ShowPageTraceBehavior [ RunTime:0.000606s ]
INFO: [ app_end ] --END-- [ RunTime:0.000643s ]

[ 2017-04-18T12:06:13+08:00 ] ::1 /zyyj/index.php/Home/Question/Question_get_know
INFO: [ app_begin ] --START--
INFO: Run Behavior\ReadHtmlCacheBehavior [ RunTime:0.000714s ]
INFO: [ app_begin ] --END-- [ RunTime:0.001131s ]
SQL: SHOW COLUMNS FROM `zyyj_knowledgepoint` [ RunTime:0.002191s ]
SQL: SELECT * FROM `zyyj_knowledgepoint` ORDER BY know_id desc  [ RunTime:0.000242s ]
INFO: [ app_end ] --START--
INFO: Run Behavior\ShowPageTraceBehavior [ RunTime:0.000526s ]
INFO: [ app_end ] --END-- [ RunTime:0.000561s ]

[ 2017-04-18T12:06:13+08:00 ] ::1 /zyyj/index.php/Home/Question/Question_get_chapter
INFO: [ app_begin ] --START--
INFO: Run Behavior\ReadHtmlCacheBehavior [ RunTime:0.000455s ]
INFO: [ app_begin ] --END-- [ RunTime:0.000726s ]
SQL: SHOW COLUMNS FROM `zyyj_chapter` [ RunTime:0.002045s ]
SQL: SELECT * FROM `zyyj_chapter` ORDER BY chapter_id desc  [ RunTime:0.000240s ]
INFO: [ app_end ] --START--
INFO: Run Behavior\ShowPageTraceBehavior [ RunTime:0.000451s ]
INFO: [ app_end ] --END-- [ RunTime:0.000486s ]

[ 2017-04-18T12:06:13+08:00 ] ::1 /zyyj/index.php/Home/Question/Question_get_course
INFO: [ app_begin ] --START--
INFO: Run Behavior\ReadHtmlCacheBehavior [ RunTime:0.000415s ]
INFO: [ app_begin ] --END-- [ RunTime:0.000681s ]
SQL: SHOW COLUMNS FROM `zyyj_course` [ RunTime:0.001993s ]
SQL: SELECT * FROM `zyyj_course`  [ RunTime:0.000263s ]
INFO: [ app_end ] --START--
INFO: Run Behavior\ShowPageTraceBehavior [ RunTime:0.000531s ]
INFO: [ app_end ] --END-- [ RunTime:0.000567s ]

[ 2017-04-18T12:06:13+08:00 ] ::1 /zyyj/index.php/Home/Question/Question_get_know
INFO: [ app_begin ] --START--
INFO: Run Behavior\ReadHtmlCacheBehavior [ RunTime:0.000404s ]
INFO: [ app_begin ] --END-- [ RunTime:0.000661s ]
SQL: SHOW COLUMNS FROM `zyyj_knowledgepoint` [ RunTime:0.002060s ]
SQL: SELECT * FROM `zyyj_knowledgepoint` ORDER BY know_id desc  [ RunTime:0.000222s ]
INFO: [ app_end ] --START--
INFO: Run Behavior\ShowPageTraceBehavior [ RunTime:0.000478s ]
INFO: [ app_end ] --END-- [ RunTime:0.000514s ]

[ 2017-04-18T12:06:13+08:00 ] ::1 /zyyj/index.php/Home/Question/Question_get_chapter
INFO: [ app_begin ] --START--
INFO: Run Behavior\ReadHtmlCacheBehavior [ RunTime:0.000434s ]
INFO: [ app_begin ] --END-- [ RunTime:0.000686s ]
SQL: SHOW COLUMNS FROM `zyyj_chapter` [ RunTime:0.002046s ]
SQL: SELECT * FROM `zyyj_chapter` ORDER BY chapter_id desc  [ RunTime:0.000237s ]
INFO: [ app_end ] --START--
INFO: Run Behavior\ShowPageTraceBehavior [ RunTime:0.000448s ]
INFO: [ app_end ] --END-- [ RunTime:0.000498s ]

[ 2017-04-18T12:06:13+08:00 ] ::1 /zyyj/index.php/Home/Question/Question_get_course
INFO: [ app_begin ] --START--
INFO: Run Behavior\ReadHtmlCacheBehavior [ RunTime:0.000444s ]
INFO: [ app_begin ] --END-- [ RunTime:0.000733s ]
SQL: SHOW COLUMNS FROM `zyyj_course` [ RunTime:0.002177s ]
SQL: SELECT * FROM `zyyj_course`  [ RunTime:0.000209s ]
INFO: [ app_end ] --START--
INFO: Run Behavior\ShowPageTraceBehavior [ RunTime:0.000484s ]
INFO: [ app_end ] --END-- [ RunTime:0.000521s ]

[ 2017-04-18T12:06:13+08:00 ] ::1 /zyyj/index.php/Home/Question/Question_get_data
INFO: [ app_begin ] --START--
INFO: Run Behavior\ReadHtmlCacheBehavior [ RunTime:0.000408s ]
INFO: [ app_begin ] --END-- [ RunTime:0.000682s ]
NOTIC: [8] Undefined index: level_id E:\xampp\htdocs\zyyj\Application\Home\Controller\QuestionController.class.php 第 19 行.
NOTIC: [8] Undefined index: know_id E:\xampp\htdocs\zyyj\Application\Home\Controller\QuestionController.class.php 第 20 行.
NOTIC: [8] Undefined index: chapter_id E:\xampp\htdocs\zyyj\Application\Home\Controller\QuestionController.class.php 第 21 行.
NOTIC: [8] Undefined index: course_id E:\xampp\htdocs\zyyj\Application\Home\Controller\QuestionController.class.php 第 22 行.
SQL: SHOW COLUMNS FROM `zyyj_question` [ RunTime:0.004091s ]
SQL: SELECT zyyj_question_level.name level_name,zyyj_knowledgepoint.name know_name,zyyj_course.name course_name,zyyj_question.question_id question_id,zyyj_question.question question,zyyj_chapter.name chapter_name,zyyj_question.rightanswer rightanswer FROM `zyyj_question` INNER JOIN zyyj_question_level ON zyyj_question.level_id = zyyj_question_level.level_id INNER JOIN zyyj_knowledgepoint ON zyyj_question.know_id = zyyj_knowledgepoint.know_id INNER JOIN zyyj_chapter ON zyyj_question.chapter_id = zyyj_chapter.chapter_id INNER JOIN zyyj_course ON zyyj_question.course_id = zyyj_course.course_id  ORDER BY question_id desc LIMIT 0,20   [ RunTime:0.000799s ]
SQL: SELECT zyyj_question_level.name level_name,zyyj_knowledgepoint.name know_name,zyyj_course.name course_name,zyyj_question.question_id question_id,zyyj_question.question question,zyyj_chapter.name chapter_name,zyyj_question.rightanswer rightanswer FROM `zyyj_question` INNER JOIN zyyj_question_level ON zyyj_question.level_id = zyyj_question_level.level_id INNER JOIN zyyj_knowledgepoint ON zyyj_question.know_id = zyyj_knowledgepoint.know_id INNER JOIN zyyj_chapter ON zyyj_question.chapter_id = zyyj_chapter.chapter_id INNER JOIN zyyj_course ON zyyj_question.course_id = zyyj_course.course_id  ORDER BY question_id desc  [ RunTime:0.000636s ]
INFO: [ app_end ] --START--
INFO: Run Behavior\ShowPageTraceBehavior [ RunTime:0.000446s ]
INFO: [ app_end ] --END-- [ RunTime:0.000484s ]

[ 2017-04-18T12:06:13+08:00 ] ::1 /zyyj/index.php/Home/Question/Question_get_course
INFO: [ app_begin ] --START--
INFO: Run Behavior\ReadHtmlCacheBehavior [ RunTime:0.000424s ]
INFO: [ app_begin ] --END-- [ RunTime:0.000686s ]
SQL: SHOW COLUMNS FROM `zyyj_course` [ RunTime:0.002084s ]
SQL: SELECT * FROM `zyyj_course`  [ RunTime:0.000236s ]
INFO: [ app_end ] --START--
INFO: Run Behavior\ShowPageTraceBehavior [ RunTime:0.000439s ]
INFO: [ app_end ] --END-- [ RunTime:0.000477s ]

[ 2017-04-18T12:06:13+08:00 ] ::1 /zyyj/index.php/Home/Question/Question_get_chapter
INFO: [ app_begin ] --START--
INFO: Run Behavior\ReadHtmlCacheBehavior [ RunTime:0.000465s ]
INFO: [ app_begin ] --END-- [ RunTime:0.000777s ]
SQL: SHOW COLUMNS FROM `zyyj_chapter` [ RunTime:0.002538s ]
SQL: SELECT * FROM `zyyj_chapter` ORDER BY chapter_id desc  [ RunTime:0.000234s ]
INFO: [ app_end ] --START--
INFO: Run Behavior\ShowPageTraceBehavior [ RunTime:0.000459s ]
INFO: [ app_end ] --END-- [ RunTime:0.000500s ]

[ 2017-04-18T12:06:13+08:00 ] ::1 /zyyj/index.php/Home/Question/Question_get_know
INFO: [ app_begin ] --START--
INFO: Run Behavior\ReadHtmlCacheBehavior [ RunTime:0.000561s ]
INFO: [ app_begin ] --END-- [ RunTime:0.000879s ]
SQL: SHOW COLUMNS FROM `zyyj_knowledgepoint` [ RunTime:0.001908s ]
SQL: SELECT * FROM `zyyj_knowledgepoint` ORDER BY know_id desc  [ RunTime:0.000213s ]
INFO: [ app_end ] --START--
INFO: Run Behavior\ShowPageTraceBehavior [ RunTime:0.000491s ]
INFO: [ app_end ] --END-- [ RunTime:0.000525s ]

[ 2017-04-18T12:06:13+08:00 ] ::1 /zyyj/index.php/Home/Question/Question_get_level
INFO: [ app_begin ] --START--
INFO: Run Behavior\ReadHtmlCacheBehavior [ RunTime:0.000407s ]
INFO: [ app_begin ] --END-- [ RunTime:0.000669s ]
SQL: SHOW COLUMNS FROM `zyyj_question_level` [ RunTime:0.002175s ]
SQL: SELECT * FROM `zyyj_question_level` ORDER BY level_id desc  [ RunTime:0.000201s ]
INFO: [ app_end ] --START--
INFO: Run Behavior\ShowPageTraceBehavior [ RunTime:0.000426s ]
INFO: [ app_end ] --END-- [ RunTime:0.000462s ]

[ 2017-04-18T12:06:13+08:00 ] ::1 /zyyj/index.php/Home/Question/Question_get_course
INFO: [ app_begin ] --START--
INFO: Run Behavior\ReadHtmlCacheBehavior [ RunTime:0.000410s ]
INFO: [ app_begin ] --END-- [ RunTime:0.000679s ]
SQL: SHOW COLUMNS FROM `zyyj_course` [ RunTime:0.002032s ]
SQL: SELECT * FROM `zyyj_course`  [ RunTime:0.000260s ]
INFO: [ app_end ] --START--
INFO: Run Behavior\ShowPageTraceBehavior [ RunTime:0.000647s ]
INFO: [ app_end ] --END-- [ RunTime:0.000710s ]

[ 2017-04-18T12:06:13+08:00 ] ::1 /zyyj/index.php/Home/Question/Question_get_chapter
INFO: [ app_begin ] --START--
INFO: Run Behavior\ReadHtmlCacheBehavior [ RunTime:0.000591s ]
INFO: [ app_begin ] --END-- [ RunTime:0.000936s ]
SQL: SHOW COLUMNS FROM `zyyj_chapter` [ RunTime:0.002222s ]
SQL: SELECT * FROM `zyyj_chapter` ORDER BY chapter_id desc  [ RunTime:0.000226s ]
INFO: [ app_end ] --START--
INFO: Run Behavior\ShowPageTraceBehavior [ RunTime:0.000464s ]
INFO: [ app_end ] --END-- [ RunTime:0.000505s ]

[ 2017-04-18T12:06:13+08:00 ] ::1 /zyyj/index.php/Home/Question/Question_get_know
INFO: [ app_begin ] --START--
INFO: Run Behavior\ReadHtmlCacheBehavior [ RunTime:0.000670s ]
INFO: [ app_begin ] --END-- [ RunTime:0.001055s ]
SQL: SHOW COLUMNS FROM `zyyj_knowledgepoint` [ RunTime:0.001834s ]
SQL: SELECT * FROM `zyyj_knowledgepoint` ORDER BY know_id desc  [ RunTime:0.000191s ]
INFO: [ app_end ] --START--
INFO: Run Behavior\ShowPageTraceBehavior [ RunTime:0.000474s ]
INFO: [ app_end ] --END-- [ RunTime:0.000509s ]

[ 2017-04-18T12:06:13+08:00 ] ::1 /zyyj/index.php/Home/Question/Question_get_level
INFO: [ app_begin ] --START--
INFO: Run Behavior\ReadHtmlCacheBehavior [ RunTime:0.000411s ]
INFO: [ app_begin ] --END-- [ RunTime:0.000670s ]
SQL: SHOW COLUMNS FROM `zyyj_question_level` [ RunTime:0.001828s ]
SQL: SELECT * FROM `zyyj_question_level` ORDER BY level_id desc  [ RunTime:0.000162s ]
INFO: [ app_end ] --START--
INFO: Run Behavior\ShowPageTraceBehavior [ RunTime:0.000471s ]
INFO: [ app_end ] --END-- [ RunTime:0.000506s ]

[ 2017-04-18T12:06:13+08:00 ] ::1 /zyyj/index.php/Home/Question/Question_get_course
INFO: [ app_begin ] --START--
INFO: Run Behavior\ReadHtmlCacheBehavior [ RunTime:0.000430s ]
INFO: [ app_begin ] --END-- [ RunTime:0.000699s ]
SQL: SHOW COLUMNS FROM `zyyj_course` [ RunTime:0.002006s ]
SQL: SELECT * FROM `zyyj_course`  [ RunTime:0.000218s ]
INFO: [ app_end ] --START--
INFO: Run Behavior\ShowPageTraceBehavior [ RunTime:0.000505s ]
INFO: [ app_end ] --END-- [ RunTime:0.000542s ]

[ 2017-04-18T12:06:13+08:00 ] ::1 /zyyj/index.php/Home/Question/Question_get_chapter
INFO: [ app_begin ] --START--
INFO: Run Behavior\ReadHtmlCacheBehavior [ RunTime:0.000581s ]
INFO: [ app_begin ] --END-- [ RunTime:0.000969s ]
SQL: SHOW COLUMNS FROM `zyyj_chapter` [ RunTime:0.001929s ]
SQL: SELECT * FROM `zyyj_chapter` ORDER BY chapter_id desc  [ RunTime:0.000225s ]
INFO: [ app_end ] --START--
INFO: Run Behavior\ShowPageTraceBehavior [ RunTime:0.000637s ]
INFO: [ app_end ] --END-- [ RunTime:0.000684s ]

[ 2017-04-18T12:06:13+08:00 ] ::1 /zyyj/index.php/Home/Question/Question_get_know
INFO: [ app_begin ] --START--
INFO: Run Behavior\ReadHtmlCacheBehavior [ RunTime:0.000634s ]
INFO: [ app_begin ] --END-- [ RunTime:0.001006s ]
SQL: SHOW COLUMNS FROM `zyyj_knowledgepoint` [ RunTime:0.002121s ]
SQL: SELECT * FROM `zyyj_knowledgepoint` ORDER BY know_id desc  [ RunTime:0.000221s ]
INFO: [ app_end ] --START--
INFO: Run Behavior\ShowPageTraceBehavior [ RunTime:0.000493s ]
INFO: [ app_end ] --END-- [ RunTime:0.000529s ]

[ 2017-04-18T12:06:25+08:00 ] ::1 /zyyj/index.php/Home/Question/Question_get_detail?id=28&_=1492488368691
INFO: [ app_begin ] --START--
INFO: Run Behavior\ReadHtmlCacheBehavior [ RunTime:0.000457s ]
INFO: [ app_begin ] --END-- [ RunTime:0.000762s ]
SQL: SHOW COLUMNS FROM `zyyj_question` [ RunTime:0.002856s ]
SQL: SHOW COLUMNS FROM `zyyj_question_level` [ RunTime:0.001730s ]
SQL: SHOW COLUMNS FROM `zyyj_chapter` [ RunTime:0.001714s ]
SQL: SHOW COLUMNS FROM `zyyj_course` [ RunTime:0.001729s ]
SQL: SHOW COLUMNS FROM `zyyj_knowledgepoint` [ RunTime:0.001769s ]
SQL: SELECT * FROM `zyyj_question` WHERE ( `question_id` = 28 )  [ RunTime:0.000284s ]
SQL: SELECT * FROM `zyyj_question_level` WHERE ( `level_id` = 3 )  [ RunTime:0.000185s ]
SQL: SELECT * FROM `zyyj_chapter` WHERE ( `chapter_id` = 11 )  [ RunTime:0.000183s ]
SQL: SELECT * FROM `zyyj_course` WHERE ( `course_id` = 43 )  [ RunTime:0.000192s ]
SQL: SELECT * FROM `zyyj_knowledgepoint` WHERE ( `know_id` = 6 )  [ RunTime:0.000182s ]
INFO: [ app_end ] --START--
INFO: Run Behavior\ShowPageTraceBehavior [ RunTime:0.000523s ]
INFO: [ app_end ] --END-- [ RunTime:0.000561s ]

[ 2017-04-18T12:06:31+08:00 ] ::1 /zyyj/index.php/Home/Question/Question_status?_=1492488368692
INFO: [ app_begin ] --START--
INFO: Run Behavior\ReadHtmlCacheBehavior [ RunTime:0.000400s ]
INFO: [ app_begin ] --END-- [ RunTime:0.000658s ]
INFO: [ view_parse ] --START--
INFO: [ template_filter ] --START--
INFO: Run Behavior\ContentReplaceBehavior [ RunTime:0.000036s ]
INFO: [ template_filter ] --END-- [ RunTime:0.000068s ]
INFO: Run Behavior\ParseTemplateBehavior [ RunTime:0.005587s ]
INFO: [ view_parse ] --END-- [ RunTime:0.005623s ]
INFO: [ view_filter ] --START--
INFO: Run Behavior\WriteHtmlCacheBehavior [ RunTime:0.000234s ]
INFO: [ view_filter ] --END-- [ RunTime:0.000261s ]
INFO: [ app_end ] --START--
INFO: Run Behavior\ShowPageTraceBehavior [ RunTime:0.000393s ]
INFO: [ app_end ] --END-- [ RunTime:0.000421s ]

[ 2017-04-18T12:06:32+08:00 ] ::1 /zyyj//Home/Question/Question_get_status?_=1492488368693
INFO: [ app_begin ] --START--
INFO: Run Behavior\ReadHtmlCacheBehavior [ RunTime:0.000387s ]
INFO: [ app_begin ] --END-- [ RunTime:0.000639s ]
SQL: SHOW COLUMNS FROM `zyyj_question` [ RunTime:0.003749s ]
SQL: SELECT * FROM `zyyj_question`  [ RunTime:0.000581s ]
SQL: SELECT * FROM `zyyj_question` WHERE ( `level_id` = 3 )  [ RunTime:0.000441s ]
SQL: SELECT * FROM `zyyj_question` WHERE ( `level_id` = 2 )  [ RunTime:0.000452s ]
SQL: SELECT * FROM `zyyj_question` WHERE ( `level_id` = 1 )  [ RunTime:0.000464s ]
INFO: [ app_end ] --START--
INFO: Run Behavior\ShowPageTraceBehavior [ RunTime:0.000891s ]
INFO: [ app_end ] --END-- [ RunTime:0.000956s ]

[ 2017-04-18T12:06:37+08:00 ] ::1 /zyyj/index.php/Home/Login/Login_get_menu
INFO: [ app_begin ] --START--
INFO: Run Behavior\ReadHtmlCacheBehavior [ RunTime:0.000397s ]
INFO: [ app_begin ] --END-- [ RunTime:0.000649s ]
SQL: SHOW COLUMNS FROM `zyyj_post` [ RunTime:0.002324s ]
SQL: SHOW COLUMNS FROM `zyyj_menu` [ RunTime:0.001693s ]
SQL: SELECT * FROM `zyyj_post` WHERE ( `post_id` = 3 )  [ RunTime:0.000210s ]
SQL: SELECT * FROM `zyyj_menu` WHERE ( `nid` = 22 ) AND ( `id` = 1 )  [ RunTime:0.000154s ]
NOTIC: [2] Invalid argument supplied for foreach() E:\xampp\htdocs\zyyj\Application\Home\Controller\LoginController.class.php 第 51 行.
SQL: SELECT * FROM `zyyj_menu` WHERE ( `nid` = 22 ) AND ( `id` = 0 )  [ RunTime:0.000141s ]
NOTIC: [2] Invalid argument supplied for foreach() E:\xampp\htdocs\zyyj\Application\Home\Controller\LoginController.class.php 第 51 行.
SQL: SELECT * FROM `zyyj_menu` WHERE ( `nid` = 22 ) AND ( `id` = 2 )  [ RunTime:0.000143s ]
NOTIC: [2] Invalid argument supplied for foreach() E:\xampp\htdocs\zyyj\Application\Home\Controller\LoginController.class.php 第 51 行.
SQL: SELECT * FROM `zyyj_menu` WHERE ( `nid` = 22 ) AND ( `id` = 10 )  [ RunTime:0.000138s ]
NOTIC: [2] Invalid argument supplied for foreach() E:\xampp\htdocs\zyyj\Application\Home\Controller\LoginController.class.php 第 51 行.
SQL: SELECT * FROM `zyyj_menu` WHERE ( `nid` = 22 ) AND ( `id` = 22 )  [ RunTime:0.000139s ]
NOTIC: [2] Invalid argument supplied for foreach() E:\xampp\htdocs\zyyj\Application\Home\Controller\LoginController.class.php 第 51 行.
SQL: SELECT * FROM `zyyj_menu` WHERE ( `nid` = 22 ) AND ( `id` = 23 )  [ RunTime:0.000141s ]
SQL: SELECT * FROM `zyyj_menu` WHERE ( `nid` = 22 ) AND ( `id` = 45 )  [ RunTime:0.000144s ]
SQL: SELECT * FROM `zyyj_menu` WHERE ( `nid` = 22 ) AND ( `id` = 51 )  [ RunTime:0.000141s ]
SQL: SELECT * FROM `zyyj_menu` WHERE ( `nid` = 22 ) AND ( `id` = 27 )  [ RunTime:0.000138s ]
NOTIC: [2] Invalid argument supplied for foreach() E:\xampp\htdocs\zyyj\Application\Home\Controller\LoginController.class.php 第 51 行.
SQL: SELECT * FROM `zyyj_menu` WHERE ( `nid` = 22 ) AND ( `id` = 31 )  [ RunTime:0.000144s ]
NOTIC: [2] Invalid argument supplied for foreach() E:\xampp\htdocs\zyyj\Application\Home\Controller\LoginController.class.php 第 51 行.
SQL: SELECT * FROM `zyyj_menu` WHERE ( `nid` = 22 ) AND ( `id` = 50 )  [ RunTime:0.000136s ]
NOTIC: [2] Invalid argument supplied for foreach() E:\xampp\htdocs\zyyj\Application\Home\Controller\LoginController.class.php 第 51 行.
SQL: SELECT * FROM `zyyj_menu` WHERE ( `nid` = 22 ) AND ( `id` = 0 )  [ RunTime:0.000134s ]
NOTIC: [2] Invalid argument supplied for foreach() E:\xampp\htdocs\zyyj\Application\Home\Controller\LoginController.class.php 第 51 行.
INFO: [ app_end ] --START--
INFO: Run Behavior\ShowPageTraceBehavior [ RunTime:0.000446s ]
INFO: [ app_end ] --END-- [ RunTime:0.000478s ]

[ 2017-04-18T12:06:38+08:00 ] ::1 /zyyj/index.php/Home/Course/Course_Management?_=1492488368694
INFO: [ app_begin ] --START--
INFO: Run Behavior\ReadHtmlCacheBehavior [ RunTime:0.000397s ]
INFO: [ app_begin ] --END-- [ RunTime:0.000649s ]
INFO: [ view_parse ] --START--
INFO: [ template_filter ] --START--
INFO: Run Behavior\ContentReplaceBehavior [ RunTime:0.000061s ]
INFO: [ template_filter ] --END-- [ RunTime:0.000096s ]
INFO: Run Behavior\ParseTemplateBehavior [ RunTime:0.005295s ]
INFO: [ view_parse ] --END-- [ RunTime:0.005338s ]
INFO: [ view_filter ] --START--
INFO: Run Behavior\WriteHtmlCacheBehavior [ RunTime:0.000161s ]
INFO: [ view_filter ] --END-- [ RunTime:0.000188s ]
INFO: [ app_end ] --START--
INFO: Run Behavior\ShowPageTraceBehavior [ RunTime:0.000413s ]
INFO: [ app_end ] --END-- [ RunTime:0.000444s ]

[ 2017-04-18T12:06:38+08:00 ] ::1 /zyyj/index.php/Home/Course/Course_get_parent_course
INFO: [ app_begin ] --START--
INFO: Run Behavior\ReadHtmlCacheBehavior [ RunTime:0.000472s ]
INFO: [ app_begin ] --END-- [ RunTime:0.000774s ]
SQL: SHOW COLUMNS FROM `zyyj_college` [ RunTime:0.003774s ]
SQL: SELECT course_id as parent_id,name FROM zyyj.zyyj_course; [ RunTime:0.000207s ]
INFO: [ app_end ] --START--
INFO: Run Behavior\ShowPageTraceBehavior [ RunTime:0.000468s ]
INFO: [ app_end ] --END-- [ RunTime:0.000504s ]

[ 2017-04-18T12:06:38+08:00 ] ::1 /zyyj/index.php/Home/Course/Course_get_Courses
INFO: [ app_begin ] --START--
INFO: Run Behavior\ReadHtmlCacheBehavior [ RunTime:0.000408s ]
INFO: [ app_begin ] --END-- [ RunTime:0.000667s ]
SQL: SHOW COLUMNS FROM `zyyj_course` [ RunTime:0.002035s ]
SQL: SELECT `zyyj_course`.`course_id`,
					`zyyj_course`.`parent_id` as _parentId,
					`zyyj_course`.`name`,
					`zyyj_course`.`tree_code`,
					`zyyj_course`.`introduction`,
					`zyyj_course`.`photo`
			FROM `zyyj`.`zyyj_course`; [ RunTime:0.000278s ]
SQL: SELECT COUNT(*) AS tp_count FROM `zyyj_course` LIMIT 1   [ RunTime:0.000177s ]
INFO: [ app_end ] --START--
INFO: Run Behavior\ShowPageTraceBehavior [ RunTime:0.000479s ]
INFO: [ app_end ] --END-- [ RunTime:0.000521s ]

[ 2017-04-18T12:06:47+08:00 ] ::1 /zyyj/index.php/Home/Knowledgepoint/Knowledgepoint_Management?_=1492488368695
INFO: [ app_begin ] --START--
INFO: Run Behavior\ReadHtmlCacheBehavior [ RunTime:0.000387s ]
INFO: [ app_begin ] --END-- [ RunTime:0.000636s ]
INFO: [ view_parse ] --START--
INFO: [ template_filter ] --START--
INFO: Run Behavior\ContentReplaceBehavior [ RunTime:0.000099s ]
INFO: [ template_filter ] --END-- [ RunTime:0.000134s ]
INFO: Run Behavior\ParseTemplateBehavior [ RunTime:0.006660s ]
INFO: [ view_parse ] --END-- [ RunTime:0.006697s ]
INFO: [ view_filter ] --START--
INFO: Run Behavior\WriteHtmlCacheBehavior [ RunTime:0.000239s ]
INFO: [ view_filter ] --END-- [ RunTime:0.000267s ]
INFO: [ app_end ] --START--
INFO: Run Behavior\ShowPageTraceBehavior [ RunTime:0.000404s ]
INFO: [ app_end ] --END-- [ RunTime:0.000436s ]

[ 2017-04-18T12:06:47+08:00 ] ::1 /zyyj/index.php/Home/Knowledgepoint/Knowledgepoint_get_knowledgepoint
INFO: [ app_begin ] --START--
INFO: Run Behavior\ReadHtmlCacheBehavior [ RunTime:0.000584s ]
INFO: [ app_begin ] --END-- [ RunTime:0.000951s ]
SQL: SHOW COLUMNS FROM `zyyj_knowledgepoint` [ RunTime:0.002196s ]
SQL: SELECT COUNT(*) AS tp_count FROM `zyyj_knowledgepoint` LIMIT 1   [ RunTime:0.000205s ]
SQL: SELECT zyyj_course.name as course_name,zyyj_chapter.name chapter_name,`know_id`,zyyj_knowledgepoint.name name,zyyj_require.name require_name,zyyj_knowledgepoint.comment  comment FROM `zyyj_knowledgepoint` INNER JOIN zyyj_course ON zyyj_knowledgepoint.course_id = zyyj_course.course_id INNER JOIN zyyj_chapter ON zyyj_knowledgepoint.chapter_id = zyyj_chapter.chapter_id INNER JOIN zyyj_require ON zyyj_knowledgepoint.require_id = zyyj_require.require_id  ORDER BY know_id DESC LIMIT 0,20   [ RunTime:0.001752s ]
INFO: [ app_end ] --START--
INFO: Run Behavior\ShowPageTraceBehavior [ RunTime:0.000483s ]
INFO: [ app_end ] --END-- [ RunTime:0.000525s ]

[ 2017-04-18T12:06:47+08:00 ] ::1 /zyyj/index.php/Home/Knowledgepoint/Kp_get_course_options
INFO: [ app_begin ] --START--
INFO: Run Behavior\ReadHtmlCacheBehavior [ RunTime:0.000582s ]
INFO: [ app_begin ] --END-- [ RunTime:0.000941s ]
SQL: SHOW COLUMNS FROM `zyyj_course` [ RunTime:0.002521s ]
SQL: SELECT `course_id`,`name` FROM `zyyj_course` WHERE ( parent_id is not null )  [ RunTime:0.000235s ]
INFO: [ app_end ] --START--
INFO: Run Behavior\ShowPageTraceBehavior [ RunTime:0.000462s ]
INFO: [ app_end ] --END-- [ RunTime:0.000498s ]

[ 2017-04-18T12:06:47+08:00 ] ::1 /zyyj/index.php/Home/Knowledgepoint/Kp_get_null_option
INFO: [ app_begin ] --START--
INFO: Run Behavior\ReadHtmlCacheBehavior [ RunTime:0.000402s ]
INFO: [ app_begin ] --END-- [ RunTime:0.000663s ]
INFO: [ app_end ] --START--
INFO: Run Behavior\ShowPageTraceBehavior [ RunTime:0.000628s ]
INFO: [ app_end ] --END-- [ RunTime:0.000691s ]

[ 2017-04-18T12:06:47+08:00 ] ::1 /zyyj/index.php/Home/Knowledgepoint/Kp_get_course_options
INFO: [ app_begin ] --START--
INFO: Run Behavior\ReadHtmlCacheBehavior [ RunTime:0.000395s ]
INFO: [ app_begin ] --END-- [ RunTime:0.000657s ]
SQL: SHOW COLUMNS FROM `zyyj_course` [ RunTime:0.002576s ]
SQL: SELECT `course_id`,`name` FROM `zyyj_course` WHERE ( parent_id is not null )  [ RunTime:0.000244s ]
INFO: [ app_end ] --START--
INFO: Run Behavior\ShowPageTraceBehavior [ RunTime:0.000592s ]
INFO: [ app_end ] --END-- [ RunTime:0.000645s ]

[ 2017-04-18T12:06:47+08:00 ] ::1 /zyyj/index.php/Home/Knowledgepoint/Kp_get_require_id_options
INFO: [ app_begin ] --START--
INFO: Run Behavior\ReadHtmlCacheBehavior [ RunTime:0.000598s ]
INFO: [ app_begin ] --END-- [ RunTime:0.000952s ]
SQL: SHOW COLUMNS FROM `zyyj_require` [ RunTime:0.001949s ]
SQL: SELECT `require_id`,`name` FROM `zyyj_require`  [ RunTime:0.000181s ]
INFO: [ app_end ] --START--
INFO: Run Behavior\ShowPageTraceBehavior [ RunTime:0.000470s ]
INFO: [ app_end ] --END-- [ RunTime:0.000508s ]

[ 2017-04-18T12:06:47+08:00 ] ::1 /zyyj/index.php/Home/Knowledgepoint/Kp_get_require_id_options
INFO: [ app_begin ] --START--
INFO: Run Behavior\ReadHtmlCacheBehavior [ RunTime:0.000439s ]
INFO: [ app_begin ] --END-- [ RunTime:0.000680s ]
SQL: SHOW COLUMNS FROM `zyyj_require` [ RunTime:0.002007s ]
SQL: SELECT `require_id`,`name` FROM `zyyj_require`  [ RunTime:0.000222s ]
INFO: [ app_end ] --START--
INFO: Run Behavior\ShowPageTraceBehavior [ RunTime:0.000474s ]
INFO: [ app_end ] --END-- [ RunTime:0.000513s ]

[ 2017-04-18T12:06:47+08:00 ] ::1 /zyyj/index.php/Home/Knowledgepoint/Kp_get_course_options
INFO: [ app_begin ] --START--
INFO: Run Behavior\ReadHtmlCacheBehavior [ RunTime:0.000496s ]
INFO: [ app_begin ] --END-- [ RunTime:0.000787s ]
SQL: SHOW COLUMNS FROM `zyyj_course` [ RunTime:0.001987s ]
SQL: SELECT `course_id`,`name` FROM `zyyj_course` WHERE ( parent_id is not null )  [ RunTime:0.000185s ]
INFO: [ app_end ] --START--
INFO: Run Behavior\ShowPageTraceBehavior [ RunTime:0.000482s ]
INFO: [ app_end ] --END-- [ RunTime:0.000516s ]

[ 2017-04-18T12:06:47+08:00 ] ::1 /zyyj/index.php/Home/Knowledgepoint/Kp_get_null_option
INFO: [ app_begin ] --START--
INFO: Run Behavior\ReadHtmlCacheBehavior [ RunTime:0.000610s ]
INFO: [ app_begin ] --END-- [ RunTime:0.001010s ]
INFO: [ app_end ] --START--
INFO: Run Behavior\ShowPageTraceBehavior [ RunTime:0.000409s ]
INFO: [ app_end ] --END-- [ RunTime:0.000457s ]

[ 2017-04-18T12:06:47+08:00 ] ::1 /zyyj/index.php/Home/Knowledgepoint/Kp_get_require_id_options
INFO: [ app_begin ] --START--
INFO: Run Behavior\ReadHtmlCacheBehavior [ RunTime:0.000572s ]
INFO: [ app_begin ] --END-- [ RunTime:0.000923s ]
SQL: SHOW COLUMNS FROM `zyyj_require` [ RunTime:0.001908s ]
SQL: SELECT `require_id`,`name` FROM `zyyj_require`  [ RunTime:0.000153s ]
INFO: [ app_end ] --START--
INFO: Run Behavior\ShowPageTraceBehavior [ RunTime:0.000513s ]
INFO: [ app_end ] --END-- [ RunTime:0.000551s ]

[ 2017-04-18T12:06:56+08:00 ] ::1 /zyyj/index.php/Home/Chapter/Chapter_Management?_=1492488368696
INFO: [ app_begin ] --START--
INFO: Run Behavior\ReadHtmlCacheBehavior [ RunTime:0.000404s ]
INFO: [ app_begin ] --END-- [ RunTime:0.000652s ]
INFO: [ view_parse ] --START--
INFO: [ template_filter ] --START--
INFO: Run Behavior\ContentReplaceBehavior [ RunTime:0.000103s ]
INFO: [ template_filter ] --END-- [ RunTime:0.000142s ]
INFO: Run Behavior\ParseTemplateBehavior [ RunTime:0.006342s ]
INFO: [ view_parse ] --END-- [ RunTime:0.006379s ]
INFO: [ view_filter ] --START--
INFO: Run Behavior\WriteHtmlCacheBehavior [ RunTime:0.000244s ]
INFO: [ view_filter ] --END-- [ RunTime:0.000273s ]
INFO: [ app_end ] --START--
INFO: Run Behavior\ShowPageTraceBehavior [ RunTime:0.000420s ]
INFO: [ app_end ] --END-- [ RunTime:0.000455s ]

[ 2017-04-18T12:06:56+08:00 ] ::1 /zyyj/index.php/Home/Chapter/Chapter_get_chapter
INFO: [ app_begin ] --START--
INFO: Run Behavior\ReadHtmlCacheBehavior [ RunTime:0.000393s ]
INFO: [ app_begin ] --END-- [ RunTime:0.000679s ]
SQL: SHOW COLUMNS FROM `zyyj_chapter` [ RunTime:0.002293s ]
SQL: SELECT COUNT(*) AS tp_count FROM `zyyj_chapter` LIMIT 1   [ RunTime:0.000202s ]
SQL: SELECT zyyj_course.name course_name,`chapter_id`,zyyj_chapter.name name,zyyj_chapter.comment  comment FROM `zyyj_chapter` INNER JOIN zyyj_course ON zyyj_chapter.course_id = zyyj_course.course_id  ORDER BY chapter_id DESC LIMIT 0,20   [ RunTime:0.000237s ]
INFO: [ app_end ] --START--
INFO: Run Behavior\ShowPageTraceBehavior [ RunTime:0.000446s ]
INFO: [ app_end ] --END-- [ RunTime:0.000489s ]

[ 2017-04-18T12:06:56+08:00 ] ::1 /zyyj/index.php/Home/Chapter/Chapter_get_course_options
INFO: [ app_begin ] --START--
INFO: Run Behavior\ReadHtmlCacheBehavior [ RunTime:0.000388s ]
INFO: [ app_begin ] --END-- [ RunTime:0.000639s ]
SQL: SHOW COLUMNS FROM `zyyj_course` [ RunTime:0.002080s ]
SQL: SELECT `course_id`,`name` FROM `zyyj_course` WHERE ( parent_id is not null )  [ RunTime:0.000333s ]
INFO: [ app_end ] --START--
INFO: Run Behavior\ShowPageTraceBehavior [ RunTime:0.000493s ]
INFO: [ app_end ] --END-- [ RunTime:0.000531s ]

[ 2017-04-18T12:06:56+08:00 ] ::1 /zyyj/index.php/Home/Chapter/Chapter_get_course_options
INFO: [ app_begin ] --START--
INFO: Run Behavior\ReadHtmlCacheBehavior [ RunTime:0.000374s ]
INFO: [ app_begin ] --END-- [ RunTime:0.000623s ]
SQL: SHOW COLUMNS FROM `zyyj_course` [ RunTime:0.002123s ]
SQL: SELECT `course_id`,`name` FROM `zyyj_course` WHERE ( parent_id is not null )  [ RunTime:0.000264s ]
INFO: [ app_end ] --START--
INFO: Run Behavior\ShowPageTraceBehavior [ RunTime:0.000481s ]
INFO: [ app_end ] --END-- [ RunTime:0.000519s ]

[ 2017-04-18T14:54:31+08:00 ] ::1 /zyyj/index.php/Home/Login/Login_login
INFO: [ app_begin ] --START--
INFO: Run Behavior\ReadHtmlCacheBehavior [ RunTime:0.000472s ]
INFO: [ app_begin ] --END-- [ RunTime:0.000752s ]
SQL: SHOW COLUMNS FROM `zyyj_user` [ RunTime:0.002502s ]
SQL: SHOW COLUMNS FROM `zyyj_department` [ RunTime:0.001689s ]
SQL: SELECT * FROM `zyyj_user` WHERE ( `name` = 'teacher' )  [ RunTime:0.000221s ]
SQL: SELECT * FROM `zyyj_department` WHERE ( `department_id` = 3 )  [ RunTime:0.000133s ]

[ 2017-04-18T14:54:32+08:00 ] ::1 /zyyj/index.php/Home/Login/Login_get_menu
INFO: [ app_begin ] --START--
INFO: Run Behavior\ReadHtmlCacheBehavior [ RunTime:0.000396s ]
INFO: [ app_begin ] --END-- [ RunTime:0.000648s ]
SQL: SHOW COLUMNS FROM `zyyj_post` [ RunTime:0.002185s ]
SQL: SHOW COLUMNS FROM `zyyj_menu` [ RunTime:0.001686s ]
SQL: SELECT * FROM `zyyj_post` WHERE ( `post_id` = 3 )  [ RunTime:0.000169s ]
SQL: SELECT * FROM `zyyj_menu` WHERE ( `nid` = 0 ) AND ( `id` = 1 )  [ RunTime:0.000143s ]
SQL: SELECT * FROM `zyyj_menu` WHERE ( `nid` = 0 ) AND ( `id` = 0 )  [ RunTime:0.000123s ]
NOTIC: [2] Invalid argument supplied for foreach() E:\xampp\htdocs\zyyj\Application\Home\Controller\LoginController.class.php 第 51 行.
SQL: SELECT * FROM `zyyj_menu` WHERE ( `nid` = 0 ) AND ( `id` = 2 )  [ RunTime:0.000120s ]
NOTIC: [2] Invalid argument supplied for foreach() E:\xampp\htdocs\zyyj\Application\Home\Controller\LoginController.class.php 第 51 行.
SQL: SELECT * FROM `zyyj_menu` WHERE ( `nid` = 0 ) AND ( `id` = 10 )  [ RunTime:0.000126s ]
NOTIC: [2] Invalid argument supplied for foreach() E:\xampp\htdocs\zyyj\Application\Home\Controller\LoginController.class.php 第 51 行.
SQL: SELECT * FROM `zyyj_menu` WHERE ( `nid` = 0 ) AND ( `id` = 22 )  [ RunTime:0.000135s ]
SQL: SELECT * FROM `zyyj_menu` WHERE ( `nid` = 0 ) AND ( `id` = 23 )  [ RunTime:0.000122s ]
NOTIC: [2] Invalid argument supplied for foreach() E:\xampp\htdocs\zyyj\Application\Home\Controller\LoginController.class.php 第 51 行.
SQL: SELECT * FROM `zyyj_menu` WHERE ( `nid` = 0 ) AND ( `id` = 45 )  [ RunTime:0.000155s ]
NOTIC: [2] Invalid argument supplied for foreach() E:\xampp\htdocs\zyyj\Application\Home\Controller\LoginController.class.php 第 51 行.
SQL: SELECT * FROM `zyyj_menu` WHERE ( `nid` = 0 ) AND ( `id` = 51 )  [ RunTime:0.000152s ]
NOTIC: [2] Invalid argument supplied for foreach() E:\xampp\htdocs\zyyj\Application\Home\Controller\LoginController.class.php 第 51 行.
SQL: SELECT * FROM `zyyj_menu` WHERE ( `nid` = 0 ) AND ( `id` = 27 )  [ RunTime:0.000132s ]
SQL: SELECT * FROM `zyyj_menu` WHERE ( `nid` = 0 ) AND ( `id` = 31 )  [ RunTime:0.000146s ]
NOTIC: [2] Invalid argument supplied for foreach() E:\xampp\htdocs\zyyj\Application\Home\Controller\LoginController.class.php 第 51 行.
SQL: SELECT * FROM `zyyj_menu` WHERE ( `nid` = 0 ) AND ( `id` = 50 )  [ RunTime:0.000149s ]
NOTIC: [2] Invalid argument supplied for foreach() E:\xampp\htdocs\zyyj\Application\Home\Controller\LoginController.class.php 第 51 行.
SQL: SELECT * FROM `zyyj_menu` WHERE ( `nid` = 0 ) AND ( `id` = 0 )  [ RunTime:0.000144s ]
NOTIC: [2] Invalid argument supplied for foreach() E:\xampp\htdocs\zyyj\Application\Home\Controller\LoginController.class.php 第 51 行.
INFO: [ app_end ] --START--
INFO: Run Behavior\ShowPageTraceBehavior [ RunTime:0.000544s ]
INFO: [ app_end ] --END-- [ RunTime:0.000585s ]

[ 2017-04-18T14:54:36+08:00 ] ::1 /zyyj/index.php/Home/Login/Login_get_menu
INFO: [ app_begin ] --START--
INFO: Run Behavior\ReadHtmlCacheBehavior [ RunTime:0.000397s ]
INFO: [ app_begin ] --END-- [ RunTime:0.000645s ]
SQL: SHOW COLUMNS FROM `zyyj_post` [ RunTime:0.001820s ]
SQL: SHOW COLUMNS FROM `zyyj_menu` [ RunTime:0.001598s ]
SQL: SELECT * FROM `zyyj_post` WHERE ( `post_id` = 3 )  [ RunTime:0.000206s ]
SQL: SELECT * FROM `zyyj_menu` WHERE ( `nid` = 1 ) AND ( `id` = 1 )  [ RunTime:0.000175s ]
NOTIC: [2] Invalid argument supplied for foreach() E:\xampp\htdocs\zyyj\Application\Home\Controller\LoginController.class.php 第 51 行.
SQL: SELECT * FROM `zyyj_menu` WHERE ( `nid` = 1 ) AND ( `id` = 0 )  [ RunTime:0.000163s ]
NOTIC: [2] Invalid argument supplied for foreach() E:\xampp\htdocs\zyyj\Application\Home\Controller\LoginController.class.php 第 51 行.
SQL: SELECT * FROM `zyyj_menu` WHERE ( `nid` = 1 ) AND ( `id` = 2 )  [ RunTime:0.000174s ]
SQL: SELECT * FROM `zyyj_menu` WHERE ( `nid` = 1 ) AND ( `id` = 10 )  [ RunTime:0.000152s ]
SQL: SELECT * FROM `zyyj_menu` WHERE ( `nid` = 1 ) AND ( `id` = 22 )  [ RunTime:0.000173s ]
NOTIC: [2] Invalid argument supplied for foreach() E:\xampp\htdocs\zyyj\Application\Home\Controller\LoginController.class.php 第 51 行.
SQL: SELECT * FROM `zyyj_menu` WHERE ( `nid` = 1 ) AND ( `id` = 23 )  [ RunTime:0.000169s ]
NOTIC: [2] Invalid argument supplied for foreach() E:\xampp\htdocs\zyyj\Application\Home\Controller\LoginController.class.php 第 51 行.
SQL: SELECT * FROM `zyyj_menu` WHERE ( `nid` = 1 ) AND ( `id` = 45 )  [ RunTime:0.000166s ]
NOTIC: [2] Invalid argument supplied for foreach() E:\xampp\htdocs\zyyj\Application\Home\Controller\LoginController.class.php 第 51 行.
SQL: SELECT * FROM `zyyj_menu` WHERE ( `nid` = 1 ) AND ( `id` = 51 )  [ RunTime:0.000165s ]
NOTIC: [2] Invalid argument supplied for foreach() E:\xampp\htdocs\zyyj\Application\Home\Controller\LoginController.class.php 第 51 行.
SQL: SELECT * FROM `zyyj_menu` WHERE ( `nid` = 1 ) AND ( `id` = 27 )  [ RunTime:0.000143s ]
NOTIC: [2] Invalid argument supplied for foreach() E:\xampp\htdocs\zyyj\Application\Home\Controller\LoginController.class.php 第 51 行.
SQL: SELECT * FROM `zyyj_menu` WHERE ( `nid` = 1 ) AND ( `id` = 31 )  [ RunTime:0.000136s ]
NOTIC: [2] Invalid argument supplied for foreach() E:\xampp\htdocs\zyyj\Application\Home\Controller\LoginController.class.php 第 51 行.
SQL: SELECT * FROM `zyyj_menu` WHERE ( `nid` = 1 ) AND ( `id` = 50 )  [ RunTime:0.000125s ]
NOTIC: [2] Invalid argument supplied for foreach() E:\xampp\htdocs\zyyj\Application\Home\Controller\LoginController.class.php 第 51 行.
SQL: SELECT * FROM `zyyj_menu` WHERE ( `nid` = 1 ) AND ( `id` = 0 )  [ RunTime:0.000138s ]
NOTIC: [2] Invalid argument supplied for foreach() E:\xampp\htdocs\zyyj\Application\Home\Controller\LoginController.class.php 第 51 行.
INFO: [ app_end ] --START--
INFO: Run Behavior\ShowPageTraceBehavior [ RunTime:0.000471s ]
INFO: [ app_end ] --END-- [ RunTime:0.000503s ]

[ 2017-04-18T14:54:37+08:00 ] ::1 /zyyj/index.php/Home/Login/Login_get_menu
INFO: [ app_begin ] --START--
INFO: Run Behavior\ReadHtmlCacheBehavior [ RunTime:0.000431s ]
INFO: [ app_begin ] --END-- [ RunTime:0.000683s ]
SQL: SHOW COLUMNS FROM `zyyj_post` [ RunTime:0.002429s ]
SQL: SHOW COLUMNS FROM `zyyj_menu` [ RunTime:0.001801s ]
SQL: SELECT * FROM `zyyj_post` WHERE ( `post_id` = 3 )  [ RunTime:0.000213s ]
SQL: SELECT * FROM `zyyj_menu` WHERE ( `nid` = 22 ) AND ( `id` = 1 )  [ RunTime:0.000178s ]
NOTIC: [2] Invalid argument supplied for foreach() E:\xampp\htdocs\zyyj\Application\Home\Controller\LoginController.class.php 第 51 行.
SQL: SELECT * FROM `zyyj_menu` WHERE ( `nid` = 22 ) AND ( `id` = 0 )  [ RunTime:0.000139s ]
NOTIC: [2] Invalid argument supplied for foreach() E:\xampp\htdocs\zyyj\Application\Home\Controller\LoginController.class.php 第 51 行.
SQL: SELECT * FROM `zyyj_menu` WHERE ( `nid` = 22 ) AND ( `id` = 2 )  [ RunTime:0.000156s ]
NOTIC: [2] Invalid argument supplied for foreach() E:\xampp\htdocs\zyyj\Application\Home\Controller\LoginController.class.php 第 51 行.
SQL: SELECT * FROM `zyyj_menu` WHERE ( `nid` = 22 ) AND ( `id` = 10 )  [ RunTime:0.000138s ]
NOTIC: [2] Invalid argument supplied for foreach() E:\xampp\htdocs\zyyj\Application\Home\Controller\LoginController.class.php 第 51 行.
SQL: SELECT * FROM `zyyj_menu` WHERE ( `nid` = 22 ) AND ( `id` = 22 )  [ RunTime:0.000137s ]
NOTIC: [2] Invalid argument supplied for foreach() E:\xampp\htdocs\zyyj\Application\Home\Controller\LoginController.class.php 第 51 行.
SQL: SELECT * FROM `zyyj_menu` WHERE ( `nid` = 22 ) AND ( `id` = 23 )  [ RunTime:0.000139s ]
SQL: SELECT * FROM `zyyj_menu` WHERE ( `nid` = 22 ) AND ( `id` = 45 )  [ RunTime:0.000143s ]
SQL: SELECT * FROM `zyyj_menu` WHERE ( `nid` = 22 ) AND ( `id` = 51 )  [ RunTime:0.000138s ]
SQL: SELECT * FROM `zyyj_menu` WHERE ( `nid` = 22 ) AND ( `id` = 27 )  [ RunTime:0.000135s ]
NOTIC: [2] Invalid argument supplied for foreach() E:\xampp\htdocs\zyyj\Application\Home\Controller\LoginController.class.php 第 51 行.
SQL: SELECT * FROM `zyyj_menu` WHERE ( `nid` = 22 ) AND ( `id` = 31 )  [ RunTime:0.000133s ]
NOTIC: [2] Invalid argument supplied for foreach() E:\xampp\htdocs\zyyj\Application\Home\Controller\LoginController.class.php 第 51 行.
SQL: SELECT * FROM `zyyj_menu` WHERE ( `nid` = 22 ) AND ( `id` = 50 )  [ RunTime:0.000158s ]
NOTIC: [2] Invalid argument supplied for foreach() E:\xampp\htdocs\zyyj\Application\Home\Controller\LoginController.class.php 第 51 行.
SQL: SELECT * FROM `zyyj_menu` WHERE ( `nid` = 22 ) AND ( `id` = 0 )  [ RunTime:0.000130s ]
NOTIC: [2] Invalid argument supplied for foreach() E:\xampp\htdocs\zyyj\Application\Home\Controller\LoginController.class.php 第 51 行.
INFO: [ app_end ] --START--
INFO: Run Behavior\ShowPageTraceBehavior [ RunTime:0.000448s ]
INFO: [ app_end ] --END-- [ RunTime:0.000481s ]

[ 2017-04-18T14:54:40+08:00 ] ::1 /zyyj/index.php/Home/Chapter/Chapter_Management?_=1492498471743
INFO: [ app_begin ] --START--
INFO: Run Behavior\ReadHtmlCacheBehavior [ RunTime:0.000520s ]
INFO: [ app_begin ] --END-- [ RunTime:0.000794s ]
INFO: [ view_parse ] --START--
INFO: [ template_filter ] --START--
INFO: Run Behavior\ContentReplaceBehavior [ RunTime:0.000075s ]
INFO: [ template_filter ] --END-- [ RunTime:0.000113s ]
INFO: Run Behavior\ParseTemplateBehavior [ RunTime:0.005269s ]
INFO: [ view_parse ] --END-- [ RunTime:0.005304s ]
INFO: [ view_filter ] --START--
INFO: Run Behavior\WriteHtmlCacheBehavior [ RunTime:0.000157s ]
INFO: [ view_filter ] --END-- [ RunTime:0.000185s ]
INFO: [ app_end ] --START--
INFO: Run Behavior\ShowPageTraceBehavior [ RunTime:0.000408s ]
INFO: [ app_end ] --END-- [ RunTime:0.000441s ]

[ 2017-04-18T14:54:40+08:00 ] ::1 /zyyj/index.php/Home/Chapter/Chapter_get_chapter
INFO: [ app_begin ] --START--
INFO: Run Behavior\ReadHtmlCacheBehavior [ RunTime:0.000508s ]
INFO: [ app_begin ] --END-- [ RunTime:0.000855s ]
SQL: SHOW COLUMNS FROM `zyyj_chapter` [ RunTime:0.001843s ]
SQL: SELECT COUNT(*) AS tp_count FROM `zyyj_chapter` LIMIT 1   [ RunTime:0.000159s ]
SQL: SELECT zyyj_course.name course_name,`chapter_id`,zyyj_chapter.name name,zyyj_chapter.comment  comment FROM `zyyj_chapter` INNER JOIN zyyj_course ON zyyj_chapter.course_id = zyyj_course.course_id  ORDER BY chapter_id DESC LIMIT 0,20   [ RunTime:0.000235s ]
INFO: [ app_end ] --START--
INFO: Run Behavior\ShowPageTraceBehavior [ RunTime:0.000473s ]
INFO: [ app_end ] --END-- [ RunTime:0.000508s ]

[ 2017-04-18T14:54:40+08:00 ] ::1 /zyyj/index.php/Home/Chapter/Chapter_get_course_options
INFO: [ app_begin ] --START--
INFO: Run Behavior\ReadHtmlCacheBehavior [ RunTime:0.000483s ]
INFO: [ app_begin ] --END-- [ RunTime:0.000813s ]
SQL: SHOW COLUMNS FROM `zyyj_course` [ RunTime:0.001981s ]
SQL: SELECT `course_id`,`name` FROM `zyyj_course` WHERE ( parent_id is not null )  [ RunTime:0.000201s ]
INFO: [ app_end ] --START--
INFO: Run Behavior\ShowPageTraceBehavior [ RunTime:0.000553s ]
INFO: [ app_end ] --END-- [ RunTime:0.000588s ]

[ 2017-04-18T14:54:40+08:00 ] ::1 /zyyj/index.php/Home/Chapter/Chapter_get_course_options
INFO: [ app_begin ] --START--
INFO: Run Behavior\ReadHtmlCacheBehavior [ RunTime:0.000510s ]
INFO: [ app_begin ] --END-- [ RunTime:0.000822s ]
SQL: SHOW COLUMNS FROM `zyyj_course` [ RunTime:0.001828s ]
SQL: SELECT `course_id`,`name` FROM `zyyj_course` WHERE ( parent_id is not null )  [ RunTime:0.000183s ]
INFO: [ app_end ] --START--
INFO: Run Behavior\ShowPageTraceBehavior [ RunTime:0.000546s ]
INFO: [ app_end ] --END-- [ RunTime:0.000581s ]

[ 2017-04-18T14:54:42+08:00 ] ::1 /zyyj/index.php/Home/Knowledgepoint/Knowledgepoint_Management?_=1492498471744
INFO: [ app_begin ] --START--
INFO: Run Behavior\ReadHtmlCacheBehavior [ RunTime:0.000389s ]
INFO: [ app_begin ] --END-- [ RunTime:0.000644s ]
INFO: [ view_parse ] --START--
INFO: [ template_filter ] --START--
INFO: Run Behavior\ContentReplaceBehavior [ RunTime:0.000101s ]
INFO: [ template_filter ] --END-- [ RunTime:0.000138s ]
INFO: Run Behavior\ParseTemplateBehavior [ RunTime:0.005932s ]
INFO: [ view_parse ] --END-- [ RunTime:0.005969s ]
INFO: [ view_filter ] --START--
INFO: Run Behavior\WriteHtmlCacheBehavior [ RunTime:0.000158s ]
INFO: [ view_filter ] --END-- [ RunTime:0.000187s ]
INFO: [ app_end ] --START--
INFO: Run Behavior\ShowPageTraceBehavior [ RunTime:0.000409s ]
INFO: [ app_end ] --END-- [ RunTime:0.000441s ]

[ 2017-04-18T14:54:42+08:00 ] ::1 /zyyj/index.php/Home/Knowledgepoint/Kp_get_require_id_options
INFO: [ app_begin ] --START--
INFO: Run Behavior\ReadHtmlCacheBehavior [ RunTime:0.000598s ]
INFO: [ app_begin ] --END-- [ RunTime:0.000967s ]
SQL: SHOW COLUMNS FROM `zyyj_require` [ RunTime:0.002040s ]
SQL: SELECT `require_id`,`name` FROM `zyyj_require`  [ RunTime:0.000176s ]
INFO: [ app_end ] --START--
INFO: Run Behavior\ShowPageTraceBehavior [ RunTime:0.000479s ]
INFO: [ app_end ] --END-- [ RunTime:0.000515s ]

[ 2017-04-18T14:54:42+08:00 ] ::1 /zyyj/index.php/Home/Knowledgepoint/Knowledgepoint_get_knowledgepoint
INFO: [ app_begin ] --START--
INFO: Run Behavior\ReadHtmlCacheBehavior [ RunTime:0.000470s ]
INFO: [ app_begin ] --END-- [ RunTime:0.000838s ]
SQL: SHOW COLUMNS FROM `zyyj_knowledgepoint` [ RunTime:0.001985s ]
SQL: SELECT COUNT(*) AS tp_count FROM `zyyj_knowledgepoint` LIMIT 1   [ RunTime:0.000199s ]
SQL: SELECT zyyj_course.name as course_name,zyyj_chapter.name chapter_name,`know_id`,zyyj_knowledgepoint.name name,zyyj_require.name require_name,zyyj_knowledgepoint.comment  comment FROM `zyyj_knowledgepoint` INNER JOIN zyyj_course ON zyyj_knowledgepoint.course_id = zyyj_course.course_id INNER JOIN zyyj_chapter ON zyyj_knowledgepoint.chapter_id = zyyj_chapter.chapter_id INNER JOIN zyyj_require ON zyyj_knowledgepoint.require_id = zyyj_require.require_id  ORDER BY know_id DESC LIMIT 0,20   [ RunTime:0.000398s ]
INFO: [ app_end ] --START--
INFO: Run Behavior\ShowPageTraceBehavior [ RunTime:0.000544s ]
INFO: [ app_end ] --END-- [ RunTime:0.000580s ]

[ 2017-04-18T14:54:42+08:00 ] ::1 /zyyj/index.php/Home/Knowledgepoint/Kp_get_course_options
INFO: [ app_begin ] --START--
INFO: Run Behavior\ReadHtmlCacheBehavior [ RunTime:0.000577s ]
INFO: [ app_begin ] --END-- [ RunTime:0.000925s ]
SQL: SHOW COLUMNS FROM `zyyj_course` [ RunTime:0.002253s ]
SQL: SELECT `course_id`,`name` FROM `zyyj_course` WHERE ( parent_id is not null )  [ RunTime:0.000262s ]
INFO: [ app_end ] --START--
INFO: Run Behavior\ShowPageTraceBehavior [ RunTime:0.000437s ]
INFO: [ app_end ] --END-- [ RunTime:0.000474s ]

[ 2017-04-18T14:54:42+08:00 ] ::1 /zyyj/index.php/Home/Knowledgepoint/Kp_get_null_option
INFO: [ app_begin ] --START--
INFO: Run Behavior\ReadHtmlCacheBehavior [ RunTime:0.000390s ]
INFO: [ app_begin ] --END-- [ RunTime:0.000642s ]
INFO: [ app_end ] --START--
INFO: Run Behavior\ShowPageTraceBehavior [ RunTime:0.000406s ]
INFO: [ app_end ] --END-- [ RunTime:0.000451s ]

[ 2017-04-18T14:54:42+08:00 ] ::1 /zyyj/index.php/Home/Knowledgepoint/Kp_get_course_options
INFO: [ app_begin ] --START--
INFO: Run Behavior\ReadHtmlCacheBehavior [ RunTime:0.000514s ]
INFO: [ app_begin ] --END-- [ RunTime:0.000808s ]
SQL: SHOW COLUMNS FROM `zyyj_course` [ RunTime:0.002290s ]
SQL: SELECT `course_id`,`name` FROM `zyyj_course` WHERE ( parent_id is not null )  [ RunTime:0.000265s ]
INFO: [ app_end ] --START--
INFO: Run Behavior\ShowPageTraceBehavior [ RunTime:0.000542s ]
INFO: [ app_end ] --END-- [ RunTime:0.000578s ]

[ 2017-04-18T14:54:42+08:00 ] ::1 /zyyj/index.php/Home/Knowledgepoint/Kp_get_require_id_options
INFO: [ app_begin ] --START--
INFO: Run Behavior\ReadHtmlCacheBehavior [ RunTime:0.000513s ]
INFO: [ app_begin ] --END-- [ RunTime:0.000812s ]
SQL: SHOW COLUMNS FROM `zyyj_require` [ RunTime:0.002710s ]
SQL: SELECT `require_id`,`name` FROM `zyyj_require`  [ RunTime:0.000230s ]
INFO: [ app_end ] --START--
INFO: Run Behavior\ShowPageTraceBehavior [ RunTime:0.000592s ]
INFO: [ app_end ] --END-- [ RunTime:0.000631s ]

[ 2017-04-18T14:54:42+08:00 ] ::1 /zyyj/index.php/Home/Knowledgepoint/Kp_get_course_options
INFO: [ app_begin ] --START--
INFO: Run Behavior\ReadHtmlCacheBehavior [ RunTime:0.000409s ]
INFO: [ app_begin ] --END-- [ RunTime:0.000701s ]
SQL: SHOW COLUMNS FROM `zyyj_course` [ RunTime:0.002133s ]
SQL: SELECT `course_id`,`name` FROM `zyyj_course` WHERE ( parent_id is not null )  [ RunTime:0.000224s ]
INFO: [ app_end ] --START--
INFO: Run Behavior\ShowPageTraceBehavior [ RunTime:0.000532s ]
INFO: [ app_end ] --END-- [ RunTime:0.000569s ]

[ 2017-04-18T14:54:42+08:00 ] ::1 /zyyj/index.php/Home/Knowledgepoint/Kp_get_null_option
INFO: [ app_begin ] --START--
INFO: Run Behavior\ReadHtmlCacheBehavior [ RunTime:0.000535s ]
INFO: [ app_begin ] --END-- [ RunTime:0.000793s ]
INFO: [ app_end ] --START--
INFO: Run Behavior\ShowPageTraceBehavior [ RunTime:0.000396s ]
INFO: [ app_end ] --END-- [ RunTime:0.000441s ]

[ 2017-04-18T14:54:42+08:00 ] ::1 /zyyj/index.php/Home/Knowledgepoint/Kp_get_require_id_options
INFO: [ app_begin ] --START--
INFO: Run Behavior\ReadHtmlCacheBehavior [ RunTime:0.000395s ]
INFO: [ app_begin ] --END-- [ RunTime:0.000654s ]
SQL: SHOW COLUMNS FROM `zyyj_require` [ RunTime:0.002063s ]
SQL: SELECT `require_id`,`name` FROM `zyyj_require`  [ RunTime:0.000245s ]
INFO: [ app_end ] --START--
INFO: Run Behavior\ShowPageTraceBehavior [ RunTime:0.000486s ]
INFO: [ app_end ] --END-- [ RunTime:0.000523s ]

[ 2017-04-18T14:54:45+08:00 ] ::1 /zyyj/index.php/Home/Login/Login_get_menu
INFO: [ app_begin ] --START--
INFO: Run Behavior\ReadHtmlCacheBehavior [ RunTime:0.000390s ]
INFO: [ app_begin ] --END-- [ RunTime:0.000636s ]
SQL: SHOW COLUMNS FROM `zyyj_post` [ RunTime:0.002947s ]
SQL: SHOW COLUMNS FROM `zyyj_menu` [ RunTime:0.001844s ]
SQL: SELECT * FROM `zyyj_post` WHERE ( `post_id` = 3 )  [ RunTime:0.000215s ]
SQL: SELECT * FROM `zyyj_menu` WHERE ( `nid` = 27 ) AND ( `id` = 1 )  [ RunTime:0.000182s ]
NOTIC: [2] Invalid argument supplied for foreach() E:\xampp\htdocs\zyyj\Application\Home\Controller\LoginController.class.php 第 51 行.
SQL: SELECT * FROM `zyyj_menu` WHERE ( `nid` = 27 ) AND ( `id` = 0 )  [ RunTime:0.000164s ]
NOTIC: [2] Invalid argument supplied for foreach() E:\xampp\htdocs\zyyj\Application\Home\Controller\LoginController.class.php 第 51 行.
SQL: SELECT * FROM `zyyj_menu` WHERE ( `nid` = 27 ) AND ( `id` = 2 )  [ RunTime:0.000167s ]
NOTIC: [2] Invalid argument supplied for foreach() E:\xampp\htdocs\zyyj\Application\Home\Controller\LoginController.class.php 第 51 行.
SQL: SELECT * FROM `zyyj_menu` WHERE ( `nid` = 27 ) AND ( `id` = 10 )  [ RunTime:0.000173s ]
NOTIC: [2] Invalid argument supplied for foreach() E:\xampp\htdocs\zyyj\Application\Home\Controller\LoginController.class.php 第 51 行.
SQL: SELECT * FROM `zyyj_menu` WHERE ( `nid` = 27 ) AND ( `id` = 22 )  [ RunTime:0.000187s ]
NOTIC: [2] Invalid argument supplied for foreach() E:\xampp\htdocs\zyyj\Application\Home\Controller\LoginController.class.php 第 51 行.
SQL: SELECT * FROM `zyyj_menu` WHERE ( `nid` = 27 ) AND ( `id` = 23 )  [ RunTime:0.000188s ]
NOTIC: [2] Invalid argument supplied for foreach() E:\xampp\htdocs\zyyj\Application\Home\Controller\LoginController.class.php 第 51 行.
SQL: SELECT * FROM `zyyj_menu` WHERE ( `nid` = 27 ) AND ( `id` = 45 )  [ RunTime:0.000164s ]
NOTIC: [2] Invalid argument supplied for foreach() E:\xampp\htdocs\zyyj\Application\Home\Controller\LoginController.class.php 第 51 行.
SQL: SELECT * FROM `zyyj_menu` WHERE ( `nid` = 27 ) AND ( `id` = 51 )  [ RunTime:0.000197s ]
NOTIC: [2] Invalid argument supplied for foreach() E:\xampp\htdocs\zyyj\Application\Home\Controller\LoginController.class.php 第 51 行.
SQL: SELECT * FROM `zyyj_menu` WHERE ( `nid` = 27 ) AND ( `id` = 27 )  [ RunTime:0.000150s ]
NOTIC: [2] Invalid argument supplied for foreach() E:\xampp\htdocs\zyyj\Application\Home\Controller\LoginController.class.php 第 51 行.
SQL: SELECT * FROM `zyyj_menu` WHERE ( `nid` = 27 ) AND ( `id` = 31 )  [ RunTime:0.000157s ]
SQL: SELECT * FROM `zyyj_menu` WHERE ( `nid` = 27 ) AND ( `id` = 50 )  [ RunTime:0.000162s ]
SQL: SELECT * FROM `zyyj_menu` WHERE ( `nid` = 27 ) AND ( `id` = 0 )  [ RunTime:0.000125s ]
NOTIC: [2] Invalid argument supplied for foreach() E:\xampp\htdocs\zyyj\Application\Home\Controller\LoginController.class.php 第 51 行.
INFO: [ app_end ] --START--
INFO: Run Behavior\ShowPageTraceBehavior [ RunTime:0.000476s ]
INFO: [ app_end ] --END-- [ RunTime:0.000514s ]

[ 2017-04-18T14:54:45+08:00 ] ::1 /zyyj/index.php/Home/Question/Question_index?_=1492498471745
INFO: [ app_begin ] --START--
INFO: Run Behavior\ReadHtmlCacheBehavior [ RunTime:0.000394s ]
INFO: [ app_begin ] --END-- [ RunTime:0.000641s ]
INFO: [ view_parse ] --START--
INFO: [ template_filter ] --START--
INFO: Run Behavior\ContentReplaceBehavior [ RunTime:0.000077s ]
INFO: [ template_filter ] --END-- [ RunTime:0.000126s ]
INFO: Run Behavior\ParseTemplateBehavior [ RunTime:0.005916s ]
INFO: [ view_parse ] --END-- [ RunTime:0.005951s ]
INFO: [ view_filter ] --START--
INFO: Run Behavior\WriteHtmlCacheBehavior [ RunTime:0.000189s ]
INFO: [ view_filter ] --END-- [ RunTime:0.000218s ]
INFO: [ app_end ] --START--
INFO: Run Behavior\ShowPageTraceBehavior [ RunTime:0.000409s ]
INFO: [ app_end ] --END-- [ RunTime:0.000439s ]

[ 2017-04-18T14:54:46+08:00 ] ::1 /zyyj/index.php/Home/Question/Question_get_know
INFO: [ app_begin ] --START--
INFO: Run Behavior\ReadHtmlCacheBehavior [ RunTime:0.000548s ]
INFO: [ app_begin ] --END-- [ RunTime:0.000905s ]
SQL: SHOW COLUMNS FROM `zyyj_knowledgepoint` [ RunTime:0.001898s ]
SQL: SELECT * FROM `zyyj_knowledgepoint` ORDER BY know_id desc  [ RunTime:0.000209s ]
INFO: [ app_end ] --START--
INFO: Run Behavior\ShowPageTraceBehavior [ RunTime:0.000485s ]
INFO: [ app_end ] --END-- [ RunTime:0.000523s ]

[ 2017-04-18T14:54:46+08:00 ] ::1 /zyyj/index.php/Home/Question/Question_get_chapter
INFO: [ app_begin ] --START--
INFO: Run Behavior\ReadHtmlCacheBehavior [ RunTime:0.000584s ]
INFO: [ app_begin ] --END-- [ RunTime:0.000958s ]
SQL: SHOW COLUMNS FROM `zyyj_chapter` [ RunTime:0.001974s ]
SQL: SELECT * FROM `zyyj_chapter` ORDER BY chapter_id desc  [ RunTime:0.000210s ]
INFO: [ app_end ] --START--
INFO: Run Behavior\ShowPageTraceBehavior [ RunTime:0.000487s ]
INFO: [ app_end ] --END-- [ RunTime:0.000524s ]

[ 2017-04-18T14:54:46+08:00 ] ::1 /zyyj/index.php/Home/Question/Question_get_course
INFO: [ app_begin ] --START--
INFO: Run Behavior\ReadHtmlCacheBehavior [ RunTime:0.000596s ]
INFO: [ app_begin ] --END-- [ RunTime:0.000964s ]
SQL: SHOW COLUMNS FROM `zyyj_course` [ RunTime:0.008988s ]
SQL: SELECT * FROM `zyyj_course`  [ RunTime:0.000209s ]
INFO: [ app_end ] --START--
INFO: Run Behavior\ShowPageTraceBehavior [ RunTime:0.000425s ]
INFO: [ app_end ] --END-- [ RunTime:0.000459s ]

[ 2017-04-18T14:54:46+08:00 ] ::1 /zyyj/index.php/Home/Question/Question_get_know
INFO: [ app_begin ] --START--
INFO: Run Behavior\ReadHtmlCacheBehavior [ RunTime:0.000492s ]
INFO: [ app_begin ] --END-- [ RunTime:0.000769s ]
SQL: SHOW COLUMNS FROM `zyyj_knowledgepoint` [ RunTime:0.002148s ]
SQL: SELECT * FROM `zyyj_knowledgepoint` ORDER BY know_id desc  [ RunTime:0.000203s ]
INFO: [ app_end ] --START--
INFO: Run Behavior\ShowPageTraceBehavior [ RunTime:0.000480s ]
INFO: [ app_end ] --END-- [ RunTime:0.000514s ]

[ 2017-04-18T14:54:46+08:00 ] ::1 /zyyj/index.php/Home/Question/Question_get_level
INFO: [ app_begin ] --START--
INFO: Run Behavior\ReadHtmlCacheBehavior [ RunTime:0.000602s ]
INFO: [ app_begin ] --END-- [ RunTime:0.000941s ]
SQL: SHOW COLUMNS FROM `zyyj_question_level` [ RunTime:0.001993s ]
SQL: SELECT * FROM `zyyj_question_level` ORDER BY level_id desc  [ RunTime:0.000162s ]
INFO: [ app_end ] --START--
INFO: Run Behavior\ShowPageTraceBehavior [ RunTime:0.000425s ]
INFO: [ app_end ] --END-- [ RunTime:0.000460s ]

[ 2017-04-18T14:54:46+08:00 ] ::1 /zyyj/index.php/Home/Question/Question_get_level
INFO: [ app_begin ] --START--
INFO: Run Behavior\ReadHtmlCacheBehavior [ RunTime:0.000404s ]
INFO: [ app_begin ] --END-- [ RunTime:0.000773s ]
SQL: SHOW COLUMNS FROM `zyyj_question_level` [ RunTime:0.001781s ]
SQL: SELECT * FROM `zyyj_question_level` ORDER BY level_id desc  [ RunTime:0.000154s ]
INFO: [ app_end ] --START--
INFO: Run Behavior\ShowPageTraceBehavior [ RunTime:0.000515s ]
INFO: [ app_end ] --END-- [ RunTime:0.000551s ]

[ 2017-04-18T14:54:46+08:00 ] ::1 /zyyj/index.php/Home/Question/Question_get_chapter
INFO: [ app_begin ] --START--
INFO: Run Behavior\ReadHtmlCacheBehavior [ RunTime:0.000392s ]
INFO: [ app_begin ] --END-- [ RunTime:0.000644s ]
SQL: SHOW COLUMNS FROM `zyyj_chapter` [ RunTime:0.002062s ]
SQL: SELECT * FROM `zyyj_chapter` ORDER BY chapter_id desc  [ RunTime:0.000214s ]
INFO: [ app_end ] --START--
INFO: Run Behavior\ShowPageTraceBehavior [ RunTime:0.000453s ]
INFO: [ app_end ] --END-- [ RunTime:0.000488s ]

[ 2017-04-18T14:54:46+08:00 ] ::1 /zyyj/index.php/Home/Question/Question_get_course
INFO: [ app_begin ] --START--
INFO: Run Behavior\ReadHtmlCacheBehavior [ RunTime:0.000393s ]
INFO: [ app_begin ] --END-- [ RunTime:0.000645s ]
SQL: SHOW COLUMNS FROM `zyyj_course` [ RunTime:0.001932s ]
SQL: SELECT * FROM `zyyj_course`  [ RunTime:0.000216s ]
INFO: [ app_end ] --START--
INFO: Run Behavior\ShowPageTraceBehavior [ RunTime:0.000470s ]
INFO: [ app_end ] --END-- [ RunTime:0.000506s ]

[ 2017-04-18T14:54:46+08:00 ] ::1 /zyyj/index.php/Home/Question/Question_get_know
INFO: [ app_begin ] --START--
INFO: Run Behavior\ReadHtmlCacheBehavior [ RunTime:0.000395s ]
INFO: [ app_begin ] --END-- [ RunTime:0.000692s ]
SQL: SHOW COLUMNS FROM `zyyj_knowledgepoint` [ RunTime:0.002417s ]
SQL: SELECT * FROM `zyyj_knowledgepoint` ORDER BY know_id desc  [ RunTime:0.000273s ]
INFO: [ app_end ] --START--
INFO: Run Behavior\ShowPageTraceBehavior [ RunTime:0.000731s ]
INFO: [ app_end ] --END-- [ RunTime:0.000781s ]

[ 2017-04-18T14:54:46+08:00 ] ::1 /zyyj/index.php/Home/Question/Question_get_chapter
INFO: [ app_begin ] --START--
INFO: Run Behavior\ReadHtmlCacheBehavior [ RunTime:0.000388s ]
INFO: [ app_begin ] --END-- [ RunTime:0.000662s ]
SQL: SHOW COLUMNS FROM `zyyj_chapter` [ RunTime:0.001862s ]
SQL: SELECT * FROM `zyyj_chapter` ORDER BY chapter_id desc  [ RunTime:0.000262s ]
INFO: [ app_end ] --START--
INFO: Run Behavior\ShowPageTraceBehavior [ RunTime:0.000446s ]
INFO: [ app_end ] --END-- [ RunTime:0.000481s ]

[ 2017-04-18T14:54:46+08:00 ] ::1 /zyyj/index.php/Home/Question/Question_get_course
INFO: [ app_begin ] --START--
INFO: Run Behavior\ReadHtmlCacheBehavior [ RunTime:0.000427s ]
INFO: [ app_begin ] --END-- [ RunTime:0.000668s ]
SQL: SHOW COLUMNS FROM `zyyj_course` [ RunTime:0.001946s ]
SQL: SELECT * FROM `zyyj_course`  [ RunTime:0.000205s ]
INFO: [ app_end ] --START--
INFO: Run Behavior\ShowPageTraceBehavior [ RunTime:0.000441s ]
INFO: [ app_end ] --END-- [ RunTime:0.000477s ]

[ 2017-04-18T14:54:46+08:00 ] ::1 /zyyj/index.php/Home/Question/Question_get_data
INFO: [ app_begin ] --START--
INFO: Run Behavior\ReadHtmlCacheBehavior [ RunTime:0.000558s ]
INFO: [ app_begin ] --END-- [ RunTime:0.000891s ]
NOTIC: [8] Undefined index: level_id E:\xampp\htdocs\zyyj\Application\Home\Controller\QuestionController.class.php 第 19 行.
NOTIC: [8] Undefined index: know_id E:\xampp\htdocs\zyyj\Application\Home\Controller\QuestionController.class.php 第 20 行.
NOTIC: [8] Undefined index: chapter_id E:\xampp\htdocs\zyyj\Application\Home\Controller\QuestionController.class.php 第 21 行.
NOTIC: [8] Undefined index: course_id E:\xampp\htdocs\zyyj\Application\Home\Controller\QuestionController.class.php 第 22 行.
SQL: SHOW COLUMNS FROM `zyyj_question` [ RunTime:0.002173s ]
SQL: SELECT zyyj_question_level.name level_name,zyyj_knowledgepoint.name know_name,zyyj_course.name course_name,zyyj_question.question_id question_id,zyyj_question.question question,zyyj_chapter.name chapter_name,zyyj_question.rightanswer rightanswer FROM `zyyj_question` INNER JOIN zyyj_question_level ON zyyj_question.level_id = zyyj_question_level.level_id INNER JOIN zyyj_knowledgepoint ON zyyj_question.know_id = zyyj_knowledgepoint.know_id INNER JOIN zyyj_chapter ON zyyj_question.chapter_id = zyyj_chapter.chapter_id INNER JOIN zyyj_course ON zyyj_question.course_id = zyyj_course.course_id  ORDER BY question_id desc LIMIT 0,20   [ RunTime:0.000651s ]
SQL: SELECT zyyj_question_level.name level_name,zyyj_knowledgepoint.name know_name,zyyj_course.name course_name,zyyj_question.question_id question_id,zyyj_question.question question,zyyj_chapter.name chapter_name,zyyj_question.rightanswer rightanswer FROM `zyyj_question` INNER JOIN zyyj_question_level ON zyyj_question.level_id = zyyj_question_level.level_id INNER JOIN zyyj_knowledgepoint ON zyyj_question.know_id = zyyj_knowledgepoint.know_id INNER JOIN zyyj_chapter ON zyyj_question.chapter_id = zyyj_chapter.chapter_id INNER JOIN zyyj_course ON zyyj_question.course_id = zyyj_course.course_id  ORDER BY question_id desc  [ RunTime:0.000654s ]
INFO: [ app_end ] --START--
INFO: Run Behavior\ShowPageTraceBehavior [ RunTime:0.000493s ]
INFO: [ app_end ] --END-- [ RunTime:0.000536s ]

[ 2017-04-18T14:54:46+08:00 ] ::1 /zyyj/index.php/Home/Question/Question_get_course
INFO: [ app_begin ] --START--
INFO: Run Behavior\ReadHtmlCacheBehavior [ RunTime:0.000379s ]
INFO: [ app_begin ] --END-- [ RunTime:0.000661s ]
SQL: SHOW COLUMNS FROM `zyyj_course` [ RunTime:0.002363s ]
SQL: SELECT * FROM `zyyj_course`  [ RunTime:0.000315s ]
INFO: [ app_end ] --START--
INFO: Run Behavior\ShowPageTraceBehavior [ RunTime:0.000513s ]
INFO: [ app_end ] --END-- [ RunTime:0.000563s ]

[ 2017-04-18T14:54:46+08:00 ] ::1 /zyyj/index.php/Home/Question/Question_get_chapter
INFO: [ app_begin ] --START--
INFO: Run Behavior\ReadHtmlCacheBehavior [ RunTime:0.000599s ]
INFO: [ app_begin ] --END-- [ RunTime:0.000964s ]
SQL: SHOW COLUMNS FROM `zyyj_chapter` [ RunTime:0.002017s ]
SQL: SELECT * FROM `zyyj_chapter` ORDER BY chapter_id desc  [ RunTime:0.000222s ]
INFO: [ app_end ] --START--
INFO: Run Behavior\ShowPageTraceBehavior [ RunTime:0.000423s ]
INFO: [ app_end ] --END-- [ RunTime:0.000460s ]

[ 2017-04-18T14:54:46+08:00 ] ::1 /zyyj/index.php/Home/Question/Question_get_know
INFO: [ app_begin ] --START--
INFO: Run Behavior\ReadHtmlCacheBehavior [ RunTime:0.000390s ]
INFO: [ app_begin ] --END-- [ RunTime:0.000663s ]
SQL: SHOW COLUMNS FROM `zyyj_knowledgepoint` [ RunTime:0.001997s ]
SQL: SELECT * FROM `zyyj_knowledgepoint` ORDER BY know_id desc  [ RunTime:0.000236s ]
INFO: [ app_end ] --START--
INFO: Run Behavior\ShowPageTraceBehavior [ RunTime:0.000437s ]
INFO: [ app_end ] --END-- [ RunTime:0.000472s ]

[ 2017-04-18T14:54:46+08:00 ] ::1 /zyyj/index.php/Home/Question/Question_get_level
INFO: [ app_begin ] --START--
INFO: Run Behavior\ReadHtmlCacheBehavior [ RunTime:0.000384s ]
INFO: [ app_begin ] --END-- [ RunTime:0.000631s ]
SQL: SHOW COLUMNS FROM `zyyj_question_level` [ RunTime:0.001813s ]
SQL: SELECT * FROM `zyyj_question_level` ORDER BY level_id desc  [ RunTime:0.000182s ]
INFO: [ app_end ] --START--
INFO: Run Behavior\ShowPageTraceBehavior [ RunTime:0.000410s ]
INFO: [ app_end ] --END-- [ RunTime:0.000445s ]

[ 2017-04-18T14:54:46+08:00 ] ::1 /zyyj/index.php/Home/Question/Question_get_course
INFO: [ app_begin ] --START--
INFO: Run Behavior\ReadHtmlCacheBehavior [ RunTime:0.000384s ]
INFO: [ app_begin ] --END-- [ RunTime:0.000632s ]
SQL: SHOW COLUMNS FROM `zyyj_course` [ RunTime:0.002034s ]
SQL: SELECT * FROM `zyyj_course`  [ RunTime:0.000224s ]
INFO: [ app_end ] --START--
INFO: Run Behavior\ShowPageTraceBehavior [ RunTime:0.000449s ]
INFO: [ app_end ] --END-- [ RunTime:0.000486s ]

[ 2017-04-18T14:54:46+08:00 ] ::1 /zyyj/index.php/Home/Question/Question_get_chapter
INFO: [ app_begin ] --START--
INFO: Run Behavior\ReadHtmlCacheBehavior [ RunTime:0.000461s ]
INFO: [ app_begin ] --END-- [ RunTime:0.000736s ]
SQL: SHOW COLUMNS FROM `zyyj_chapter` [ RunTime:0.002091s ]
SQL: SELECT * FROM `zyyj_chapter` ORDER BY chapter_id desc  [ RunTime:0.000247s ]
INFO: [ app_end ] --START--
INFO: Run Behavior\ShowPageTraceBehavior [ RunTime:0.000595s ]
INFO: [ app_end ] --END-- [ RunTime:0.000668s ]

[ 2017-04-18T14:54:46+08:00 ] ::1 /zyyj/index.php/Home/Question/Question_get_know
INFO: [ app_begin ] --START--
INFO: Run Behavior\ReadHtmlCacheBehavior [ RunTime:0.000660s ]
INFO: [ app_begin ] --END-- [ RunTime:0.001042s ]
SQL: SHOW COLUMNS FROM `zyyj_knowledgepoint` [ RunTime:0.001957s ]
SQL: SELECT * FROM `zyyj_knowledgepoint` ORDER BY know_id desc  [ RunTime:0.000196s ]
INFO: [ app_end ] --START--
INFO: Run Behavior\ShowPageTraceBehavior [ RunTime:0.000498s ]
INFO: [ app_end ] --END-- [ RunTime:0.000533s ]

[ 2017-04-18T14:54:46+08:00 ] ::1 /zyyj/index.php/Home/Question/Question_get_level
INFO: [ app_begin ] --START--
INFO: Run Behavior\ReadHtmlCacheBehavior [ RunTime:0.000400s ]
INFO: [ app_begin ] --END-- [ RunTime:0.000660s ]
SQL: SHOW COLUMNS FROM `zyyj_question_level` [ RunTime:0.002010s ]
SQL: SELECT * FROM `zyyj_question_level` ORDER BY level_id desc  [ RunTime:0.000194s ]
INFO: [ app_end ] --START--
INFO: Run Behavior\ShowPageTraceBehavior [ RunTime:0.000465s ]
INFO: [ app_end ] --END-- [ RunTime:0.000504s ]

[ 2017-04-18T14:54:46+08:00 ] ::1 /zyyj/index.php/Home/Question/Question_get_course
INFO: [ app_begin ] --START--
INFO: Run Behavior\ReadHtmlCacheBehavior [ RunTime:0.000462s ]
INFO: [ app_begin ] --END-- [ RunTime:0.000720s ]
SQL: SHOW COLUMNS FROM `zyyj_course` [ RunTime:0.002313s ]
SQL: SELECT * FROM `zyyj_course`  [ RunTime:0.000241s ]
INFO: [ app_end ] --START--
INFO: Run Behavior\ShowPageTraceBehavior [ RunTime:0.000466s ]
INFO: [ app_end ] --END-- [ RunTime:0.000507s ]

[ 2017-04-18T14:54:46+08:00 ] ::1 /zyyj/index.php/Home/Question/Question_get_chapter
INFO: [ app_begin ] --START--
INFO: Run Behavior\ReadHtmlCacheBehavior [ RunTime:0.000515s ]
INFO: [ app_begin ] --END-- [ RunTime:0.000770s ]
SQL: SHOW COLUMNS FROM `zyyj_chapter` [ RunTime:0.001949s ]
SQL: SELECT * FROM `zyyj_chapter` ORDER BY chapter_id desc  [ RunTime:0.000186s ]
INFO: [ app_end ] --START--
INFO: Run Behavior\ShowPageTraceBehavior [ RunTime:0.000475s ]
INFO: [ app_end ] --END-- [ RunTime:0.000512s ]

[ 2017-04-18T14:54:46+08:00 ] ::1 /zyyj/index.php/Home/Question/Question_get_know
INFO: [ app_begin ] --START--
INFO: Run Behavior\ReadHtmlCacheBehavior [ RunTime:0.000633s ]
INFO: [ app_begin ] --END-- [ RunTime:0.001001s ]
SQL: SHOW COLUMNS FROM `zyyj_knowledgepoint` [ RunTime:0.001997s ]
SQL: SELECT * FROM `zyyj_knowledgepoint` ORDER BY know_id desc  [ RunTime:0.000224s ]
INFO: [ app_end ] --START--
INFO: Run Behavior\ShowPageTraceBehavior [ RunTime:0.000459s ]
INFO: [ app_end ] --END-- [ RunTime:0.000494s ]

[ 2017-04-18T14:54:52+08:00 ] ::1 /zyyj/index.php/Home/Question/Question_status?_=1492498471747
INFO: [ app_begin ] --START--
INFO: Run Behavior\ReadHtmlCacheBehavior [ RunTime:0.000396s ]
INFO: [ app_begin ] --END-- [ RunTime:0.000637s ]
INFO: [ view_parse ] --START--
INFO: [ template_filter ] --START--
INFO: Run Behavior\ContentReplaceBehavior [ RunTime:0.000035s ]
INFO: [ template_filter ] --END-- [ RunTime:0.000068s ]
INFO: Run Behavior\ParseTemplateBehavior [ RunTime:0.005358s ]
INFO: [ view_parse ] --END-- [ RunTime:0.005393s ]
INFO: [ view_filter ] --START--
INFO: Run Behavior\WriteHtmlCacheBehavior [ RunTime:0.000238s ]
INFO: [ view_filter ] --END-- [ RunTime:0.000266s ]
INFO: [ app_end ] --START--
INFO: Run Behavior\ShowPageTraceBehavior [ RunTime:0.000400s ]
INFO: [ app_end ] --END-- [ RunTime:0.000429s ]

[ 2017-04-18T14:54:52+08:00 ] ::1 /zyyj//Home/Question/Question_get_status?_=1492498471748
INFO: [ app_begin ] --START--
INFO: Run Behavior\ReadHtmlCacheBehavior [ RunTime:0.000376s ]
INFO: [ app_begin ] --END-- [ RunTime:0.000637s ]
SQL: SHOW COLUMNS FROM `zyyj_question` [ RunTime:0.002289s ]
SQL: SELECT * FROM `zyyj_question`  [ RunTime:0.000349s ]
SQL: SELECT * FROM `zyyj_question` WHERE ( `level_id` = 3 )  [ RunTime:0.000237s ]
SQL: SELECT * FROM `zyyj_question` WHERE ( `level_id` = 2 )  [ RunTime:0.000250s ]
SQL: SELECT * FROM `zyyj_question` WHERE ( `level_id` = 1 )  [ RunTime:0.000250s ]
INFO: [ app_end ] --START--
INFO: Run Behavior\ShowPageTraceBehavior [ RunTime:0.000461s ]
INFO: [ app_end ] --END-- [ RunTime:0.000495s ]

