[ 2017-05-10T10:18:21+08:00 ] ::1 /zyyj/index.php/Home/Login/Login_login
INFO: [ app_begin ] --START--
INFO: Run Behavior\ReadHtmlCacheBehavior [ RunTime:0.001000s ]
INFO: [ app_begin ] --END-- [ RunTime:0.001000s ]
NOTIC: [8192] mysql_connect(): The mysql extension is deprecated and will be removed in the future: use mysqli or PDO instead E:\Program Files\PHPtools\Apach2.4\Apache24\htdocs\zyyj\ThinkPHP\Library\Think\Db\Driver\Mysql.class.php 第 52 行.
SQL: SHOW COLUMNS FROM `zyyj_user` [ RunTime:0.093006s ]
SQL: SHOW COLUMNS FROM `zyyj_department` [ RunTime:0.028001s ]
SQL: SELECT * FROM `zyyj_user` WHERE ( `name` = 'admin' )  [ RunTime:0.028002s ]
SQL: SELECT * FROM `zyyj_department` WHERE ( `department_id` = null )  [ RunTime:0.001000s ]

[ 2017-05-10T10:18:22+08:00 ] ::1 /zyyj/index.php/Home/Login/Login_get_menu
INFO: [ app_begin ] --START--
INFO: Run Behavior\ReadHtmlCacheBehavior [ RunTime:0.001000s ]
INFO: [ app_begin ] --END-- [ RunTime:0.001000s ]
NOTIC: [8192] mysql_connect(): The mysql extension is deprecated and will be removed in the future: use mysqli or PDO instead E:\Program Files\PHPtools\Apach2.4\Apache24\htdocs\zyyj\ThinkPHP\Library\Think\Db\Driver\Mysql.class.php 第 52 行.
SQL: SHOW COLUMNS FROM `zyyj_post` [ RunTime:0.228013s ]
SQL: SHOW COLUMNS FROM `zyyj_menu` [ RunTime:0.155009s ]
SQL: SELECT * FROM `zyyj_post` WHERE ( `post_id` = 1 )  [ RunTime:0.013001s ]
SQL: SELECT * FROM `zyyj_menu` WHERE ( `nid` = 0 ) AND ( `id` = 1 )  [ RunTime:0.010001s ]
SQL: SELECT * FROM `zyyj_menu` WHERE ( `nid` = 0 ) AND ( `id` = 0 )  [ RunTime:0.001000s ]
NOTIC: [2] Invalid argument supplied for foreach() E:\Program Files\PHPtools\Apach2.4\Apache24\htdocs\zyyj\Application\Home\Controller\LoginController.class.php 第 51 行.
SQL: SELECT * FROM `zyyj_menu` WHERE ( `nid` = 0 ) AND ( `id` = 2 )  [ RunTime:0.000000s ]
NOTIC: [2] Invalid argument supplied for foreach() E:\Program Files\PHPtools\Apach2.4\Apache24\htdocs\zyyj\Application\Home\Controller\LoginController.class.php 第 51 行.
SQL: SELECT * FROM `zyyj_menu` WHERE ( `nid` = 0 ) AND ( `id` = 10 )  [ RunTime:0.000000s ]
NOTIC: [2] Invalid argument supplied for foreach() E:\Program Files\PHPtools\Apach2.4\Apache24\htdocs\zyyj\Application\Home\Controller\LoginController.class.php 第 51 行.
SQL: SELECT * FROM `zyyj_menu` WHERE ( `nid` = 0 ) AND ( `id` = 13 )  [ RunTime:0.001000s ]
SQL: SELECT * FROM `zyyj_menu` WHERE ( `nid` = 0 ) AND ( `id` = 14 )  [ RunTime:0.000000s ]
NOTIC: [2] Invalid argument supplied for foreach() E:\Program Files\PHPtools\Apach2.4\Apache24\htdocs\zyyj\Application\Home\Controller\LoginController.class.php 第 51 行.
SQL: SELECT * FROM `zyyj_menu` WHERE ( `nid` = 0 ) AND ( `id` = 15 )  [ RunTime:0.000000s ]
NOTIC: [2] Invalid argument supplied for foreach() E:\Program Files\PHPtools\Apach2.4\Apache24\htdocs\zyyj\Application\Home\Controller\LoginController.class.php 第 51 行.
SQL: SELECT * FROM `zyyj_menu` WHERE ( `nid` = 0 ) AND ( `id` = 54 )  [ RunTime:0.001000s ]
NOTIC: [2] Invalid argument supplied for foreach() E:\Program Files\PHPtools\Apach2.4\Apache24\htdocs\zyyj\Application\Home\Controller\LoginController.class.php 第 51 行.
SQL: SELECT * FROM `zyyj_menu` WHERE ( `nid` = 0 ) AND ( `id` = 35 )  [ RunTime:0.000000s ]
SQL: SELECT * FROM `zyyj_menu` WHERE ( `nid` = 0 ) AND ( `id` = 0 )  [ RunTime:0.000000s ]
NOTIC: [2] Invalid argument supplied for foreach() E:\Program Files\PHPtools\Apach2.4\Apache24\htdocs\zyyj\Application\Home\Controller\LoginController.class.php 第 51 行.
INFO: [ app_end ] --START--
INFO: Run Behavior\ShowPageTraceBehavior [ RunTime:0.001000s ]
INFO: [ app_end ] --END-- [ RunTime:0.001000s ]

[ 2017-05-10T12:44:34+08:00 ] ::1 /zyyj/index.php/Home/Login/Login_login
INFO: [ app_begin ] --START--
INFO: Run Behavior\ReadHtmlCacheBehavior [ RunTime:0.001000s ]
INFO: [ app_begin ] --END-- [ RunTime:0.002000s ]
NOTIC: [8192] mysql_connect(): The mysql extension is deprecated and will be removed in the future: use mysqli or PDO instead E:\Program Files\PHPtools\Apach2.4\Apache24\htdocs\zyyj\ThinkPHP\Library\Think\Db\Driver\Mysql.class.php 第 52 行.
SQL: SHOW COLUMNS FROM `zyyj_user` [ RunTime:0.003000s ]
SQL: SHOW COLUMNS FROM `zyyj_department` [ RunTime:0.004000s ]
SQL: SELECT * FROM `zyyj_user` WHERE ( `name` = 'secretary' )  [ RunTime:0.000000s ]
SQL: SELECT * FROM `zyyj_department` WHERE ( `department_id` = 3 )  [ RunTime:0.000000s ]

[ 2017-05-10T12:44:34+08:00 ] ::1 /zyyj/index.php/Home/Login/Login_get_menu
INFO: [ app_begin ] --START--
INFO: Run Behavior\ReadHtmlCacheBehavior [ RunTime:0.001000s ]
INFO: [ app_begin ] --END-- [ RunTime:0.002000s ]
NOTIC: [8192] mysql_connect(): The mysql extension is deprecated and will be removed in the future: use mysqli or PDO instead E:\Program Files\PHPtools\Apach2.4\Apache24\htdocs\zyyj\ThinkPHP\Library\Think\Db\Driver\Mysql.class.php 第 52 行.
SQL: SHOW COLUMNS FROM `zyyj_post` [ RunTime:0.004000s ]
SQL: SHOW COLUMNS FROM `zyyj_menu` [ RunTime:0.005001s ]
SQL: SELECT * FROM `zyyj_post` WHERE ( `post_id` = 4 )  [ RunTime:0.000000s ]
SQL: SELECT * FROM `zyyj_menu` WHERE ( `nid` = 0 ) AND ( `id` = 1 )  [ RunTime:0.000000s ]
SQL: SELECT * FROM `zyyj_menu` WHERE ( `nid` = 0 ) AND ( `id` = 0 )  [ RunTime:0.000000s ]
NOTIC: [2] Invalid argument supplied for foreach() E:\Program Files\PHPtools\Apach2.4\Apache24\htdocs\zyyj\Application\Home\Controller\LoginController.class.php 第 51 行.
SQL: SELECT * FROM `zyyj_menu` WHERE ( `nid` = 0 ) AND ( `id` = 2 )  [ RunTime:0.000000s ]
NOTIC: [2] Invalid argument supplied for foreach() E:\Program Files\PHPtools\Apach2.4\Apache24\htdocs\zyyj\Application\Home\Controller\LoginController.class.php 第 51 行.
SQL: SELECT * FROM `zyyj_menu` WHERE ( `nid` = 0 ) AND ( `id` = 10 )  [ RunTime:0.001000s ]
NOTIC: [2] Invalid argument supplied for foreach() E:\Program Files\PHPtools\Apach2.4\Apache24\htdocs\zyyj\Application\Home\Controller\LoginController.class.php 第 51 行.
SQL: SELECT * FROM `zyyj_menu` WHERE ( `nid` = 0 ) AND ( `id` = 3 )  [ RunTime:0.000000s ]
SQL: SELECT * FROM `zyyj_menu` WHERE ( `nid` = 0 ) AND ( `id` = 4 )  [ RunTime:0.001000s ]
NOTIC: [2] Invalid argument supplied for foreach() E:\Program Files\PHPtools\Apach2.4\Apache24\htdocs\zyyj\Application\Home\Controller\LoginController.class.php 第 51 行.
SQL: SELECT * FROM `zyyj_menu` WHERE ( `nid` = 0 ) AND ( `id` = 5 )  [ RunTime:0.000000s ]
NOTIC: [2] Invalid argument supplied for foreach() E:\Program Files\PHPtools\Apach2.4\Apache24\htdocs\zyyj\Application\Home\Controller\LoginController.class.php 第 51 行.
SQL: SELECT * FROM `zyyj_menu` WHERE ( `nid` = 0 ) AND ( `id` = 6 )  [ RunTime:0.000000s ]
NOTIC: [2] Invalid argument supplied for foreach() E:\Program Files\PHPtools\Apach2.4\Apache24\htdocs\zyyj\Application\Home\Controller\LoginController.class.php 第 51 行.
SQL: SELECT * FROM `zyyj_menu` WHERE ( `nid` = 0 ) AND ( `id` = 7 )  [ RunTime:0.001000s ]
NOTIC: [2] Invalid argument supplied for foreach() E:\Program Files\PHPtools\Apach2.4\Apache24\htdocs\zyyj\Application\Home\Controller\LoginController.class.php 第 51 行.
SQL: SELECT * FROM `zyyj_menu` WHERE ( `nid` = 0 ) AND ( `id` = 8 )  [ RunTime:0.000000s ]
NOTIC: [2] Invalid argument supplied for foreach() E:\Program Files\PHPtools\Apach2.4\Apache24\htdocs\zyyj\Application\Home\Controller\LoginController.class.php 第 51 行.
SQL: SELECT * FROM `zyyj_menu` WHERE ( `nid` = 0 ) AND ( `id` = 32 )  [ RunTime:0.001000s ]
SQL: SELECT * FROM `zyyj_menu` WHERE ( `nid` = 0 ) AND ( `id` = 33 )  [ RunTime:0.001000s ]
NOTIC: [2] Invalid argument supplied for foreach() E:\Program Files\PHPtools\Apach2.4\Apache24\htdocs\zyyj\Application\Home\Controller\LoginController.class.php 第 51 行.
SQL: SELECT * FROM `zyyj_menu` WHERE ( `nid` = 0 ) AND ( `id` = 41 )  [ RunTime:0.001000s ]
NOTIC: [2] Invalid argument supplied for foreach() E:\Program Files\PHPtools\Apach2.4\Apache24\htdocs\zyyj\Application\Home\Controller\LoginController.class.php 第 51 行.
SQL: SELECT * FROM `zyyj_menu` WHERE ( `nid` = 0 ) AND ( `id` = 43 )  [ RunTime:0.000000s ]
NOTIC: [2] Invalid argument supplied for foreach() E:\Program Files\PHPtools\Apach2.4\Apache24\htdocs\zyyj\Application\Home\Controller\LoginController.class.php 第 51 行.
SQL: SELECT * FROM `zyyj_menu` WHERE ( `nid` = 0 ) AND ( `id` = 36 )  [ RunTime:0.001000s ]
NOTIC: [2] Invalid argument supplied for foreach() E:\Program Files\PHPtools\Apach2.4\Apache24\htdocs\zyyj\Application\Home\Controller\LoginController.class.php 第 51 行.
SQL: SELECT * FROM `zyyj_menu` WHERE ( `nid` = 0 ) AND ( `id` = 35 )  [ RunTime:0.000000s ]
SQL: SELECT * FROM `zyyj_menu` WHERE ( `nid` = 0 ) AND ( `id` = 37 )  [ RunTime:0.001000s ]
NOTIC: [2] Invalid argument supplied for foreach() E:\Program Files\PHPtools\Apach2.4\Apache24\htdocs\zyyj\Application\Home\Controller\LoginController.class.php 第 51 行.
SQL: SELECT * FROM `zyyj_menu` WHERE ( `nid` = 0 ) AND ( `id` = 38 )  [ RunTime:0.000000s ]
NOTIC: [2] Invalid argument supplied for foreach() E:\Program Files\PHPtools\Apach2.4\Apache24\htdocs\zyyj\Application\Home\Controller\LoginController.class.php 第 51 行.
SQL: SELECT * FROM `zyyj_menu` WHERE ( `nid` = 0 ) AND ( `id` = 47 )  [ RunTime:0.001000s ]
NOTIC: [2] Invalid argument supplied for foreach() E:\Program Files\PHPtools\Apach2.4\Apache24\htdocs\zyyj\Application\Home\Controller\LoginController.class.php 第 51 行.
SQL: SELECT * FROM `zyyj_menu` WHERE ( `nid` = 0 ) AND ( `id` = 39 )  [ RunTime:0.000000s ]
SQL: SELECT * FROM `zyyj_menu` WHERE ( `nid` = 0 ) AND ( `id` = 40 )  [ RunTime:0.000000s ]
NOTIC: [2] Invalid argument supplied for foreach() E:\Program Files\PHPtools\Apach2.4\Apache24\htdocs\zyyj\Application\Home\Controller\LoginController.class.php 第 51 行.
SQL: SELECT * FROM `zyyj_menu` WHERE ( `nid` = 0 ) AND ( `id` = 44 )  [ RunTime:0.000000s ]
NOTIC: [2] Invalid argument supplied for foreach() E:\Program Files\PHPtools\Apach2.4\Apache24\htdocs\zyyj\Application\Home\Controller\LoginController.class.php 第 51 行.
SQL: SELECT * FROM `zyyj_menu` WHERE ( `nid` = 0 ) AND ( `id` = 46 )  [ RunTime:0.000000s ]
NOTIC: [2] Invalid argument supplied for foreach() E:\Program Files\PHPtools\Apach2.4\Apache24\htdocs\zyyj\Application\Home\Controller\LoginController.class.php 第 51 行.
SQL: SELECT * FROM `zyyj_menu` WHERE ( `nid` = 0 ) AND ( `id` = 48 )  [ RunTime:0.001000s ]
NOTIC: [2] Invalid argument supplied for foreach() E:\Program Files\PHPtools\Apach2.4\Apache24\htdocs\zyyj\Application\Home\Controller\LoginController.class.php 第 51 行.
SQL: SELECT * FROM `zyyj_menu` WHERE ( `nid` = 0 ) AND ( `id` = 0 )  [ RunTime:0.000000s ]
NOTIC: [2] Invalid argument supplied for foreach() E:\Program Files\PHPtools\Apach2.4\Apache24\htdocs\zyyj\Application\Home\Controller\LoginController.class.php 第 51 行.
INFO: [ app_end ] --START--
INFO: Run Behavior\ShowPageTraceBehavior [ RunTime:0.002000s ]
INFO: [ app_end ] --END-- [ RunTime:0.002000s ]

[ 2017-05-10T12:44:37+08:00 ] ::1 /zyyj/index.php/Home/Login/Login_get_menu
INFO: [ app_begin ] --START--
INFO: Run Behavior\ReadHtmlCacheBehavior [ RunTime:0.000000s ]
INFO: [ app_begin ] --END-- [ RunTime:0.000000s ]
NOTIC: [8192] mysql_connect(): The mysql extension is deprecated and will be removed in the future: use mysqli or PDO instead E:\Program Files\PHPtools\Apach2.4\Apache24\htdocs\zyyj\ThinkPHP\Library\Think\Db\Driver\Mysql.class.php 第 52 行.
SQL: SHOW COLUMNS FROM `zyyj_post` [ RunTime:0.005000s ]
SQL: SHOW COLUMNS FROM `zyyj_menu` [ RunTime:0.004001s ]
SQL: SELECT * FROM `zyyj_post` WHERE ( `post_id` = 4 )  [ RunTime:0.001000s ]
SQL: SELECT * FROM `zyyj_menu` WHERE ( `nid` = 3 ) AND ( `id` = 1 )  [ RunTime:0.000000s ]
NOTIC: [2] Invalid argument supplied for foreach() E:\Program Files\PHPtools\Apach2.4\Apache24\htdocs\zyyj\Application\Home\Controller\LoginController.class.php 第 51 行.
SQL: SELECT * FROM `zyyj_menu` WHERE ( `nid` = 3 ) AND ( `id` = 0 )  [ RunTime:0.000000s ]
NOTIC: [2] Invalid argument supplied for foreach() E:\Program Files\PHPtools\Apach2.4\Apache24\htdocs\zyyj\Application\Home\Controller\LoginController.class.php 第 51 行.
SQL: SELECT * FROM `zyyj_menu` WHERE ( `nid` = 3 ) AND ( `id` = 2 )  [ RunTime:0.000000s ]
NOTIC: [2] Invalid argument supplied for foreach() E:\Program Files\PHPtools\Apach2.4\Apache24\htdocs\zyyj\Application\Home\Controller\LoginController.class.php 第 51 行.
SQL: SELECT * FROM `zyyj_menu` WHERE ( `nid` = 3 ) AND ( `id` = 10 )  [ RunTime:0.000000s ]
NOTIC: [2] Invalid argument supplied for foreach() E:\Program Files\PHPtools\Apach2.4\Apache24\htdocs\zyyj\Application\Home\Controller\LoginController.class.php 第 51 行.
SQL: SELECT * FROM `zyyj_menu` WHERE ( `nid` = 3 ) AND ( `id` = 3 )  [ RunTime:0.000000s ]
NOTIC: [2] Invalid argument supplied for foreach() E:\Program Files\PHPtools\Apach2.4\Apache24\htdocs\zyyj\Application\Home\Controller\LoginController.class.php 第 51 行.
SQL: SELECT * FROM `zyyj_menu` WHERE ( `nid` = 3 ) AND ( `id` = 4 )  [ RunTime:0.000000s ]
SQL: SELECT * FROM `zyyj_menu` WHERE ( `nid` = 3 ) AND ( `id` = 5 )  [ RunTime:0.000000s ]
SQL: SELECT * FROM `zyyj_menu` WHERE ( `nid` = 3 ) AND ( `id` = 6 )  [ RunTime:0.001000s ]
SQL: SELECT * FROM `zyyj_menu` WHERE ( `nid` = 3 ) AND ( `id` = 7 )  [ RunTime:0.000000s ]
SQL: SELECT * FROM `zyyj_menu` WHERE ( `nid` = 3 ) AND ( `id` = 8 )  [ RunTime:0.000000s ]
SQL: SELECT * FROM `zyyj_menu` WHERE ( `nid` = 3 ) AND ( `id` = 32 )  [ RunTime:0.001000s ]
NOTIC: [2] Invalid argument supplied for foreach() E:\Program Files\PHPtools\Apach2.4\Apache24\htdocs\zyyj\Application\Home\Controller\LoginController.class.php 第 51 行.
SQL: SELECT * FROM `zyyj_menu` WHERE ( `nid` = 3 ) AND ( `id` = 33 )  [ RunTime:0.000000s ]
NOTIC: [2] Invalid argument supplied for foreach() E:\Program Files\PHPtools\Apach2.4\Apache24\htdocs\zyyj\Application\Home\Controller\LoginController.class.php 第 51 行.
SQL: SELECT * FROM `zyyj_menu` WHERE ( `nid` = 3 ) AND ( `id` = 41 )  [ RunTime:0.000000s ]
NOTIC: [2] Invalid argument supplied for foreach() E:\Program Files\PHPtools\Apach2.4\Apache24\htdocs\zyyj\Application\Home\Controller\LoginController.class.php 第 51 行.
SQL: SELECT * FROM `zyyj_menu` WHERE ( `nid` = 3 ) AND ( `id` = 43 )  [ RunTime:0.001000s ]
NOTIC: [2] Invalid argument supplied for foreach() E:\Program Files\PHPtools\Apach2.4\Apache24\htdocs\zyyj\Application\Home\Controller\LoginController.class.php 第 51 行.
SQL: SELECT * FROM `zyyj_menu` WHERE ( `nid` = 3 ) AND ( `id` = 36 )  [ RunTime:0.000000s ]
NOTIC: [2] Invalid argument supplied for foreach() E:\Program Files\PHPtools\Apach2.4\Apache24\htdocs\zyyj\Application\Home\Controller\LoginController.class.php 第 51 行.
SQL: SELECT * FROM `zyyj_menu` WHERE ( `nid` = 3 ) AND ( `id` = 35 )  [ RunTime:0.000000s ]
NOTIC: [2] Invalid argument supplied for foreach() E:\Program Files\PHPtools\Apach2.4\Apache24\htdocs\zyyj\Application\Home\Controller\LoginController.class.php 第 51 行.
SQL: SELECT * FROM `zyyj_menu` WHERE ( `nid` = 3 ) AND ( `id` = 37 )  [ RunTime:0.000000s ]
NOTIC: [2] Invalid argument supplied for foreach() E:\Program Files\PHPtools\Apach2.4\Apache24\htdocs\zyyj\Application\Home\Controller\LoginController.class.php 第 51 行.
SQL: SELECT * FROM `zyyj_menu` WHERE ( `nid` = 3 ) AND ( `id` = 38 )  [ RunTime:0.000000s ]
NOTIC: [2] Invalid argument supplied for foreach() E:\Program Files\PHPtools\Apach2.4\Apache24\htdocs\zyyj\Application\Home\Controller\LoginController.class.php 第 51 行.
SQL: SELECT * FROM `zyyj_menu` WHERE ( `nid` = 3 ) AND ( `id` = 47 )  [ RunTime:0.000000s ]
NOTIC: [2] Invalid argument supplied for foreach() E:\Program Files\PHPtools\Apach2.4\Apache24\htdocs\zyyj\Application\Home\Controller\LoginController.class.php 第 51 行.
SQL: SELECT * FROM `zyyj_menu` WHERE ( `nid` = 3 ) AND ( `id` = 39 )  [ RunTime:0.000000s ]
NOTIC: [2] Invalid argument supplied for foreach() E:\Program Files\PHPtools\Apach2.4\Apache24\htdocs\zyyj\Application\Home\Controller\LoginController.class.php 第 51 行.
SQL: SELECT * FROM `zyyj_menu` WHERE ( `nid` = 3 ) AND ( `id` = 40 )  [ RunTime:0.000000s ]
NOTIC: [2] Invalid argument supplied for foreach() E:\Program Files\PHPtools\Apach2.4\Apache24\htdocs\zyyj\Application\Home\Controller\LoginController.class.php 第 51 行.
SQL: SELECT * FROM `zyyj_menu` WHERE ( `nid` = 3 ) AND ( `id` = 44 )  [ RunTime:0.000000s ]
NOTIC: [2] Invalid argument supplied for foreach() E:\Program Files\PHPtools\Apach2.4\Apache24\htdocs\zyyj\Application\Home\Controller\LoginController.class.php 第 51 行.
SQL: SELECT * FROM `zyyj_menu` WHERE ( `nid` = 3 ) AND ( `id` = 46 )  [ RunTime:0.000000s ]
NOTIC: [2] Invalid argument supplied for foreach() E:\Program Files\PHPtools\Apach2.4\Apache24\htdocs\zyyj\Application\Home\Controller\LoginController.class.php 第 51 行.
SQL: SELECT * FROM `zyyj_menu` WHERE ( `nid` = 3 ) AND ( `id` = 48 )  [ RunTime:0.000000s ]
NOTIC: [2] Invalid argument supplied for foreach() E:\Program Files\PHPtools\Apach2.4\Apache24\htdocs\zyyj\Application\Home\Controller\LoginController.class.php 第 51 行.
SQL: SELECT * FROM `zyyj_menu` WHERE ( `nid` = 3 ) AND ( `id` = 0 )  [ RunTime:0.000000s ]
NOTIC: [2] Invalid argument supplied for foreach() E:\Program Files\PHPtools\Apach2.4\Apache24\htdocs\zyyj\Application\Home\Controller\LoginController.class.php 第 51 行.
INFO: [ app_end ] --START--
INFO: Run Behavior\ShowPageTraceBehavior [ RunTime:0.001000s ]
INFO: [ app_end ] --END-- [ RunTime:0.001000s ]

[ 2017-05-10T12:44:39+08:00 ] ::1 /zyyj/index.php/Home/Class/Class_list?_=1494391474749
INFO: [ app_begin ] --START--
INFO: Run Behavior\ReadHtmlCacheBehavior [ RunTime:0.000000s ]
INFO: [ app_begin ] --END-- [ RunTime:0.001000s ]
INFO: [ view_parse ] --START--
INFO: [ template_filter ] --START--
INFO: Run Behavior\ContentReplaceBehavior [ RunTime:0.000000s ]
INFO: [ template_filter ] --END-- [ RunTime:0.000000s ]
INFO: Run Behavior\ParseTemplateBehavior [ RunTime:0.021001s ]
INFO: [ view_parse ] --END-- [ RunTime:0.021001s ]
INFO: [ view_filter ] --START--
INFO: Run Behavior\WriteHtmlCacheBehavior [ RunTime:0.000000s ]
INFO: [ view_filter ] --END-- [ RunTime:0.000000s ]
INFO: [ app_end ] --START--
INFO: Run Behavior\ShowPageTraceBehavior [ RunTime:0.001000s ]
INFO: [ app_end ] --END-- [ RunTime:0.001000s ]

[ 2017-05-10T12:44:40+08:00 ] ::1 /zyyj/index.php/Home/Class/Class_list_show
INFO: [ app_begin ] --START--
INFO: Run Behavior\ReadHtmlCacheBehavior [ RunTime:0.000000s ]
INFO: [ app_begin ] --END-- [ RunTime:0.001000s ]
NOTIC: [8192] mysql_connect(): The mysql extension is deprecated and will be removed in the future: use mysqli or PDO instead E:\Program Files\PHPtools\Apach2.4\Apache24\htdocs\zyyj\ThinkPHP\Library\Think\Db\Driver\Mysql.class.php 第 52 行.
SQL: SHOW COLUMNS FROM `zyyj_class` [ RunTime:0.067004s ]
SQL: SELECT zyyj_grade.name gname,zyyj_class.name cname,zyyj_major.name mname,zyyj_class.class_id cid,zyyj_class.comment ccomment FROM `zyyj_class` INNER JOIN zyyj_grade ON zyyj_class.grade_id = zyyj_grade.grade_id INNER JOIN zyyj_major ON zyyj_class.major_id = zyyj_major.major_id  WHERE ( zyyj_major.college_id ='2' ) ORDER BY zyyj_class.class_id desc LIMIT 0,20   [ RunTime:0.332019s ]
INFO: [ app_end ] --START--
INFO: Run Behavior\ShowPageTraceBehavior [ RunTime:0.001000s ]
INFO: [ app_end ] --END-- [ RunTime:0.001000s ]

[ 2017-05-10T12:44:40+08:00 ] ::1 /zyyj/index.php/Home/Class/Class_getMajor
INFO: [ app_begin ] --START--
INFO: Run Behavior\ReadHtmlCacheBehavior [ RunTime:0.000000s ]
INFO: [ app_begin ] --END-- [ RunTime:0.001000s ]
NOTIC: [8192] mysql_connect(): The mysql extension is deprecated and will be removed in the future: use mysqli or PDO instead E:\Program Files\PHPtools\Apach2.4\Apache24\htdocs\zyyj\ThinkPHP\Library\Think\Db\Driver\Mysql.class.php 第 52 行.
SQL: SHOW COLUMNS FROM `zyyj_major` [ RunTime:0.005000s ]
SQL: SELECT * FROM `zyyj_major` WHERE ( college_id='2' )  [ RunTime:0.000000s ]
INFO: [ app_end ] --START--
INFO: Run Behavior\ShowPageTraceBehavior [ RunTime:0.001000s ]
INFO: [ app_end ] --END-- [ RunTime:0.001000s ]

[ 2017-05-10T12:44:40+08:00 ] ::1 /zyyj/index.php/Home/Class/Class_getGrade
INFO: [ app_begin ] --START--
INFO: Run Behavior\ReadHtmlCacheBehavior [ RunTime:0.001000s ]
INFO: [ app_begin ] --END-- [ RunTime:0.002000s ]
NOTIC: [8192] mysql_connect(): The mysql extension is deprecated and will be removed in the future: use mysqli or PDO instead E:\Program Files\PHPtools\Apach2.4\Apache24\htdocs\zyyj\ThinkPHP\Library\Think\Db\Driver\Mysql.class.php 第 52 行.
SQL: SHOW COLUMNS FROM `zyyj_grade` [ RunTime:0.005001s ]
SQL: SELECT * FROM `zyyj_grade` ORDER BY convert(name using gb2312) DESC  [ RunTime:0.021001s ]
INFO: [ app_end ] --START--
INFO: Run Behavior\ShowPageTraceBehavior [ RunTime:0.001000s ]
INFO: [ app_end ] --END-- [ RunTime:0.001000s ]

[ 2017-05-10T12:44:40+08:00 ] ::1 /zyyj/index.php/Home/Class/Class_getMajor
INFO: [ app_begin ] --START--
INFO: Run Behavior\ReadHtmlCacheBehavior [ RunTime:0.003000s ]
INFO: [ app_begin ] --END-- [ RunTime:0.004000s ]
NOTIC: [8192] mysql_connect(): The mysql extension is deprecated and will be removed in the future: use mysqli or PDO instead E:\Program Files\PHPtools\Apach2.4\Apache24\htdocs\zyyj\ThinkPHP\Library\Think\Db\Driver\Mysql.class.php 第 52 行.
SQL: SHOW COLUMNS FROM `zyyj_major` [ RunTime:0.008001s ]
SQL: SELECT * FROM `zyyj_major` WHERE ( college_id='2' )  [ RunTime:0.001000s ]
INFO: [ app_end ] --START--
INFO: Run Behavior\ShowPageTraceBehavior [ RunTime:0.001000s ]
INFO: [ app_end ] --END-- [ RunTime:0.001000s ]

[ 2017-05-10T12:44:40+08:00 ] ::1 /zyyj/index.php/Home/Class/Class_getGrade
INFO: [ app_begin ] --START--
INFO: Run Behavior\ReadHtmlCacheBehavior [ RunTime:0.001000s ]
INFO: [ app_begin ] --END-- [ RunTime:0.002000s ]
NOTIC: [8192] mysql_connect(): The mysql extension is deprecated and will be removed in the future: use mysqli or PDO instead E:\Program Files\PHPtools\Apach2.4\Apache24\htdocs\zyyj\ThinkPHP\Library\Think\Db\Driver\Mysql.class.php 第 52 行.
SQL: SHOW COLUMNS FROM `zyyj_grade` [ RunTime:0.008000s ]
SQL: SELECT * FROM `zyyj_grade` ORDER BY convert(name using gb2312) DESC  [ RunTime:0.000000s ]
INFO: [ app_end ] --START--
INFO: Run Behavior\ShowPageTraceBehavior [ RunTime:0.001000s ]
INFO: [ app_end ] --END-- [ RunTime:0.001000s ]

[ 2017-05-10T12:44:40+08:00 ] ::1 /zyyj/index.php/Home/Class/Class_list_show
INFO: [ app_begin ] --START--
INFO: Run Behavior\ReadHtmlCacheBehavior [ RunTime:0.001000s ]
INFO: [ app_begin ] --END-- [ RunTime:0.001000s ]
NOTIC: [8192] mysql_connect(): The mysql extension is deprecated and will be removed in the future: use mysqli or PDO instead E:\Program Files\PHPtools\Apach2.4\Apache24\htdocs\zyyj\ThinkPHP\Library\Think\Db\Driver\Mysql.class.php 第 52 行.
SQL: SHOW COLUMNS FROM `zyyj_class` [ RunTime:0.022001s ]
SQL: SELECT zyyj_grade.name gname,zyyj_class.name cname,zyyj_major.name mname,zyyj_class.class_id cid,zyyj_class.comment ccomment FROM `zyyj_class` INNER JOIN zyyj_grade ON zyyj_class.grade_id = zyyj_grade.grade_id INNER JOIN zyyj_major ON zyyj_class.major_id = zyyj_major.major_id  WHERE ( zyyj_major.college_id ='2' ) ORDER BY zyyj_class.class_id desc LIMIT 0,20   [ RunTime:0.001000s ]
INFO: [ app_end ] --START--
INFO: Run Behavior\ShowPageTraceBehavior [ RunTime:0.001000s ]
INFO: [ app_end ] --END-- [ RunTime:0.001000s ]

[ 2017-05-10T12:56:18+08:00 ] ::1 /zyyj/index.php/Home/Login/Login_login
INFO: [ app_begin ] --START--
INFO: Run Behavior\ReadHtmlCacheBehavior [ RunTime:0.001001s ]
INFO: [ app_begin ] --END-- [ RunTime:0.003001s ]
NOTIC: [8192] mysql_connect(): The mysql extension is deprecated and will be removed in the future: use mysqli or PDO instead E:\Program Files\PHPtools\Apach2.4\Apache24\htdocs\zyyj\ThinkPHP\Library\Think\Db\Driver\Mysql.class.php 第 52 行.
SQL: SHOW COLUMNS FROM `zyyj_user` [ RunTime:0.004000s ]
SQL: SHOW COLUMNS FROM `zyyj_department` [ RunTime:0.005000s ]
SQL: SELECT * FROM `zyyj_user` WHERE ( `name` = 'admin' )  [ RunTime:0.002000s ]
SQL: SELECT * FROM `zyyj_department` WHERE ( `department_id` = null )  [ RunTime:0.001000s ]

[ 2017-05-10T12:56:18+08:00 ] ::1 /zyyj/index.php/Home/Login/Login_get_menu
INFO: [ app_begin ] --START--
INFO: Run Behavior\ReadHtmlCacheBehavior [ RunTime:0.001000s ]
INFO: [ app_begin ] --END-- [ RunTime:0.001000s ]
NOTIC: [8192] mysql_connect(): The mysql extension is deprecated and will be removed in the future: use mysqli or PDO instead E:\Program Files\PHPtools\Apach2.4\Apache24\htdocs\zyyj\ThinkPHP\Library\Think\Db\Driver\Mysql.class.php 第 52 行.
SQL: SHOW COLUMNS FROM `zyyj_post` [ RunTime:0.005000s ]
SQL: SHOW COLUMNS FROM `zyyj_menu` [ RunTime:0.005001s ]
SQL: SELECT * FROM `zyyj_post` WHERE ( `post_id` = 1 )  [ RunTime:0.000000s ]
SQL: SELECT * FROM `zyyj_menu` WHERE ( `nid` = 0 ) AND ( `id` = 1 )  [ RunTime:0.000000s ]
SQL: SELECT * FROM `zyyj_menu` WHERE ( `nid` = 0 ) AND ( `id` = 0 )  [ RunTime:0.001000s ]
NOTIC: [2] Invalid argument supplied for foreach() E:\Program Files\PHPtools\Apach2.4\Apache24\htdocs\zyyj\Application\Home\Controller\LoginController.class.php 第 51 行.
SQL: SELECT * FROM `zyyj_menu` WHERE ( `nid` = 0 ) AND ( `id` = 2 )  [ RunTime:0.000000s ]
NOTIC: [2] Invalid argument supplied for foreach() E:\Program Files\PHPtools\Apach2.4\Apache24\htdocs\zyyj\Application\Home\Controller\LoginController.class.php 第 51 行.
SQL: SELECT * FROM `zyyj_menu` WHERE ( `nid` = 0 ) AND ( `id` = 10 )  [ RunTime:0.001000s ]
NOTIC: [2] Invalid argument supplied for foreach() E:\Program Files\PHPtools\Apach2.4\Apache24\htdocs\zyyj\Application\Home\Controller\LoginController.class.php 第 51 行.
SQL: SELECT * FROM `zyyj_menu` WHERE ( `nid` = 0 ) AND ( `id` = 13 )  [ RunTime:0.001000s ]
SQL: SELECT * FROM `zyyj_menu` WHERE ( `nid` = 0 ) AND ( `id` = 14 )  [ RunTime:0.001000s ]
NOTIC: [2] Invalid argument supplied for foreach() E:\Program Files\PHPtools\Apach2.4\Apache24\htdocs\zyyj\Application\Home\Controller\LoginController.class.php 第 51 行.
SQL: SELECT * FROM `zyyj_menu` WHERE ( `nid` = 0 ) AND ( `id` = 15 )  [ RunTime:0.000000s ]
NOTIC: [2] Invalid argument supplied for foreach() E:\Program Files\PHPtools\Apach2.4\Apache24\htdocs\zyyj\Application\Home\Controller\LoginController.class.php 第 51 行.
SQL: SELECT * FROM `zyyj_menu` WHERE ( `nid` = 0 ) AND ( `id` = 54 )  [ RunTime:0.002000s ]
NOTIC: [2] Invalid argument supplied for foreach() E:\Program Files\PHPtools\Apach2.4\Apache24\htdocs\zyyj\Application\Home\Controller\LoginController.class.php 第 51 行.
SQL: SELECT * FROM `zyyj_menu` WHERE ( `nid` = 0 ) AND ( `id` = 35 )  [ RunTime:0.000000s ]
SQL: SELECT * FROM `zyyj_menu` WHERE ( `nid` = 0 ) AND ( `id` = 0 )  [ RunTime:0.000000s ]
NOTIC: [2] Invalid argument supplied for foreach() E:\Program Files\PHPtools\Apach2.4\Apache24\htdocs\zyyj\Application\Home\Controller\LoginController.class.php 第 51 行.
INFO: [ app_end ] --START--
INFO: Run Behavior\ShowPageTraceBehavior [ RunTime:0.001000s ]
INFO: [ app_end ] --END-- [ RunTime:0.001000s ]

[ 2017-05-10T12:56:20+08:00 ] ::1 /zyyj/index.php/Home/Login/Login_get_menu
INFO: [ app_begin ] --START--
INFO: Run Behavior\ReadHtmlCacheBehavior [ RunTime:0.000000s ]
INFO: [ app_begin ] --END-- [ RunTime:0.000000s ]
NOTIC: [8192] mysql_connect(): The mysql extension is deprecated and will be removed in the future: use mysqli or PDO instead E:\Program Files\PHPtools\Apach2.4\Apache24\htdocs\zyyj\ThinkPHP\Library\Think\Db\Driver\Mysql.class.php 第 52 行.
SQL: SHOW COLUMNS FROM `zyyj_post` [ RunTime:0.005000s ]
SQL: SHOW COLUMNS FROM `zyyj_menu` [ RunTime:0.005001s ]
SQL: SELECT * FROM `zyyj_post` WHERE ( `post_id` = 1 )  [ RunTime:0.000000s ]
SQL: SELECT * FROM `zyyj_menu` WHERE ( `nid` = 13 ) AND ( `id` = 1 )  [ RunTime:0.001000s ]
NOTIC: [2] Invalid argument supplied for foreach() E:\Program Files\PHPtools\Apach2.4\Apache24\htdocs\zyyj\Application\Home\Controller\LoginController.class.php 第 51 行.
SQL: SELECT * FROM `zyyj_menu` WHERE ( `nid` = 13 ) AND ( `id` = 0 )  [ RunTime:0.000000s ]
NOTIC: [2] Invalid argument supplied for foreach() E:\Program Files\PHPtools\Apach2.4\Apache24\htdocs\zyyj\Application\Home\Controller\LoginController.class.php 第 51 行.
SQL: SELECT * FROM `zyyj_menu` WHERE ( `nid` = 13 ) AND ( `id` = 2 )  [ RunTime:0.000000s ]
NOTIC: [2] Invalid argument supplied for foreach() E:\Program Files\PHPtools\Apach2.4\Apache24\htdocs\zyyj\Application\Home\Controller\LoginController.class.php 第 51 行.
SQL: SELECT * FROM `zyyj_menu` WHERE ( `nid` = 13 ) AND ( `id` = 10 )  [ RunTime:0.001000s ]
NOTIC: [2] Invalid argument supplied for foreach() E:\Program Files\PHPtools\Apach2.4\Apache24\htdocs\zyyj\Application\Home\Controller\LoginController.class.php 第 51 行.
SQL: SELECT * FROM `zyyj_menu` WHERE ( `nid` = 13 ) AND ( `id` = 13 )  [ RunTime:0.000000s ]
NOTIC: [2] Invalid argument supplied for foreach() E:\Program Files\PHPtools\Apach2.4\Apache24\htdocs\zyyj\Application\Home\Controller\LoginController.class.php 第 51 行.
SQL: SELECT * FROM `zyyj_menu` WHERE ( `nid` = 13 ) AND ( `id` = 14 )  [ RunTime:0.000000s ]
SQL: SELECT * FROM `zyyj_menu` WHERE ( `nid` = 13 ) AND ( `id` = 15 )  [ RunTime:0.001000s ]
SQL: SELECT * FROM `zyyj_menu` WHERE ( `nid` = 13 ) AND ( `id` = 54 )  [ RunTime:0.000000s ]
NOTIC: [2] Invalid argument supplied for foreach() E:\Program Files\PHPtools\Apach2.4\Apache24\htdocs\zyyj\Application\Home\Controller\LoginController.class.php 第 51 行.
SQL: SELECT * FROM `zyyj_menu` WHERE ( `nid` = 13 ) AND ( `id` = 35 )  [ RunTime:0.000000s ]
NOTIC: [2] Invalid argument supplied for foreach() E:\Program Files\PHPtools\Apach2.4\Apache24\htdocs\zyyj\Application\Home\Controller\LoginController.class.php 第 51 行.
SQL: SELECT * FROM `zyyj_menu` WHERE ( `nid` = 13 ) AND ( `id` = 0 )  [ RunTime:0.000000s ]
NOTIC: [2] Invalid argument supplied for foreach() E:\Program Files\PHPtools\Apach2.4\Apache24\htdocs\zyyj\Application\Home\Controller\LoginController.class.php 第 51 行.
INFO: [ app_end ] --START--
INFO: Run Behavior\ShowPageTraceBehavior [ RunTime:0.001000s ]
INFO: [ app_end ] --END-- [ RunTime:0.001000s ]

[ 2017-05-10T12:56:21+08:00 ] ::1 /zyyj/index.php/Home/Menu/Menu_index?_=1494392178445
INFO: [ app_begin ] --START--
INFO: Run Behavior\ReadHtmlCacheBehavior [ RunTime:0.001000s ]
INFO: [ app_begin ] --END-- [ RunTime:0.002000s ]
INFO: [ view_parse ] --START--
INFO: [ template_filter ] --START--
INFO: Run Behavior\ContentReplaceBehavior [ RunTime:0.000000s ]
INFO: [ template_filter ] --END-- [ RunTime:0.000000s ]
INFO: Run Behavior\ParseTemplateBehavior [ RunTime:0.024001s ]
INFO: [ view_parse ] --END-- [ RunTime:0.025001s ]
INFO: [ view_filter ] --START--
INFO: Run Behavior\WriteHtmlCacheBehavior [ RunTime:0.000000s ]
INFO: [ view_filter ] --END-- [ RunTime:0.000000s ]
INFO: [ app_end ] --START--
INFO: Run Behavior\ShowPageTraceBehavior [ RunTime:0.001000s ]
INFO: [ app_end ] --END-- [ RunTime:0.002001s ]

[ 2017-05-10T12:56:21+08:00 ] ::1 /zyyj/index.php/Home/Menu/Menu_get_menu
INFO: [ app_begin ] --START--
INFO: Run Behavior\ReadHtmlCacheBehavior [ RunTime:0.001000s ]
INFO: [ app_begin ] --END-- [ RunTime:0.002000s ]
NOTIC: [8192] mysql_connect(): The mysql extension is deprecated and will be removed in the future: use mysqli or PDO instead E:\Program Files\PHPtools\Apach2.4\Apache24\htdocs\zyyj\ThinkPHP\Library\Think\Db\Driver\Mysql.class.php 第 52 行.
SQL: SHOW COLUMNS FROM `zyyj_post` [ RunTime:0.003000s ]
SQL: SHOW COLUMNS FROM `zyyj_menu` [ RunTime:0.004000s ]
SQL: SELECT * FROM `zyyj_menu` WHERE ( `nid` = 0 )  [ RunTime:0.000000s ]
INFO: [ app_end ] --START--
INFO: Run Behavior\ShowPageTraceBehavior [ RunTime:0.001000s ]
INFO: [ app_end ] --END-- [ RunTime:0.001000s ]

[ 2017-05-10T12:56:21+08:00 ] ::1 /zyyj/index.php/Home/Menu/Menu_get_menu
INFO: [ app_begin ] --START--
INFO: Run Behavior\ReadHtmlCacheBehavior [ RunTime:0.001000s ]
INFO: [ app_begin ] --END-- [ RunTime:0.001000s ]
NOTIC: [8192] mysql_connect(): The mysql extension is deprecated and will be removed in the future: use mysqli or PDO instead E:\Program Files\PHPtools\Apach2.4\Apache24\htdocs\zyyj\ThinkPHP\Library\Think\Db\Driver\Mysql.class.php 第 52 行.
SQL: SHOW COLUMNS FROM `zyyj_post` [ RunTime:0.005001s ]
SQL: SHOW COLUMNS FROM `zyyj_menu` [ RunTime:0.005000s ]
SQL: SELECT * FROM `zyyj_menu` WHERE ( `nid` = 1 )  [ RunTime:0.000000s ]
INFO: [ app_end ] --START--
INFO: Run Behavior\ShowPageTraceBehavior [ RunTime:0.000000s ]
INFO: [ app_end ] --END-- [ RunTime:0.001000s ]

[ 2017-05-10T12:56:21+08:00 ] ::1 /zyyj/index.php/Home/Menu/Menu_get_menu
INFO: [ app_begin ] --START--
INFO: Run Behavior\ReadHtmlCacheBehavior [ RunTime:0.001000s ]
INFO: [ app_begin ] --END-- [ RunTime:0.002000s ]
NOTIC: [8192] mysql_connect(): The mysql extension is deprecated and will be removed in the future: use mysqli or PDO instead E:\Program Files\PHPtools\Apach2.4\Apache24\htdocs\zyyj\ThinkPHP\Library\Think\Db\Driver\Mysql.class.php 第 52 行.
SQL: SHOW COLUMNS FROM `zyyj_post` [ RunTime:0.005000s ]
SQL: SHOW COLUMNS FROM `zyyj_menu` [ RunTime:0.005000s ]
SQL: SELECT * FROM `zyyj_menu` WHERE ( `nid` = 3 )  [ RunTime:0.001000s ]
INFO: [ app_end ] --START--
INFO: Run Behavior\ShowPageTraceBehavior [ RunTime:0.001000s ]
INFO: [ app_end ] --END-- [ RunTime:0.001000s ]

[ 2017-05-10T12:56:21+08:00 ] ::1 /zyyj/index.php/Home/Menu/Menu_get_menu
INFO: [ app_begin ] --START--
INFO: Run Behavior\ReadHtmlCacheBehavior [ RunTime:0.025001s ]
INFO: [ app_begin ] --END-- [ RunTime:0.026001s ]
NOTIC: [8192] mysql_connect(): The mysql extension is deprecated and will be removed in the future: use mysqli or PDO instead E:\Program Files\PHPtools\Apach2.4\Apache24\htdocs\zyyj\ThinkPHP\Library\Think\Db\Driver\Mysql.class.php 第 52 行.
SQL: SHOW COLUMNS FROM `zyyj_post` [ RunTime:0.005001s ]
SQL: SHOW COLUMNS FROM `zyyj_menu` [ RunTime:0.005000s ]
SQL: SELECT * FROM `zyyj_menu` WHERE ( `nid` = 13 )  [ RunTime:0.000000s ]
INFO: [ app_end ] --START--
INFO: Run Behavior\ShowPageTraceBehavior [ RunTime:0.001000s ]
INFO: [ app_end ] --END-- [ RunTime:0.001000s ]

[ 2017-05-10T12:56:21+08:00 ] ::1 /zyyj/index.php/Home/Menu/Menu_get_menu
INFO: [ app_begin ] --START--
INFO: Run Behavior\ReadHtmlCacheBehavior [ RunTime:0.001000s ]
INFO: [ app_begin ] --END-- [ RunTime:0.002000s ]
NOTIC: [8192] mysql_connect(): The mysql extension is deprecated and will be removed in the future: use mysqli or PDO instead E:\Program Files\PHPtools\Apach2.4\Apache24\htdocs\zyyj\ThinkPHP\Library\Think\Db\Driver\Mysql.class.php 第 52 行.
SQL: SHOW COLUMNS FROM `zyyj_post` [ RunTime:0.004000s ]
SQL: SHOW COLUMNS FROM `zyyj_menu` [ RunTime:0.005000s ]
SQL: SELECT * FROM `zyyj_menu` WHERE ( `nid` = 11 )  [ RunTime:0.002001s ]
INFO: [ app_end ] --START--
INFO: Run Behavior\ShowPageTraceBehavior [ RunTime:0.001000s ]
INFO: [ app_end ] --END-- [ RunTime:0.001000s ]

[ 2017-05-10T12:56:21+08:00 ] ::1 /zyyj/index.php/Home/Menu/Menu_get_menu
INFO: [ app_begin ] --START--
INFO: Run Behavior\ReadHtmlCacheBehavior [ RunTime:0.001000s ]
INFO: [ app_begin ] --END-- [ RunTime:0.001000s ]
NOTIC: [8192] mysql_connect(): The mysql extension is deprecated and will be removed in the future: use mysqli or PDO instead E:\Program Files\PHPtools\Apach2.4\Apache24\htdocs\zyyj\ThinkPHP\Library\Think\Db\Driver\Mysql.class.php 第 52 行.
SQL: SHOW COLUMNS FROM `zyyj_post` [ RunTime:0.005000s ]
SQL: SHOW COLUMNS FROM `zyyj_menu` [ RunTime:0.004000s ]
SQL: SELECT * FROM `zyyj_menu` WHERE ( `nid` = 27 )  [ RunTime:0.000000s ]
INFO: [ app_end ] --START--
INFO: Run Behavior\ShowPageTraceBehavior [ RunTime:0.001000s ]
INFO: [ app_end ] --END-- [ RunTime:0.002000s ]

[ 2017-05-10T12:56:21+08:00 ] ::1 /zyyj/index.php/Home/Menu/Menu_get_menu
INFO: [ app_begin ] --START--
INFO: Run Behavior\ReadHtmlCacheBehavior [ RunTime:0.001000s ]
INFO: [ app_begin ] --END-- [ RunTime:0.001000s ]
NOTIC: [8192] mysql_connect(): The mysql extension is deprecated and will be removed in the future: use mysqli or PDO instead E:\Program Files\PHPtools\Apach2.4\Apache24\htdocs\zyyj\ThinkPHP\Library\Think\Db\Driver\Mysql.class.php 第 52 行.
SQL: SHOW COLUMNS FROM `zyyj_post` [ RunTime:0.005001s ]
SQL: SHOW COLUMNS FROM `zyyj_menu` [ RunTime:0.004000s ]
SQL: SELECT * FROM `zyyj_menu` WHERE ( `nid` = 22 )  [ RunTime:0.000000s ]
INFO: [ app_end ] --START--
INFO: Run Behavior\ShowPageTraceBehavior [ RunTime:0.001000s ]
INFO: [ app_end ] --END-- [ RunTime:0.002000s ]

[ 2017-05-10T12:56:21+08:00 ] ::1 /zyyj/index.php/Home/Menu/Menu_get_menu
INFO: [ app_begin ] --START--
INFO: Run Behavior\ReadHtmlCacheBehavior [ RunTime:0.001001s ]
INFO: [ app_begin ] --END-- [ RunTime:0.001001s ]
NOTIC: [8192] mysql_connect(): The mysql extension is deprecated and will be removed in the future: use mysqli or PDO instead E:\Program Files\PHPtools\Apach2.4\Apache24\htdocs\zyyj\ThinkPHP\Library\Think\Db\Driver\Mysql.class.php 第 52 行.
SQL: SHOW COLUMNS FROM `zyyj_post` [ RunTime:0.008000s ]
SQL: SHOW COLUMNS FROM `zyyj_menu` [ RunTime:0.005001s ]
SQL: SELECT * FROM `zyyj_menu` WHERE ( `nid` = 39 )  [ RunTime:0.000000s ]
INFO: [ app_end ] --START--
INFO: Run Behavior\ShowPageTraceBehavior [ RunTime:0.001000s ]
INFO: [ app_end ] --END-- [ RunTime:0.002000s ]

[ 2017-05-10T12:56:21+08:00 ] ::1 /zyyj/index.php/Home/Menu/Menu_get_menu
INFO: [ app_begin ] --START--
INFO: Run Behavior\ReadHtmlCacheBehavior [ RunTime:0.001000s ]
INFO: [ app_begin ] --END-- [ RunTime:0.001000s ]
NOTIC: [8192] mysql_connect(): The mysql extension is deprecated and will be removed in the future: use mysqli or PDO instead E:\Program Files\PHPtools\Apach2.4\Apache24\htdocs\zyyj\ThinkPHP\Library\Think\Db\Driver\Mysql.class.php 第 52 行.
SQL: SHOW COLUMNS FROM `zyyj_post` [ RunTime:0.005000s ]
SQL: SHOW COLUMNS FROM `zyyj_menu` [ RunTime:0.006000s ]
SQL: SELECT * FROM `zyyj_menu` WHERE ( `nid` = 52 )  [ RunTime:0.001000s ]
INFO: [ app_end ] --START--
INFO: Run Behavior\ShowPageTraceBehavior [ RunTime:0.001001s ]
INFO: [ app_end ] --END-- [ RunTime:0.001001s ]

[ 2017-05-10T12:56:21+08:00 ] ::1 /zyyj/index.php/Home/Menu/Menu_get_menu
INFO: [ app_begin ] --START--
INFO: Run Behavior\ReadHtmlCacheBehavior [ RunTime:0.001000s ]
INFO: [ app_begin ] --END-- [ RunTime:0.001000s ]
NOTIC: [8192] mysql_connect(): The mysql extension is deprecated and will be removed in the future: use mysqli or PDO instead E:\Program Files\PHPtools\Apach2.4\Apache24\htdocs\zyyj\ThinkPHP\Library\Think\Db\Driver\Mysql.class.php 第 52 行.
SQL: SHOW COLUMNS FROM `zyyj_post` [ RunTime:0.004000s ]
SQL: SHOW COLUMNS FROM `zyyj_menu` [ RunTime:0.004000s ]
SQL: SELECT * FROM `zyyj_menu` WHERE ( `nid` = 35 )  [ RunTime:0.001000s ]
INFO: [ app_end ] --START--
INFO: Run Behavior\ShowPageTraceBehavior [ RunTime:0.001000s ]
INFO: [ app_end ] --END-- [ RunTime:0.001000s ]

[ 2017-05-10T12:56:21+08:00 ] ::1 /zyyj/index.php/Home/Menu/Menu_get_menu
INFO: [ app_begin ] --START--
INFO: Run Behavior\ReadHtmlCacheBehavior [ RunTime:0.001000s ]
INFO: [ app_begin ] --END-- [ RunTime:0.001000s ]
NOTIC: [8192] mysql_connect(): The mysql extension is deprecated and will be removed in the future: use mysqli or PDO instead E:\Program Files\PHPtools\Apach2.4\Apache24\htdocs\zyyj\ThinkPHP\Library\Think\Db\Driver\Mysql.class.php 第 52 行.
SQL: SHOW COLUMNS FROM `zyyj_post` [ RunTime:0.005000s ]
SQL: SHOW COLUMNS FROM `zyyj_menu` [ RunTime:0.005000s ]
SQL: SELECT * FROM `zyyj_menu` WHERE ( `nid` = 32 )  [ RunTime:0.001001s ]
INFO: [ app_end ] --START--
INFO: Run Behavior\ShowPageTraceBehavior [ RunTime:0.001000s ]
INFO: [ app_end ] --END-- [ RunTime:0.001000s ]

[ 2017-05-10T14:00:07+08:00 ] ::1 /zyyj/index.php/Home/Menu/Menu_menu_to_post_index?_=1494392178446
INFO: [ app_begin ] --START--
INFO: Run Behavior\ReadHtmlCacheBehavior [ RunTime:0.002001s ]
INFO: [ app_begin ] --END-- [ RunTime:0.004001s ]
INFO: [ view_parse ] --START--
INFO: [ template_filter ] --START--
INFO: Run Behavior\ContentReplaceBehavior [ RunTime:0.000000s ]
INFO: [ template_filter ] --END-- [ RunTime:0.000000s ]
INFO: Run Behavior\ParseTemplateBehavior [ RunTime:0.067004s ]
INFO: [ view_parse ] --END-- [ RunTime:0.068004s ]
INFO: [ view_filter ] --START--
INFO: Run Behavior\WriteHtmlCacheBehavior [ RunTime:0.001000s ]
INFO: [ view_filter ] --END-- [ RunTime:0.001000s ]
INFO: [ app_end ] --START--
INFO: Run Behavior\ShowPageTraceBehavior [ RunTime:0.001000s ]
INFO: [ app_end ] --END-- [ RunTime:0.001000s ]

[ 2017-05-10T14:00:07+08:00 ] ::1 /zyyj/index.php/Home/Menu/Menu_get_menu
INFO: [ app_begin ] --START--
INFO: Run Behavior\ReadHtmlCacheBehavior [ RunTime:0.001000s ]
INFO: [ app_begin ] --END-- [ RunTime:0.002000s ]
NOTIC: [8192] mysql_connect(): The mysql extension is deprecated and will be removed in the future: use mysqli or PDO instead E:\Program Files\PHPtools\Apach2.4\Apache24\htdocs\zyyj\ThinkPHP\Library\Think\Db\Driver\Mysql.class.php 第 52 行.
SQL: SHOW COLUMNS FROM `zyyj_post` [ RunTime:0.005000s ]
SQL: SHOW COLUMNS FROM `zyyj_menu` [ RunTime:0.006001s ]
SQL: SELECT * FROM `zyyj_menu` WHERE ( `nid` = 0 )  [ RunTime:0.000000s ]
INFO: [ app_end ] --START--
INFO: Run Behavior\ShowPageTraceBehavior [ RunTime:0.001000s ]
INFO: [ app_end ] --END-- [ RunTime:0.001000s ]

[ 2017-05-10T14:00:07+08:00 ] ::1 /zyyj/index.php/Home/Menu/Menu_get_post
INFO: [ app_begin ] --START--
INFO: Run Behavior\ReadHtmlCacheBehavior [ RunTime:0.001000s ]
INFO: [ app_begin ] --END-- [ RunTime:0.001000s ]
NOTIC: [8192] mysql_connect(): The mysql extension is deprecated and will be removed in the future: use mysqli or PDO instead E:\Program Files\PHPtools\Apach2.4\Apache24\htdocs\zyyj\ThinkPHP\Library\Think\Db\Driver\Mysql.class.php 第 52 行.
SQL: SHOW COLUMNS FROM `zyyj_post` [ RunTime:0.004001s ]
SQL: SHOW COLUMNS FROM `zyyj_menu` [ RunTime:0.005000s ]
SQL: SELECT * FROM `zyyj_post`  [ RunTime:0.001000s ]
INFO: [ app_end ] --START--
INFO: Run Behavior\ShowPageTraceBehavior [ RunTime:0.001000s ]
INFO: [ app_end ] --END-- [ RunTime:0.001000s ]

[ 2017-05-10T14:00:08+08:00 ] ::1 /zyyj/index.php/Home/Menu/Menu_get_menu
INFO: [ app_begin ] --START--
INFO: Run Behavior\ReadHtmlCacheBehavior [ RunTime:0.001000s ]
INFO: [ app_begin ] --END-- [ RunTime:0.001000s ]
NOTIC: [8192] mysql_connect(): The mysql extension is deprecated and will be removed in the future: use mysqli or PDO instead E:\Program Files\PHPtools\Apach2.4\Apache24\htdocs\zyyj\ThinkPHP\Library\Think\Db\Driver\Mysql.class.php 第 52 行.
SQL: SHOW COLUMNS FROM `zyyj_post` [ RunTime:0.005001s ]
SQL: SHOW COLUMNS FROM `zyyj_menu` [ RunTime:0.004000s ]
SQL: SELECT * FROM `zyyj_menu` WHERE ( `nid` = 1 )  [ RunTime:0.000000s ]
INFO: [ app_end ] --START--
INFO: Run Behavior\ShowPageTraceBehavior [ RunTime:0.001000s ]
INFO: [ app_end ] --END-- [ RunTime:0.001000s ]

[ 2017-05-10T14:00:08+08:00 ] ::1 /zyyj/index.php/Home/Menu/Menu_get_menu
INFO: [ app_begin ] --START--
INFO: Run Behavior\ReadHtmlCacheBehavior [ RunTime:0.000000s ]
INFO: [ app_begin ] --END-- [ RunTime:0.002000s ]
NOTIC: [8192] mysql_connect(): The mysql extension is deprecated and will be removed in the future: use mysqli or PDO instead E:\Program Files\PHPtools\Apach2.4\Apache24\htdocs\zyyj\ThinkPHP\Library\Think\Db\Driver\Mysql.class.php 第 52 行.
SQL: SHOW COLUMNS FROM `zyyj_post` [ RunTime:0.004001s ]
SQL: SHOW COLUMNS FROM `zyyj_menu` [ RunTime:0.004000s ]
SQL: SELECT * FROM `zyyj_menu` WHERE ( `nid` = 27 )  [ RunTime:0.005000s ]
INFO: [ app_end ] --START--
INFO: Run Behavior\ShowPageTraceBehavior [ RunTime:0.002000s ]
INFO: [ app_end ] --END-- [ RunTime:0.002000s ]

[ 2017-05-10T14:00:08+08:00 ] ::1 /zyyj/index.php/Home/Menu/Menu_get_menu
INFO: [ app_begin ] --START--
INFO: Run Behavior\ReadHtmlCacheBehavior [ RunTime:0.001001s ]
INFO: [ app_begin ] --END-- [ RunTime:0.001001s ]
NOTIC: [8192] mysql_connect(): The mysql extension is deprecated and will be removed in the future: use mysqli or PDO instead E:\Program Files\PHPtools\Apach2.4\Apache24\htdocs\zyyj\ThinkPHP\Library\Think\Db\Driver\Mysql.class.php 第 52 行.
SQL: SHOW COLUMNS FROM `zyyj_post` [ RunTime:0.004000s ]
SQL: SHOW COLUMNS FROM `zyyj_menu` [ RunTime:0.004001s ]
SQL: SELECT * FROM `zyyj_menu` WHERE ( `nid` = 32 )  [ RunTime:0.000000s ]
INFO: [ app_end ] --START--
INFO: Run Behavior\ShowPageTraceBehavior [ RunTime:0.000000s ]
INFO: [ app_end ] --END-- [ RunTime:0.001000s ]

[ 2017-05-10T14:00:08+08:00 ] ::1 /zyyj/index.php/Home/Menu/Menu_get_menu
INFO: [ app_begin ] --START--
INFO: Run Behavior\ReadHtmlCacheBehavior [ RunTime:0.001000s ]
INFO: [ app_begin ] --END-- [ RunTime:0.002000s ]
NOTIC: [8192] mysql_connect(): The mysql extension is deprecated and will be removed in the future: use mysqli or PDO instead E:\Program Files\PHPtools\Apach2.4\Apache24\htdocs\zyyj\ThinkPHP\Library\Think\Db\Driver\Mysql.class.php 第 52 行.
SQL: SHOW COLUMNS FROM `zyyj_post` [ RunTime:0.005000s ]
SQL: SHOW COLUMNS FROM `zyyj_menu` [ RunTime:0.004000s ]
SQL: SELECT * FROM `zyyj_menu` WHERE ( `nid` = 11 )  [ RunTime:0.000000s ]
INFO: [ app_end ] --START--
INFO: Run Behavior\ShowPageTraceBehavior [ RunTime:0.001000s ]
INFO: [ app_end ] --END-- [ RunTime:0.002000s ]

[ 2017-05-10T14:00:08+08:00 ] ::1 /zyyj/index.php/Home/Menu/Menu_get_menu
INFO: [ app_begin ] --START--
INFO: Run Behavior\ReadHtmlCacheBehavior [ RunTime:0.001000s ]
INFO: [ app_begin ] --END-- [ RunTime:0.002000s ]
NOTIC: [8192] mysql_connect(): The mysql extension is deprecated and will be removed in the future: use mysqli or PDO instead E:\Program Files\PHPtools\Apach2.4\Apache24\htdocs\zyyj\ThinkPHP\Library\Think\Db\Driver\Mysql.class.php 第 52 行.
SQL: SHOW COLUMNS FROM `zyyj_post` [ RunTime:0.005000s ]
SQL: SHOW COLUMNS FROM `zyyj_menu` [ RunTime:0.004000s ]
SQL: SELECT * FROM `zyyj_menu` WHERE ( `nid` = 22 )  [ RunTime:0.000000s ]
INFO: [ app_end ] --START--
INFO: Run Behavior\ShowPageTraceBehavior [ RunTime:0.001001s ]
INFO: [ app_end ] --END-- [ RunTime:0.001001s ]

[ 2017-05-10T14:00:08+08:00 ] ::1 /zyyj/index.php/Home/Menu/Menu_get_menu
INFO: [ app_begin ] --START--
INFO: Run Behavior\ReadHtmlCacheBehavior [ RunTime:0.001000s ]
INFO: [ app_begin ] --END-- [ RunTime:0.002000s ]
NOTIC: [8192] mysql_connect(): The mysql extension is deprecated and will be removed in the future: use mysqli or PDO instead E:\Program Files\PHPtools\Apach2.4\Apache24\htdocs\zyyj\ThinkPHP\Library\Think\Db\Driver\Mysql.class.php 第 52 行.
SQL: SHOW COLUMNS FROM `zyyj_post` [ RunTime:0.005001s ]
SQL: SHOW COLUMNS FROM `zyyj_menu` [ RunTime:0.007000s ]
SQL: SELECT * FROM `zyyj_menu` WHERE ( `nid` = 3 )  [ RunTime:0.001000s ]
INFO: [ app_end ] --START--
INFO: Run Behavior\ShowPageTraceBehavior [ RunTime:0.002000s ]
INFO: [ app_end ] --END-- [ RunTime:0.002000s ]

[ 2017-05-10T14:00:08+08:00 ] ::1 /zyyj/index.php/Home/Menu/Menu_get_menu
INFO: [ app_begin ] --START--
INFO: Run Behavior\ReadHtmlCacheBehavior [ RunTime:0.000000s ]
INFO: [ app_begin ] --END-- [ RunTime:0.001000s ]
NOTIC: [8192] mysql_connect(): The mysql extension is deprecated and will be removed in the future: use mysqli or PDO instead E:\Program Files\PHPtools\Apach2.4\Apache24\htdocs\zyyj\ThinkPHP\Library\Think\Db\Driver\Mysql.class.php 第 52 行.
SQL: SHOW COLUMNS FROM `zyyj_post` [ RunTime:0.005000s ]
SQL: SHOW COLUMNS FROM `zyyj_menu` [ RunTime:0.004001s ]
SQL: SELECT * FROM `zyyj_menu` WHERE ( `nid` = 13 )  [ RunTime:0.001000s ]
INFO: [ app_end ] --START--
INFO: Run Behavior\ShowPageTraceBehavior [ RunTime:0.002000s ]
INFO: [ app_end ] --END-- [ RunTime:0.002000s ]

[ 2017-05-10T14:00:08+08:00 ] ::1 /zyyj/index.php/Home/Menu/Menu_get_menu
INFO: [ app_begin ] --START--
INFO: Run Behavior\ReadHtmlCacheBehavior [ RunTime:0.001000s ]
INFO: [ app_begin ] --END-- [ RunTime:0.001000s ]
NOTIC: [8192] mysql_connect(): The mysql extension is deprecated and will be removed in the future: use mysqli or PDO instead E:\Program Files\PHPtools\Apach2.4\Apache24\htdocs\zyyj\ThinkPHP\Library\Think\Db\Driver\Mysql.class.php 第 52 行.
SQL: SHOW COLUMNS FROM `zyyj_post` [ RunTime:0.004000s ]
SQL: SHOW COLUMNS FROM `zyyj_menu` [ RunTime:0.006001s ]
SQL: SELECT * FROM `zyyj_menu` WHERE ( `nid` = 35 )  [ RunTime:0.001000s ]
INFO: [ app_end ] --START--
INFO: Run Behavior\ShowPageTraceBehavior [ RunTime:0.001000s ]
INFO: [ app_end ] --END-- [ RunTime:0.001000s ]

[ 2017-05-10T14:00:08+08:00 ] ::1 /zyyj/index.php/Home/Menu/Menu_get_menu
INFO: [ app_begin ] --START--
INFO: Run Behavior\ReadHtmlCacheBehavior [ RunTime:0.006001s ]
INFO: [ app_begin ] --END-- [ RunTime:0.006001s ]
NOTIC: [8192] mysql_connect(): The mysql extension is deprecated and will be removed in the future: use mysqli or PDO instead E:\Program Files\PHPtools\Apach2.4\Apache24\htdocs\zyyj\ThinkPHP\Library\Think\Db\Driver\Mysql.class.php 第 52 行.
SQL: SHOW COLUMNS FROM `zyyj_post` [ RunTime:0.004000s ]
SQL: SHOW COLUMNS FROM `zyyj_menu` [ RunTime:0.006000s ]
SQL: SELECT * FROM `zyyj_menu` WHERE ( `nid` = 39 )  [ RunTime:0.001000s ]
INFO: [ app_end ] --START--
INFO: Run Behavior\ShowPageTraceBehavior [ RunTime:0.001000s ]
INFO: [ app_end ] --END-- [ RunTime:0.001000s ]

[ 2017-05-10T14:00:08+08:00 ] ::1 /zyyj/index.php/Home/Menu/Menu_get_menu
INFO: [ app_begin ] --START--
INFO: Run Behavior\ReadHtmlCacheBehavior [ RunTime:0.001000s ]
INFO: [ app_begin ] --END-- [ RunTime:0.002000s ]
NOTIC: [8192] mysql_connect(): The mysql extension is deprecated and will be removed in the future: use mysqli or PDO instead E:\Program Files\PHPtools\Apach2.4\Apache24\htdocs\zyyj\ThinkPHP\Library\Think\Db\Driver\Mysql.class.php 第 52 行.
SQL: SHOW COLUMNS FROM `zyyj_post` [ RunTime:0.005001s ]
SQL: SHOW COLUMNS FROM `zyyj_menu` [ RunTime:0.005000s ]
SQL: SELECT * FROM `zyyj_menu` WHERE ( `nid` = 52 )  [ RunTime:0.001000s ]
INFO: [ app_end ] --START--
INFO: Run Behavior\ShowPageTraceBehavior [ RunTime:0.001000s ]
INFO: [ app_end ] --END-- [ RunTime:0.001000s ]

